18199 11:14:03 select(7, [3 4], [], NULL, NULL) = 1 (in [4])
18199 11:14:05 clock_gettime(CLOCK_MONOTONIC, {15327, 581237882}) = 0
18199 11:14:05 read(4, "\33[A", 16384)  = 3
18199 11:14:05 clock_gettime(CLOCK_MONOTONIC, {15327, 581332806}) = 0
18199 11:14:05 clock_gettime(CLOCK_MONOTONIC, {15327, 581350566}) = 0
18199 11:14:05 select(7, [3 4], [3], NULL, NULL) = 1 (out [3])
18199 11:14:05 clock_gettime(CLOCK_MONOTONIC, {15327, 581391158}) = 0
18199 11:14:05 write(3, "\331\267\351\364K \213\263\271.mS\215\324Q\227\323D\221N\177\34\236\317#\253\242X0\"\250\244"..., 44) = 44
18199 11:14:05 clock_gettime(CLOCK_MONOTONIC, {15327, 581483536}) = 0
18199 11:14:05 clock_gettime(CLOCK_MONOTONIC, {15327, 581516414}) = 0
18199 11:14:05 select(7, [3 4], [], NULL, NULL) = 1 (in [3])
18199 11:14:05 clock_gettime(CLOCK_MONOTONIC, {15327, 596996715}) = 0
18199 11:14:05 read(3, ".x81V|\317\0T\245\360\213\257`\332P\252\2\31g\262-\347\256\267\2060\277/\333\232\206"..., 8192) = 44
18199 11:14:05 clock_gettime(CLOCK_MONOTONIC, {15327, 597068189}) = 0
18199 11:14:05 clock_gettime(CLOCK_MONOTONIC, {15327, 597087693}) = 0
18199 11:14:05 select(7, [3 4], [5], NULL, NULL) = 1 (out [5])
18199 11:14:05 clock_gettime(CLOCK_MONOTONIC, {15327, 597136210}) = 0
18199 11:14:05 write(5, "pwd", 3)       = 3
18199 11:14:05 clock_gettime(CLOCK_MONOTONIC, {15327, 597187744}) = 0
18199 11:14:05 clock_gettime(CLOCK_MONOTONIC, {15327, 597207666}) = 0
18199 11:14:05 select(7, [3 4], [], NULL, NULL) = 1 (in [4])
18199 11:14:06 clock_gettime(CLOCK_MONOTONIC, {15328, 543129354}) = 0
18199 11:14:06 read(4, "\33[B", 16384)  = 3
18199 11:14:06 clock_gettime(CLOCK_MONOTONIC, {15328, 543193382}) = 0
18199 11:14:06 clock_gettime(CLOCK_MONOTONIC, {15328, 543212614}) = 0
18199 11:14:06 select(7, [3 4], [3], NULL, NULL) = 1 (out [3])
18199 11:14:06 clock_gettime(CLOCK_MONOTONIC, {15328, 543255624}) = 0
18199 11:14:06 write(3, "\355\2k\3111m\336 \367\322\230\354\tm\235\344\317\244/\210\235\332\3\7lr`MV\2676\374"..., 44) = 44
18199 11:14:06 clock_gettime(CLOCK_MONOTONIC, {15328, 543332677}) = 0
18199 11:14:06 clock_gettime(CLOCK_MONOTONIC, {15328, 543354834}) = 0
18199 11:14:06 select(7, [3 4], [], NULL, NULL) = 1 (in [3])
18199 11:14:06 clock_gettime(CLOCK_MONOTONIC, {15328, 558610042}) = 0
18199 11:14:06 read(3, "\306\236Fh\241\311%c\260\346\275,\201D\341\247\227*\4\306\4\376\2349\235`\n\n\247M\342\267"..., 8192) = 44
18199 11:14:06 clock_gettime(CLOCK_MONOTONIC, {15328, 558668391}) = 0
18199 11:14:06 clock_gettime(CLOCK_MONOTONIC, {15328, 558686110}) = 0
18199 11:14:06 select(7, [3 4], [5], NULL, NULL) = 1 (out [5])
18199 11:14:06 clock_gettime(CLOCK_MONOTONIC, {15328, 558728735}) = 0
18199 11:14:06 write(5, "\10\10\10\33[K", 6) = 6
18199 11:14:06 clock_gettime(CLOCK_MONOTONIC, {15328, 558796544}) = 0
18199 11:14:06 clock_gettime(CLOCK_MONOTONIC, {15328, 558814749}) = 0
18199 11:14:06 select(7, [3 4], [], NULL, NULL) = 1 (in [4])
18199 11:14:08 clock_gettime(CLOCK_MONOTONIC, {15330, 457303955}) = 0
18199 11:14:08 read(4, "p", 16384)      = 1
18199 11:14:08 clock_gettime(CLOCK_MONOTONIC, {15330, 457373979}) = 0
18199 11:14:08 clock_gettime(CLOCK_MONOTONIC, {15330, 457398238}) = 0
18199 11:14:08 select(7, [3 4], [3], NULL, NULL) = 1 (out [3])
18199 11:14:08 clock_gettime(CLOCK_MONOTONIC, {15330, 457468587}) = 0
18199 11:14:08 write(3, "m\270\240\206j\316b\257xA0B\227\300N<\f\331\306y<l\31\3\341\30\367\337,\271\223+"..., 36) = 36
18199 11:14:08 clock_gettime(CLOCK_MONOTONIC, {15330, 457583042}) = 0
18199 11:14:08 clock_gettime(CLOCK_MONOTONIC, {15330, 457611580}) = 0
18199 11:14:08 select(7, [3 4], [], NULL, NULL) = 1 (in [3])
18199 11:14:08 clock_gettime(CLOCK_MONOTONIC, {15330, 473352345}) = 0
18199 11:14:08 read(3, "\0354\371\251}ky\332\333\1\256 \362\\\272\35%l\25%\340\1\317\252h\251V\266\371E4c"..., 8192) = 36
18199 11:14:08 clock_gettime(CLOCK_MONOTONIC, {15330, 473420614}) = 0
18199 11:14:08 clock_gettime(CLOCK_MONOTONIC, {15330, 473492140}) = 0
18199 11:14:08 select(7, [3 4], [5], NULL, NULL) = 1 (out [5])
18199 11:14:08 clock_gettime(CLOCK_MONOTONIC, {15330, 473918453}) = 0
18199 11:14:08 write(5, "p", 1)         = 1
18199 11:14:08 clock_gettime(CLOCK_MONOTONIC, {15330, 473985285}) = 0
18199 11:14:08 clock_gettime(CLOCK_MONOTONIC, {15330, 474245949}) = 0
18199 11:14:08 select(7, [3 4], [], NULL, NULL) = 1 (in [4])
18199 11:14:10 clock_gettime(CLOCK_MONOTONIC, {15332, 606281695}) = 0
18199 11:14:10 read(4, "\r", 16384)     = 1
18199 11:14:10 clock_gettime(CLOCK_MONOTONIC, {15332, 606360856}) = 0
18199 11:14:10 clock_gettime(CLOCK_MONOTONIC, {15332, 606383608}) = 0
18199 11:14:10 select(7, [3 4], [3], NULL, NULL) = 1 (out [3])
18199 11:14:10 clock_gettime(CLOCK_MONOTONIC, {15332, 606435080}) = 0
18199 11:14:10 write(3, "Y\3'\242\317|<D)\224\36\313\312(\242u\2607T\246\35xZ\324LT/\253\252%\311\177"..., 36) = 36
18199 11:14:10 clock_gettime(CLOCK_MONOTONIC, {15332, 606548272}) = 0
18199 11:14:10 clock_gettime(CLOCK_MONOTONIC, {15332, 606571923}) = 0
18199 11:14:10 select(7, [3 4], [], NULL, NULL) = 1 (in [3])
18199 11:14:10 clock_gettime(CLOCK_MONOTONIC, {15332, 622161615}) = 0
18199 11:14:10 read(3, "\fd;K\362g\230\302\305 O\244\301\345\227\214\227\346ak\340\310\32\202I\3556K\207\3O\217"..., 8192) = 136
18199 11:14:10 clock_gettime(CLOCK_MONOTONIC, {15332, 622284318}) = 0
18199 11:14:10 clock_gettime(CLOCK_MONOTONIC, {15332, 622308604}) = 0
18199 11:14:10 select(7, [3 4], [5], NULL, NULL) = 1 (out [5])
18199 11:14:10 clock_gettime(CLOCK_MONOTONIC, {15332, 622363151}) = 0
18199 11:14:10 write(5, "\r\n-bash: p: command not found\r\n\33"..., 64) = 64
18199 11:14:10 clock_gettime(CLOCK_MONOTONIC, {15332, 622414001}) = 0
18199 11:14:10 clock_gettime(CLOCK_MONOTONIC, {15332, 622435648}) = 0
18199 11:14:10 select(7, [3 4], [], NULL, NULL) = 1 (in [4])
18199 11:14:12 clock_gettime(CLOCK_MONOTONIC, {15333, 894150733}) = 0
18199 11:14:12 read(4, "w", 16384)      = 1
18199 11:14:12 clock_gettime(CLOCK_MONOTONIC, {15333, 894431551}) = 0
18199 11:14:12 clock_gettime(CLOCK_MONOTONIC, {15333, 894494792}) = 0
18199 11:14:12 select(7, [3 4], [3], NULL, NULL) = 1 (out [3])
18199 11:14:12 clock_gettime(CLOCK_MONOTONIC, {15333, 894739798}) = 0
18199 11:14:12 write(3, "\316kc\233\254\353\3535\353_\263GN\206g\254\331\275\371\221\7\350\1e\254\7-\363\275\327\2715"..., 36) = 36
18199 11:14:12 clock_gettime(CLOCK_MONOTONIC, {15333, 895024048}) = 0
18199 11:14:12 clock_gettime(CLOCK_MONOTONIC, {15333, 895073347}) = 0
18199 11:14:12 select(7, [3 4], [], NULL, NULL) = 1 (in [3])
18199 11:14:12 clock_gettime(CLOCK_MONOTONIC, {15333, 910149745}) = 0
18199 11:14:12 read(3, "}\246\252`\244\324\355\240\vL%\375\210}!E~R\204h\257\252\305\34;$\252\306\217\36\3\21"..., 8192) = 36
18199 11:14:12 clock_gettime(CLOCK_MONOTONIC, {15333, 910244839}) = 0
18199 11:14:12 clock_gettime(CLOCK_MONOTONIC, {15333, 910263922}) = 0
18199 11:14:12 select(7, [3 4], [5], NULL, NULL) = 1 (out [5])
18199 11:14:12 clock_gettime(CLOCK_MONOTONIC, {15333, 910309438}) = 0
18199 11:14:12 write(5, "w", 1)         = 1
18199 11:14:12 clock_gettime(CLOCK_MONOTONIC, {15333, 910354235}) = 0
18199 11:14:12 clock_gettime(CLOCK_MONOTONIC, {15333, 910372598}) = 0
18199 11:14:12 select(7, [3 4], [], NULL, NULL) = 1 (in [4])
18199 11:14:12 clock_gettime(CLOCK_MONOTONIC, {15334, 76272176}) = 0
18199 11:14:12 read(4, "\r", 16384)     = 1
18199 11:14:12 clock_gettime(CLOCK_MONOTONIC, {15334, 76446199}) = 0
18199 11:14:12 clock_gettime(CLOCK_MONOTONIC, {15334, 76487963}) = 0
18199 11:14:12 select(7, [3 4], [3], NULL, NULL) = 1 (out [3])
18199 11:14:12 clock_gettime(CLOCK_MONOTONIC, {15334, 76564991}) = 0
18199 11:14:12 write(3, "Y\360\353\344.\2579\226=O(\373\375\6\323\376L\365\27\25\320/c\267(\30\311\314\v\217\32\324"..., 36) = 36
18199 11:14:12 clock_gettime(CLOCK_MONOTONIC, {15334, 76683597}) = 0
18199 11:14:12 clock_gettime(CLOCK_MONOTONIC, {15334, 76715413}) = 0
18199 11:14:12 select(7, [3 4], [], NULL, NULL) = 1 (in [3])
18199 11:14:12 clock_gettime(CLOCK_MONOTONIC, {15334, 91805205}) = 0
18199 11:14:12 read(3, "\205\275W\257\202\235\201\337)\35\372)\236f \32v\2710|\5\226r\311\21\362\265\"2#\324\360"..., 8192) = 36
18199 11:14:12 clock_gettime(CLOCK_MONOTONIC, {15334, 91882755}) = 0
18199 11:14:12 clock_gettime(CLOCK_MONOTONIC, {15334, 91904462}) = 0
18199 11:14:12 select(7, [3 4], [5], NULL, NULL) = 1 (out [5])
18199 11:14:12 clock_gettime(CLOCK_MONOTONIC, {15334, 91952455}) = 0
18199 11:14:12 write(5, "\r\n", 2)      = 2
18199 11:14:12 clock_gettime(CLOCK_MONOTONIC, {15334, 92079365}) = 0
18199 11:14:12 clock_gettime(CLOCK_MONOTONIC, {15334, 92101024}) = 0
18199 11:14:12 select(7, [3 4], [], NULL, NULL) = 1 (in [3])
18199 11:14:12 clock_gettime(CLOCK_MONOTONIC, {15334, 110096760}) = 0
18199 11:14:12 read(3, "\217{\10\320c\5\333\257\354\v=~\250\342`\225\ni\37\367u\315:0U\7\3I\203\276\200p"..., 8192) = 276
18199 11:14:12 clock_gettime(CLOCK_MONOTONIC, {15334, 110234323}) = 0
18199 11:14:12 clock_gettime(CLOCK_MONOTONIC, {15334, 110260038}) = 0
18199 11:14:12 select(7, [3 4], [5], NULL, NULL) = 1 (out [5])
18199 11:14:12 clock_gettime(CLOCK_MONOTONIC, {15334, 110319739}) = 0
18199 11:14:12 write(5, " 20:07:38 up 1 day, 20:31,  1 us"..., 238) = 238
18199 11:14:12 clock_gettime(CLOCK_MONOTONIC, {15334, 110364044}) = 0
18199 11:14:12 clock_gettime(CLOCK_MONOTONIC, {15334, 110382400}) = 0
18199 11:14:12 select(7, [3 4], [], NULL, NULL) = 1 (in [4])
18199 11:14:12 clock_gettime(CLOCK_MONOTONIC, {15334, 551343333}) = 0
18199 11:14:12 read(4, "d", 16384)      = 1
18199 11:14:12 clock_gettime(CLOCK_MONOTONIC, {15334, 551515559}) = 0
18199 11:14:12 clock_gettime(CLOCK_MONOTONIC, {15334, 551550020}) = 0
18199 11:14:12 select(7, [3 4], [3], NULL, NULL) = 1 (out [3])
18199 11:14:12 clock_gettime(CLOCK_MONOTONIC, {15334, 551613456}) = 0
18199 11:14:12 write(3, "\32\224\230\302\330c\336a\335\335&\263\355\223\270\323\234\215\267\370n\202\265*\376\351\305~\"\211\251\271"..., 36) = 36
18199 11:14:12 clock_gettime(CLOCK_MONOTONIC, {15334, 551892247}) = 0
18199 11:14:12 clock_gettime(CLOCK_MONOTONIC, {15334, 551999806}) = 0
18199 11:14:12 select(7, [3 4], [], NULL, NULL) = 1 (in [3])
18199 11:14:12 clock_gettime(CLOCK_MONOTONIC, {15334, 568105764}) = 0
18199 11:14:12 read(3, "\30\252\261\352\243g\373\265\330\25w\277\257\327\226\237(u\327\230IvS\307|\353\22it\320S."..., 8192) = 36
18199 11:14:12 clock_gettime(CLOCK_MONOTONIC, {15334, 568178340}) = 0
18199 11:14:12 clock_gettime(CLOCK_MONOTONIC, {15334, 568197374}) = 0
18199 11:14:12 select(7, [3 4], [5], NULL, NULL) = 1 (out [5])
18199 11:14:12 clock_gettime(CLOCK_MONOTONIC, {15334, 568240436}) = 0
18199 11:14:12 write(5, "d", 1)         = 1
18199 11:14:12 clock_gettime(CLOCK_MONOTONIC, {15334, 568281602}) = 0
18199 11:14:12 clock_gettime(CLOCK_MONOTONIC, {15334, 568298831}) = 0
18199 11:14:12 select(7, [3 4], [], NULL, NULL) = 1 (in [4])
18199 11:14:12 clock_gettime(CLOCK_MONOTONIC, {15334, 717377380}) = 0
18199 11:14:12 read(4, "\r", 16384)     = 1
18199 11:14:12 clock_gettime(CLOCK_MONOTONIC, {15334, 717488104}) = 0
18199 11:14:12 clock_gettime(CLOCK_MONOTONIC, {15334, 717639986}) = 0
18199 11:14:12 select(7, [3 4], [3], NULL, NULL) = 1 (out [3])
18199 11:14:12 clock_gettime(CLOCK_MONOTONIC, {15334, 717795379}) = 0
18199 11:14:12 write(3, "6\255$\f\327~J\23\267\327k\26\350\7g\347{%\311\342w\333`>\225D\24\357\6Z\234\220"..., 36) = 36
18199 11:14:12 clock_gettime(CLOCK_MONOTONIC, {15334, 718130600}) = 0
18199 11:14:12 clock_gettime(CLOCK_MONOTONIC, {15334, 718274441}) = 0
18199 11:14:12 select(7, [3 4], [], NULL, NULL) = 1 (in [3])
18199 11:14:12 clock_gettime(CLOCK_MONOTONIC, {15334, 736579397}) = 0
18199 11:14:12 read(3, "\231x\r~\22C\273\37\23}\3\357J\25\274\3159\323Ey\235\273xO\314\305\0\2\3403``"..., 8192) = 136
18199 11:14:12 clock_gettime(CLOCK_MONOTONIC, {15334, 737225254}) = 0
18199 11:14:12 clock_gettime(CLOCK_MONOTONIC, {15334, 737288113}) = 0
18199 11:14:12 select(7, [3 4], [5], NULL, NULL) = 1 (out [5])
18199 11:14:12 clock_gettime(CLOCK_MONOTONIC, {15334, 737454542}) = 0
18199 11:14:12 write(5, "\r\n-bash: d: command not found\r\n\33"..., 64) = 64
18199 11:14:12 clock_gettime(CLOCK_MONOTONIC, {15334, 737594128}) = 0
18199 11:14:12 clock_gettime(CLOCK_MONOTONIC, {15334, 738633431}) = 0
18199 11:14:12 select(7, [3 4], [], NULL, NULL) = 1 (in [4])
18199 11:14:14 clock_gettime(CLOCK_MONOTONIC, {15335, 886209514}) = 0
18199 11:14:14 read(4, "p", 16384)      = 1
18199 11:14:14 clock_gettime(CLOCK_MONOTONIC, {15335, 886325643}) = 0
18199 11:14:14 clock_gettime(CLOCK_MONOTONIC, {15335, 886344660}) = 0
18199 11:14:14 select(7, [3 4], [3], NULL, NULL) = 1 (out [3])
18199 11:14:14 clock_gettime(CLOCK_MONOTONIC, {15335, 886385822}) = 0
18199 11:14:14 write(3, "\225\36\376*|2R\242\235jbBiW\323\32\311Lw\2019\320Y\336\212\306\364c7\343s\v"..., 36) = 36
18199 11:14:14 clock_gettime(CLOCK_MONOTONIC, {15335, 886458871}) = 0
18199 11:14:14 clock_gettime(CLOCK_MONOTONIC, {15335, 886476400}) = 0
18199 11:14:14 select(7, [3 4], [], NULL, NULL) = 1 (in [3])
18199 11:14:14 clock_gettime(CLOCK_MONOTONIC, {15335, 901288014}) = 0
18199 11:14:14 read(3, "\221|\316@\252\253\227\214g q}\207\310\352\234\317[\317\365\217N}&\2538\316=v\222\32\31"..., 8192) = 36
18199 11:14:14 clock_gettime(CLOCK_MONOTONIC, {15335, 901389332}) = 0
18199 11:14:14 clock_gettime(CLOCK_MONOTONIC, {15335, 901426780}) = 0
18199 11:14:14 select(7, [3 4], [5], NULL, NULL) = 1 (out [5])
18199 11:14:14 clock_gettime(CLOCK_MONOTONIC, {15335, 901501847}) = 0
18199 11:14:14 write(5, "p", 1)         = 1
18199 11:14:14 clock_gettime(CLOCK_MONOTONIC, {15335, 901656692}) = 0
18199 11:14:14 clock_gettime(CLOCK_MONOTONIC, {15335, 901678150}) = 0
18199 11:14:14 select(7, [3 4], [], NULL, NULL) = 1 (in [4])
18199 11:14:14 clock_gettime(CLOCK_MONOTONIC, {15335, 967281712}) = 0
18199 11:14:14 read(4, "w", 16384)      = 1
18199 11:14:14 clock_gettime(CLOCK_MONOTONIC, {15335, 967345768}) = 0
18199 11:14:14 clock_gettime(CLOCK_MONOTONIC, {15335, 967363777}) = 0
18199 11:14:14 select(7, [3 4], [3], NULL, NULL) = 1 (out [3])
18199 11:14:14 clock_gettime(CLOCK_MONOTONIC, {15335, 967405710}) = 0
18199 11:14:14 write(3, "\337\256\260Lyj\311\274\254.\311+\310y\"\351\304\331\344\330\37\227\247\335\220\321\324\320nj\323."..., 36) = 36
18199 11:14:14 clock_gettime(CLOCK_MONOTONIC, {15335, 967528848}) = 0
18199 11:14:14 clock_gettime(CLOCK_MONOTONIC, {15335, 967570185}) = 0
18199 11:14:14 select(7, [3 4], [], NULL, NULL) = 1 (in [3])
18199 11:14:14 clock_gettime(CLOCK_MONOTONIC, {15335, 988286859}) = 0
18199 11:14:14 read(3, "\223\325\331+ \1\320\311e\360\233\v%\310\222\231\270b\r\351_\0244J\312$\fRyBrz"..., 8192) = 36
18199 11:14:14 clock_gettime(CLOCK_MONOTONIC, {15335, 988413990}) = 0
18199 11:14:14 clock_gettime(CLOCK_MONOTONIC, {15335, 988442521}) = 0
18199 11:14:14 select(7, [3 4], [5], NULL, NULL) = 1 (out [5])
18199 11:14:14 clock_gettime(CLOCK_MONOTONIC, {15335, 988510515}) = 0
18199 11:14:14 write(5, "w", 1)         = 1
18199 11:14:14 clock_gettime(CLOCK_MONOTONIC, {15335, 988581134}) = 0
18199 11:14:14 clock_gettime(CLOCK_MONOTONIC, {15335, 988606388}) = 0
18199 11:14:14 select(7, [3 4], [], NULL, NULL) = 1 (in [4])
18199 11:14:14 clock_gettime(CLOCK_MONOTONIC, {15336, 56150155}) = 0
18199 11:14:14 read(4, "d", 16384)      = 1
18199 11:14:14 clock_gettime(CLOCK_MONOTONIC, {15336, 56271673}) = 0
18199 11:14:14 clock_gettime(CLOCK_MONOTONIC, {15336, 56294858}) = 0
18199 11:14:14 select(7, [3 4], [3], NULL, NULL) = 1 (out [3])
18199 11:14:14 clock_gettime(CLOCK_MONOTONIC, {15336, 56426857}) = 0
18199 11:14:14 write(3, "\261`\21\310\3342\273\\\n=`\313 \354\324h\367\5t\213\240\277()\364\344\313\310\313`\365\241"..., 36) = 36
18199 11:14:14 clock_gettime(CLOCK_MONOTONIC, {15336, 56512254}) = 0
18199 11:14:14 clock_gettime(CLOCK_MONOTONIC, {15336, 56544246}) = 0
18199 11:14:14 select(7, [3 4], [], NULL, NULL) = 1 (in [3])
18199 11:14:14 clock_gettime(CLOCK_MONOTONIC, {15336, 73461037}) = 0
18199 11:14:14 read(3, "\234\7\222N\27240\n\342A\377\271\245\201\374\337Q\241\3558 \33H>\36\302\177\7z\373\222\243"..., 8192) = 36
18199 11:14:14 clock_gettime(CLOCK_MONOTONIC, {15336, 73589165}) = 0
18199 11:14:14 clock_gettime(CLOCK_MONOTONIC, {15336, 73625732}) = 0
18199 11:14:14 select(7, [3 4], [5], NULL, NULL) = 1 (out [5])
18199 11:14:14 clock_gettime(CLOCK_MONOTONIC, {15336, 73710099}) = 0
18199 11:14:14 write(5, "d", 1)         = 1
18199 11:14:14 clock_gettime(CLOCK_MONOTONIC, {15336, 73823263}) = 0
18199 11:14:14 clock_gettime(CLOCK_MONOTONIC, {15336, 73889481}) = 0
18199 11:14:14 select(7, [3 4], [], NULL, NULL) = 1 (in [4])
18199 11:14:14 clock_gettime(CLOCK_MONOTONIC, {15336, 180147135}) = 0
18199 11:14:14 read(4, "\r", 16384)     = 1
18199 11:14:14 clock_gettime(CLOCK_MONOTONIC, {15336, 180226966}) = 0
18199 11:14:14 clock_gettime(CLOCK_MONOTONIC, {15336, 180243936}) = 0
18199 11:14:14 select(7, [3 4], [3], NULL, NULL) = 1 (out [3])
18199 11:14:14 clock_gettime(CLOCK_MONOTONIC, {15336, 180292141}) = 0
18199 11:14:14 write(3, "\20YBw\230*\216\344vU\257\257\366\1\304\32\327]\322D\303\24\225U\214T\330\327W\332\2550"..., 36) = 36
18199 11:14:14 clock_gettime(CLOCK_MONOTONIC, {15336, 180392681}) = 0
18199 11:14:14 clock_gettime(CLOCK_MONOTONIC, {15336, 180409705}) = 0
18199 11:14:14 select(7, [3 4], [], NULL, NULL) = 1 (in [3])
18199 11:14:14 clock_gettime(CLOCK_MONOTONIC, {15336, 202100764}) = 0
18199 11:14:14 read(3, "\r\263\255\324\217\207\31(qJ\327\326\254\31]\212\227\177\3766\242\202\344-\300\222r\256\270\32Z\235"..., 8192) = 76
18199 11:14:14 clock_gettime(CLOCK_MONOTONIC, {15336, 202206238}) = 0
18199 11:14:14 clock_gettime(CLOCK_MONOTONIC, {15336, 202232145}) = 0
18199 11:14:14 select(7, [3 4], [5], NULL, NULL) = 1 (out [5])
18199 11:14:14 clock_gettime(CLOCK_MONOTONIC, {15336, 202282756}) = 0
18199 11:14:14 write(5, "\r\n/root\r\n\33]0;root@keegv:~\7[root@"..., 42) = 42
18199 11:14:14 clock_gettime(CLOCK_MONOTONIC, {15336, 202328099}) = 0
18199 11:14:14 clock_gettime(CLOCK_MONOTONIC, {15336, 202347049}) = 0
18199 11:14:14 select(7, [3 4], [], NULL, NULL) = 1 (in [4])
18199 11:14:15 clock_gettime(CLOCK_MONOTONIC, {15336, 969301022}) = 0
18199 11:14:15 read(4, "e", 16384)      = 1
18199 11:14:15 clock_gettime(CLOCK_MONOTONIC, {15336, 969461328}) = 0
18199 11:14:15 clock_gettime(CLOCK_MONOTONIC, {15336, 969488845}) = 0
18199 11:14:15 select(7, [3 4], [3], NULL, NULL) = 1 (out [3])
18199 11:14:15 clock_gettime(CLOCK_MONOTONIC, {15336, 969577793}) = 0
18199 11:14:15 write(3, "!B|\261\220\347\216k\322\247\0\305\226\210\33[Q\2360\21K\16\367\221\251\3137uF\355\254`"..., 36) = 36
18199 11:14:15 clock_gettime(CLOCK_MONOTONIC, {15336, 969852956}) = 0
18199 11:14:15 clock_gettime(CLOCK_MONOTONIC, {15336, 970029023}) = 0
18199 11:14:15 select(7, [3 4], [], NULL, NULL) = 1 (in [3])
18199 11:14:15 clock_gettime(CLOCK_MONOTONIC, {15336, 988868257}) = 0
18199 11:14:15 read(3, "\227CH\312\4\2549\202\f\33\334\234\310\320\274\322\217\274 S\265\207\27\3<\1s\375\206\266{<"..., 8192) = 36
18199 11:14:15 clock_gettime(CLOCK_MONOTONIC, {15336, 988935333}) = 0
18199 11:14:15 clock_gettime(CLOCK_MONOTONIC, {15336, 988954238}) = 0
18199 11:14:15 select(7, [3 4], [5], NULL, NULL) = 1 (out [5])
18199 11:14:15 clock_gettime(CLOCK_MONOTONIC, {15336, 989017844}) = 0
18199 11:14:15 write(5, "e", 1)         = 1
18199 11:14:15 clock_gettime(CLOCK_MONOTONIC, {15336, 989075900}) = 0
18199 11:14:15 clock_gettime(CLOCK_MONOTONIC, {15336, 989093762}) = 0
18199 11:14:15 select(7, [3 4], [], NULL, NULL) = 1 (in [4])
18199 11:14:16 clock_gettime(CLOCK_MONOTONIC, {15338, 40135772}) = 0
18199 11:14:16 read(4, "x", 16384)      = 1
18199 11:14:16 clock_gettime(CLOCK_MONOTONIC, {15338, 40229189}) = 0
18199 11:14:16 clock_gettime(CLOCK_MONOTONIC, {15338, 40268861}) = 0
18199 11:14:16 select(7, [3 4], [3], NULL, NULL) = 1 (out [3])
18199 11:14:16 clock_gettime(CLOCK_MONOTONIC, {15338, 40320867}) = 0
18199 11:14:16 write(3, "\215$\327\275\273\5\337\261^\\\351\23\344d\36{\234\356\t\260\202a\244\227\354D(\rF\3241<"..., 36) = 36
18199 11:14:16 clock_gettime(CLOCK_MONOTONIC, {15338, 40471184}) = 0
18199 11:14:16 clock_gettime(CLOCK_MONOTONIC, {15338, 40599925}) = 0
18199 11:14:16 select(7, [3 4], [], NULL, NULL) = 1 (in [3])
18199 11:14:16 clock_gettime(CLOCK_MONOTONIC, {15338, 60781389}) = 0
18199 11:14:16 read(3, "\200\237\6\377\266\246\253\257\200z\322\244LY>\221],j\203\221\341\\p\243\320A\346\216\247\210\243"..., 8192) = 36
18199 11:14:16 clock_gettime(CLOCK_MONOTONIC, {15338, 60854047}) = 0
18199 11:14:16 clock_gettime(CLOCK_MONOTONIC, {15338, 60881135}) = 0
18199 11:14:16 select(7, [3 4], [5], NULL, NULL) = 1 (out [5])
18199 11:14:16 clock_gettime(CLOCK_MONOTONIC, {15338, 60922099}) = 0
18199 11:14:16 write(5, "x", 1)         = 1
18199 11:14:16 clock_gettime(CLOCK_MONOTONIC, {15338, 60967124}) = 0
18199 11:14:16 clock_gettime(CLOCK_MONOTONIC, {15338, 60984690}) = 0
18199 11:14:16 select(7, [3 4], [], NULL, NULL) = 1 (in [4])
18199 11:14:17 clock_gettime(CLOCK_MONOTONIC, {15338, 895236176}) = 0
18199 11:14:17 read(4, "i", 16384)      = 1
18199 11:14:17 clock_gettime(CLOCK_MONOTONIC, {15338, 895308549}) = 0
18199 11:14:17 clock_gettime(CLOCK_MONOTONIC, {15338, 895330263}) = 0
18199 11:14:17 select(7, [3 4], [3], NULL, NULL) = 1 (out [3])
18199 11:14:17 clock_gettime(CLOCK_MONOTONIC, {15338, 895379786}) = 0
18199 11:14:17 write(3, "\1M\200C\17\236\276\300\352\247\251\236\r\375Jg\22\256M$hVU\16\211\257KD\365\320q\376"..., 36) = 36
18199 11:14:17 clock_gettime(CLOCK_MONOTONIC, {15338, 895487676}) = 0
18199 11:14:17 clock_gettime(CLOCK_MONOTONIC, {15338, 895510430}) = 0
18199 11:14:17 select(7, [3 4], [], NULL, NULL) = 1 (in [3])
18199 11:14:17 clock_gettime(CLOCK_MONOTONIC, {15338, 910144265}) = 0
18199 11:14:17 read(3, "B.\375\232<fN\213\277\270V\22F|V72F)\325\265m]\"\205\366\205\363bk5C"..., 8192) = 36
18199 11:14:17 clock_gettime(CLOCK_MONOTONIC, {15338, 910206566}) = 0
18199 11:14:17 clock_gettime(CLOCK_MONOTONIC, {15338, 910225400}) = 0
18199 11:14:17 select(7, [3 4], [5], NULL, NULL) = 1 (out [5])
18199 11:14:17 clock_gettime(CLOCK_MONOTONIC, {15338, 910268980}) = 0
18199 11:14:17 write(5, "i", 1)         = 1
18199 11:14:17 clock_gettime(CLOCK_MONOTONIC, {15338, 910310470}) = 0
18199 11:14:17 clock_gettime(CLOCK_MONOTONIC, {15338, 910327791}) = 0
18199 11:14:17 select(7, [3 4], [], NULL, NULL) = 1 (in [4])
18199 11:14:17 clock_gettime(CLOCK_MONOTONIC, {15339, 48288350}) = 0
18199 11:14:17 read(4, "t", 16384)      = 1
18199 11:14:17 clock_gettime(CLOCK_MONOTONIC, {15339, 48353970}) = 0
18199 11:14:17 clock_gettime(CLOCK_MONOTONIC, {15339, 48393773}) = 0
18199 11:14:17 select(7, [3 4], [3], NULL, NULL) = 1 (out [3])
18199 11:14:17 clock_gettime(CLOCK_MONOTONIC, {15339, 48477712}) = 0
18199 11:14:17 write(3, "\34\254Q+m\304)aC\30\346F]\217c\372\376B\346\300\\\372\326\361\267M\233\221\364\232h\370"..., 36) = 36
18199 11:14:17 clock_gettime(CLOCK_MONOTONIC, {15339, 48646534}) = 0
18199 11:14:17 clock_gettime(CLOCK_MONOTONIC, {15339, 48679145}) = 0
18199 11:14:17 select(7, [3 4], [], NULL, NULL) = 1 (in [3])
18199 11:14:17 clock_gettime(CLOCK_MONOTONIC, {15339, 65473140}) = 0
18199 11:14:17 read(3, "&\262\343\316s\222,\23\1a\323\245B\321af\324\233f\253\\\344\16\23)'\235\324.\314\331\344"..., 8192) = 36
18199 11:14:17 clock_gettime(CLOCK_MONOTONIC, {15339, 65539121}) = 0
18199 11:14:17 clock_gettime(CLOCK_MONOTONIC, {15339, 65582885}) = 0
18199 11:14:17 select(7, [3 4], [5], NULL, NULL) = 1 (out [5])
18199 11:14:17 clock_gettime(CLOCK_MONOTONIC, {15339, 65632316}) = 0
18199 11:14:17 write(5, "t", 1)         = 1
18199 11:14:17 clock_gettime(CLOCK_MONOTONIC, {15339, 65678249}) = 0
18199 11:14:17 clock_gettime(CLOCK_MONOTONIC, {15339, 65719585}) = 0
18199 11:14:17 select(7, [3 4], [], NULL, NULL) = 1 (in [4])
18199 11:14:17 clock_gettime(CLOCK_MONOTONIC, {15339, 196235056}) = 0
18199 11:14:17 read(4, "\r", 16384)     = 1
18199 11:14:17 clock_gettime(CLOCK_MONOTONIC, {15339, 196310351}) = 0
18199 11:14:17 clock_gettime(CLOCK_MONOTONIC, {15339, 196334241}) = 0
18199 11:14:17 select(7, [3 4], [3], NULL, NULL) = 1 (out [3])
18199 11:14:17 clock_gettime(CLOCK_MONOTONIC, {15339, 196431308}) = 0
18199 11:14:17 write(3, "(\274\f\215\307\17\232\216\21$%'\350\0=\252\3271\347\376\254\260\310\r/\305\214\25\36\351\333\30"..., 36) = 36
18199 11:14:17 clock_gettime(CLOCK_MONOTONIC, {15339, 196641302}) = 0
18199 11:14:17 clock_gettime(CLOCK_MONOTONIC, {15339, 196676243}) = 0
18199 11:14:17 select(7, [3 4], [], NULL, NULL) = 1 (in [3])
18199 11:14:17 clock_gettime(CLOCK_MONOTONIC, {15339, 218873901}) = 0
18199 11:14:17 read(3, "\\W\317\237w\277S\222B\37\264\306\351L\35S\2237\360,C\216#C\nzw!6\374\227\25"..., 8192) = 220
18199 11:14:17 close(4)                 = 0
18199 11:14:17 clock_gettime(CLOCK_MONOTONIC, {15339, 219101210}) = 0
18199 11:14:17 clock_gettime(CLOCK_MONOTONIC, {15339, 219131110}) = 0
18199 11:14:17 select(7, [3], [5], NULL, NULL) = 1 (out [5])
18199 11:14:17 clock_gettime(CLOCK_MONOTONIC, {15339, 219217236}) = 0
18199 11:14:17 write(5, "\r\nlogout\r\n", 10) = 10
18199 11:14:17 clock_gettime(CLOCK_MONOTONIC, {15339, 219288728}) = 0
18199 11:14:17 clock_gettime(CLOCK_MONOTONIC, {15339, 219316524}) = 0
18199 11:14:17 close(5)                 = 0
18199 11:14:17 ioctl(0, SNDCTL_TMR_STOP or SNDRV_TIMER_IOCTL_GINFO or TCSETSW, {B38400 opost isig icanon echo ...}) = 0
18199 11:14:17 close(6)                 = 0
18199 11:14:17 select(7, [3], [3], NULL, NULL) = 1 (out [3])
18199 11:14:17 clock_gettime(CLOCK_MONOTONIC, {15339, 219553249}) = 0
18199 11:14:17 write(3, "\364\302\36q\217\236\304\337\2157l-\321\252$>\243\354-\367\177\305g\326\210\371\371\272Y\224\357\217"..., 36) = 36
18199 11:14:17 rt_sigaction(SIGWINCH, NULL, {0x7f504dcf6340, [], SA_RESTORER, 0x7f504c701510}, 8) = 0
18199 11:14:17 rt_sigaction(SIGWINCH, {SIG_DFL, [], SA_RESTORER, 0x7f504c701510}, NULL, 8) = 0
18199 11:14:17 write(3, "\325\222\37`1\231[QO\304&Dt\251\23\22\277 z\24+\327\32\345e\365\2439Q\314\337S"..., 60) = 60
18199 11:14:17 ioctl(0, SNDCTL_TMR_TIMEBASE or SNDRV_TIMER_IOCTL_NEXT_DEVICE or TCGETS, {B38400 opost isig icanon echo ...}) = 0
18199 11:14:17 ioctl(1, SNDCTL_TMR_TIMEBASE or SNDRV_TIMER_IOCTL_NEXT_DEVICE or TCGETS, {B38400 opost isig icanon echo ...}) = 0
18199 11:14:17 ioctl(2, SNDCTL_TMR_TIMEBASE or SNDRV_TIMER_IOCTL_NEXT_DEVICE or TCGETS, {B38400 opost isig icanon echo ...}) = 0
18199 11:14:17 write(2, "Connection to 39.108.141.220 clo"..., 38) = 38
18199 11:14:17 gettimeofday({1518146057, 471824}, NULL) = 0
18199 11:14:17 shutdown(3, SHUT_RDWR)   = 0
18199 11:14:17 close(3)                 = 0
18199 11:14:17 exit_group(0)            = ?
18199 11:14:17 +++ exited with 0 +++
