21426 05:42:54 select(4, [3], NULL, NULL, NULL) = 1 (in [3])
21426 05:42:54 read(3, "#\313!A\243\206\251j\34g\260\250\355\36I\353\6\326\331\203\351\217X\341-\23}\330\223<*D"..., 8192) = 40
21426 05:42:54 write(3, "\355/g\335\336E\4\305 \202\356B\327\374\10\374B/k\233\352\204\352\30\305\320\331\327\346\343\346S"..., 56) = 56
21426 05:42:54 select(4, [3], NULL, NULL, NULL) = 1 (in [3])
21426 05:42:54 read(3, "%\367\335\26$\24\17u\32\207\231-3\372\4\rk\215\300\216\307\366_Y\232+f\tUa\235\307"..., 8192) = 72
21426 05:42:54 stat("/root/.ssh/id_rsa", 0x7ffd50087c30) = -1 ENOENT (No such file or directory)
21426 05:42:54 stat("/root/.ssh/id_dsa", 0x7ffd50087c30) = -1 ENOENT (No such file or directory)
21426 05:42:54 stat("/root/.ssh/id_ecdsa", 0x7ffd50087c30) = -1 ENOENT (No such file or directory)
21426 05:42:54 stat("/root/.ssh/id_ed25519", 0x7ffd50087c30) = -1 ENOENT (No such file or directory)
21426 05:42:54 open("/dev/tty", O_RDWR) = 4
21426 05:42:54 close(4)                 = 0
21426 05:42:54 open("/dev/tty", O_RDWR) = 4
21426 05:42:54 ioctl(4, SNDCTL_TMR_TIMEBASE or SNDRV_TIMER_IOCTL_NEXT_DEVICE or TCGETS, {B38400 opost isig icanon echo ...}) = 0
21426 05:42:54 ioctl(4, SNDCTL_TMR_CONTINUE or SNDRV_TIMER_IOCTL_GPARAMS or TCSETSF, {B38400 opost isig icanon -echo ...}) = 0
21426 05:42:54 rt_sigaction(SIGALRM, {0x7f772b4d9460, [], SA_RESTORER, 0x7f7729e83510}, {SIG_DFL, [], 0}, 8) = 0
21426 05:42:54 rt_sigaction(SIGHUP, {0x7f772b4d9460, [], SA_RESTORER, 0x7f7729e83510}, {SIG_DFL, [], 0}, 8) = 0
21426 05:42:54 rt_sigaction(SIGINT, {0x7f772b4d9460, [], SA_RESTORER, 0x7f7729e83510}, {SIG_DFL, [], 0}, 8) = 0
21426 05:42:54 rt_sigaction(SIGPIPE, {0x7f772b4d9460, [], SA_RESTORER, 0x7f7729e83510}, {SIG_IGN, [], SA_RESTORER, 0x7f7729e83510}, 8) = 0
21426 05:42:54 rt_sigaction(SIGQUIT, {0x7f772b4d9460, [], SA_RESTORER, 0x7f7729e83510}, {SIG_DFL, [], 0}, 8) = 0
21426 05:42:54 rt_sigaction(SIGTERM, {0x7f772b4d9460, [], SA_RESTORER, 0x7f7729e83510}, {SIG_DFL, [], 0}, 8) = 0
21426 05:42:54 rt_sigaction(SIGTSTP, {0x7f772b4d9460, [], SA_RESTORER, 0x7f7729e83510}, {SIG_DFL, [], 0}, 8) = 0
21426 05:42:54 rt_sigaction(SIGTTIN, {0x7f772b4d9460, [], SA_RESTORER, 0x7f7729e83510}, {SIG_DFL, [], 0}, 8) = 0
21426 05:42:54 rt_sigaction(SIGTTOU, {0x7f772b4d9460, [], SA_RESTORER, 0x7f7729e83510}, {SIG_DFL, [], 0}, 8) = 0
21426 05:42:54 write(4, "root@10.0.0.6's password: ", 26) = 26
21426 05:42:54 read(4, "1", 1)          = 1
21426 05:42:54 read(4, "2", 1)          = 1
21426 05:42:54 read(4, "3", 1)          = 1
21426 05:42:54 read(4, "4", 1)          = 1
21426 05:42:54 read(4, "5", 1)          = 1
21426 05:42:54 read(4, "6", 1)          = 1
21426 05:42:54 read(4, "\n", 1)         = 1
21426 05:42:54 write(4, "\n", 1)        = 1
21426 05:42:54 ioctl(4, SNDCTL_TMR_CONTINUE or SNDRV_TIMER_IOCTL_GPARAMS or TCSETSF, {B38400 opost isig icanon echo ...}) = 0
21426 05:42:54 rt_sigaction(SIGALRM, {SIG_DFL, [], SA_RESTORER, 0x7f7729e83510}, NULL, 8) = 0
21426 05:42:54 rt_sigaction(SIGHUP, {SIG_DFL, [], SA_RESTORER, 0x7f7729e83510}, NULL, 8) = 0
21426 05:42:54 rt_sigaction(SIGINT, {SIG_DFL, [], SA_RESTORER, 0x7f7729e83510}, NULL, 8) = 0
21426 05:42:54 rt_sigaction(SIGQUIT, {SIG_DFL, [], SA_RESTORER, 0x7f7729e83510}, NULL, 8) = 0
21426 05:42:54 rt_sigaction(SIGPIPE, {SIG_IGN, [], SA_RESTORER, 0x7f7729e83510}, NULL, 8) = 0
21426 05:42:54 rt_sigaction(SIGTERM, {SIG_DFL, [], SA_RESTORER, 0x7f7729e83510}, NULL, 8) = 0
21426 05:42:54 rt_sigaction(SIGTSTP, {SIG_DFL, [], SA_RESTORER, 0x7f7729e83510}, NULL, 8) = 0
21426 05:42:54 rt_sigaction(SIGTTIN, {SIG_DFL, [], SA_RESTORER, 0x7f7729e83510}, NULL, 8) = 0
21426 05:42:54 rt_sigaction(SIGTTOU, {SIG_DFL, [], SA_RESTORER, 0x7f7729e83510}, NULL, 8) = 0
21426 05:42:54 close(4)                 = 0
21426 05:42:54 write(3, "\264\25\273\221\327u\231\225\207\375\357\215\362\6y\37`>]r?t\2532\202=\247\rBN\240\370"..., 136) = 136
21426 05:42:54 select(4, [3], NULL, NULL, NULL) = 1 (in [3])
21426 05:42:54 read(3, "\270\302\10\242\32\274B\3t\03211\276\366\255\27\"\16\36\205<\331\2412", 8192) = 24
21426 05:42:54 dup(0)                   = 4
21426 05:42:54 dup(1)                   = 5
21426 05:42:54 dup(2)                   = 6
21426 05:42:54 ioctl(4, SNDCTL_TMR_TIMEBASE or SNDRV_TIMER_IOCTL_NEXT_DEVICE or TCGETS, {B38400 opost isig icanon echo ...}) = 0
21426 05:42:54 ioctl(5, SNDCTL_TMR_TIMEBASE or SNDRV_TIMER_IOCTL_NEXT_DEVICE or TCGETS, {B38400 opost isig icanon echo ...}) = 0
21426 05:42:54 ioctl(6, SNDCTL_TMR_TIMEBASE or SNDRV_TIMER_IOCTL_NEXT_DEVICE or TCGETS, {B38400 opost isig icanon echo ...}) = 0
21426 05:42:54 fcntl(4, F_SETFD, FD_CLOEXEC) = 0
21426 05:42:54 fcntl(5, F_SETFD, FD_CLOEXEC) = 0
21426 05:42:54 fcntl(6, F_SETFD, FD_CLOEXEC) = 0
21426 05:42:54 gettimeofday({1518154974, 374082}, NULL) = 0
21426 05:42:54 rt_sigaction(SIGHUP, NULL, {SIG_DFL, [], SA_RESTORER, 0x7f7729e83510}, 8) = 0
21426 05:42:54 rt_sigaction(SIGHUP, {SIG_IGN, [], SA_RESTORER, 0x7f7729e83510}, NULL, 8) = 0
21426 05:42:54 rt_sigaction(SIGHUP, NULL, {SIG_IGN, [], SA_RESTORER, 0x7f7729e83510}, 8) = 0
21426 05:42:54 rt_sigaction(SIGHUP, {0x7f772b477f30, [], SA_RESTORER, 0x7f7729e83510}, NULL, 8) = 0
21426 05:42:54 rt_sigaction(SIGINT, NULL, {SIG_DFL, [], SA_RESTORER, 0x7f7729e83510}, 8) = 0
21426 05:42:54 rt_sigaction(SIGINT, {SIG_IGN, [], SA_RESTORER, 0x7f7729e83510}, NULL, 8) = 0
21426 05:42:54 rt_sigaction(SIGINT, NULL, {SIG_IGN, [], SA_RESTORER, 0x7f7729e83510}, 8) = 0
21426 05:42:54 rt_sigaction(SIGINT, {0x7f772b477f30, [], SA_RESTORER, 0x7f7729e83510}, NULL, 8) = 0
21426 05:42:54 rt_sigaction(SIGQUIT, NULL, {SIG_DFL, [], SA_RESTORER, 0x7f7729e83510}, 8) = 0
21426 05:42:54 rt_sigaction(SIGQUIT, {SIG_IGN, [], SA_RESTORER, 0x7f7729e83510}, NULL, 8) = 0
21426 05:42:54 rt_sigaction(SIGQUIT, NULL, {SIG_IGN, [], SA_RESTORER, 0x7f7729e83510}, 8) = 0
21426 05:42:54 rt_sigaction(SIGQUIT, {0x7f772b477f30, [], SA_RESTORER, 0x7f7729e83510}, NULL, 8) = 0
21426 05:42:54 rt_sigaction(SIGTERM, NULL, {SIG_DFL, [], SA_RESTORER, 0x7f7729e83510}, 8) = 0
21426 05:42:54 rt_sigaction(SIGTERM, {SIG_IGN, [], SA_RESTORER, 0x7f7729e83510}, NULL, 8) = 0
21426 05:42:54 rt_sigaction(SIGTERM, NULL, {SIG_IGN, [], SA_RESTORER, 0x7f7729e83510}, 8) = 0
21426 05:42:54 rt_sigaction(SIGTERM, {0x7f772b477f30, [], SA_RESTORER, 0x7f7729e83510}, NULL, 8) = 0
21426 05:42:54 rt_sigaction(SIGWINCH, NULL, {SIG_DFL, [], 0}, 8) = 0
21426 05:42:54 rt_sigaction(SIGWINCH, {0x7f772b478340, [], SA_RESTORER, 0x7f7729e83510}, NULL, 8) = 0
21426 05:42:54 ioctl(0, SNDCTL_TMR_TIMEBASE or SNDRV_TIMER_IOCTL_NEXT_DEVICE or TCGETS, {B38400 opost isig icanon echo ...}) = 0
21426 05:42:54 ioctl(0, SNDCTL_TMR_STOP or SNDRV_TIMER_IOCTL_GINFO or TCSETSW, {B38400 -opost -isig -icanon -echo ...}) = 0
21426 05:42:54 clock_gettime(CLOCK_MONOTONIC, {24256, 123156627}) = 0
21426 05:42:54 clock_gettime(CLOCK_MONOTONIC, {24256, 123174709}) = 0
21426 05:42:54 select(7, [3], [3], NULL, NULL) = 1 (out [3])
21426 05:42:54 clock_gettime(CLOCK_MONOTONIC, {24256, 123208900}) = 0
21426 05:42:54 write(3, "\21\327B]>,\36B\322m\266\353\241\361D\3316%V\356JJ9~\216\\\n\362'\341-\242"..., 112) = 112
21426 05:42:54 clock_gettime(CLOCK_MONOTONIC, {24256, 123283458}) = 0
21426 05:42:54 clock_gettime(CLOCK_MONOTONIC, {24256, 123298654}) = 0
21426 05:42:54 select(7, [3], [], NULL, NULL) = 1 (in [3])
21426 05:42:54 clock_gettime(CLOCK_MONOTONIC, {24256, 288069906}) = 0
21426 05:42:54 read(3, "\331\364\200\250\204\356+G\353r\307\306r \314\277W\263k\20tGO\321\227\261\214\272\315N\274\334"..., 8192) = 40
21426 05:42:54 getsockopt(3, SOL_TCP, TCP_NODELAY, [0], [4]) = 0
21426 05:42:54 setsockopt(3, SOL_TCP, TCP_NODELAY, [1], 4) = 0
21426 05:42:54 getsockname(3, {sa_family=AF_INET, sin_port=htons(40648), sin_addr=inet_addr("10.0.0.4")}, [16]) = 0
21426 05:42:54 setsockopt(3, SOL_IP, IP_TOS, [16], 4) = 0
21426 05:42:54 ioctl(0, TIOCGWINSZ, {ws_row=9, ws_col=95, ws_xpixel=1425, ws_ypixel=252}) = 0
21426 05:42:54 clock_gettime(CLOCK_MONOTONIC, {24256, 288262822}) = 0
21426 05:42:54 clock_gettime(CLOCK_MONOTONIC, {24256, 288278452}) = 0
21426 05:42:54 select(7, [3], [3], NULL, NULL) = 1 (out [3])
21426 05:42:54 clock_gettime(CLOCK_MONOTONIC, {24256, 288323873}) = 0
21426 05:42:54 write(3, "\273+\320Nf|J\334h\21c}\332(\203\220\306\324\351\237\273\230&\334>\364\273\32G\201\377\311"..., 384) = 384
21426 05:42:54 clock_gettime(CLOCK_MONOTONIC, {24256, 288411571}) = 0
21426 05:42:54 clock_gettime(CLOCK_MONOTONIC, {24256, 288427229}) = 0
21426 05:42:54 select(7, [3], [], NULL, NULL) = 1 (in [3])
21426 05:42:54 clock_gettime(CLOCK_MONOTONIC, {24256, 292081592}) = 0
21426 05:42:54 read(3, "\224\0379\377\35\24\245f7t\307\224\237Ap#\255\301\221\374K=\341'x\\\23\314\223\232\34D"..., 8192) = 88
21426 05:42:54 clock_gettime(CLOCK_MONOTONIC, {24256, 292168177}) = 0
21426 05:42:54 clock_gettime(CLOCK_MONOTONIC, {24256, 292188459}) = 0
21426 05:42:54 select(7, [3 4], [], NULL, NULL) = 1 (in [3])
21426 05:42:54 clock_gettime(CLOCK_MONOTONIC, {24256, 295665724}) = 0
21426 05:42:54 read(3, "\271JBIZ\353\r\214\371`\32\4\234\7\322\371\343\221\2111s&\260\251_\350O\223\177_\364\233"..., 8192) = 88
21426 05:42:54 clock_gettime(CLOCK_MONOTONIC, {24256, 295789293}) = 0
21426 05:42:54 clock_gettime(CLOCK_MONOTONIC, {24256, 295814908}) = 0
21426 05:42:54 select(7, [3 4], [5], NULL, NULL) = 1 (out [5])
21426 05:42:54 clock_gettime(CLOCK_MONOTONIC, {24256, 295914332}) = 0
21426 05:42:54 write(5, "Last login: Fri Feb  9 23:33:34 "..., 53) = 53
21426 05:42:54 clock_gettime(CLOCK_MONOTONIC, {24256, 295970643}) = 0
21426 05:42:54 clock_gettime(CLOCK_MONOTONIC, {24256, 295986576}) = 0
21426 05:42:54 select(7, [3 4], [], NULL, NULL) = 1 (in [3])
21426 05:42:54 clock_gettime(CLOCK_MONOTONIC, {24256, 331764503}) = 0
21426 05:42:54 read(3, "\350\326\336qU=\237HMN>&rnk\\-w&\215\306(\334\362Q\23\213\207\342\352wn"..., 8192) = 72
21426 05:42:54 clock_gettime(CLOCK_MONOTONIC, {24256, 331847812}) = 0
21426 05:42:54 clock_gettime(CLOCK_MONOTONIC, {24256, 331866954}) = 0
21426 05:42:54 select(7, [3 4], [5], NULL, NULL) = 1 (out [5])
21426 05:42:54 clock_gettime(CLOCK_MONOTONIC, {24256, 332047369}) = 0
21426 05:42:54 write(5, "\33]0;root@beatz:~\7\33[?1034h[root@b"..., 41) = 41
21426 05:42:54 clock_gettime(CLOCK_MONOTONIC, {24256, 332101571}) = 0
21426 05:42:54 clock_gettime(CLOCK_MONOTONIC, {24256, 332126158}) = 0
21426 05:42:54 select(7, [3 4], [], NULL, NULL) = 1 (in [4])
21426 05:43:22 clock_gettime(CLOCK_MONOTONIC, {24284, 526146561}) = 0
21426 05:43:22 read(4, "l", 16384)      = 1
21426 05:43:22 clock_gettime(CLOCK_MONOTONIC, {24284, 526218874}) = 0
21426 05:43:22 clock_gettime(CLOCK_MONOTONIC, {24284, 526238624}) = 0
21426 05:43:22 select(7, [3 4], [3], NULL, NULL) = 1 (out [3])
21426 05:43:22 clock_gettime(CLOCK_MONOTONIC, {24284, 526285626}) = 0
21426 05:43:22 write(3, "MkL\26O\6 p)\362%\356\246\2632\357~#\203\36.\312\335!\371\217.\22i\354\236d"..., 40) = 40
21426 05:43:22 clock_gettime(CLOCK_MONOTONIC, {24284, 526432378}) = 0
21426 05:43:22 clock_gettime(CLOCK_MONOTONIC, {24284, 526471703}) = 0
21426 05:43:22 select(7, [3 4], [], NULL, NULL) = 1 (in [3])
21426 05:43:22 clock_gettime(CLOCK_MONOTONIC, {24284, 528746559}) = 0
21426 05:43:22 read(3, "\220\360=\230\325X;\357\314\233\332\232\266\317d\373w\310\321\30/\2319\372\2178n\252\361.wJ"..., 8192) = 40
21426 05:43:22 clock_gettime(CLOCK_MONOTONIC, {24284, 528805832}) = 0
21426 05:43:22 clock_gettime(CLOCK_MONOTONIC, {24284, 528823374}) = 0
21426 05:43:22 select(7, [3 4], [5], NULL, NULL) = 1 (out [5])
21426 05:43:22 clock_gettime(CLOCK_MONOTONIC, {24284, 528864829}) = 0
21426 05:43:22 write(5, "l", 1)         = 1
21426 05:43:22 clock_gettime(CLOCK_MONOTONIC, {24284, 528904057}) = 0
21426 05:43:22 clock_gettime(CLOCK_MONOTONIC, {24284, 528920576}) = 0
21426 05:43:22 select(7, [3 4], [], NULL, NULL) = 1 (in [4])
21426 05:43:22 clock_gettime(CLOCK_MONOTONIC, {24284, 584196419}) = 0
21426 05:43:22 read(4, "s", 16384)      = 1
21426 05:43:22 clock_gettime(CLOCK_MONOTONIC, {24284, 584302638}) = 0
21426 05:43:22 clock_gettime(CLOCK_MONOTONIC, {24284, 584410537}) = 0
21426 05:43:22 select(7, [3 4], [3], NULL, NULL) = 1 (out [3])
21426 05:43:22 clock_gettime(CLOCK_MONOTONIC, {24284, 584467818}) = 0
21426 05:43:22 write(3, "\257\270L^r\227\332\211t\327^\257K\350\370j\37\2\1Cuo\305\223\327\251-gs2O\233"..., 40) = 40
21426 05:43:22 clock_gettime(CLOCK_MONOTONIC, {24284, 584566573}) = 0
21426 05:43:22 clock_gettime(CLOCK_MONOTONIC, {24284, 584586827}) = 0
21426 05:43:22 select(7, [3 4], [], NULL, NULL) = 1 (in [3])
21426 05:43:22 clock_gettime(CLOCK_MONOTONIC, {24284, 586719711}) = 0
21426 05:43:22 read(3, "\327?\16l\376\347\t\1p\r:\202A\307\211s\3!\217J\355n\5\361\232\265\315\364\"/5\323"..., 8192) = 40
21426 05:43:22 clock_gettime(CLOCK_MONOTONIC, {24284, 586773651}) = 0
21426 05:43:22 clock_gettime(CLOCK_MONOTONIC, {24284, 586791284}) = 0
21426 05:43:22 select(7, [3 4], [5], NULL, NULL) = 1 (out [5])
21426 05:43:22 clock_gettime(CLOCK_MONOTONIC, {24284, 586831759}) = 0
21426 05:43:22 write(5, "s", 1)         = 1
21426 05:43:22 clock_gettime(CLOCK_MONOTONIC, {24284, 586870225}) = 0
21426 05:43:22 clock_gettime(CLOCK_MONOTONIC, {24284, 586886866}) = 0
21426 05:43:22 select(7, [3 4], [], NULL, NULL) = 1 (in [4])
21426 05:43:22 clock_gettime(CLOCK_MONOTONIC, {24284, 684177261}) = 0
21426 05:43:22 read(4, "\r", 16384)     = 1
21426 05:43:22 clock_gettime(CLOCK_MONOTONIC, {24284, 684268748}) = 0
21426 05:43:22 clock_gettime(CLOCK_MONOTONIC, {24284, 684365215}) = 0
21426 05:43:22 select(7, [3 4], [3], NULL, NULL) = 1 (out [3])
21426 05:43:22 clock_gettime(CLOCK_MONOTONIC, {24284, 684531484}) = 0
21426 05:43:22 write(3, "\321\33&n\271xwP\334v\367\204\263\263L\253\231\310\375)\373r\335\20\355xDZ\"\275\0\254"..., 40) = 40
21426 05:43:22 clock_gettime(CLOCK_MONOTONIC, {24284, 684782312}) = 0
21426 05:43:22 clock_gettime(CLOCK_MONOTONIC, {24284, 684816610}) = 0
21426 05:43:22 select(7, [3 4], [], NULL, NULL) = 1 (in [3])
21426 05:43:22 clock_gettime(CLOCK_MONOTONIC, {24284, 689284056}) = 0
21426 05:43:22 read(3, "4\377\nz\"v\357\trC1\2330\276\2\223\336M3\35\r\212\243i\307k\221\2456v\304\224"..., 8192) = 40
21426 05:43:22 clock_gettime(CLOCK_MONOTONIC, {24284, 689371164}) = 0
21426 05:43:22 clock_gettime(CLOCK_MONOTONIC, {24284, 689393213}) = 0
21426 05:43:22 select(7, [3 4], [5], NULL, NULL) = 1 (out [5])
21426 05:43:22 clock_gettime(CLOCK_MONOTONIC, {24284, 689445546}) = 0
21426 05:43:22 write(5, "\r\n", 2)      = 2
21426 05:43:22 clock_gettime(CLOCK_MONOTONIC, {24284, 689540031}) = 0
21426 05:43:22 clock_gettime(CLOCK_MONOTONIC, {24284, 689558996}) = 0
21426 05:43:22 select(7, [3 4], [], NULL, NULL) = 1 (in [3])
21426 05:43:22 clock_gettime(CLOCK_MONOTONIC, {24284, 692804836}) = 0
21426 05:43:22 read(3, "I\337\36jCW\343FpT=\355f\3\203\0267v\332\200\270-/a\3055\367\224S\317#\16"..., 8192) = 120
21426 05:43:22 clock_gettime(CLOCK_MONOTONIC, {24284, 692876289}) = 0
21426 05:43:22 clock_gettime(CLOCK_MONOTONIC, {24284, 692899931}) = 0
21426 05:43:22 select(7, [3 4], [5], NULL, NULL) = 1 (out [5])
21426 05:43:22 clock_gettime(CLOCK_MONOTONIC, {24284, 692971830}) = 0
21426 05:43:22 write(5, "anaconda-ks.cfg  install.log  in"..., 83) = 83
21426 05:43:22 clock_gettime(CLOCK_MONOTONIC, {24284, 693160104}) = 0
21426 05:43:22 clock_gettime(CLOCK_MONOTONIC, {24284, 693207063}) = 0
21426 05:43:22 select(7, [3 4], [], NULL, NULL) = 1 (in [4])
21426 05:43:24 clock_gettime(CLOCK_MONOTONIC, {24286, 1170328}) = 0
21426 05:43:24 read(4, "i", 16384)      = 1
21426 05:43:24 clock_gettime(CLOCK_MONOTONIC, {24286, 1239576}) = 0
21426 05:43:24 clock_gettime(CLOCK_MONOTONIC, {24286, 1308210}) = 0
21426 05:43:24 select(7, [3 4], [3], NULL, NULL) = 1 (out [3])
21426 05:43:24 clock_gettime(CLOCK_MONOTONIC, {24286, 1356219}) = 0
21426 05:43:24 write(3, "\177\364Iu\212\20E\273\262\33\4O|\251\314\201\310\260\25\252)\337&S\311\262\271\354joyV"..., 40) = 40
21426 05:43:24 clock_gettime(CLOCK_MONOTONIC, {24286, 1469512}) = 0
21426 05:43:24 clock_gettime(CLOCK_MONOTONIC, {24286, 1500043}) = 0
21426 05:43:24 select(7, [3 4], [], NULL, NULL) = 1 (in [3])
21426 05:43:24 clock_gettime(CLOCK_MONOTONIC, {24286, 3732071}) = 0
21426 05:43:24 read(3, "\322PN\370\372\245P H\272\r\371\241.\263\202\324z\231u\324\177J\271\367\3228\332\211\216\37\21"..., 8192) = 40
21426 05:43:24 clock_gettime(CLOCK_MONOTONIC, {24286, 3798279}) = 0
21426 05:43:24 clock_gettime(CLOCK_MONOTONIC, {24286, 3827036}) = 0
21426 05:43:24 select(7, [3 4], [5], NULL, NULL) = 1 (out [5])
21426 05:43:24 clock_gettime(CLOCK_MONOTONIC, {24286, 3869537}) = 0
21426 05:43:24 write(5, "i", 1)         = 1
21426 05:43:24 clock_gettime(CLOCK_MONOTONIC, {24286, 3907728}) = 0
21426 05:43:24 clock_gettime(CLOCK_MONOTONIC, {24286, 3924377}) = 0
21426 05:43:24 select(7, [3 4], [], NULL, NULL) = 1 (in [4])
21426 05:43:24 clock_gettime(CLOCK_MONOTONIC, {24286, 87254267}) = 0
21426 05:43:24 read(4, "p", 16384)      = 1
21426 05:43:24 clock_gettime(CLOCK_MONOTONIC, {24286, 87328416}) = 0
21426 05:43:24 clock_gettime(CLOCK_MONOTONIC, {24286, 87350250}) = 0
21426 05:43:24 select(7, [3 4], [3], NULL, NULL) = 1 (out [3])
21426 05:43:24 clock_gettime(CLOCK_MONOTONIC, {24286, 87422030}) = 0
21426 05:43:24 write(3, "\235Y\371\352f\223&\263X|\377rEz\245#9\303\304\270\374\351>\206g\234\210\232\2248\244\35"..., 40) = 40
21426 05:43:24 clock_gettime(CLOCK_MONOTONIC, {24286, 87516059}) = 0
21426 05:43:24 clock_gettime(CLOCK_MONOTONIC, {24286, 87538302}) = 0
21426 05:43:24 select(7, [3 4], [], NULL, NULL) = 1 (in [3])
21426 05:43:24 clock_gettime(CLOCK_MONOTONIC, {24286, 89732190}) = 0
21426 05:43:24 read(3, "_\324\267\227\235r\32a\264\311j\267*\336\32\37>j\33\240\217\266\367\206\255\367\366]d\262K\330"..., 8192) = 40
21426 05:43:24 clock_gettime(CLOCK_MONOTONIC, {24286, 89791661}) = 0
21426 05:43:24 clock_gettime(CLOCK_MONOTONIC, {24286, 89811155}) = 0
21426 05:43:24 select(7, [3 4], [5], NULL, NULL) = 1 (out [5])
21426 05:43:24 clock_gettime(CLOCK_MONOTONIC, {24286, 89856724}) = 0
21426 05:43:24 write(5, "p", 1)         = 1
21426 05:43:24 clock_gettime(CLOCK_MONOTONIC, {24286, 89899274}) = 0
21426 05:43:24 clock_gettime(CLOCK_MONOTONIC, {24286, 89917615}) = 0
21426 05:43:24 select(7, [3 4], [], NULL, NULL) = 1 (in [4])
21426 05:43:24 clock_gettime(CLOCK_MONOTONIC, {24286, 189105981}) = 0
21426 05:43:24 read(4, " ", 16384)      = 1
21426 05:43:24 clock_gettime(CLOCK_MONOTONIC, {24286, 189173282}) = 0
21426 05:43:24 clock_gettime(CLOCK_MONOTONIC, {24286, 189193134}) = 0
21426 05:43:24 select(7, [3 4], [3], NULL, NULL) = 1 (out [3])
21426 05:43:24 clock_gettime(CLOCK_MONOTONIC, {24286, 189238841}) = 0
21426 05:43:24 write(3, "\23\262\346\221`d\305\326\270\267\4\266P\327\35\356\1777~\212\251\36\34;\204\2\237g\26\nkf"..., 40) = 40
21426 05:43:24 clock_gettime(CLOCK_MONOTONIC, {24286, 189324171}) = 0
21426 05:43:24 clock_gettime(CLOCK_MONOTONIC, {24286, 189350214}) = 0
21426 05:43:24 select(7, [3 4], [], NULL, NULL) = 1 (in [3])
21426 05:43:24 clock_gettime(CLOCK_MONOTONIC, {24286, 191707575}) = 0
21426 05:43:24 read(3, "\260\335Q\310\265\34\24\222+\375`\255u\341\300\7\365\242\370\1>ng\344\306\375\336q\263daw"..., 8192) = 40
21426 05:43:24 clock_gettime(CLOCK_MONOTONIC, {24286, 191763592}) = 0
21426 05:43:24 clock_gettime(CLOCK_MONOTONIC, {24286, 191780946}) = 0
21426 05:43:24 select(7, [3 4], [5], NULL, NULL) = 1 (out [5])
21426 05:43:24 clock_gettime(CLOCK_MONOTONIC, {24286, 191821772}) = 0
21426 05:43:24 write(5, " ", 1)         = 1
21426 05:43:24 clock_gettime(CLOCK_MONOTONIC, {24286, 191860246}) = 0
21426 05:43:24 clock_gettime(CLOCK_MONOTONIC, {24286, 191876833}) = 0
21426 05:43:24 select(7, [3 4], [], NULL, NULL) = 1 (in [4])
21426 05:43:24 clock_gettime(CLOCK_MONOTONIC, {24286, 237193026}) = 0
21426 05:43:24 read(4, "a", 16384)      = 1
21426 05:43:24 clock_gettime(CLOCK_MONOTONIC, {24286, 237267976}) = 0
21426 05:43:24 clock_gettime(CLOCK_MONOTONIC, {24286, 237396026}) = 0
21426 05:43:24 select(7, [3 4], [3], NULL, NULL) = 1 (out [3])
21426 05:43:24 clock_gettime(CLOCK_MONOTONIC, {24286, 237453295}) = 0
21426 05:43:24 write(3, ")E;\342\243\260\273\265\n\f\265\"\\!\224\305\225\2317x\7D\330T\344\177x\227\30\365\240\27"..., 40) = 40
21426 05:43:24 clock_gettime(CLOCK_MONOTONIC, {24286, 237611552}) = 0
21426 05:43:24 clock_gettime(CLOCK_MONOTONIC, {24286, 237637572}) = 0
21426 05:43:24 select(7, [3 4], [], NULL, NULL) = 1 (in [3])
21426 05:43:24 clock_gettime(CLOCK_MONOTONIC, {24286, 239698279}) = 0
21426 05:43:24 read(3, "b\362\274\255Ou\37W\f*\203\1s\254z\345\r\t#l\214\205B\356\36\273\256\373\316P\373\223"..., 8192) = 40
21426 05:43:24 clock_gettime(CLOCK_MONOTONIC, {24286, 239769946}) = 0
21426 05:43:24 clock_gettime(CLOCK_MONOTONIC, {24286, 239787669}) = 0
21426 05:43:24 select(7, [3 4], [5], NULL, NULL) = 1 (out [5])
21426 05:43:24 clock_gettime(CLOCK_MONOTONIC, {24286, 239827798}) = 0
21426 05:43:24 write(5, "a", 1)         = 1
21426 05:43:24 clock_gettime(CLOCK_MONOTONIC, {24286, 239866183}) = 0
21426 05:43:24 clock_gettime(CLOCK_MONOTONIC, {24286, 239882565}) = 0
21426 05:43:24 select(7, [3 4], [], NULL, NULL) = 1 (in [4])
21426 05:43:24 clock_gettime(CLOCK_MONOTONIC, {24286, 371216902}) = 0
21426 05:43:24 read(4, "\r", 16384)     = 1
21426 05:43:24 clock_gettime(CLOCK_MONOTONIC, {24286, 371283784}) = 0
21426 05:43:24 clock_gettime(CLOCK_MONOTONIC, {24286, 371303031}) = 0
21426 05:43:24 select(7, [3 4], [3], NULL, NULL) = 1 (out [3])
21426 05:43:24 clock_gettime(CLOCK_MONOTONIC, {24286, 371354821}) = 0
21426 05:43:24 write(3, "i\220F\200 $\217A\350:\22\376 *%r\260\f\376\362>\307\236\206\266\255\266\f\36|\360\252"..., 40) = 40
21426 05:43:24 clock_gettime(CLOCK_MONOTONIC, {24286, 371513830}) = 0
21426 05:43:24 clock_gettime(CLOCK_MONOTONIC, {24286, 371549318}) = 0
21426 05:43:24 select(7, [3 4], [], NULL, NULL) = 1 (in [3])
21426 05:43:24 clock_gettime(CLOCK_MONOTONIC, {24286, 373652876}) = 0
21426 05:43:24 read(3, "\246e\363Y\210=\2769\201\r\270\215\231L\31u0\242\212\34f:\4\222<\vCcM \373\240"..., 8192) = 40
21426 05:43:24 clock_gettime(CLOCK_MONOTONIC, {24286, 373710012}) = 0
21426 05:43:24 clock_gettime(CLOCK_MONOTONIC, {24286, 373727548}) = 0
21426 05:43:24 select(7, [3 4], [5], NULL, NULL) = 1 (out [5])
21426 05:43:24 clock_gettime(CLOCK_MONOTONIC, {24286, 373768368}) = 0
21426 05:43:24 write(5, "\r\n", 2)      = 2
21426 05:43:24 clock_gettime(CLOCK_MONOTONIC, {24286, 373806456}) = 0
21426 05:43:24 clock_gettime(CLOCK_MONOTONIC, {24286, 373822791}) = 0
21426 05:43:24 select(7, [3 4], [], NULL, NULL) = 1 (in [3])
21426 05:43:24 clock_gettime(CLOCK_MONOTONIC, {24286, 386642367}) = 0
21426 05:43:24 read(3, "M\204\334\335\27\215'\10\303\346m\2075\t\265\260\354\350v\335\23i\367'}\223\204\335\376Om\33"..., 8192) = 616
21426 05:43:24 clock_gettime(CLOCK_MONOTONIC, {24286, 386696477}) = 0
21426 05:43:24 clock_gettime(CLOCK_MONOTONIC, {24286, 386712019}) = 0
21426 05:43:24 select(7, [3 4], [5], NULL, NULL) = 1 (out [5])
21426 05:43:24 clock_gettime(CLOCK_MONOTONIC, {24286, 386747874}) = 0
21426 05:43:24 write(5, "1: lo: <LOOPBACK,UP,LOWER_UP> mt"..., 576) = 576
21426 05:43:24 clock_gettime(CLOCK_MONOTONIC, {24286, 386782467}) = 0
21426 05:43:24 clock_gettime(CLOCK_MONOTONIC, {24286, 386796792}) = 0
21426 05:43:24 select(7, [3 4], [], NULL, NULL) = 1 (in [4])
21426 05:43:27 clock_gettime(CLOCK_MONOTONIC, {24288, 933203217}) = 0
21426 05:43:27 read(4, "e", 16384)      = 1
21426 05:43:27 clock_gettime(CLOCK_MONOTONIC, {24288, 933265116}) = 0
21426 05:43:27 clock_gettime(CLOCK_MONOTONIC, {24288, 933282076}) = 0
21426 05:43:27 select(7, [3 4], [3], NULL, NULL) = 1 (out [3])
21426 05:43:27 clock_gettime(CLOCK_MONOTONIC, {24288, 933322337}) = 0
21426 05:43:27 write(3, "j\346\262G\25\313\5\24\270\210dJ\332R.\330\v\241\375\354\10E\361]G\341\271\266\342\27R\207"..., 40) = 40
21426 05:43:27 clock_gettime(CLOCK_MONOTONIC, {24288, 933412368}) = 0
21426 05:43:27 clock_gettime(CLOCK_MONOTONIC, {24288, 933429636}) = 0
21426 05:43:27 select(7, [3 4], [], NULL, NULL) = 1 (in [3])
21426 05:43:27 clock_gettime(CLOCK_MONOTONIC, {24288, 935669338}) = 0
21426 05:43:27 read(3, "\312^\330\251N\372GBX\32\3403\f\222\350F\261q\307\266\21x\325j\365_\315@\222>g\233"..., 8192) = 40
21426 05:43:27 clock_gettime(CLOCK_MONOTONIC, {24288, 935726368}) = 0
21426 05:43:27 clock_gettime(CLOCK_MONOTONIC, {24288, 935743390}) = 0
21426 05:43:27 select(7, [3 4], [5], NULL, NULL) = 1 (out [5])
21426 05:43:27 clock_gettime(CLOCK_MONOTONIC, {24288, 935783472}) = 0
21426 05:43:27 write(5, "e", 1)         = 1
21426 05:43:27 clock_gettime(CLOCK_MONOTONIC, {24288, 935821253}) = 0
21426 05:43:27 clock_gettime(CLOCK_MONOTONIC, {24288, 935848459}) = 0
21426 05:43:27 select(7, [3 4], [], NULL, NULL) = 1 (in [4])
21426 05:43:27 clock_gettime(CLOCK_MONOTONIC, {24289, 174299049}) = 0
21426 05:43:27 read(4, "x", 16384)      = 1
21426 05:43:27 clock_gettime(CLOCK_MONOTONIC, {24289, 174397658}) = 0
21426 05:43:27 clock_gettime(CLOCK_MONOTONIC, {24289, 174418427}) = 0
21426 05:43:27 select(7, [3 4], [3], NULL, NULL) = 1 (out [3])
21426 05:43:27 clock_gettime(CLOCK_MONOTONIC, {24289, 174465006}) = 0
21426 05:43:27 write(3, "/&p\262B\211]\244\264\362\374o:\212u\273\0z\324s\316\305\343\5\250\325\350j5\376\210>"..., 40) = 40
21426 05:43:27 clock_gettime(CLOCK_MONOTONIC, {24289, 174548973}) = 0
21426 05:43:27 clock_gettime(CLOCK_MONOTONIC, {24289, 174579815}) = 0
21426 05:43:27 select(7, [3 4], [], NULL, NULL) = 1 (in [3])
21426 05:43:27 clock_gettime(CLOCK_MONOTONIC, {24289, 176830187}) = 0
21426 05:43:27 read(3, "\245\374\37\211(\330\226R\345\356E\"[\276k\0207\344\2015\240\340@\312D\2122\312J\305\36\352"..., 8192) = 40
21426 05:43:27 clock_gettime(CLOCK_MONOTONIC, {24289, 176927400}) = 0
21426 05:43:27 clock_gettime(CLOCK_MONOTONIC, {24289, 176948501}) = 0
21426 05:43:27 select(7, [3 4], [5], NULL, NULL) = 1 (out [5])
21426 05:43:27 clock_gettime(CLOCK_MONOTONIC, {24289, 177015368}) = 0
21426 05:43:27 write(5, "x", 1)         = 1
21426 05:43:27 clock_gettime(CLOCK_MONOTONIC, {24289, 177064934}) = 0
21426 05:43:27 clock_gettime(CLOCK_MONOTONIC, {24289, 177083382}) = 0
21426 05:43:27 select(7, [3 4], [], NULL, NULL) = 1 (in [4])
21426 05:43:27 clock_gettime(CLOCK_MONOTONIC, {24289, 335172666}) = 0
21426 05:43:27 read(4, "i", 16384)      = 1
21426 05:43:27 clock_gettime(CLOCK_MONOTONIC, {24289, 335247439}) = 0
21426 05:43:27 clock_gettime(CLOCK_MONOTONIC, {24289, 335269835}) = 0
21426 05:43:27 select(7, [3 4], [3], NULL, NULL) = 1 (out [3])
21426 05:43:27 clock_gettime(CLOCK_MONOTONIC, {24289, 335320776}) = 0
21426 05:43:27 write(3, "\213\241\377lLG\rG\1\323&\227Oy\340V\263\323\376\232xI\377gxY\273\374Vci\257"..., 40) = 40
21426 05:43:27 clock_gettime(CLOCK_MONOTONIC, {24289, 335426822}) = 0
21426 05:43:27 clock_gettime(CLOCK_MONOTONIC, {24289, 335448255}) = 0
21426 05:43:27 select(7, [3 4], [], NULL, NULL) = 1 (in [3])
21426 05:43:27 clock_gettime(CLOCK_MONOTONIC, {24289, 337731418}) = 0
21426 05:43:27 read(3, "\372\232\226s\261O'\0\367\23\"xfj\375`l\206\343dfg\360<\23_\217\354*\345:\212"..., 8192) = 40
21426 05:43:27 clock_gettime(CLOCK_MONOTONIC, {24289, 337790623}) = 0
21426 05:43:27 clock_gettime(CLOCK_MONOTONIC, {24289, 337809295}) = 0
21426 05:43:27 select(7, [3 4], [5], NULL, NULL) = 1 (out [5])
21426 05:43:27 clock_gettime(CLOCK_MONOTONIC, {24289, 337853132}) = 0
21426 05:43:27 write(5, "i", 1)         = 1
21426 05:43:27 clock_gettime(CLOCK_MONOTONIC, {24289, 337894085}) = 0
21426 05:43:27 clock_gettime(CLOCK_MONOTONIC, {24289, 337911558}) = 0
21426 05:43:27 select(7, [3 4], [], NULL, NULL) = 1 (in [4])
21426 05:43:27 clock_gettime(CLOCK_MONOTONIC, {24289, 477138153}) = 0
21426 05:43:27 read(4, "t", 16384)      = 1
21426 05:43:27 clock_gettime(CLOCK_MONOTONIC, {24289, 477203431}) = 0
21426 05:43:27 clock_gettime(CLOCK_MONOTONIC, {24289, 477222124}) = 0
21426 05:43:27 select(7, [3 4], [3], NULL, NULL) = 1 (out [3])
21426 05:43:27 clock_gettime(CLOCK_MONOTONIC, {24289, 477265747}) = 0
21426 05:43:27 write(3, "\321\303|\206\362\207R\23*RWJ\261\274\22\337\366\324\373\354\24L#a\5~LQ\r[\234\357"..., 40) = 40
21426 05:43:27 clock_gettime(CLOCK_MONOTONIC, {24289, 477352076}) = 0
21426 05:43:27 clock_gettime(CLOCK_MONOTONIC, {24289, 477370433}) = 0
21426 05:43:27 select(7, [3 4], [], NULL, NULL) = 1 (in [3])
21426 05:43:27 clock_gettime(CLOCK_MONOTONIC, {24289, 479841563}) = 0
21426 05:43:27 read(3, "v\20Whb\351\211\335c\203'\206\324\25\355g&\237`\t\203\246#\4\236M\321\272\230\263\10\35"..., 8192) = 40
21426 05:43:27 clock_gettime(CLOCK_MONOTONIC, {24289, 479907797}) = 0
21426 05:43:27 clock_gettime(CLOCK_MONOTONIC, {24289, 479925620}) = 0
21426 05:43:27 select(7, [3 4], [5], NULL, NULL) = 1 (out [5])
21426 05:43:27 clock_gettime(CLOCK_MONOTONIC, {24289, 479992798}) = 0
21426 05:43:27 write(5, "t", 1)         = 1
21426 05:43:27 clock_gettime(CLOCK_MONOTONIC, {24289, 480049688}) = 0
21426 05:43:27 clock_gettime(CLOCK_MONOTONIC, {24289, 480066858}) = 0
21426 05:43:27 select(7, [3 4], [], NULL, NULL) = 1 (in [4])
21426 05:43:28 clock_gettime(CLOCK_MONOTONIC, {24289, 771177061}) = 0
21426 05:43:28 read(4, "\177", 16384)   = 1
21426 05:43:28 clock_gettime(CLOCK_MONOTONIC, {24289, 771238937}) = 0
21426 05:43:28 clock_gettime(CLOCK_MONOTONIC, {24289, 771256011}) = 0
21426 05:43:28 select(7, [3 4], [3], NULL, NULL) = 1 (out [3])
21426 05:43:28 clock_gettime(CLOCK_MONOTONIC, {24289, 771296170}) = 0
21426 05:43:28 write(3, "*\353\2214\342\3\267\341\324\26Q6\216L\253\210n\324\257P\311\335\277\257\321\263jf\0\261\374\314"..., 40) = 40
21426 05:43:28 clock_gettime(CLOCK_MONOTONIC, {24289, 771372896}) = 0
21426 05:43:28 clock_gettime(CLOCK_MONOTONIC, {24289, 771389577}) = 0
21426 05:43:28 select(7, [3 4], [], NULL, NULL) = 1 (in [3])
21426 05:43:28 clock_gettime(CLOCK_MONOTONIC, {24289, 773749633}) = 0
21426 05:43:28 read(3, "5zJ\373E\261\372\273b\336\336M\340Ku3wK~\362\240\205\224\357$4\264\353\341\v\177\216"..., 8192) = 40
21426 05:43:28 clock_gettime(CLOCK_MONOTONIC, {24289, 773806652}) = 0
21426 05:43:28 clock_gettime(CLOCK_MONOTONIC, {24289, 773822420}) = 0
21426 05:43:28 select(7, [3 4], [5], NULL, NULL) = 1 (out [5])
21426 05:43:28 clock_gettime(CLOCK_MONOTONIC, {24289, 773860180}) = 0
21426 05:43:28 write(5, "\10\33[K", 4)  = 4
21426 05:43:28 clock_gettime(CLOCK_MONOTONIC, {24289, 773894663}) = 0
21426 05:43:28 clock_gettime(CLOCK_MONOTONIC, {24289, 773909505}) = 0
21426 05:43:28 select(7, [3 4], [], NULL, NULL) = 1 (in [4])
21426 05:43:28 clock_gettime(CLOCK_MONOTONIC, {24289, 949268846}) = 0
21426 05:43:28 read(4, "\177", 16384)   = 1
21426 05:43:28 clock_gettime(CLOCK_MONOTONIC, {24289, 949342009}) = 0
21426 05:43:28 clock_gettime(CLOCK_MONOTONIC, {24289, 949362927}) = 0
21426 05:43:28 select(7, [3 4], [3], NULL, NULL) = 1 (out [3])
21426 05:43:28 clock_gettime(CLOCK_MONOTONIC, {24289, 949412314}) = 0
21426 05:43:28 write(3, "#\344Y\33:\264\r\250\266\313\26\214\202\373\215\252\255U\3205\361\346S1\325PP\v\315\177\22\\"..., 40) = 40
21426 05:43:28 clock_gettime(CLOCK_MONOTONIC, {24289, 949516163}) = 0
21426 05:43:28 clock_gettime(CLOCK_MONOTONIC, {24289, 949537669}) = 0
21426 05:43:28 select(7, [3 4], [], NULL, NULL) = 1 (in [3])
21426 05:43:28 clock_gettime(CLOCK_MONOTONIC, {24289, 951817244}) = 0
21426 05:43:28 read(3, "\325\352\262G\3338\223\261d\310N\224\342\3700\356\345\10\306\272\203\6jaD\272\26]\210A\241+"..., 8192) = 40
21426 05:43:28 clock_gettime(CLOCK_MONOTONIC, {24289, 951887044}) = 0
21426 05:43:28 clock_gettime(CLOCK_MONOTONIC, {24289, 951908168}) = 0
21426 05:43:28 select(7, [3 4], [5], NULL, NULL) = 1 (out [5])
21426 05:43:28 clock_gettime(CLOCK_MONOTONIC, {24289, 951958130}) = 0
21426 05:43:28 write(5, "\10\33[K", 4)  = 4
21426 05:43:28 clock_gettime(CLOCK_MONOTONIC, {24289, 952113184}) = 0
21426 05:43:28 clock_gettime(CLOCK_MONOTONIC, {24289, 952137306}) = 0
21426 05:43:28 select(7, [3 4], [], NULL, NULL) = 1 (in [4])
21426 05:43:28 clock_gettime(CLOCK_MONOTONIC, {24290, 101314095}) = 0
21426 05:43:28 read(4, "\177", 16384)   = 1
21426 05:43:28 clock_gettime(CLOCK_MONOTONIC, {24290, 101524552}) = 0
21426 05:43:28 clock_gettime(CLOCK_MONOTONIC, {24290, 101547721}) = 0
21426 05:43:28 select(7, [3 4], [3], NULL, NULL) = 1 (out [3])
21426 05:43:28 clock_gettime(CLOCK_MONOTONIC, {24290, 101601390}) = 0
21426 05:43:28 write(3, "\31\210\207>v\311\311\266\32\364\236M\260\tg\327c\377\"\327)Px\215:8\21)\345\311\247\364"..., 40) = 40
21426 05:43:28 clock_gettime(CLOCK_MONOTONIC, {24290, 101701502}) = 0
21426 05:43:28 clock_gettime(CLOCK_MONOTONIC, {24290, 101725701}) = 0
21426 05:43:28 select(7, [3 4], [], NULL, NULL) = 1 (in [3])
21426 05:43:28 clock_gettime(CLOCK_MONOTONIC, {24290, 103702716}) = 0
21426 05:43:28 read(3, "#G)\352P\357\361\330\217~\353(\261\t&\177~\360\236\360\262\376\251\205dA\10\22_\315Q\371"..., 8192) = 40
21426 05:43:28 clock_gettime(CLOCK_MONOTONIC, {24290, 103776651}) = 0
21426 05:43:28 clock_gettime(CLOCK_MONOTONIC, {24290, 103796230}) = 0
21426 05:43:28 select(7, [3 4], [5], NULL, NULL) = 1 (out [5])
21426 05:43:28 clock_gettime(CLOCK_MONOTONIC, {24290, 103840256}) = 0
21426 05:43:28 write(5, "\10\33[K", 4)  = 4
21426 05:43:28 clock_gettime(CLOCK_MONOTONIC, {24290, 103882217}) = 0
21426 05:43:28 clock_gettime(CLOCK_MONOTONIC, {24290, 103899697}) = 0
21426 05:43:28 select(7, [3 4], [], NULL, NULL) = 1 (in [4])
21426 05:43:28 clock_gettime(CLOCK_MONOTONIC, {24290, 259272390}) = 0
21426 05:43:28 read(4, "\177", 16384)   = 1
21426 05:43:28 clock_gettime(CLOCK_MONOTONIC, {24290, 259331939}) = 0
21426 05:43:28 clock_gettime(CLOCK_MONOTONIC, {24290, 259348758}) = 0
21426 05:43:28 select(7, [3 4], [3], NULL, NULL) = 1 (out [3])
21426 05:43:28 clock_gettime(CLOCK_MONOTONIC, {24290, 259387907}) = 0
21426 05:43:28 write(3, "\213\3019\374\3439\207\244\246\247\201&_\350\306\23[\363\257\215'\5\4\313\270\204\306\261\3139N\363"..., 40) = 40
21426 05:43:28 clock_gettime(CLOCK_MONOTONIC, {24290, 259460511}) = 0
21426 05:43:28 clock_gettime(CLOCK_MONOTONIC, {24290, 259477410}) = 0
21426 05:43:28 select(7, [3 4], [], NULL, NULL) = 1 (in [3])
21426 05:43:28 clock_gettime(CLOCK_MONOTONIC, {24290, 261758499}) = 0
21426 05:43:28 read(3, "m&\252\22\23\"\226\30\341|Yuz\272\0J\t\277\245\277D~\2\23\367%5\225\7v#\275"..., 8192) = 40
21426 05:43:28 clock_gettime(CLOCK_MONOTONIC, {24290, 261809016}) = 0
21426 05:43:28 clock_gettime(CLOCK_MONOTONIC, {24290, 261829664}) = 0
21426 05:43:28 select(7, [3 4], [5], NULL, NULL) = 1 (out [5])
21426 05:43:28 clock_gettime(CLOCK_MONOTONIC, {24290, 261923353}) = 0
21426 05:43:28 write(5, "\10\33[K", 4)  = 4
21426 05:43:28 clock_gettime(CLOCK_MONOTONIC, {24290, 261975362}) = 0
21426 05:43:28 clock_gettime(CLOCK_MONOTONIC, {24290, 261990748}) = 0
21426 05:43:28 select(7, [3 4], [], NULL, NULL) = 1 (in [4])
21426 05:43:28 clock_gettime(CLOCK_MONOTONIC, {24290, 371355163}) = 0
21426 05:43:28 read(4, "\177", 16384)   = 1
21426 05:43:28 clock_gettime(CLOCK_MONOTONIC, {24290, 371454015}) = 0
21426 05:43:28 clock_gettime(CLOCK_MONOTONIC, {24290, 371482360}) = 0
21426 05:43:28 select(7, [3 4], [3], NULL, NULL) = 1 (out [3])
21426 05:43:28 clock_gettime(CLOCK_MONOTONIC, {24290, 371546614}) = 0
21426 05:43:28 write(3, "\337\272Ksp\2lWw\270x\353\272\247\270\3436\245&\313&N\324Cn\32VM\353f\235\272"..., 40) = 40
21426 05:43:28 clock_gettime(CLOCK_MONOTONIC, {24290, 371672929}) = 0
21426 05:43:28 clock_gettime(CLOCK_MONOTONIC, {24290, 371700262}) = 0
21426 05:43:28 select(7, [3 4], [], NULL, NULL) = 1 (in [3])
21426 05:43:28 clock_gettime(CLOCK_MONOTONIC, {24290, 374027543}) = 0
21426 05:43:28 read(3, "{\263w\3518\32\371\232\t)&\215\224s\25\5\316\351\2350\312\217\257>.\221\361+\235|\335\233"..., 8192) = 40
21426 05:43:28 clock_gettime(CLOCK_MONOTONIC, {24290, 374129796}) = 0
21426 05:43:28 clock_gettime(CLOCK_MONOTONIC, {24290, 374157195}) = 0
21426 05:43:28 select(7, [3 4], [5], NULL, NULL) = 1 (out [5])
21426 05:43:28 clock_gettime(CLOCK_MONOTONIC, {24290, 374223115}) = 0
21426 05:43:28 write(5, "\7", 1)        = 1
21426 05:43:28 clock_gettime(CLOCK_MONOTONIC, {24290, 374284204}) = 0
21426 05:43:28 clock_gettime(CLOCK_MONOTONIC, {24290, 374309998}) = 0
21426 05:43:28 select(7, [3 4], [], NULL, NULL) = 1 (in [4])
21426 05:43:28 clock_gettime(CLOCK_MONOTONIC, {24290, 433211806}) = 0
21426 05:43:28 read(4, "d", 16384)      = 1
21426 05:43:28 clock_gettime(CLOCK_MONOTONIC, {24290, 433265776}) = 0
21426 05:43:28 clock_gettime(CLOCK_MONOTONIC, {24290, 433280569}) = 0
21426 05:43:28 select(7, [3 4], [3], NULL, NULL) = 1 (out [3])
21426 05:43:28 clock_gettime(CLOCK_MONOTONIC, {24290, 433315773}) = 0
21426 05:43:28 write(3, "~\314\nz\r\306\3275fS\3006\16\236d\276\274\37\257Y'u\342\215\303z\236\332\304\0\255\273"..., 40) = 40
21426 05:43:28 clock_gettime(CLOCK_MONOTONIC, {24290, 433386388}) = 0
21426 05:43:28 clock_gettime(CLOCK_MONOTONIC, {24290, 433401565}) = 0
21426 05:43:28 select(7, [3 4], [], NULL, NULL) = 1 (in [3])
21426 05:43:28 clock_gettime(CLOCK_MONOTONIC, {24290, 435741246}) = 0
21426 05:43:28 read(3, "\273\32I\231\321\353\230\24\3205-\3\211VsG\2641?\221;@\264\2236\343\353\241\341\341\223\310"..., 8192) = 40
21426 05:43:28 clock_gettime(CLOCK_MONOTONIC, {24290, 435792365}) = 0
21426 05:43:28 clock_gettime(CLOCK_MONOTONIC, {24290, 435807919}) = 0
21426 05:43:28 select(7, [3 4], [5], NULL, NULL) = 1 (out [5])
21426 05:43:28 clock_gettime(CLOCK_MONOTONIC, {24290, 435844131}) = 0
21426 05:43:28 write(5, "d", 1)         = 1
21426 05:43:28 clock_gettime(CLOCK_MONOTONIC, {24290, 435877862}) = 0
21426 05:43:28 clock_gettime(CLOCK_MONOTONIC, {24290, 435892638}) = 0
21426 05:43:28 select(7, [3 4], [], NULL, NULL) = 1 (in [4])
21426 05:43:28 clock_gettime(CLOCK_MONOTONIC, {24290, 542152290}) = 0
21426 05:43:28 read(4, "f", 16384)      = 1
21426 05:43:28 clock_gettime(CLOCK_MONOTONIC, {24290, 542227622}) = 0
21426 05:43:28 clock_gettime(CLOCK_MONOTONIC, {24290, 542309332}) = 0
21426 05:43:28 select(7, [3 4], [3], NULL, NULL) = 1 (out [3])
21426 05:43:28 clock_gettime(CLOCK_MONOTONIC, {24290, 542404060}) = 0
21426 05:43:28 write(3, "r\371\352\212\362\336\346\323G\372\5\2256\356\371Q\227\325\177\333\260\375'P\261\37\6\336\251\336\322."..., 40) = 40
21426 05:43:28 clock_gettime(CLOCK_MONOTONIC, {24290, 542570206}) = 0
21426 05:43:28 clock_gettime(CLOCK_MONOTONIC, {24290, 542619299}) = 0
21426 05:43:28 select(7, [3 4], [], NULL, NULL) = 1 (in [3])
21426 05:43:28 clock_gettime(CLOCK_MONOTONIC, {24290, 544716770}) = 0
21426 05:43:28 read(3, "\330\25*\255\206\205\202b\217\205?\212\322t\307\254q\254\257'\344\353/\216\241\360#\37\215\301\224\326"..., 8192) = 40
21426 05:43:28 clock_gettime(CLOCK_MONOTONIC, {24290, 544820844}) = 0
21426 05:43:28 clock_gettime(CLOCK_MONOTONIC, {24290, 544842638}) = 0
21426 05:43:28 select(7, [3 4], [5], NULL, NULL) = 1 (out [5])
21426 05:43:28 clock_gettime(CLOCK_MONOTONIC, {24290, 544893106}) = 0
21426 05:43:28 write(5, "f", 1)         = 1
21426 05:43:28 clock_gettime(CLOCK_MONOTONIC, {24290, 544939779}) = 0
21426 05:43:28 clock_gettime(CLOCK_MONOTONIC, {24290, 544959647}) = 0
21426 05:43:28 select(7, [3 4], [], NULL, NULL) = 1 (in [4])
21426 05:43:28 clock_gettime(CLOCK_MONOTONIC, {24290, 654112624}) = 0
21426 05:43:28 read(4, " ", 16384)      = 1
21426 05:43:28 clock_gettime(CLOCK_MONOTONIC, {24290, 654184985}) = 0
21426 05:43:28 clock_gettime(CLOCK_MONOTONIC, {24290, 654206375}) = 0
21426 05:43:28 select(7, [3 4], [3], NULL, NULL) = 1 (out [3])
21426 05:43:28 clock_gettime(CLOCK_MONOTONIC, {24290, 654255588}) = 0
21426 05:43:28 write(3, "R\37\242T \360T\335\354\177\305\36S\3372\242\223\370Eu\227\302U\3226\231r\357\331i\364\240"..., 40) = 40
21426 05:43:28 clock_gettime(CLOCK_MONOTONIC, {24290, 654347791}) = 0
21426 05:43:28 clock_gettime(CLOCK_MONOTONIC, {24290, 654369450}) = 0
21426 05:43:28 select(7, [3 4], [], NULL, NULL) = 1 (in [3])
21426 05:43:28 clock_gettime(CLOCK_MONOTONIC, {24290, 656751082}) = 0
21426 05:43:28 read(3, "\2169\222\213d!4WX\224\\3\213b\223uM\320\3251r\266A\6{\327\355\234o\314\373'"..., 8192) = 40
21426 05:43:28 clock_gettime(CLOCK_MONOTONIC, {24290, 656838019}) = 0
21426 05:43:28 clock_gettime(CLOCK_MONOTONIC, {24290, 656857680}) = 0
21426 05:43:28 select(7, [3 4], [5], NULL, NULL) = 1 (out [5])
21426 05:43:28 clock_gettime(CLOCK_MONOTONIC, {24290, 656902803}) = 0
21426 05:43:28 write(5, " ", 1)         = 1
21426 05:43:28 clock_gettime(CLOCK_MONOTONIC, {24290, 656944152}) = 0
21426 05:43:28 clock_gettime(CLOCK_MONOTONIC, {24290, 656961723}) = 0
21426 05:43:28 select(7, [3 4], [], NULL, NULL) = 1 (in [4])
21426 05:43:29 clock_gettime(CLOCK_MONOTONIC, {24291, 307177245}) = 0
21426 05:43:29 read(4, "-", 16384)      = 1
21426 05:43:29 clock_gettime(CLOCK_MONOTONIC, {24291, 307276054}) = 0
21426 05:43:29 clock_gettime(CLOCK_MONOTONIC, {24291, 307303283}) = 0
21426 05:43:29 select(7, [3 4], [3], NULL, NULL) = 1 (out [3])
21426 05:43:29 clock_gettime(CLOCK_MONOTONIC, {24291, 307439685}) = 0
21426 05:43:29 write(3, "\255o;\215\212\253t5/\205\346\307\304=\226\36/\23\266\v\310\r\277Y\n.\350\270\3107\245d"..., 40) = 40
21426 05:43:29 clock_gettime(CLOCK_MONOTONIC, {24291, 307554139}) = 0
21426 05:43:29 clock_gettime(CLOCK_MONOTONIC, {24291, 307580446}) = 0
21426 05:43:29 select(7, [3 4], [], NULL, NULL) = 1 (in [3])
21426 05:43:29 clock_gettime(CLOCK_MONOTONIC, {24291, 309736195}) = 0
21426 05:43:29 read(3, "t\3529l\223\1KWCh\214\35\365\305<i\322@\222\265\7\217Q\343\254G\306\v\245\262\362\302"..., 8192) = 40
21426 05:43:29 clock_gettime(CLOCK_MONOTONIC, {24291, 309812014}) = 0
21426 05:43:29 clock_gettime(CLOCK_MONOTONIC, {24291, 309838254}) = 0
21426 05:43:29 select(7, [3 4], [5], NULL, NULL) = 1 (out [5])
21426 05:43:29 clock_gettime(CLOCK_MONOTONIC, {24291, 309897703}) = 0
21426 05:43:29 write(5, "-", 1)         = 1
21426 05:43:29 clock_gettime(CLOCK_MONOTONIC, {24291, 309952965}) = 0
21426 05:43:29 clock_gettime(CLOCK_MONOTONIC, {24291, 309977265}) = 0
21426 05:43:29 select(7, [3 4], [], NULL, NULL) = 1 (in [4])
21426 05:43:30 clock_gettime(CLOCK_MONOTONIC, {24291, 822113026}) = 0
21426 05:43:30 read(4, "h", 16384)      = 1
21426 05:43:30 clock_gettime(CLOCK_MONOTONIC, {24291, 822185216}) = 0
21426 05:43:30 clock_gettime(CLOCK_MONOTONIC, {24291, 822206582}) = 0
21426 05:43:30 select(7, [3 4], [3], NULL, NULL) = 1 (out [3])
21426 05:43:30 clock_gettime(CLOCK_MONOTONIC, {24291, 822256184}) = 0
21426 05:43:30 write(3, "^\313\231\302\252Z\371\310\212\241Q\233\251\360\333=\1xT\371\214d\304\223\264#3;\277>\31j"..., 40) = 40
21426 05:43:30 clock_gettime(CLOCK_MONOTONIC, {24291, 822349536}) = 0
21426 05:43:30 clock_gettime(CLOCK_MONOTONIC, {24291, 822461981}) = 0
21426 05:43:30 select(7, [3 4], [], NULL, NULL) = 1 (in [3])
21426 05:43:30 clock_gettime(CLOCK_MONOTONIC, {24291, 824729187}) = 0
21426 05:43:30 read(3, "\246\263\260\224`f\0T\214\375\331\362#P\36{\275j\370`\212+WjM\236\374\37*k\2p"..., 8192) = 40
21426 05:43:30 clock_gettime(CLOCK_MONOTONIC, {24291, 824804187}) = 0
21426 05:43:30 clock_gettime(CLOCK_MONOTONIC, {24291, 824825549}) = 0
21426 05:43:30 select(7, [3 4], [5], NULL, NULL) = 1 (out [5])
21426 05:43:30 clock_gettime(CLOCK_MONOTONIC, {24291, 824876207}) = 0
21426 05:43:30 write(5, "h", 1)         = 1
21426 05:43:30 clock_gettime(CLOCK_MONOTONIC, {24291, 824922596}) = 0
21426 05:43:30 clock_gettime(CLOCK_MONOTONIC, {24291, 824942733}) = 0
21426 05:43:30 select(7, [3 4], [], NULL, NULL) = 1 (in [4])
21426 05:43:30 clock_gettime(CLOCK_MONOTONIC, {24292, 235182000}) = 0
21426 05:43:30 read(4, "\r", 16384)     = 1
21426 05:43:30 clock_gettime(CLOCK_MONOTONIC, {24292, 235251937}) = 0
21426 05:43:30 clock_gettime(CLOCK_MONOTONIC, {24292, 235272859}) = 0
21426 05:43:30 select(7, [3 4], [3], NULL, NULL) = 1 (out [3])
21426 05:43:30 clock_gettime(CLOCK_MONOTONIC, {24292, 235322500}) = 0
21426 05:43:30 write(3, "w\234\252\244\345\340:\305Yl\306\4\32d\267\344\233V\331\350\374kw\223\v\177\220n\216\377>\306"..., 40) = 40
21426 05:43:30 clock_gettime(CLOCK_MONOTONIC, {24292, 235412191}) = 0
21426 05:43:30 clock_gettime(CLOCK_MONOTONIC, {24292, 235474284}) = 0
21426 05:43:30 select(7, [3 4], [], NULL, NULL) = 1 (in [3])
21426 05:43:30 clock_gettime(CLOCK_MONOTONIC, {24292, 237804051}) = 0
21426 05:43:30 read(3, "\201\332\301O\222\177[\263\361\371\253\347\t\25\330S\352M-\312\325\333\256\227\372\356\341\335\300\271%\213"..., 8192) = 40
21426 05:43:30 clock_gettime(CLOCK_MONOTONIC, {24292, 237967527}) = 0
21426 05:43:30 clock_gettime(CLOCK_MONOTONIC, {24292, 238038046}) = 0
21426 05:43:30 select(7, [3 4], [5], NULL, NULL) = 1 (out [5])
21426 05:43:30 clock_gettime(CLOCK_MONOTONIC, {24292, 238095152}) = 0
21426 05:43:30 write(5, "\r\n", 2)      = 2
21426 05:43:30 clock_gettime(CLOCK_MONOTONIC, {24292, 238143330}) = 0
21426 05:43:30 clock_gettime(CLOCK_MONOTONIC, {24292, 238163669}) = 0
21426 05:43:30 select(7, [3 4], [], NULL, NULL) = 1 (in [3])
21426 05:43:30 clock_gettime(CLOCK_MONOTONIC, {24292, 244834679}) = 0
21426 05:43:30 read(3, "\324\230\365\263\237\355py\231\17@u\275e\326\347}p\275\224\343 \300\331\337\20\250\330e8\5&"..., 8192) = 200
21426 05:43:30 clock_gettime(CLOCK_MONOTONIC, {24292, 244899425}) = 0
21426 05:43:30 clock_gettime(CLOCK_MONOTONIC, {24292, 244926068}) = 0
21426 05:43:30 select(7, [3 4], [5], NULL, NULL) = 1 (out [5])
21426 05:43:30 clock_gettime(CLOCK_MONOTONIC, {24292, 244967567}) = 0
21426 05:43:30 write(5, "Filesystem      Size  Used Avail"..., 172) = 172
21426 05:43:30 clock_gettime(CLOCK_MONOTONIC, {24292, 245231600}) = 0
21426 05:43:30 clock_gettime(CLOCK_MONOTONIC, {24292, 245261755}) = 0
21426 05:43:30 select(7, [3 4], [], NULL, NULL) = 1 (in [4])
21426 05:43:31 clock_gettime(CLOCK_MONOTONIC, {24293, 278216768}) = 0
21426 05:43:31 read(4, "e", 16384)      = 1
21426 05:43:31 clock_gettime(CLOCK_MONOTONIC, {24293, 278311281}) = 0
21426 05:43:31 clock_gettime(CLOCK_MONOTONIC, {24293, 278333146}) = 0
21426 05:43:31 select(7, [3 4], [3], NULL, NULL) = 1 (out [3])
21426 05:43:31 clock_gettime(CLOCK_MONOTONIC, {24293, 278386081}) = 0
21426 05:43:31 write(3, "\201'\3315\250\4\304\34$A\37~w4\302\02113\253\305\263\230\252\366\0\17>\320\223\237s\265"..., 40) = 40
21426 05:43:31 clock_gettime(CLOCK_MONOTONIC, {24293, 278511994}) = 0
21426 05:43:31 clock_gettime(CLOCK_MONOTONIC, {24293, 278535050}) = 0
21426 05:43:31 select(7, [3 4], [], NULL, NULL) = 1 (in [3])
21426 05:43:31 clock_gettime(CLOCK_MONOTONIC, {24293, 280928308}) = 0
21426 05:43:31 read(3, "\35$\345\4.1\3458\0050\246\373\322\t\25te\1\333\34\365p\302\331\342~\nt\312\350V\371"..., 8192) = 40
21426 05:43:31 clock_gettime(CLOCK_MONOTONIC, {24293, 281039685}) = 0
21426 05:43:31 clock_gettime(CLOCK_MONOTONIC, {24293, 281067142}) = 0
21426 05:43:31 select(7, [3 4], [5], NULL, NULL) = 1 (out [5])
21426 05:43:31 clock_gettime(CLOCK_MONOTONIC, {24293, 281118518}) = 0
21426 05:43:31 write(5, "e", 1)         = 1
21426 05:43:31 clock_gettime(CLOCK_MONOTONIC, {24293, 281161413}) = 0
21426 05:43:31 clock_gettime(CLOCK_MONOTONIC, {24293, 281178812}) = 0
21426 05:43:31 select(7, [3 4], [], NULL, NULL) = 1 (in [4])
21426 05:43:31 clock_gettime(CLOCK_MONOTONIC, {24293, 494303278}) = 0
21426 05:43:31 read(4, "x", 16384)      = 1
21426 05:43:31 clock_gettime(CLOCK_MONOTONIC, {24293, 494491226}) = 0
21426 05:43:31 clock_gettime(CLOCK_MONOTONIC, {24293, 494513395}) = 0
21426 05:43:31 select(7, [3 4], [3], NULL, NULL) = 1 (out [3])
21426 05:43:31 clock_gettime(CLOCK_MONOTONIC, {24293, 494571291}) = 0
21426 05:43:31 write(3, "\336\37\302\30\320)\32:j\273\30\357\1w\343\316l\252.\360\272+\305cu\1775Q|\225\200\240"..., 40) = 40
21426 05:43:31 clock_gettime(CLOCK_MONOTONIC, {24293, 494770031}) = 0
21426 05:43:31 clock_gettime(CLOCK_MONOTONIC, {24293, 494813304}) = 0
21426 05:43:31 select(7, [3 4], [], NULL, NULL) = 1 (in [3])
21426 05:43:31 clock_gettime(CLOCK_MONOTONIC, {24293, 496842060}) = 0
21426 05:43:31 read(3, "\271\361\317\265\323\267\232\255\332\323SW\273\375\317.\262\343\277pAK7\367#\276\367\232\361\202x\337"..., 8192) = 40
21426 05:43:31 clock_gettime(CLOCK_MONOTONIC, {24293, 496937806}) = 0
21426 05:43:31 clock_gettime(CLOCK_MONOTONIC, {24293, 496957861}) = 0
21426 05:43:31 select(7, [3 4], [5], NULL, NULL) = 1 (out [5])
21426 05:43:31 clock_gettime(CLOCK_MONOTONIC, {24293, 497059559}) = 0
21426 05:43:31 write(5, "x", 1)         = 1
21426 05:43:31 clock_gettime(CLOCK_MONOTONIC, {24293, 497135596}) = 0
21426 05:43:31 clock_gettime(CLOCK_MONOTONIC, {24293, 497170826}) = 0
21426 05:43:31 select(7, [3 4], [], NULL, NULL) = 1 (in [4])
21426 05:43:31 clock_gettime(CLOCK_MONOTONIC, {24293, 653193256}) = 0
21426 05:43:31 read(4, "i", 16384)      = 1
21426 05:43:31 clock_gettime(CLOCK_MONOTONIC, {24293, 653295096}) = 0
21426 05:43:31 clock_gettime(CLOCK_MONOTONIC, {24293, 653315191}) = 0
21426 05:43:31 select(7, [3 4], [3], NULL, NULL) = 1 (out [3])
21426 05:43:31 clock_gettime(CLOCK_MONOTONIC, {24293, 653360750}) = 0
21426 05:43:31 write(3, "\271@\257.\260\256\241v\262\351\355\n\35\366\366\0313\360\303d\316\225\21\266\326!+M\317%=t"..., 40) = 40
21426 05:43:31 clock_gettime(CLOCK_MONOTONIC, {24293, 653443842}) = 0
21426 05:43:31 clock_gettime(CLOCK_MONOTONIC, {24293, 653474267}) = 0
21426 05:43:31 select(7, [3 4], [], NULL, NULL) = 1 (in [3])
21426 05:43:31 clock_gettime(CLOCK_MONOTONIC, {24293, 655716203}) = 0
21426 05:43:31 read(3, "}X\347N\237\237L\327\251\353\243\221\31C\37\320\216\303\373\262eP\365$\356E\0\332\f!p\327"..., 8192) = 40
21426 05:43:31 clock_gettime(CLOCK_MONOTONIC, {24293, 655781705}) = 0
21426 05:43:31 clock_gettime(CLOCK_MONOTONIC, {24293, 655798430}) = 0
21426 05:43:31 select(7, [3 4], [5], NULL, NULL) = 1 (out [5])
21426 05:43:31 clock_gettime(CLOCK_MONOTONIC, {24293, 655838265}) = 0
21426 05:43:31 write(5, "i", 1)         = 1
21426 05:43:31 clock_gettime(CLOCK_MONOTONIC, {24293, 655874747}) = 0
21426 05:43:31 clock_gettime(CLOCK_MONOTONIC, {24293, 655890456}) = 0
21426 05:43:31 select(7, [3 4], [], NULL, NULL) = 1 (in [4])
21426 05:43:32 clock_gettime(CLOCK_MONOTONIC, {24293, 798294410}) = 0
21426 05:43:32 read(4, "t", 16384)      = 1
21426 05:43:32 clock_gettime(CLOCK_MONOTONIC, {24293, 798474336}) = 0
21426 05:43:32 clock_gettime(CLOCK_MONOTONIC, {24293, 798502491}) = 0
21426 05:43:32 select(7, [3 4], [3], NULL, NULL) = 1 (out [3])
21426 05:43:32 clock_gettime(CLOCK_MONOTONIC, {24293, 798786487}) = 0
21426 05:43:32 write(3, "\342g\334\246\314\f\370\250\t\330e\4\3'\325OD\256\353P\3\330G\260\376w\6Q\375\372g'"..., 40) = 40
21426 05:43:32 clock_gettime(CLOCK_MONOTONIC, {24293, 799187845}) = 0
21426 05:43:32 clock_gettime(CLOCK_MONOTONIC, {24293, 799216401}) = 0
21426 05:43:32 select(7, [3 4], [], NULL, NULL) = 1 (in [3])
21426 05:43:32 clock_gettime(CLOCK_MONOTONIC, {24293, 800708540}) = 0
21426 05:43:32 read(3, "\302b\217%\317\10\3019\277\342h6B\225+\2j\376s\250AW\10\36\314\204\331\301\277\315\211\347"..., 8192) = 40
21426 05:43:32 clock_gettime(CLOCK_MONOTONIC, {24293, 800942126}) = 0
21426 05:43:32 clock_gettime(CLOCK_MONOTONIC, {24293, 800982591}) = 0
21426 05:43:32 select(7, [3 4], [5], NULL, NULL) = 1 (out [5])
21426 05:43:32 clock_gettime(CLOCK_MONOTONIC, {24293, 801051455}) = 0
21426 05:43:32 write(5, "t", 1)         = 1
21426 05:43:32 clock_gettime(CLOCK_MONOTONIC, {24293, 801100957}) = 0
21426 05:43:32 clock_gettime(CLOCK_MONOTONIC, {24293, 801122042}) = 0
21426 05:43:32 select(7, [3 4], [], NULL, NULL) = 1 (in [4])
21426 05:43:32 clock_gettime(CLOCK_MONOTONIC, {24294, 3786753}) = 0
21426 05:43:32 read(4, "\r", 16384)     = 1
21426 05:43:32 clock_gettime(CLOCK_MONOTONIC, {24294, 3929554}) = 0
21426 05:43:32 clock_gettime(CLOCK_MONOTONIC, {24294, 3953156}) = 0
21426 05:43:32 select(7, [3 4], [3], NULL, NULL) = 1 (out [3])
21426 05:43:32 clock_gettime(CLOCK_MONOTONIC, {24294, 4023099}) = 0
21426 05:43:32 write(3, "\305\317F\351q\2650\234*z\367s\35N\330-#\3\352\330v\214\277Y\241\222\356\303\321\2737\303"..., 40) = 40
21426 05:43:32 clock_gettime(CLOCK_MONOTONIC, {24294, 4115128}) = 0
21426 05:43:32 clock_gettime(CLOCK_MONOTONIC, {24294, 4136276}) = 0
21426 05:43:32 select(7, [3 4], [], NULL, NULL) = 1 (in [3])
21426 05:43:32 clock_gettime(CLOCK_MONOTONIC, {24294, 6504707}) = 0
21426 05:43:32 read(3, ";\221\352\237\363\362\3757\316\242\31&c\4<\275\f\276\233\212\251\346\270\201\211\320Q\310\256\220\252\250"..., 8192) = 200
21426 05:43:32 close(4)                 = 0
21426 05:43:32 clock_gettime(CLOCK_MONOTONIC, {24294, 6607275}) = 0
21426 05:43:32 clock_gettime(CLOCK_MONOTONIC, {24294, 6627043}) = 0
21426 05:43:32 select(7, [3], [5], NULL, NULL) = 1 (out [5])
21426 05:43:32 clock_gettime(CLOCK_MONOTONIC, {24294, 6681816}) = 0
21426 05:43:32 write(5, "\r\nlogout\r\n", 10) = 10
21426 05:43:32 clock_gettime(CLOCK_MONOTONIC, {24294, 6723244}) = 0
21426 05:43:32 clock_gettime(CLOCK_MONOTONIC, {24294, 6740737}) = 0
21426 05:43:32 close(5)                 = 0
21426 05:43:32 ioctl(0, SNDCTL_TMR_STOP or SNDRV_TIMER_IOCTL_GINFO or TCSETSW, {B38400 opost isig icanon echo ...}) = 0
21426 05:43:32 close(6)                 = 0
21426 05:43:32 select(7, [3], [3], NULL, NULL) = 1 (out [3])
21426 05:43:32 clock_gettime(CLOCK_MONOTONIC, {24294, 6864819}) = 0
21426 05:43:32 write(3, "X:\376<\344\210\205\242\205\304'U\370\247\370_\374\310d\212\"\27b\367", 24) = 24
21426 05:43:32 rt_sigaction(SIGWINCH, NULL, {0x7f772b478340, [], SA_RESTORER, 0x7f7729e83510}, 8) = 0
21426 05:43:32 rt_sigaction(SIGWINCH, {SIG_DFL, [], SA_RESTORER, 0x7f7729e83510}, NULL, 8) = 0
21426 05:43:32 write(3, "61\375Z\16\245\321}\3759\267\267Q\23\271\254\212#;\342\256/E\3655\254\0Y\35[\34w"..., 56) = 56
21426 05:43:32 ioctl(0, SNDCTL_TMR_TIMEBASE or SNDRV_TIMER_IOCTL_NEXT_DEVICE or TCGETS, {B38400 opost isig icanon echo ...}) = 0
21426 05:43:32 ioctl(1, SNDCTL_TMR_TIMEBASE or SNDRV_TIMER_IOCTL_NEXT_DEVICE or TCGETS, {B38400 opost isig icanon echo ...}) = 0
21426 05:43:32 ioctl(2, SNDCTL_TMR_TIMEBASE or SNDRV_TIMER_IOCTL_NEXT_DEVICE or TCGETS, {B38400 opost isig icanon echo ...}) = 0
21426 05:43:32 write(2, "Connection to 10.0.0.6 closed.\r\n", 32) = 32
21426 05:43:32 gettimeofday({1518155012, 258730}, NULL) = 0
21426 05:43:32 shutdown(3, SHUT_RDWR)   = 0
21426 05:43:32 close(3)                 = 0
21426 05:43:32 exit_group(0)            = ?
21426 05:43:32 +++ exited with 0 +++
