24026 08:33:41 read(3, "S", 1)          = 1
24026 08:33:41 read(3, "S", 1)          = 1
24026 08:33:41 read(3, "H", 1)          = 1
24026 08:33:41 read(3, "-", 1)          = 1
24026 08:33:41 read(3, "2", 1)          = 1
24026 08:33:41 read(3, ".", 1)          = 1
24026 08:33:41 read(3, "0", 1)          = 1
24026 08:33:41 read(3, "-", 1)          = 1
24026 08:33:41 read(3, "O", 1)          = 1
24026 08:33:41 read(3, "p", 1)          = 1
24026 08:33:41 read(3, "e", 1)          = 1
24026 08:33:41 read(3, "n", 1)          = 1
24026 08:33:41 read(3, "S", 1)          = 1
24026 08:33:41 read(3, "S", 1)          = 1
24026 08:33:41 read(3, "H", 1)          = 1
24026 08:33:41 read(3, "_", 1)          = 1
24026 08:33:41 read(3, "5", 1)          = 1
24026 08:33:41 read(3, ".", 1)          = 1
24026 08:33:41 read(3, "3", 1)          = 1
24026 08:33:41 read(3, "\r", 1)         = 1
24026 08:33:41 read(3, "\n", 1)         = 1
24026 08:33:41 fcntl(3, F_GETFL)        = 0x2 (flags O_RDWR)
24026 08:33:41 fcntl(3, F_SETFL, O_RDWR|O_NONBLOCK) = 0
24026 08:33:41 open("/root/.ssh/known_hosts", O_RDONLY) = 4
24026 08:33:41 fstat(4, {st_mode=S_IFREG|0644, st_size=1572, ...}) = 0
24026 08:33:41 mmap(NULL, 4096, PROT_READ|PROT_WRITE, MAP_PRIVATE|MAP_ANONYMOUS, -1, 0) = 0x7fd15054d000
24026 08:33:41 read(4, "39.108.141.220 ssh-rsa AAAAB3Nza"..., 4096) = 1572
24026 08:33:41 read(4, "", 4096)        = 0
24026 08:33:41 close(4)                 = 0
24026 08:33:41 munmap(0x7fd15054d000, 4096) = 0
24026 08:33:41 open("/root/.ssh/known_hosts2", O_RDONLY) = -1 ENOENT (No such file or directory)
24026 08:33:41 open("/usr/local/openssh/etc/ssh_known_hosts", O_RDONLY) = -1 ENOENT (No such file or directory)
24026 08:33:41 open("/usr/local/openssh/etc/ssh_known_hosts2", O_RDONLY) = -1 ENOENT (No such file or directory)
24026 08:33:41 write(3, "\0\0\5\224\v\24\212\223x\350\201]\246P.\\S\226\3539\224\347\0\0\0010curve2"..., 1432) = 1432
24026 08:33:41 select(4, [3], NULL, NULL, NULL) = 1 (in [3])
24026 08:33:41 read(3, "\0\0\3D\n\24n\324\237\257\361\317[&\241\333\n\265p\336:\351\0\0\0~diffie"..., 8192) = 840
24026 08:33:41 brk(0x7fd150c00000)      = 0x7fd150c00000
24026 08:33:41 write(3, "\0\0\0\24\6\"\0\0\10\0\0\0\f\0\0\0 \0\0\0\0\0\0\0", 24) = 24
24026 08:33:41 select(4, [3], NULL, NULL, NULL) = 1 (in [3])
24026 08:33:41 read(3, "\0\0\1\224\10\37\0\0\1\201\0\323#\r#ur\354\351\371#Xq^\272\303\244\330\237-kM"..., 8192) = 408
24026 08:33:41 gettimeofday({1518165221, 562594}, NULL) = 0
24026 08:33:41 write(3, "\0\0\1\214\6 \0\0\1\200Eo\321\373I\327HCi$'\237O\21V\340\223\316\262\no\311"..., 400) = 400
24026 08:33:41 select(4, [3], NULL, NULL, NULL) = 1 (in [3])
24026 08:33:41 read(3, "\0\0\3\274\n!\0\0\1\25\0\0\0\7ssh-rsa\0\0\0\1#\0\0\1\1\0\263"..., 8192) = 976
24026 08:33:41 open("/root/.ssh/known_hosts", O_RDONLY) = 4
24026 08:33:41 fstat(4, {st_mode=S_IFREG|0644, st_size=1572, ...}) = 0
24026 08:33:41 mmap(NULL, 4096, PROT_READ|PROT_WRITE, MAP_PRIVATE|MAP_ANONYMOUS, -1, 0) = 0x7fd15054d000
24026 08:33:41 read(4, "39.108.141.220 ssh-rsa AAAAB3Nza"..., 4096) = 1572
24026 08:33:41 read(4, "", 4096)        = 0
24026 08:33:41 close(4)                 = 0
24026 08:33:41 munmap(0x7fd15054d000, 4096) = 0
24026 08:33:41 open("/root/.ssh/known_hosts2", O_RDONLY) = -1 ENOENT (No such file or directory)
24026 08:33:41 open("/usr/local/openssh/etc/ssh_known_hosts", O_RDONLY) = -1 ENOENT (No such file or directory)
24026 08:33:41 open("/usr/local/openssh/etc/ssh_known_hosts2", O_RDONLY) = -1 ENOENT (No such file or directory)
24026 08:33:41 clock_gettime(CLOCK_MONOTONIC, {34503, 320983800}) = 0
24026 08:33:41 write(3, "\0\0\0\f\n\25\0\0\0\0\0\0\0\0\0\0", 16) = 16
24026 08:33:41 write(3, "\310\212>\3760i \27TD\301\375\251\203 \361\207\227\301#-=6w\334\313%\324Y\34\354\375"..., 40) = 40
24026 08:33:41 select(4, [3], NULL, NULL, NULL) = 1 (in [3])
24026 08:33:41 read(3, "\33f\320\23p\206v$\353le\276\376\237\\\2748\251\265\366\247\31\356W\230_z\365\316\353\232\233"..., 8192) = 40
24026 08:33:41 write(3, " \375\254\373\246Gp\31\2/\367\230\324\247O\353f\371r/Qu\n\2657\234xJ\226v\260\v"..., 56) = 56
24026 08:33:41 select(4, [3], NULL, NULL, NULL) = 1 (in [3])
24026 08:33:46 read(3, "\307\342\366\262\261T#\356\217D\360\270\361\322\3030'\2447\335 \352_\364k\24\n\244e\21*n"..., 8192) = 72
24026 08:33:46 stat("/root/.ssh/id_rsa", 0x7ffc354cf270) = -1 ENOENT (No such file or directory)
24026 08:33:46 stat("/root/.ssh/id_dsa", 0x7ffc354cf270) = -1 ENOENT (No such file or directory)
24026 08:33:46 stat("/root/.ssh/id_ecdsa", 0x7ffc354cf270) = -1 ENOENT (No such file or directory)
24026 08:33:46 stat("/root/.ssh/id_ed25519", 0x7ffc354cf270) = -1 ENOENT (No such file or directory)
24026 08:33:46 open("/dev/tty", O_RDWR) = 4
24026 08:33:46 close(4)                 = 0
24026 08:33:46 open("/dev/tty", O_RDWR) = 4
24026 08:33:46 ioctl(4, SNDCTL_TMR_TIMEBASE or SNDRV_TIMER_IOCTL_NEXT_DEVICE or TCGETS, {B38400 opost isig icanon echo ...}) = 0
24026 08:33:46 ioctl(4, SNDCTL_TMR_CONTINUE or SNDRV_TIMER_IOCTL_GPARAMS or TCSETSF, {B38400 opost isig icanon -echo ...}) = 0
24026 08:33:46 rt_sigaction(SIGALRM, {0x7fd15031e460, [], SA_RESTORER, 0x7fd14ecc8510}, {SIG_DFL, [], 0}, 8) = 0
24026 08:33:46 rt_sigaction(SIGHUP, {0x7fd15031e460, [], SA_RESTORER, 0x7fd14ecc8510}, {SIG_DFL, [], 0}, 8) = 0
24026 08:33:46 rt_sigaction(SIGINT, {0x7fd15031e460, [], SA_RESTORER, 0x7fd14ecc8510}, {SIG_DFL, [], 0}, 8) = 0
24026 08:33:46 rt_sigaction(SIGPIPE, {0x7fd15031e460, [], SA_RESTORER, 0x7fd14ecc8510}, {SIG_IGN, [], SA_RESTORER, 0x7fd14ecc8510}, 8) = 0
24026 08:33:46 rt_sigaction(SIGQUIT, {0x7fd15031e460, [], SA_RESTORER, 0x7fd14ecc8510}, {SIG_DFL, [], 0}, 8) = 0
24026 08:33:46 rt_sigaction(SIGTERM, {0x7fd15031e460, [], SA_RESTORER, 0x7fd14ecc8510}, {SIG_DFL, [], 0}, 8) = 0
24026 08:33:46 rt_sigaction(SIGTSTP, {0x7fd15031e460, [], SA_RESTORER, 0x7fd14ecc8510}, {SIG_DFL, [], 0}, 8) = 0
24026 08:33:46 rt_sigaction(SIGTTIN, {0x7fd15031e460, [], SA_RESTORER, 0x7fd14ecc8510}, {SIG_DFL, [], 0}, 8) = 0
24026 08:33:46 rt_sigaction(SIGTTOU, {0x7fd15031e460, [], SA_RESTORER, 0x7fd14ecc8510}, {SIG_DFL, [], 0}, 8) = 0
24026 08:33:46 write(4, "root@10.0.0.5's password: ", 26) = 26
24026 08:33:46 read(4, "1", 1)          = 1
24026 08:33:46 read(4, "2", 1)          = 1
24026 08:33:46 read(4, "3", 1)          = 1
24026 08:33:46 read(4, "4", 1)          = 1
24026 08:33:46 read(4, "5", 1)          = 1
24026 08:33:46 read(4, "6", 1)          = 1
24026 08:33:46 read(4, "\n", 1)         = 1
24026 08:33:46 write(4, "\n", 1)        = 1
24026 08:33:46 ioctl(4, SNDCTL_TMR_CONTINUE or SNDRV_TIMER_IOCTL_GPARAMS or TCSETSF, {B38400 opost isig icanon echo ...}) = 0
24026 08:33:46 rt_sigaction(SIGALRM, {SIG_DFL, [], SA_RESTORER, 0x7fd14ecc8510}, NULL, 8) = 0
24026 08:33:46 rt_sigaction(SIGHUP, {SIG_DFL, [], SA_RESTORER, 0x7fd14ecc8510}, NULL, 8) = 0
24026 08:33:46 rt_sigaction(SIGINT, {SIG_DFL, [], SA_RESTORER, 0x7fd14ecc8510}, NULL, 8) = 0
24026 08:33:46 rt_sigaction(SIGQUIT, {SIG_DFL, [], SA_RESTORER, 0x7fd14ecc8510}, NULL, 8) = 0
24026 08:33:46 rt_sigaction(SIGPIPE, {SIG_IGN, [], SA_RESTORER, 0x7fd14ecc8510}, NULL, 8) = 0
24026 08:33:46 rt_sigaction(SIGTERM, {SIG_DFL, [], SA_RESTORER, 0x7fd14ecc8510}, NULL, 8) = 0
24026 08:33:46 rt_sigaction(SIGTSTP, {SIG_DFL, [], SA_RESTORER, 0x7fd14ecc8510}, NULL, 8) = 0
24026 08:33:46 rt_sigaction(SIGTTIN, {SIG_DFL, [], SA_RESTORER, 0x7fd14ecc8510}, NULL, 8) = 0
24026 08:33:46 rt_sigaction(SIGTTOU, {SIG_DFL, [], SA_RESTORER, 0x7fd14ecc8510}, NULL, 8) = 0
24026 08:33:46 close(4)                 = 0
24026 08:33:46 write(3, "\16V\242\303\207\322(&f\310\213\261\t\265\205\34\262/[\233r2\376\216\346\244!g\234\311\27$"..., 136) = 136
24026 08:33:46 select(4, [3], NULL, NULL, NULL) = 1 (in [3])
24026 08:33:46 read(3, "\214\272\270\357\301I\22\215\3340\363'\256{>\323a&q@\320\217\256\235", 8192) = 24
24026 08:33:46 dup(0)                   = 4
24026 08:33:46 dup(1)                   = 5
24026 08:33:46 dup(2)                   = 6
24026 08:33:46 ioctl(4, SNDCTL_TMR_TIMEBASE or SNDRV_TIMER_IOCTL_NEXT_DEVICE or TCGETS, {B38400 opost isig icanon echo ...}) = 0
24026 08:33:46 ioctl(5, SNDCTL_TMR_TIMEBASE or SNDRV_TIMER_IOCTL_NEXT_DEVICE or TCGETS, {B38400 opost isig icanon echo ...}) = 0
24026 08:33:46 ioctl(6, SNDCTL_TMR_TIMEBASE or SNDRV_TIMER_IOCTL_NEXT_DEVICE or TCGETS, {B38400 opost isig icanon echo ...}) = 0
24026 08:33:46 fcntl(4, F_SETFD, FD_CLOEXEC) = 0
24026 08:33:46 fcntl(5, F_SETFD, FD_CLOEXEC) = 0
24026 08:33:46 fcntl(6, F_SETFD, FD_CLOEXEC) = 0
24026 08:33:46 gettimeofday({1518165226, 708351}, NULL) = 0
24026 08:33:46 rt_sigaction(SIGHUP, NULL, {SIG_DFL, [], SA_RESTORER, 0x7fd14ecc8510}, 8) = 0
24026 08:33:46 rt_sigaction(SIGHUP, {SIG_IGN, [], SA_RESTORER, 0x7fd14ecc8510}, NULL, 8) = 0
24026 08:33:46 rt_sigaction(SIGHUP, NULL, {SIG_IGN, [], SA_RESTORER, 0x7fd14ecc8510}, 8) = 0
24026 08:33:46 rt_sigaction(SIGHUP, {0x7fd1502bcf30, [], SA_RESTORER, 0x7fd14ecc8510}, NULL, 8) = 0
24026 08:33:46 rt_sigaction(SIGINT, NULL, {SIG_DFL, [], SA_RESTORER, 0x7fd14ecc8510}, 8) = 0
24026 08:33:46 rt_sigaction(SIGINT, {SIG_IGN, [], SA_RESTORER, 0x7fd14ecc8510}, NULL, 8) = 0
24026 08:33:46 rt_sigaction(SIGINT, NULL, {SIG_IGN, [], SA_RESTORER, 0x7fd14ecc8510}, 8) = 0
24026 08:33:46 rt_sigaction(SIGINT, {0x7fd1502bcf30, [], SA_RESTORER, 0x7fd14ecc8510}, NULL, 8) = 0
24026 08:33:46 rt_sigaction(SIGQUIT, NULL, {SIG_DFL, [], SA_RESTORER, 0x7fd14ecc8510}, 8) = 0
24026 08:33:46 rt_sigaction(SIGQUIT, {SIG_IGN, [], SA_RESTORER, 0x7fd14ecc8510}, NULL, 8) = 0
24026 08:33:46 rt_sigaction(SIGQUIT, NULL, {SIG_IGN, [], SA_RESTORER, 0x7fd14ecc8510}, 8) = 0
24026 08:33:46 rt_sigaction(SIGQUIT, {0x7fd1502bcf30, [], SA_RESTORER, 0x7fd14ecc8510}, NULL, 8) = 0
24026 08:33:46 rt_sigaction(SIGTERM, NULL, {SIG_DFL, [], SA_RESTORER, 0x7fd14ecc8510}, 8) = 0
24026 08:33:46 rt_sigaction(SIGTERM, {SIG_IGN, [], SA_RESTORER, 0x7fd14ecc8510}, NULL, 8) = 0
24026 08:33:46 rt_sigaction(SIGTERM, NULL, {SIG_IGN, [], SA_RESTORER, 0x7fd14ecc8510}, 8) = 0
24026 08:33:46 rt_sigaction(SIGTERM, {0x7fd1502bcf30, [], SA_RESTORER, 0x7fd14ecc8510}, NULL, 8) = 0
24026 08:33:46 rt_sigaction(SIGWINCH, NULL, {SIG_DFL, [], 0}, 8) = 0
24026 08:33:46 rt_sigaction(SIGWINCH, {0x7fd1502bd340, [], SA_RESTORER, 0x7fd14ecc8510}, NULL, 8) = 0
24026 08:33:46 ioctl(0, SNDCTL_TMR_TIMEBASE or SNDRV_TIMER_IOCTL_NEXT_DEVICE or TCGETS, {B38400 opost isig icanon echo ...}) = 0
24026 08:33:46 ioctl(0, SNDCTL_TMR_STOP or SNDRV_TIMER_IOCTL_GINFO or TCSETSW, {B38400 -opost -isig -icanon -echo ...}) = 0
24026 08:33:46 clock_gettime(CLOCK_MONOTONIC, {34508, 457448965}) = 0
24026 08:33:46 clock_gettime(CLOCK_MONOTONIC, {34508, 457467411}) = 0
24026 08:33:46 select(7, [3], [3], NULL, NULL) = 1 (out [3])
24026 08:33:46 clock_gettime(CLOCK_MONOTONIC, {34508, 457522776}) = 0
24026 08:33:46 write(3, "\265\336]73\276\0\3ca\264)w]yd\320-\315\365\1\245\211\260c\23\202\205d\275\24z"..., 112) = 112
24026 08:33:46 clock_gettime(CLOCK_MONOTONIC, {34508, 457619725}) = 0
24026 08:33:46 clock_gettime(CLOCK_MONOTONIC, {34508, 457647686}) = 0
24026 08:33:46 select(7, [3], [], NULL, NULL) = 1 (in [3])
24026 08:33:46 clock_gettime(CLOCK_MONOTONIC, {34508, 608845528}) = 0
24026 08:33:46 read(3, "\16o\350W\275\6\331\317\327\214\271\211\26\351t\233\360\234\332r\204d\212I\203\310[\325\207\243\354\25"..., 8192) = 40
24026 08:33:46 getsockopt(3, SOL_TCP, TCP_NODELAY, [0], [4]) = 0
24026 08:33:46 setsockopt(3, SOL_TCP, TCP_NODELAY, [1], 4) = 0
24026 08:33:46 getsockname(3, {sa_family=AF_INET, sin_port=htons(48900), sin_addr=inet_addr("10.0.0.4")}, [16]) = 0
24026 08:33:46 setsockopt(3, SOL_IP, IP_TOS, [16], 4) = 0
24026 08:33:46 ioctl(0, TIOCGWINSZ, {ws_row=9, ws_col=95, ws_xpixel=1425, ws_ypixel=252}) = 0
24026 08:33:46 clock_gettime(CLOCK_MONOTONIC, {34508, 609072265}) = 0
24026 08:33:46 clock_gettime(CLOCK_MONOTONIC, {34508, 609092009}) = 0
24026 08:33:46 select(7, [3], [3], NULL, NULL) = 1 (out [3])
24026 08:33:46 clock_gettime(CLOCK_MONOTONIC, {34508, 609131424}) = 0
24026 08:33:46 write(3, "\260\36\251\205_\307\217\327\32C#\306\211(c\234\226\232j\364\362;\202\244\307}\213\375J\304?\272"..., 384) = 384
24026 08:33:46 clock_gettime(CLOCK_MONOTONIC, {34508, 609230398}) = 0
24026 08:33:46 clock_gettime(CLOCK_MONOTONIC, {34508, 609253299}) = 0
24026 08:33:46 select(7, [3], [], NULL, NULL) = 1 (in [3])
24026 08:33:46 clock_gettime(CLOCK_MONOTONIC, {34508, 612275144}) = 0
24026 08:33:46 read(3, "\357\215\373\323\241y%\26M2CaM\5\274m\267-\311\262\275\35\203\244\17L(\374\212\236S\314"..., 8192) = 88
24026 08:33:46 clock_gettime(CLOCK_MONOTONIC, {34508, 612336967}) = 0
24026 08:33:46 clock_gettime(CLOCK_MONOTONIC, {34508, 612352470}) = 0
24026 08:33:46 select(7, [3 4], [], NULL, NULL) = 1 (in [3])
24026 08:33:46 clock_gettime(CLOCK_MONOTONIC, {34508, 617170682}) = 0
24026 08:33:46 read(3, "\301R'\345Q\341\30]l|J\2u\313\347\251h`\264z\310\373>\355!\17\"#\223\311g\22"..., 8192) = 88
24026 08:33:46 clock_gettime(CLOCK_MONOTONIC, {34508, 617247349}) = 0
24026 08:33:46 clock_gettime(CLOCK_MONOTONIC, {34508, 617263234}) = 0
24026 08:33:46 select(7, [3 4], [5], NULL, NULL) = 1 (out [5])
24026 08:33:46 clock_gettime(CLOCK_MONOTONIC, {34508, 617300212}) = 0
24026 08:33:46 write(5, "Last login: Fri Feb  9 23:41:34 "..., 53) = 53
24026 08:33:46 clock_gettime(CLOCK_MONOTONIC, {34508, 617335868}) = 0
24026 08:33:46 clock_gettime(CLOCK_MONOTONIC, {34508, 617350579}) = 0
24026 08:33:46 select(7, [3 4], [], NULL, NULL) = 1 (in [3])
24026 08:33:46 clock_gettime(CLOCK_MONOTONIC, {34508, 671473182}) = 0
24026 08:33:46 read(3, "\263:\357/\0102\2\nx\324\207\325\332\364\365\250\375\334v\243\326X\210\3667\1\267E\347\1\324\240"..., 8192) = 72
24026 08:33:46 clock_gettime(CLOCK_MONOTONIC, {34508, 671538849}) = 0
24026 08:33:46 clock_gettime(CLOCK_MONOTONIC, {34508, 671556762}) = 0
24026 08:33:46 select(7, [3 4], [5], NULL, NULL) = 1 (out [5])
24026 08:33:46 clock_gettime(CLOCK_MONOTONIC, {34508, 671599043}) = 0
24026 08:33:46 write(5, "\33]0;root@salve:~\7\33[?1034h[root@s"..., 41) = 41
24026 08:33:46 clock_gettime(CLOCK_MONOTONIC, {34508, 671639431}) = 0
24026 08:33:46 clock_gettime(CLOCK_MONOTONIC, {34508, 671656332}) = 0
24026 08:33:46 select(7, [3 4], [], NULL, NULL) = 1 (in [4])
24026 08:33:50 clock_gettime(CLOCK_MONOTONIC, {34512, 487201694}) = 0
24026 08:33:50 read(4, "i", 16384)      = 1
24026 08:33:50 clock_gettime(CLOCK_MONOTONIC, {34512, 487334800}) = 0
24026 08:33:50 clock_gettime(CLOCK_MONOTONIC, {34512, 487365208}) = 0
24026 08:33:50 select(7, [3 4], [3], NULL, NULL) = 1 (out [3])
24026 08:33:50 clock_gettime(CLOCK_MONOTONIC, {34512, 487444452}) = 0
24026 08:33:50 write(3, "\351\204\332\2011!=\362\311\314\266v\24\325\334\t\344\351K\234\274\230B\16\324\316\342\270\22\221\6?"..., 40) = 40
24026 08:33:50 clock_gettime(CLOCK_MONOTONIC, {34512, 487574058}) = 0
24026 08:33:50 clock_gettime(CLOCK_MONOTONIC, {34512, 487600822}) = 0
24026 08:33:50 select(7, [3 4], [], NULL, NULL) = 1 (in [3])
24026 08:33:50 clock_gettime(CLOCK_MONOTONIC, {34512, 489453857}) = 0
24026 08:33:50 read(3, "\202\321xo\240\2427\321\370c\4f\331\v\217\265b\367Y\374\370#\23\241\37\371\206u{B\24\242"..., 8192) = 40
24026 08:33:50 clock_gettime(CLOCK_MONOTONIC, {34512, 489558230}) = 0
24026 08:33:50 clock_gettime(CLOCK_MONOTONIC, {34512, 489588000}) = 0
24026 08:33:50 select(7, [3 4], [5], NULL, NULL) = 1 (out [5])
24026 08:33:50 clock_gettime(CLOCK_MONOTONIC, {34512, 489670208}) = 0
24026 08:33:50 write(5, "i", 1)         = 1
24026 08:33:50 clock_gettime(CLOCK_MONOTONIC, {34512, 489749959}) = 0
24026 08:33:50 clock_gettime(CLOCK_MONOTONIC, {34512, 489788768}) = 0
24026 08:33:50 select(7, [3 4], [], NULL, NULL) = 1 (in [4])
24026 08:33:50 clock_gettime(CLOCK_MONOTONIC, {34512, 517084420}) = 0
24026 08:33:50 read(4, "f", 16384)      = 1
24026 08:33:50 clock_gettime(CLOCK_MONOTONIC, {34512, 517137546}) = 0
24026 08:33:50 clock_gettime(CLOCK_MONOTONIC, {34512, 517153307}) = 0
24026 08:33:50 select(7, [3 4], [3], NULL, NULL) = 1 (out [3])
24026 08:33:50 clock_gettime(CLOCK_MONOTONIC, {34512, 517188902}) = 0
24026 08:33:50 write(3, "\177\312\25@ \246mm\244F,OL\3,\272\265\261\356\364\334rP\267\344\317\322\314\3774\333\25"..., 40) = 40
24026 08:33:50 clock_gettime(CLOCK_MONOTONIC, {34512, 517324289}) = 0
24026 08:33:50 clock_gettime(CLOCK_MONOTONIC, {34512, 517350411}) = 0
24026 08:33:50 select(7, [3 4], [], NULL, NULL) = 1 (in [3])
24026 08:33:50 clock_gettime(CLOCK_MONOTONIC, {34512, 519343124}) = 0
24026 08:33:50 read(3, "\263:\257\203\0243.\377Y\17\251:`\212\tB\374\326\275X\227\346J\224\341tD\20b\276\330p"..., 8192) = 40
24026 08:33:50 clock_gettime(CLOCK_MONOTONIC, {34512, 519393716}) = 0
24026 08:33:50 clock_gettime(CLOCK_MONOTONIC, {34512, 519409385}) = 0
24026 08:33:50 select(7, [3 4], [5], NULL, NULL) = 1 (out [5])
24026 08:33:50 clock_gettime(CLOCK_MONOTONIC, {34512, 519446016}) = 0
24026 08:33:50 write(5, "f", 1)         = 1
24026 08:33:50 clock_gettime(CLOCK_MONOTONIC, {34512, 519480028}) = 0
24026 08:33:50 clock_gettime(CLOCK_MONOTONIC, {34512, 519494834}) = 0
24026 08:33:50 select(7, [3 4], [], NULL, NULL) = 1 (in [4])
24026 08:33:51 clock_gettime(CLOCK_MONOTONIC, {34512, 763169221}) = 0
24026 08:33:51 read(4, "\t", 16384)     = 1
24026 08:33:51 clock_gettime(CLOCK_MONOTONIC, {34512, 763226943}) = 0
24026 08:33:51 clock_gettime(CLOCK_MONOTONIC, {34512, 763243445}) = 0
24026 08:33:51 select(7, [3 4], [3], NULL, NULL) = 1 (out [3])
24026 08:33:51 clock_gettime(CLOCK_MONOTONIC, {34512, 763279970}) = 0
24026 08:33:51 write(3, "\267\223\352X\2409\2149\221\302\345\306-\366\3551\22\2723H#\323\254sQ\6\346Rb\225q\243"..., 40) = 40
24026 08:33:51 clock_gettime(CLOCK_MONOTONIC, {34512, 763348652}) = 0
24026 08:33:51 clock_gettime(CLOCK_MONOTONIC, {34512, 763367754}) = 0
24026 08:33:51 select(7, [3 4], [], NULL, NULL) = 1 (in [3])
24026 08:33:51 clock_gettime(CLOCK_MONOTONIC, {34512, 765386988}) = 0
24026 08:33:51 read(3, "\213\250\0#\203\264\343 \334\22\3\365\23\370AlR&5\222Ey\355\367\27g\337\274J\365\315\263"..., 8192) = 40
24026 08:33:51 clock_gettime(CLOCK_MONOTONIC, {34512, 765442072}) = 0
24026 08:33:51 clock_gettime(CLOCK_MONOTONIC, {34512, 765458495}) = 0
24026 08:33:51 select(7, [3 4], [5], NULL, NULL) = 1 (out [5])
24026 08:33:51 clock_gettime(CLOCK_MONOTONIC, {34512, 765497547}) = 0
24026 08:33:51 write(5, "\7", 1)        = 1
24026 08:33:51 clock_gettime(CLOCK_MONOTONIC, {34512, 765534016}) = 0
24026 08:33:51 clock_gettime(CLOCK_MONOTONIC, {34512, 765549449}) = 0
24026 08:33:51 select(7, [3 4], [], NULL, NULL) = 1 (in [4])
24026 08:33:51 clock_gettime(CLOCK_MONOTONIC, {34512, 965237792}) = 0
24026 08:33:51 read(4, "\t", 16384)     = 1
24026 08:33:51 clock_gettime(CLOCK_MONOTONIC, {34512, 965327598}) = 0
24026 08:33:51 clock_gettime(CLOCK_MONOTONIC, {34512, 965344384}) = 0
24026 08:33:51 select(7, [3 4], [3], NULL, NULL) = 1 (out [3])
24026 08:33:51 clock_gettime(CLOCK_MONOTONIC, {34512, 965382685}) = 0
24026 08:33:51 write(3, "y\364\200m\10\373\252\313\366\265\313\313\341\nQz|Q?\36\261\373\"b\346\231*\260\223j]2"..., 40) = 40
24026 08:33:51 clock_gettime(CLOCK_MONOTONIC, {34512, 965453780}) = 0
24026 08:33:51 clock_gettime(CLOCK_MONOTONIC, {34512, 965474346}) = 0
24026 08:33:51 select(7, [3 4], [], NULL, NULL) = 1 (in [3])
24026 08:33:51 clock_gettime(CLOCK_MONOTONIC, {34512, 967330846}) = 0
24026 08:33:51 read(3, "\256'\311\367\300]\300\212\7Z\212W\247\277\372x \26\304^\305\223\201@\230Ia\365\261[\325\344"..., 8192) = 120
24026 08:33:51 clock_gettime(CLOCK_MONOTONIC, {34512, 967382464}) = 0
24026 08:33:51 clock_gettime(CLOCK_MONOTONIC, {34512, 967397813}) = 0
24026 08:33:51 select(7, [3 4], [5], NULL, NULL) = 1 (out [5])
24026 08:33:51 clock_gettime(CLOCK_MONOTONIC, {34512, 967434854}) = 0
24026 08:33:51 write(5, "\r\nif         ifcfg      ifconfig"..., 88) = 88
24026 08:33:51 clock_gettime(CLOCK_MONOTONIC, {34512, 967470654}) = 0
24026 08:33:51 clock_gettime(CLOCK_MONOTONIC, {34512, 967485444}) = 0
24026 08:33:51 select(7, [3 4], [], NULL, NULL) = 1 (in [4])
24026 08:33:52 clock_gettime(CLOCK_MONOTONIC, {34514, 220281812}) = 0
24026 08:33:52 read(4, "c", 16384)      = 1
24026 08:33:52 clock_gettime(CLOCK_MONOTONIC, {34514, 220351180}) = 0
24026 08:33:52 clock_gettime(CLOCK_MONOTONIC, {34514, 220371253}) = 0
24026 08:33:52 select(7, [3 4], [3], NULL, NULL) = 1 (out [3])
24026 08:33:52 clock_gettime(CLOCK_MONOTONIC, {34514, 220417430}) = 0
24026 08:33:52 write(3, "\351B\27\373\266\333\312\341v\35\310:\206]E\355\0160\5HU<v\213\215\214\352\314\r\20\6I"..., 40) = 40
24026 08:33:52 clock_gettime(CLOCK_MONOTONIC, {34514, 220528591}) = 0
24026 08:33:52 clock_gettime(CLOCK_MONOTONIC, {34514, 220559596}) = 0
24026 08:33:52 select(7, [3 4], [], NULL, NULL) = 1 (in [3])
24026 08:33:52 clock_gettime(CLOCK_MONOTONIC, {34514, 222423763}) = 0
24026 08:33:52 read(3, "Z\271|\24\377\234H\257,\36\7\206\356O\24\250/,\356\352\223ng\321\365\36\205\3\325}\255 "..., 8192) = 40
24026 08:33:52 clock_gettime(CLOCK_MONOTONIC, {34514, 222485580}) = 0
24026 08:33:52 clock_gettime(CLOCK_MONOTONIC, {34514, 222505284}) = 0
24026 08:33:52 select(7, [3 4], [5], NULL, NULL) = 1 (out [5])
24026 08:33:52 clock_gettime(CLOCK_MONOTONIC, {34514, 222551908}) = 0
24026 08:33:52 write(5, "c", 1)         = 1
24026 08:33:52 clock_gettime(CLOCK_MONOTONIC, {34514, 222595644}) = 0
24026 08:33:52 clock_gettime(CLOCK_MONOTONIC, {34514, 222614334}) = 0
24026 08:33:52 select(7, [3 4], [], NULL, NULL) = 1 (in [4])
24026 08:33:52 clock_gettime(CLOCK_MONOTONIC, {34514, 414252083}) = 0
24026 08:33:52 read(4, "\t", 16384)     = 1
24026 08:33:52 clock_gettime(CLOCK_MONOTONIC, {34514, 414330367}) = 0
24026 08:33:52 clock_gettime(CLOCK_MONOTONIC, {34514, 414353217}) = 0
24026 08:33:52 select(7, [3 4], [3], NULL, NULL) = 1 (out [3])
24026 08:33:52 clock_gettime(CLOCK_MONOTONIC, {34514, 414405759}) = 0
24026 08:33:52 write(3, "m\255m\2771\316\220O\272\335\231e\275d\343\332\252\355\32m\350\326+i\341\260\345y9.*\223"..., 40) = 40
24026 08:33:52 clock_gettime(CLOCK_MONOTONIC, {34514, 414499117}) = 0
24026 08:33:52 clock_gettime(CLOCK_MONOTONIC, {34514, 414522037}) = 0
24026 08:33:52 select(7, [3 4], [], NULL, NULL) = 1 (in [3])
24026 08:33:52 clock_gettime(CLOCK_MONOTONIC, {34514, 416362795}) = 0
24026 08:33:52 read(3, "\v\6\323Q\277\267T\260\327\341\304)\340\314w\331i\210\177:<Q\7\256o\227\276\311\310\314m\306"..., 8192) = 40
24026 08:33:52 clock_gettime(CLOCK_MONOTONIC, {34514, 416430068}) = 0
24026 08:33:52 clock_gettime(CLOCK_MONOTONIC, {34514, 416452350}) = 0
24026 08:33:52 select(7, [3 4], [5], NULL, NULL) = 1 (out [5])
24026 08:33:52 clock_gettime(CLOCK_MONOTONIC, {34514, 416504781}) = 0
24026 08:33:52 write(5, "\7", 1)        = 1
24026 08:33:52 clock_gettime(CLOCK_MONOTONIC, {34514, 416553787}) = 0
24026 08:33:52 clock_gettime(CLOCK_MONOTONIC, {34514, 416575109}) = 0
24026 08:33:52 select(7, [3 4], [], NULL, NULL) = 1 (in [4])
24026 08:33:53 clock_gettime(CLOCK_MONOTONIC, {34515, 218100176}) = 0
24026 08:33:53 read(4, "o", 16384)      = 1
24026 08:33:53 clock_gettime(CLOCK_MONOTONIC, {34515, 218164707}) = 0
24026 08:33:53 clock_gettime(CLOCK_MONOTONIC, {34515, 218184316}) = 0
24026 08:33:53 select(7, [3 4], [3], NULL, NULL) = 1 (out [3])
24026 08:33:53 clock_gettime(CLOCK_MONOTONIC, {34515, 218252730}) = 0
24026 08:33:53 write(3, "HqKwEBn7IrN=\370\223\371A\241\3\336\307C\233\206\355\217\227\376\22I\37\t8"..., 40) = 40
24026 08:33:53 clock_gettime(CLOCK_MONOTONIC, {34515, 218334046}) = 0
24026 08:33:53 clock_gettime(CLOCK_MONOTONIC, {34515, 218354115}) = 0
24026 08:33:53 select(7, [3 4], [], NULL, NULL) = 1 (in [3])
24026 08:33:53 clock_gettime(CLOCK_MONOTONIC, {34515, 220319827}) = 0
24026 08:33:53 read(3, "\264\344\231uR\323|\374*\267\v\375E&\276\10\31H\36\325\33\f\342*\314]p\32\226\246Ve"..., 8192) = 40
24026 08:33:53 clock_gettime(CLOCK_MONOTONIC, {34515, 220396566}) = 0
24026 08:33:53 clock_gettime(CLOCK_MONOTONIC, {34515, 220416607}) = 0
24026 08:33:53 select(7, [3 4], [5], NULL, NULL) = 1 (out [5])
24026 08:33:53 clock_gettime(CLOCK_MONOTONIC, {34515, 220480830}) = 0
24026 08:33:53 write(5, "o", 1)         = 1
24026 08:33:53 clock_gettime(CLOCK_MONOTONIC, {34515, 220525484}) = 0
24026 08:33:53 clock_gettime(CLOCK_MONOTONIC, {34515, 220544252}) = 0
24026 08:33:53 select(7, [3 4], [], NULL, NULL) = 1 (in [4])
24026 08:33:53 clock_gettime(CLOCK_MONOTONIC, {34515, 356218783}) = 0
24026 08:33:53 read(4, "\t", 16384)     = 1
24026 08:33:53 clock_gettime(CLOCK_MONOTONIC, {34515, 356284406}) = 0
24026 08:33:53 clock_gettime(CLOCK_MONOTONIC, {34515, 356304054}) = 0
24026 08:33:53 select(7, [3 4], [3], NULL, NULL) = 1 (out [3])
24026 08:33:53 clock_gettime(CLOCK_MONOTONIC, {34515, 356362145}) = 0
24026 08:33:53 write(3, "~\315\230\257\230\200\252\375\257K\301\361U\321\177.^\324\365\231\32O\242\346\207\243\207\r\341\333\207\325"..., 40) = 40
24026 08:33:53 clock_gettime(CLOCK_MONOTONIC, {34515, 356445496}) = 0
24026 08:33:53 clock_gettime(CLOCK_MONOTONIC, {34515, 356465406}) = 0
24026 08:33:53 select(7, [3 4], [], NULL, NULL) = 1 (in [3])
24026 08:33:53 clock_gettime(CLOCK_MONOTONIC, {34515, 358375771}) = 0
24026 08:33:53 read(3, "\221\352a\207\345\271\24\213\226t\333BA\252\231\227:j\370\t\21\36p\350\301\247a\365\314.\10\20"..., 8192) = 40
24026 08:33:53 clock_gettime(CLOCK_MONOTONIC, {34515, 358441300}) = 0
24026 08:33:53 clock_gettime(CLOCK_MONOTONIC, {34515, 358463433}) = 0
24026 08:33:53 select(7, [3 4], [5], NULL, NULL) = 1 (out [5])
24026 08:33:53 clock_gettime(CLOCK_MONOTONIC, {34515, 358515346}) = 0
24026 08:33:53 write(5, "nfig ", 5)     = 5
24026 08:33:53 clock_gettime(CLOCK_MONOTONIC, {34515, 358563562}) = 0
24026 08:33:53 clock_gettime(CLOCK_MONOTONIC, {34515, 358584789}) = 0
24026 08:33:53 select(7, [3 4], [], NULL, NULL) = 1 (in [4])
24026 08:33:54 clock_gettime(CLOCK_MONOTONIC, {34516, 168272035}) = 0
24026 08:33:54 read(4, "\r", 16384)     = 1
24026 08:33:54 clock_gettime(CLOCK_MONOTONIC, {34516, 168344727}) = 0
24026 08:33:54 clock_gettime(CLOCK_MONOTONIC, {34516, 168366814}) = 0
24026 08:33:54 select(7, [3 4], [3], NULL, NULL) = 1 (out [3])
24026 08:33:54 clock_gettime(CLOCK_MONOTONIC, {34516, 168429190}) = 0
24026 08:33:54 write(3, "\341\352^!\363\330\2532\22\241\20\32\270\236\23:\21\v\326$f\373\323\230\31\273\273\257u\343\214C"..., 40) = 40
24026 08:33:54 clock_gettime(CLOCK_MONOTONIC, {34516, 168528991}) = 0
24026 08:33:54 clock_gettime(CLOCK_MONOTONIC, {34516, 168551760}) = 0
24026 08:33:54 select(7, [3 4], [], NULL, NULL) = 1 (in [3])
24026 08:33:54 clock_gettime(CLOCK_MONOTONIC, {34516, 172311152}) = 0
24026 08:33:54 read(3, "\177w,@P\306\262\2040\316\r\216\253\356j\206\225\272 {H\\A\2657%\261\271i\17\226\330"..., 8192) = 40
24026 08:33:54 clock_gettime(CLOCK_MONOTONIC, {34516, 172380235}) = 0
24026 08:33:54 clock_gettime(CLOCK_MONOTONIC, {34516, 172411115}) = 0
24026 08:33:54 select(7, [3 4], [5], NULL, NULL) = 1 (out [5])
24026 08:33:54 clock_gettime(CLOCK_MONOTONIC, {34516, 172456823}) = 0
24026 08:33:54 write(5, "\r\n", 2)      = 2
24026 08:33:54 clock_gettime(CLOCK_MONOTONIC, {34516, 172499337}) = 0
24026 08:33:54 clock_gettime(CLOCK_MONOTONIC, {34516, 172518072}) = 0
24026 08:33:54 select(7, [3 4], [], NULL, NULL) = 1 (in [3])
24026 08:33:54 clock_gettime(CLOCK_MONOTONIC, {34516, 187334680}) = 0
24026 08:33:54 read(3, "J\r\231MR\346\334\335\4\342E3\205\201\272R\"\267\261\236\350T{\266\211_x:\322\246\251\337"..., 8192) = 920
24026 08:33:54 clock_gettime(CLOCK_MONOTONIC, {34516, 187389344}) = 0
24026 08:33:54 clock_gettime(CLOCK_MONOTONIC, {34516, 187414660}) = 0
24026 08:33:54 select(7, [3 4], [5], NULL, NULL) = 1 (out [5])
24026 08:33:54 clock_gettime(CLOCK_MONOTONIC, {34516, 187449931}) = 0
24026 08:33:54 write(5, "eth0      Link encap:Ethernet  H"..., 884) = 884
24026 08:33:54 clock_gettime(CLOCK_MONOTONIC, {34516, 187492962}) = 0
24026 08:33:54 clock_gettime(CLOCK_MONOTONIC, {34516, 187517862}) = 0
24026 08:33:54 select(7, [3 4], [], NULL, NULL) = 1 (in [3])
24026 08:33:54 clock_gettime(CLOCK_MONOTONIC, {34516, 188415827}) = 0
24026 08:33:54 read(3, "\370}\21|\212&#\254\343J\215)\273\337\t\222\260\330\225dR\0055\326\2503\301\352>\251\331f"..., 8192) = 72
24026 08:33:54 clock_gettime(CLOCK_MONOTONIC, {34516, 188469038}) = 0
24026 08:33:54 clock_gettime(CLOCK_MONOTONIC, {34516, 188486964}) = 0
24026 08:33:54 select(7, [3 4], [5], NULL, NULL) = 1 (out [5])
24026 08:33:54 clock_gettime(CLOCK_MONOTONIC, {34516, 188528381}) = 0
24026 08:33:54 write(5, "\33]0;root@salve:~\7[root@salve ~]#"..., 33) = 33
24026 08:33:54 clock_gettime(CLOCK_MONOTONIC, {34516, 188566277}) = 0
24026 08:33:54 clock_gettime(CLOCK_MONOTONIC, {34516, 188583050}) = 0
24026 08:33:54 select(7, [3 4], [], NULL, NULL) = 1 (in [4])
24026 08:33:55 clock_gettime(CLOCK_MONOTONIC, {34517, 120257416}) = 0
24026 08:33:55 read(4, "l", 16384)      = 1
24026 08:33:55 clock_gettime(CLOCK_MONOTONIC, {34517, 120325914}) = 0
24026 08:33:55 clock_gettime(CLOCK_MONOTONIC, {34517, 120347131}) = 0
24026 08:33:55 select(7, [3 4], [3], NULL, NULL) = 1 (out [3])
24026 08:33:55 clock_gettime(CLOCK_MONOTONIC, {34517, 120395263}) = 0
24026 08:33:55 write(3, "F\306\2\10%\221J:K4P\306\333t\201\317$\202\326q(\306\237_F\251]\351\302\272\ro"..., 40) = 40
24026 08:33:55 clock_gettime(CLOCK_MONOTONIC, {34517, 120482143}) = 0
24026 08:33:55 clock_gettime(CLOCK_MONOTONIC, {34517, 120502324}) = 0
24026 08:33:55 select(7, [3 4], [], NULL, NULL) = 1 (in [3])
24026 08:33:55 clock_gettime(CLOCK_MONOTONIC, {34517, 122455393}) = 0
24026 08:33:55 read(3, "h-9\244\263>\33\350\265\226\246\306'\270\217\343#]\27\3314O\324\260Nx\337\0Y)\347\266"..., 8192) = 40
24026 08:33:55 clock_gettime(CLOCK_MONOTONIC, {34517, 122521109}) = 0
24026 08:33:55 clock_gettime(CLOCK_MONOTONIC, {34517, 122539002}) = 0
24026 08:33:55 select(7, [3 4], [5], NULL, NULL) = 1 (out [5])
24026 08:33:55 clock_gettime(CLOCK_MONOTONIC, {34517, 122580871}) = 0
24026 08:33:55 write(5, "l", 1)         = 1
24026 08:33:55 clock_gettime(CLOCK_MONOTONIC, {34517, 122619903}) = 0
24026 08:33:55 clock_gettime(CLOCK_MONOTONIC, {34517, 122636497}) = 0
24026 08:33:55 select(7, [3 4], [], NULL, NULL) = 1 (in [4])
24026 08:33:55 clock_gettime(CLOCK_MONOTONIC, {34517, 207192864}) = 0
24026 08:33:55 read(4, "s", 16384)      = 1
24026 08:33:55 clock_gettime(CLOCK_MONOTONIC, {34517, 207340729}) = 0
24026 08:33:55 clock_gettime(CLOCK_MONOTONIC, {34517, 207365174}) = 0
24026 08:33:55 select(7, [3 4], [3], NULL, NULL) = 1 (out [3])
24026 08:33:55 clock_gettime(CLOCK_MONOTONIC, {34517, 207489908}) = 0
24026 08:33:55 write(3, "fN\222d#m\204N\224-\220\\\214\343\23\344\306R\200'P\276\2N\\.\322R\343DyU"..., 40) = 40
24026 08:33:55 clock_gettime(CLOCK_MONOTONIC, {34517, 207586011}) = 0
24026 08:33:55 clock_gettime(CLOCK_MONOTONIC, {34517, 207673591}) = 0
24026 08:33:55 select(7, [3 4], [], NULL, NULL) = 1 (in [3])
24026 08:33:55 clock_gettime(CLOCK_MONOTONIC, {34517, 209369477}) = 0
24026 08:33:55 read(3, "4\274\337\350k\313rK1\326\225\177e<m\270\223[\251\30J|\246\vj\316:a\227\212\277\33"..., 8192) = 40
24026 08:33:55 clock_gettime(CLOCK_MONOTONIC, {34517, 209456986}) = 0
24026 08:33:55 clock_gettime(CLOCK_MONOTONIC, {34517, 209479177}) = 0
24026 08:33:55 select(7, [3 4], [5], NULL, NULL) = 1 (out [5])
24026 08:33:55 clock_gettime(CLOCK_MONOTONIC, {34517, 209526292}) = 0
24026 08:33:55 write(5, "s", 1)         = 1
24026 08:33:55 clock_gettime(CLOCK_MONOTONIC, {34517, 209569262}) = 0
24026 08:33:55 clock_gettime(CLOCK_MONOTONIC, {34517, 209587917}) = 0
24026 08:33:55 select(7, [3 4], [], NULL, NULL) = 1 (in [4])
24026 08:33:55 clock_gettime(CLOCK_MONOTONIC, {34517, 324133301}) = 0
24026 08:33:55 read(4, "\r", 16384)     = 1
24026 08:33:55 clock_gettime(CLOCK_MONOTONIC, {34517, 324228507}) = 0
24026 08:33:55 clock_gettime(CLOCK_MONOTONIC, {34517, 324257986}) = 0
24026 08:33:55 select(7, [3 4], [3], NULL, NULL) = 1 (out [3])
24026 08:33:55 clock_gettime(CLOCK_MONOTONIC, {34517, 324324798}) = 0
24026 08:33:55 write(3, "\4\323G\3TxO\343\262\277\32\34k\371\250\17*L\360\200G9\3\232\275\371G\316\343\356\367\306"..., 40) = 40
24026 08:33:55 clock_gettime(CLOCK_MONOTONIC, {34517, 324473670}) = 0
24026 08:33:55 clock_gettime(CLOCK_MONOTONIC, {34517, 324497255}) = 0
24026 08:33:55 select(7, [3 4], [], NULL, NULL) = 1 (in [3])
24026 08:33:55 clock_gettime(CLOCK_MONOTONIC, {34517, 326499940}) = 0
24026 08:33:55 read(3, "=@Oi\20\242p]<);\16=\361\376\336f\317\205^\260\311\361\247\3\303;\200\303\302\253u"..., 8192) = 40
24026 08:33:55 clock_gettime(CLOCK_MONOTONIC, {34517, 326577406}) = 0
24026 08:33:55 clock_gettime(CLOCK_MONOTONIC, {34517, 326599671}) = 0
24026 08:33:55 select(7, [3 4], [5], NULL, NULL) = 1 (out [5])
24026 08:33:55 clock_gettime(CLOCK_MONOTONIC, {34517, 326652884}) = 0
24026 08:33:55 write(5, "\r\n", 2)      = 2
24026 08:33:55 clock_gettime(CLOCK_MONOTONIC, {34517, 326714347}) = 0
24026 08:33:55 clock_gettime(CLOCK_MONOTONIC, {34517, 326736952}) = 0
24026 08:33:55 select(7, [3 4], [], NULL, NULL) = 1 (in [3])
24026 08:33:55 clock_gettime(CLOCK_MONOTONIC, {34517, 328555706}) = 0
24026 08:33:55 read(3, "\201\251\322+W\255p04\27X\230\0046\31\212\206\0231]\375 \256s\306[TK.w\353$"..., 8192) = 120
24026 08:33:55 clock_gettime(CLOCK_MONOTONIC, {34517, 328645800}) = 0
24026 08:33:55 clock_gettime(CLOCK_MONOTONIC, {34517, 328695716}) = 0
24026 08:33:55 select(7, [3 4], [5], NULL, NULL) = 1 (out [5])
24026 08:33:55 clock_gettime(CLOCK_MONOTONIC, {34517, 328759172}) = 0
24026 08:33:55 write(5, "anaconda-ks.cfg  install.log  in"..., 83) = 83
24026 08:33:55 clock_gettime(CLOCK_MONOTONIC, {34517, 328803121}) = 0
24026 08:33:55 clock_gettime(CLOCK_MONOTONIC, {34517, 328822036}) = 0
24026 08:33:55 select(7, [3 4], [], NULL, NULL) = 1 (in [4])
24026 08:33:56 clock_gettime(CLOCK_MONOTONIC, {34517, 803246666}) = 0
24026 08:33:56 read(4, "p", 16384)      = 1
24026 08:33:56 clock_gettime(CLOCK_MONOTONIC, {34517, 803312200}) = 0
24026 08:33:56 clock_gettime(CLOCK_MONOTONIC, {34517, 803332218}) = 0
24026 08:33:56 select(7, [3 4], [3], NULL, NULL) = 1 (out [3])
24026 08:33:56 clock_gettime(CLOCK_MONOTONIC, {34517, 803378447}) = 0
24026 08:33:56 write(3, "{O\21x\325\363\334Y\17\306X\26\247\3622\206\16\255^\301\307\254'\336G\"\2725\261\37v\351"..., 40) = 40
24026 08:33:56 clock_gettime(CLOCK_MONOTONIC, {34517, 803463637}) = 0
24026 08:33:56 clock_gettime(CLOCK_MONOTONIC, {34517, 803483681}) = 0
24026 08:33:56 select(7, [3 4], [], NULL, NULL) = 1 (in [3])
24026 08:33:56 clock_gettime(CLOCK_MONOTONIC, {34517, 805404209}) = 0
24026 08:33:56 read(3, "\263d\7\306\204S\370<\261\23\10\247\205\342\340F\303u.\35\241\321\226\361\255\331\235\263\207g\253\225"..., 8192) = 40
24026 08:33:56 clock_gettime(CLOCK_MONOTONIC, {34517, 805476994}) = 0
24026 08:33:56 clock_gettime(CLOCK_MONOTONIC, {34517, 805494972}) = 0
24026 08:33:56 select(7, [3 4], [5], NULL, NULL) = 1 (out [5])
24026 08:33:56 clock_gettime(CLOCK_MONOTONIC, {34517, 805536641}) = 0
24026 08:33:56 write(5, "p", 1)         = 1
24026 08:33:56 clock_gettime(CLOCK_MONOTONIC, {34517, 805575302}) = 0
24026 08:33:56 clock_gettime(CLOCK_MONOTONIC, {34517, 805592102}) = 0
24026 08:33:56 select(7, [3 4], [], NULL, NULL) = 1 (in [4])
24026 08:33:56 clock_gettime(CLOCK_MONOTONIC, {34517, 879232614}) = 0
24026 08:33:56 read(4, "w", 16384)      = 1
24026 08:33:56 clock_gettime(CLOCK_MONOTONIC, {34517, 879305728}) = 0
24026 08:33:56 clock_gettime(CLOCK_MONOTONIC, {34517, 879352402}) = 0
24026 08:33:56 select(7, [3 4], [3], NULL, NULL) = 1 (out [3])
24026 08:33:56 clock_gettime(CLOCK_MONOTONIC, {34517, 879406174}) = 0
24026 08:33:56 write(3, "\307F#w\300_\7W\2442/C#\3\370o\270\341\17\234*/\257\177\312\7\251\274\316:=8"..., 40) = 40
24026 08:33:56 clock_gettime(CLOCK_MONOTONIC, {34517, 879502428}) = 0
24026 08:33:56 clock_gettime(CLOCK_MONOTONIC, {34517, 879549809}) = 0
24026 08:33:56 select(7, [3 4], [], NULL, NULL) = 1 (in [3])
24026 08:33:56 clock_gettime(CLOCK_MONOTONIC, {34517, 881431107}) = 0
24026 08:33:56 read(3, "eoE\323\36=j@nO&\207\233\3r9<\226\357\374\240^T\312\224\32\4\351\351cA\254"..., 8192) = 40
24026 08:33:56 clock_gettime(CLOCK_MONOTONIC, {34517, 881542488}) = 0
24026 08:33:56 clock_gettime(CLOCK_MONOTONIC, {34517, 881589950}) = 0
24026 08:33:56 select(7, [3 4], [5], NULL, NULL) = 1 (out [5])
24026 08:33:56 clock_gettime(CLOCK_MONOTONIC, {34517, 881705948}) = 0
24026 08:33:56 write(5, "w", 1)         = 1
24026 08:33:56 clock_gettime(CLOCK_MONOTONIC, {34517, 881753895}) = 0
24026 08:33:56 clock_gettime(CLOCK_MONOTONIC, {34517, 881773422}) = 0
24026 08:33:56 select(7, [3 4], [], NULL, NULL) = 1 (in [4])
24026 08:33:56 clock_gettime(CLOCK_MONOTONIC, {34518, 7111703}) = 0
24026 08:33:56 read(4, "d", 16384)      = 1
24026 08:33:56 clock_gettime(CLOCK_MONOTONIC, {34518, 7185095}) = 0
24026 08:33:56 clock_gettime(CLOCK_MONOTONIC, {34518, 7207677}) = 0
24026 08:33:56 select(7, [3 4], [3], NULL, NULL) = 1 (out [3])
24026 08:33:56 clock_gettime(CLOCK_MONOTONIC, {34518, 7271982}) = 0
24026 08:33:56 write(3, "\373\251\235\27*\350\1\251\337\225\263pe\276\345\353d\252L\223\200\3306\236\211V\327wI\300nq"..., 40) = 40
24026 08:33:56 clock_gettime(CLOCK_MONOTONIC, {34518, 7452848}) = 0
24026 08:33:56 clock_gettime(CLOCK_MONOTONIC, {34518, 7487145}) = 0
24026 08:33:56 select(7, [3 4], [], NULL, NULL) = 1 (in [3])
24026 08:33:56 clock_gettime(CLOCK_MONOTONIC, {34518, 9456836}) = 0
24026 08:33:56 read(3, "\376Tt\220z\312\33\347p|ZRJH\367\215\344\226`\375\250\10IN9\277r\7\231CH\10"..., 8192) = 40
24026 08:33:56 clock_gettime(CLOCK_MONOTONIC, {34518, 9547615}) = 0
24026 08:33:56 clock_gettime(CLOCK_MONOTONIC, {34518, 9568132}) = 0
24026 08:33:56 select(7, [3 4], [5], NULL, NULL) = 1 (out [5])
24026 08:33:56 clock_gettime(CLOCK_MONOTONIC, {34518, 9615180}) = 0
24026 08:33:56 write(5, "d", 1)         = 1
24026 08:33:56 clock_gettime(CLOCK_MONOTONIC, {34518, 9658634}) = 0
24026 08:33:56 clock_gettime(CLOCK_MONOTONIC, {34518, 9677353}) = 0
24026 08:33:56 select(7, [3 4], [], NULL, NULL) = 1 (in [4])
24026 08:33:56 clock_gettime(CLOCK_MONOTONIC, {34518, 215483461}) = 0
24026 08:33:56 read(4, "\r", 16384)     = 1
24026 08:33:56 clock_gettime(CLOCK_MONOTONIC, {34518, 215635858}) = 0
24026 08:33:56 clock_gettime(CLOCK_MONOTONIC, {34518, 215665127}) = 0
24026 08:33:56 select(7, [3 4], [3], NULL, NULL) = 1 (out [3])
24026 08:33:56 clock_gettime(CLOCK_MONOTONIC, {34518, 215750361}) = 0
24026 08:33:56 write(3, "[\216\227a\256[t^\32\245\340xd\260\377\247C\357\234\235\343\305\263\362}\340\371F\332\t\272\366"..., 40) = 40
24026 08:33:56 clock_gettime(CLOCK_MONOTONIC, {34518, 216111007}) = 0
24026 08:33:56 clock_gettime(CLOCK_MONOTONIC, {34518, 216150738}) = 0
24026 08:33:56 select(7, [3 4], [], NULL, NULL) = 1 (in [3])
24026 08:33:56 clock_gettime(CLOCK_MONOTONIC, {34518, 218605745}) = 0
24026 08:33:56 read(3, "#17\206Zc\247\21\337\305\200\361P2\01798\256\21\354?\210\253;\21\230\364\7\273\327\364\333"..., 8192) = 72
24026 08:33:56 clock_gettime(CLOCK_MONOTONIC, {34518, 218673858}) = 0
24026 08:33:56 clock_gettime(CLOCK_MONOTONIC, {34518, 218693924}) = 0
24026 08:33:56 select(7, [3 4], [5], NULL, NULL) = 1 (out [5])
24026 08:33:56 clock_gettime(CLOCK_MONOTONIC, {34518, 218740705}) = 0
24026 08:33:56 write(5, "\r\n/root\r\n\33]0;root@salve:~\7[root@"..., 42) = 42
24026 08:33:56 clock_gettime(CLOCK_MONOTONIC, {34518, 218785299}) = 0
24026 08:33:56 clock_gettime(CLOCK_MONOTONIC, {34518, 218804003}) = 0
24026 08:33:56 select(7, [3 4], [], NULL, NULL) = 1 (in [4])
24026 08:33:57 clock_gettime(CLOCK_MONOTONIC, {34519, 735238566}) = 0
24026 08:33:57 read(4, "i", 16384)      = 1
24026 08:33:57 clock_gettime(CLOCK_MONOTONIC, {34519, 735396650}) = 0
24026 08:33:57 clock_gettime(CLOCK_MONOTONIC, {34519, 735434720}) = 0
24026 08:33:57 select(7, [3 4], [3], NULL, NULL) = 1 (out [3])
24026 08:33:57 clock_gettime(CLOCK_MONOTONIC, {34519, 735511594}) = 0
24026 08:33:57 write(3, "\245\312\214\"a\362\370\301_.\35\321N\230cg\343pY!a[\17\221J<\333NC\273C\272"..., 40) = 40
24026 08:33:57 clock_gettime(CLOCK_MONOTONIC, {34519, 735604987}) = 0
24026 08:33:57 clock_gettime(CLOCK_MONOTONIC, {34519, 735628970}) = 0
24026 08:33:57 select(7, [3 4], [], NULL, NULL) = 1 (in [3])
24026 08:33:57 clock_gettime(CLOCK_MONOTONIC, {34519, 737469477}) = 0
24026 08:33:57 read(3, "6\1pX\265ROC}\217\245\244\10\375v\207@\3\341\215f\226\27 \2456efG\322\211\210"..., 8192) = 40
24026 08:33:57 clock_gettime(CLOCK_MONOTONIC, {34519, 737549554}) = 0
24026 08:33:57 clock_gettime(CLOCK_MONOTONIC, {34519, 737570175}) = 0
24026 08:33:57 select(7, [3 4], [5], NULL, NULL) = 1 (out [5])
24026 08:33:57 clock_gettime(CLOCK_MONOTONIC, {34519, 737617073}) = 0
24026 08:33:57 write(5, "i", 1)         = 1
24026 08:33:57 clock_gettime(CLOCK_MONOTONIC, {34519, 737660453}) = 0
24026 08:33:57 clock_gettime(CLOCK_MONOTONIC, {34519, 737679309}) = 0
24026 08:33:57 select(7, [3 4], [], NULL, NULL) = 1 (in [4])
24026 08:33:58 clock_gettime(CLOCK_MONOTONIC, {34519, 870098631}) = 0
24026 08:33:58 read(4, "p", 16384)      = 1
24026 08:33:58 clock_gettime(CLOCK_MONOTONIC, {34519, 870199757}) = 0
24026 08:33:58 clock_gettime(CLOCK_MONOTONIC, {34519, 870224380}) = 0
24026 08:33:58 select(7, [3 4], [3], NULL, NULL) = 1 (out [3])
24026 08:33:58 clock_gettime(CLOCK_MONOTONIC, {34519, 870270695}) = 0
24026 08:33:58 write(3, "\270\375\3620\0244\364c\361\252o(\316\263\333\266$W\350hG\370[\254\2e\326\255}8\36\376"..., 40) = 40
24026 08:33:58 clock_gettime(CLOCK_MONOTONIC, {34519, 870351783}) = 0
24026 08:33:58 clock_gettime(CLOCK_MONOTONIC, {34519, 870378879}) = 0
24026 08:33:58 select(7, [3 4], [], NULL, NULL) = 1 (in [3])
24026 08:33:58 clock_gettime(CLOCK_MONOTONIC, {34519, 872421723}) = 0
24026 08:33:58 read(3, "v \321\202\242\0\242\307\305\16,\274\2655\335\302y\326\2244\7\7\243Z;\27\276E\333\272f\255"..., 8192) = 40
24026 08:33:58 clock_gettime(CLOCK_MONOTONIC, {34519, 872483454}) = 0
24026 08:33:58 clock_gettime(CLOCK_MONOTONIC, {34519, 872503018}) = 0
24026 08:33:58 select(7, [3 4], [5], NULL, NULL) = 1 (out [5])
24026 08:33:58 clock_gettime(CLOCK_MONOTONIC, {34519, 872573652}) = 0
24026 08:33:58 write(5, "p", 1)         = 1
24026 08:33:58 clock_gettime(CLOCK_MONOTONIC, {34519, 872613337}) = 0
24026 08:33:58 clock_gettime(CLOCK_MONOTONIC, {34519, 872630137}) = 0
24026 08:33:58 select(7, [3 4], [], NULL, NULL) = 1 (in [4])
24026 08:33:58 clock_gettime(CLOCK_MONOTONIC, {34520, 62289764}) = 0
24026 08:33:58 read(4, "a", 16384)      = 1
24026 08:33:58 clock_gettime(CLOCK_MONOTONIC, {34520, 62347431}) = 0
24026 08:33:58 clock_gettime(CLOCK_MONOTONIC, {34520, 62362980}) = 0
24026 08:33:58 select(7, [3 4], [3], NULL, NULL) = 1 (out [3])
24026 08:33:58 clock_gettime(CLOCK_MONOTONIC, {34520, 62399321}) = 0
24026 08:33:58 write(3, "U\316r\234\231\207\340\305a\341:\240Y\237\267\327JJt@\222\r\5\215\7\213\16\313\207\230\22~"..., 40) = 40
24026 08:33:58 clock_gettime(CLOCK_MONOTONIC, {34520, 62472247}) = 0
24026 08:33:58 clock_gettime(CLOCK_MONOTONIC, {34520, 62499469}) = 0
24026 08:33:58 select(7, [3 4], [], NULL, NULL) = 1 (in [3])
24026 08:33:58 clock_gettime(CLOCK_MONOTONIC, {34520, 64439599}) = 0
24026 08:33:58 read(3, "sv\32w9\10\376\225~\325m\265\35\254\n\266\273u\345l\3272T\320m<R@\322\356-\203"..., 8192) = 40
24026 08:33:58 clock_gettime(CLOCK_MONOTONIC, {34520, 64496250}) = 0
24026 08:33:58 clock_gettime(CLOCK_MONOTONIC, {34520, 64511815}) = 0
24026 08:33:58 select(7, [3 4], [5], NULL, NULL) = 1 (out [5])
24026 08:33:58 clock_gettime(CLOCK_MONOTONIC, {34520, 64548553}) = 0
24026 08:33:58 write(5, "a", 1)         = 1
24026 08:33:58 clock_gettime(CLOCK_MONOTONIC, {34520, 64582897}) = 0
24026 08:33:58 clock_gettime(CLOCK_MONOTONIC, {34520, 64597482}) = 0
24026 08:33:58 select(7, [3 4], [], NULL, NULL) = 1 (in [4])
24026 08:33:58 clock_gettime(CLOCK_MONOTONIC, {34520, 516133309}) = 0
24026 08:33:58 read(4, "\177", 16384)   = 1
24026 08:33:58 clock_gettime(CLOCK_MONOTONIC, {34520, 516225201}) = 0
24026 08:33:58 clock_gettime(CLOCK_MONOTONIC, {34520, 516253956}) = 0
24026 08:33:58 select(7, [3 4], [3], NULL, NULL) = 1 (out [3])
24026 08:33:58 clock_gettime(CLOCK_MONOTONIC, {34520, 516320115}) = 0
24026 08:33:58 write(3, "\310\33\20\256\2\342\205P<\26\275)\241\233\17\215\271m\2126\267\23\340#\0\352q\342\330\327\314\345"..., 40) = 40
24026 08:33:58 clock_gettime(CLOCK_MONOTONIC, {34520, 516437661}) = 0
24026 08:33:58 clock_gettime(CLOCK_MONOTONIC, {34520, 516466810}) = 0
24026 08:33:58 select(7, [3 4], [], NULL, NULL) = 1 (in [3])
24026 08:33:58 clock_gettime(CLOCK_MONOTONIC, {34520, 518686995}) = 0
24026 08:33:58 read(3, "E\307'\224x+\200\331\237\t\211K}\206\301\257f\0253\267(d9\235\227\265N\203v\f\250\226"..., 8192) = 40
24026 08:33:58 clock_gettime(CLOCK_MONOTONIC, {34520, 518782256}) = 0
24026 08:33:58 clock_gettime(CLOCK_MONOTONIC, {34520, 518811156}) = 0
24026 08:33:58 select(7, [3 4], [5], NULL, NULL) = 1 (out [5])
24026 08:33:58 clock_gettime(CLOCK_MONOTONIC, {34520, 518880377}) = 0
24026 08:33:58 write(5, "\10\33[K", 4)  = 4
24026 08:33:58 clock_gettime(CLOCK_MONOTONIC, {34520, 518945189}) = 0
24026 08:33:58 clock_gettime(CLOCK_MONOTONIC, {34520, 518972906}) = 0
24026 08:33:58 select(7, [3 4], [], NULL, NULL) = 1 (in [4])
24026 08:33:59 clock_gettime(CLOCK_MONOTONIC, {34520, 848248043}) = 0
24026 08:33:59 read(4, " ", 16384)      = 1
24026 08:33:59 clock_gettime(CLOCK_MONOTONIC, {34520, 848321112}) = 0
24026 08:33:59 clock_gettime(CLOCK_MONOTONIC, {34520, 848343425}) = 0
24026 08:33:59 select(7, [3 4], [3], NULL, NULL) = 1 (out [3])
24026 08:33:59 clock_gettime(CLOCK_MONOTONIC, {34520, 848395046}) = 0
24026 08:33:59 write(3, "R\31\256{\214\302\233\277\231Z\320\261r\315\205_|\355\372\25:~\0238\314\23\304\271\264Sm\375"..., 40) = 40
24026 08:33:59 clock_gettime(CLOCK_MONOTONIC, {34520, 848489790}) = 0
24026 08:33:59 clock_gettime(CLOCK_MONOTONIC, {34520, 848515853}) = 0
24026 08:33:59 select(7, [3 4], [], NULL, NULL) = 1 (in [3])
24026 08:33:59 clock_gettime(CLOCK_MONOTONIC, {34520, 850404436}) = 0
24026 08:33:59 read(3, "\355\230y\26`\302\240F\266^\205o\226\325\342\247\225Q\243\201\235\314v\253\00784\322\254|\4\21"..., 8192) = 40
24026 08:33:59 clock_gettime(CLOCK_MONOTONIC, {34520, 850488476}) = 0
24026 08:33:59 clock_gettime(CLOCK_MONOTONIC, {34520, 850508089}) = 0
24026 08:33:59 select(7, [3 4], [5], NULL, NULL) = 1 (out [5])
24026 08:33:59 clock_gettime(CLOCK_MONOTONIC, {34520, 850591130}) = 0
24026 08:33:59 write(5, " ", 1)         = 1
24026 08:33:59 clock_gettime(CLOCK_MONOTONIC, {34520, 850650346}) = 0
24026 08:33:59 clock_gettime(CLOCK_MONOTONIC, {34520, 850672733}) = 0
24026 08:33:59 select(7, [3 4], [], NULL, NULL) = 1 (in [4])
24026 08:33:59 clock_gettime(CLOCK_MONOTONIC, {34521, 279279513}) = 0
24026 08:33:59 read(4, "a", 16384)      = 1
24026 08:33:59 clock_gettime(CLOCK_MONOTONIC, {34521, 279351656}) = 0
24026 08:33:59 clock_gettime(CLOCK_MONOTONIC, {34521, 279368540}) = 0
24026 08:33:59 select(7, [3 4], [3], NULL, NULL) = 1 (out [3])
24026 08:33:59 clock_gettime(CLOCK_MONOTONIC, {34521, 279418900}) = 0
24026 08:33:59 write(3, "\257\37\3637\370\30Ud\224\214(\215\31\212R\312A*x\231\226f\336\323\242uw\277s\10\31q"..., 40) = 40
24026 08:33:59 clock_gettime(CLOCK_MONOTONIC, {34521, 279501447}) = 0
24026 08:33:59 clock_gettime(CLOCK_MONOTONIC, {34521, 279528984}) = 0
24026 08:33:59 select(7, [3 4], [], NULL, NULL) = 1 (in [3])
24026 08:33:59 clock_gettime(CLOCK_MONOTONIC, {34521, 281440130}) = 0
24026 08:33:59 read(3, "\310\257\31*\305\255\336\34J \31\2001\320\337\202\336\17$W\210\361\7\273jwiH\251\206\37\324"..., 8192) = 40
24026 08:33:59 clock_gettime(CLOCK_MONOTONIC, {34521, 281515097}) = 0
24026 08:33:59 clock_gettime(CLOCK_MONOTONIC, {34521, 281542200}) = 0
24026 08:33:59 select(7, [3 4], [5], NULL, NULL) = 1 (out [5])
24026 08:33:59 clock_gettime(CLOCK_MONOTONIC, {34521, 281680555}) = 0
24026 08:33:59 write(5, "a", 1)         = 1
24026 08:33:59 clock_gettime(CLOCK_MONOTONIC, {34521, 281736344}) = 0
24026 08:33:59 clock_gettime(CLOCK_MONOTONIC, {34521, 281759047}) = 0
24026 08:33:59 select(7, [3 4], [], NULL, NULL) = 1 (in [4])
24026 08:33:59 clock_gettime(CLOCK_MONOTONIC, {34521, 461356361}) = 0
24026 08:33:59 read(4, "\r", 16384)     = 1
24026 08:33:59 clock_gettime(CLOCK_MONOTONIC, {34521, 461456493}) = 0
24026 08:33:59 clock_gettime(CLOCK_MONOTONIC, {34521, 461486853}) = 0
24026 08:33:59 select(7, [3 4], [3], NULL, NULL) = 1 (out [3])
24026 08:33:59 clock_gettime(CLOCK_MONOTONIC, {34521, 461554850}) = 0
24026 08:33:59 write(3, "\314A\33|\376\344\351 \253\27\230\4\6\314)\375\7\344D\263+\3j\324O\226\241\210\306:\246\303"..., 40) = 40
24026 08:33:59 clock_gettime(CLOCK_MONOTONIC, {34521, 461674682}) = 0
24026 08:33:59 clock_gettime(CLOCK_MONOTONIC, {34521, 461712658}) = 0
24026 08:33:59 select(7, [3 4], [], NULL, NULL) = 1 (in [3])
24026 08:33:59 clock_gettime(CLOCK_MONOTONIC, {34521, 463779966}) = 0
24026 08:33:59 read(3, "\301\7\203\372\355R\3\273\"aE\27,5B\3>\\\224\0100X:\3735\216\263\3375\255\332e"..., 8192) = 40
24026 08:33:59 clock_gettime(CLOCK_MONOTONIC, {34521, 463895421}) = 0
24026 08:33:59 clock_gettime(CLOCK_MONOTONIC, {34521, 463921834}) = 0
24026 08:33:59 select(7, [3 4], [5], NULL, NULL) = 1 (out [5])
24026 08:33:59 clock_gettime(CLOCK_MONOTONIC, {34521, 464224794}) = 0
24026 08:33:59 write(5, "\r\n", 2)      = 2
24026 08:33:59 clock_gettime(CLOCK_MONOTONIC, {34521, 464381271}) = 0
24026 08:33:59 clock_gettime(CLOCK_MONOTONIC, {34521, 464406393}) = 0
24026 08:33:59 select(7, [3 4], [], NULL, NULL) = 1 (in [3])
24026 08:33:59 clock_gettime(CLOCK_MONOTONIC, {34521, 472395389}) = 0
24026 08:33:59 read(3, "\302\2303\212c]P\315\370K~\240U\210\16\2732z\273\346;\0\265\337l\247\362\331\316\310\317\220"..., 8192) = 584
24026 08:33:59 clock_gettime(CLOCK_MONOTONIC, {34521, 472472934}) = 0
24026 08:33:59 clock_gettime(CLOCK_MONOTONIC, {34521, 472490901}) = 0
24026 08:33:59 select(7, [3 4], [5], NULL, NULL) = 1 (out [5])
24026 08:33:59 clock_gettime(CLOCK_MONOTONIC, {34521, 472534358}) = 0
24026 08:33:59 write(5, "1: lo: <LOOPBACK,UP,LOWER_UP> mt"..., 543) = 543
24026 08:33:59 clock_gettime(CLOCK_MONOTONIC, {34521, 472578907}) = 0
24026 08:33:59 clock_gettime(CLOCK_MONOTONIC, {34521, 472595456}) = 0
24026 08:33:59 select(7, [3 4], [], NULL, NULL) = 1 (in [3])
24026 08:33:59 clock_gettime(CLOCK_MONOTONIC, {34521, 473299499}) = 0
24026 08:33:59 read(3, "}\230$,\207\246\303\335S\357\32\v.\252\1779da\1N\35\271\36\275\177S\373|\r4\260\351"..., 8192) = 72
24026 08:33:59 clock_gettime(CLOCK_MONOTONIC, {34521, 473365847}) = 0
24026 08:33:59 clock_gettime(CLOCK_MONOTONIC, {34521, 473388163}) = 0
24026 08:33:59 select(7, [3 4], [5], NULL, NULL) = 1 (out [5])
24026 08:33:59 clock_gettime(CLOCK_MONOTONIC, {34521, 473429494}) = 0
24026 08:33:59 write(5, "\33]0;root@salve:~\7[root@salve ~]#"..., 33) = 33
24026 08:33:59 clock_gettime(CLOCK_MONOTONIC, {34521, 473467339}) = 0
24026 08:33:59 clock_gettime(CLOCK_MONOTONIC, {34521, 473483861}) = 0
24026 08:33:59 select(7, [3 4], [], NULL, NULL) = 1 (in [4])
24026 08:34:19 clock_gettime(CLOCK_MONOTONIC, {34541, 315210669}) = 0
24026 08:34:19 read(4, "t", 16384)      = 1
24026 08:34:19 clock_gettime(CLOCK_MONOTONIC, {34541, 315278931}) = 0
24026 08:34:19 clock_gettime(CLOCK_MONOTONIC, {34541, 315299351}) = 0
24026 08:34:19 select(7, [3 4], [3], NULL, NULL) = 1 (out [3])
24026 08:34:19 clock_gettime(CLOCK_MONOTONIC, {34541, 315346518}) = 0
24026 08:34:19 write(3, "\36!y\21\252\25O\7<!\360t\261\220\334\t|\233\344\275Y*8\273\320_-\265\347\207\26|"..., 40) = 40
24026 08:34:19 clock_gettime(CLOCK_MONOTONIC, {34541, 315433656}) = 0
24026 08:34:19 clock_gettime(CLOCK_MONOTONIC, {34541, 315456797}) = 0
24026 08:34:19 select(7, [3 4], [], NULL, NULL) = 1 (in [3])
24026 08:34:19 clock_gettime(CLOCK_MONOTONIC, {34541, 317472938}) = 0
24026 08:34:19 read(3, "\215\254\20E@\2[o\354@\247_=\2\362\27\341E\315\334\331\26n\270\353bM\342\36\n\337\351"..., 8192) = 40
24026 08:34:19 clock_gettime(CLOCK_MONOTONIC, {34541, 317529701}) = 0
24026 08:34:19 clock_gettime(CLOCK_MONOTONIC, {34541, 317548156}) = 0
24026 08:34:19 select(7, [3 4], [5], NULL, NULL) = 1 (out [5])
24026 08:34:19 clock_gettime(CLOCK_MONOTONIC, {34541, 317599842}) = 0
24026 08:34:19 write(5, "t", 1)         = 1
24026 08:34:19 clock_gettime(CLOCK_MONOTONIC, {34541, 317640597}) = 0
24026 08:34:19 clock_gettime(CLOCK_MONOTONIC, {34541, 317657990}) = 0
24026 08:34:19 select(7, [3 4], [], NULL, NULL) = 1 (in [4])
24026 08:34:19 clock_gettime(CLOCK_MONOTONIC, {34541, 550335525}) = 0
24026 08:34:19 read(4, "o", 16384)      = 1
24026 08:34:19 clock_gettime(CLOCK_MONOTONIC, {34541, 550410728}) = 0
24026 08:34:19 clock_gettime(CLOCK_MONOTONIC, {34541, 550428780}) = 0
24026 08:34:19 select(7, [3 4], [3], NULL, NULL) = 1 (out [3])
24026 08:34:19 clock_gettime(CLOCK_MONOTONIC, {34541, 550473142}) = 0
24026 08:34:19 write(3, "\331\302\315I'\36\211.\301\234%\300\35\206\302y%\n\371W\27\31s\10\35\222\4\363\216\223\375\t"..., 40) = 40
24026 08:34:19 clock_gettime(CLOCK_MONOTONIC, {34541, 550618513}) = 0
24026 08:34:19 clock_gettime(CLOCK_MONOTONIC, {34541, 550653018}) = 0
24026 08:34:19 select(7, [3 4], [], NULL, NULL) = 1 (in [3])
24026 08:34:19 clock_gettime(CLOCK_MONOTONIC, {34541, 552427657}) = 0
24026 08:34:19 read(3, "\355\240\265B5\255\275\217T\372\3179\375\331{A\220\210\306k\274\34YX\353\222\24\303\240-\36\360"..., 8192) = 40
24026 08:34:19 clock_gettime(CLOCK_MONOTONIC, {34541, 552509424}) = 0
24026 08:34:19 clock_gettime(CLOCK_MONOTONIC, {34541, 552540564}) = 0
24026 08:34:19 select(7, [3 4], [5], NULL, NULL) = 1 (out [5])
24026 08:34:19 clock_gettime(CLOCK_MONOTONIC, {34541, 552579431}) = 0
24026 08:34:19 write(5, "o", 1)         = 1
24026 08:34:19 clock_gettime(CLOCK_MONOTONIC, {34541, 552621973}) = 0
24026 08:34:19 clock_gettime(CLOCK_MONOTONIC, {34541, 552637459}) = 0
24026 08:34:19 select(7, [3 4], [], NULL, NULL) = 1 (in [4])
24026 08:34:19 clock_gettime(CLOCK_MONOTONIC, {34541, 735173330}) = 0
24026 08:34:19 read(4, "p", 16384)      = 1
24026 08:34:19 clock_gettime(CLOCK_MONOTONIC, {34541, 735240746}) = 0
24026 08:34:19 clock_gettime(CLOCK_MONOTONIC, {34541, 735260493}) = 0
24026 08:34:19 select(7, [3 4], [3], NULL, NULL) = 1 (out [3])
24026 08:34:19 clock_gettime(CLOCK_MONOTONIC, {34541, 735306343}) = 0
24026 08:34:19 write(3, "q>0a\237fk\324{\25\250\375w\330\2\267\37\1\373\263\377\3128Q^`9=\225\340\345-"..., 40) = 40
24026 08:34:19 clock_gettime(CLOCK_MONOTONIC, {34541, 735390474}) = 0
24026 08:34:19 clock_gettime(CLOCK_MONOTONIC, {34541, 735417285}) = 0
24026 08:34:19 select(7, [3 4], [], NULL, NULL) = 1 (in [3])
24026 08:34:19 clock_gettime(CLOCK_MONOTONIC, {34541, 737458633}) = 0
24026 08:34:19 read(3, "\247N\217KN\220v/\27~t\263\204c:PHQ\250`\252\252\33\22_\272\375\2348\374\276\332"..., 8192) = 40
24026 08:34:19 clock_gettime(CLOCK_MONOTONIC, {34541, 737514278}) = 0
24026 08:34:19 clock_gettime(CLOCK_MONOTONIC, {34541, 737531925}) = 0
24026 08:34:19 select(7, [3 4], [5], NULL, NULL) = 1 (out [5])
24026 08:34:19 clock_gettime(CLOCK_MONOTONIC, {34541, 737573877}) = 0
24026 08:34:19 write(5, "p", 1)         = 1
24026 08:34:19 clock_gettime(CLOCK_MONOTONIC, {34541, 737612373}) = 0
24026 08:34:19 clock_gettime(CLOCK_MONOTONIC, {34541, 737629291}) = 0
24026 08:34:19 select(7, [3 4], [], NULL, NULL) = 1 (in [4])
24026 08:34:20 clock_gettime(CLOCK_MONOTONIC, {34541, 941350849}) = 0
24026 08:34:20 read(4, "\r", 16384)     = 1
24026 08:34:20 clock_gettime(CLOCK_MONOTONIC, {34541, 941467719}) = 0
24026 08:34:20 clock_gettime(CLOCK_MONOTONIC, {34541, 941505192}) = 0
24026 08:34:20 select(7, [3 4], [3], NULL, NULL) = 1 (out [3])
24026 08:34:20 clock_gettime(CLOCK_MONOTONIC, {34541, 941607343}) = 0
24026 08:34:20 write(3, "\225\304r\341\321\221\335/I\271\27\277J\204\245\265p\21\231\332nH,Ajd\235)Q\336d\24"..., 40) = 40
24026 08:34:20 clock_gettime(CLOCK_MONOTONIC, {34541, 941744479}) = 0
24026 08:34:20 clock_gettime(CLOCK_MONOTONIC, {34541, 941790896}) = 0
24026 08:34:20 select(7, [3 4], [], NULL, NULL) = 1 (in [3])
24026 08:34:20 clock_gettime(CLOCK_MONOTONIC, {34541, 943639499}) = 0
24026 08:34:20 read(3, "\314Go\255@\265\242\235\310vV\343\33\241(\2422\230\207\246?\370\254\233D\365\r\366\314Y\243\246"..., 8192) = 40
24026 08:34:20 clock_gettime(CLOCK_MONOTONIC, {34541, 943837807}) = 0
24026 08:34:20 clock_gettime(CLOCK_MONOTONIC, {34541, 943885820}) = 0
24026 08:34:20 select(7, [3 4], [5], NULL, NULL) = 1 (out [5])
24026 08:34:20 clock_gettime(CLOCK_MONOTONIC, {34541, 944077483}) = 0
24026 08:34:20 write(5, "\r\n", 2)      = 2
24026 08:34:20 clock_gettime(CLOCK_MONOTONIC, {34541, 944186596}) = 0
24026 08:34:20 clock_gettime(CLOCK_MONOTONIC, {34541, 944219498}) = 0
24026 08:34:20 select(7, [3 4], [], NULL, NULL) = 1 (in [3])
24026 08:34:20 clock_gettime(CLOCK_MONOTONIC, {34542, 514775713}) = 0
24026 08:34:20 read(3, "g\305\353\377\332\314\315\22q\340\v\2\324+\21K\366DW,\365,\344\330J\203\316\22\345\314\315^"..., 8192) = 1576
24026 08:34:20 clock_gettime(CLOCK_MONOTONIC, {34542, 514860384}) = 0
24026 08:34:20 clock_gettime(CLOCK_MONOTONIC, {34542, 514883370}) = 0
24026 08:34:20 select(7, [3 4], [5], NULL, NULL) = 1 (out [5])
24026 08:34:20 clock_gettime(CLOCK_MONOTONIC, {34542, 514936968}) = 0
24026 08:34:20 write(5, "\33[H\33[2J\33(B\33[mtop - 02:32:20 up  "..., 1544) = 1544
24026 08:34:20 clock_gettime(CLOCK_MONOTONIC, {34542, 515091814}) = 0
24026 08:34:20 clock_gettime(CLOCK_MONOTONIC, {34542, 515123048}) = 0
24026 08:34:20 select(7, [3 4], [], NULL, NULL) = 1 (in [4])
24026 08:34:21 clock_gettime(CLOCK_MONOTONIC, {34543, 742230539}) = 0
24026 08:34:21 read(4, "r", 16384)      = 1
24026 08:34:21 clock_gettime(CLOCK_MONOTONIC, {34543, 742289253}) = 0
24026 08:34:21 clock_gettime(CLOCK_MONOTONIC, {34543, 742305088}) = 0
24026 08:34:21 select(7, [3 4], [3], NULL, NULL) = 1 (out [3])
24026 08:34:21 clock_gettime(CLOCK_MONOTONIC, {34543, 742342887}) = 0
24026 08:34:21 write(3, "s\221\363fA\20\322\257d\22\276d\266\f\37\251P\221\277\311<\325\270\276\260H\f`%\364\320\266"..., 40) = 40
24026 08:34:21 clock_gettime(CLOCK_MONOTONIC, {34543, 742414544}) = 0
24026 08:34:21 clock_gettime(CLOCK_MONOTONIC, {34543, 742432215}) = 0
24026 08:34:21 select(7, [3 4], [], NULL, NULL) = 1 (in [3])
24026 08:34:21 clock_gettime(CLOCK_MONOTONIC, {34543, 744398132}) = 0
24026 08:34:21 read(3, "?\314\202\332\367\372\315\223\300\26\v\303\3371\223\326E\6S\242\226\177\f%w\7\370\350\3\340Y)"..., 8192) = 88
24026 08:34:21 clock_gettime(CLOCK_MONOTONIC, {34543, 744458752}) = 0
24026 08:34:21 clock_gettime(CLOCK_MONOTONIC, {34543, 744474503}) = 0
24026 08:34:21 select(7, [3 4], [5], NULL, NULL) = 1 (out [5])
24026 08:34:21 clock_gettime(CLOCK_MONOTONIC, {34543, 744511771}) = 0
24026 08:34:21 write(5, "\33[6;1H\33(B\33[mPID to renice: \33[?12"..., 50) = 50
24026 08:34:21 clock_gettime(CLOCK_MONOTONIC, {34543, 744546656}) = 0
24026 08:34:21 clock_gettime(CLOCK_MONOTONIC, {34543, 744561555}) = 0
24026 08:34:21 select(7, [3 4], [], NULL, NULL) = 1 (in [4])
24026 08:34:26 clock_gettime(CLOCK_MONOTONIC, {34547, 798200231}) = 0
24026 08:34:26 read(4, "1", 16384)      = 1
24026 08:34:26 clock_gettime(CLOCK_MONOTONIC, {34547, 798255579}) = 0
24026 08:34:26 clock_gettime(CLOCK_MONOTONIC, {34547, 798271581}) = 0
24026 08:34:26 select(7, [3 4], [3], NULL, NULL) = 1 (out [3])
24026 08:34:26 clock_gettime(CLOCK_MONOTONIC, {34547, 798308528}) = 0
24026 08:34:26 write(3, "\262l#\246\262\327\365\30\232=\261C\214%\362\230|>x\205.\3645\236\341\234\346\231q\332\2779"..., 40) = 40
24026 08:34:26 clock_gettime(CLOCK_MONOTONIC, {34547, 798386780}) = 0
24026 08:34:26 clock_gettime(CLOCK_MONOTONIC, {34547, 798423002}) = 0
24026 08:34:26 select(7, [3 4], [], NULL, NULL) = 1 (in [3])
24026 08:34:26 clock_gettime(CLOCK_MONOTONIC, {34547, 800455507}) = 0
24026 08:34:26 read(3, "c\20\f(C\3255@S\276\242B(=\360\303q\203\253\267O\242n:X\250\377\370\237\255\v]"..., 8192) = 40
24026 08:34:26 clock_gettime(CLOCK_MONOTONIC, {34547, 800540952}) = 0
24026 08:34:26 clock_gettime(CLOCK_MONOTONIC, {34547, 800557892}) = 0
24026 08:34:26 select(7, [3 4], [5], NULL, NULL) = 1 (out [5])
24026 08:34:26 clock_gettime(CLOCK_MONOTONIC, {34547, 800602140}) = 0
24026 08:34:26 write(5, "1", 1)         = 1
24026 08:34:26 clock_gettime(CLOCK_MONOTONIC, {34547, 800638211}) = 0
24026 08:34:26 clock_gettime(CLOCK_MONOTONIC, {34547, 800653413}) = 0
24026 08:34:26 select(7, [3 4], [], NULL, NULL) = 1 (in [4])
24026 08:34:26 clock_gettime(CLOCK_MONOTONIC, {34548, 172303769}) = 0
24026 08:34:26 read(4, "\r", 16384)     = 1
24026 08:34:26 clock_gettime(CLOCK_MONOTONIC, {34548, 172405753}) = 0
24026 08:34:26 clock_gettime(CLOCK_MONOTONIC, {34548, 172437786}) = 0
24026 08:34:26 select(7, [3 4], [3], NULL, NULL) = 1 (out [3])
24026 08:34:26 clock_gettime(CLOCK_MONOTONIC, {34548, 172503504}) = 0
24026 08:34:26 write(3, "|.\334\33\356\276\374S\320\212\243\250\240\253f\5Yj\273+\232\224\25 \323\322\204\263\325\266\260\1"..., 40) = 40
24026 08:34:26 clock_gettime(CLOCK_MONOTONIC, {34548, 172631852}) = 0
24026 08:34:26 clock_gettime(CLOCK_MONOTONIC, {34548, 172662619}) = 0
24026 08:34:26 select(7, [3 4], [], NULL, NULL) = 1 (in [3])
24026 08:34:26 clock_gettime(CLOCK_MONOTONIC, {34548, 174403298}) = 0
24026 08:34:26 read(3, "\306\222\\6\352b\203VHKI\227`V>I\374OT\315\271\335\274\266\306\215\17a\346!Zf"..., 8192) = 104
24026 08:34:26 clock_gettime(CLOCK_MONOTONIC, {34548, 174646908}) = 0
24026 08:34:26 clock_gettime(CLOCK_MONOTONIC, {34548, 174694887}) = 0
24026 08:34:26 select(7, [3 4], [5], NULL, NULL) = 1 (out [5])
24026 08:34:26 clock_gettime(CLOCK_MONOTONIC, {34548, 174779451}) = 0
24026 08:34:26 write(5, "\r\n\33[?12l\33[?25h\33[6;1H\33(B\33[mRenice"..., 72) = 72
24026 08:34:26 clock_gettime(CLOCK_MONOTONIC, {34548, 174843122}) = 0
24026 08:34:26 clock_gettime(CLOCK_MONOTONIC, {34548, 174863813}) = 0
24026 08:34:26 select(7, [3 4], [], NULL, NULL) = 1 (in [4])
24026 08:34:28 clock_gettime(CLOCK_MONOTONIC, {34550, 96207136}) = 0
24026 08:34:28 read(4, "1", 16384)      = 1
24026 08:34:28 clock_gettime(CLOCK_MONOTONIC, {34550, 96303748}) = 0
24026 08:34:28 clock_gettime(CLOCK_MONOTONIC, {34550, 96326712}) = 0
24026 08:34:28 select(7, [3 4], [3], NULL, NULL) = 1 (out [3])
24026 08:34:28 clock_gettime(CLOCK_MONOTONIC, {34550, 96379575}) = 0
24026 08:34:28 write(3, "jL\223\301\236\25\230*5\245\376\257M\212\326\2110(\255~\255n\267\255o\330\377\260\357t\\\352"..., 40) = 40
24026 08:34:28 clock_gettime(CLOCK_MONOTONIC, {34550, 96476729}) = 0
24026 08:34:28 clock_gettime(CLOCK_MONOTONIC, {34550, 96499410}) = 0
24026 08:34:28 select(7, [3 4], [], NULL, NULL) = 1 (in [3])
24026 08:34:28 clock_gettime(CLOCK_MONOTONIC, {34550, 98263996}) = 0
24026 08:34:28 read(3, "F\36@S]\350;\260|\2\217\325\326\344\32\350_\21\276\362\35\225N\236T\253\31\31U2R\271"..., 8192) = 40
24026 08:34:28 clock_gettime(CLOCK_MONOTONIC, {34550, 98334218}) = 0
24026 08:34:28 clock_gettime(CLOCK_MONOTONIC, {34550, 98353835}) = 0
24026 08:34:28 select(7, [3 4], [5], NULL, NULL) = 1 (out [5])
24026 08:34:28 clock_gettime(CLOCK_MONOTONIC, {34550, 98400469}) = 0
24026 08:34:28 write(5, "1", 1)         = 1
24026 08:34:28 clock_gettime(CLOCK_MONOTONIC, {34550, 98443764}) = 0
24026 08:34:28 clock_gettime(CLOCK_MONOTONIC, {34550, 98462528}) = 0
24026 08:34:28 select(7, [3 4], [], NULL, NULL) = 1 (in [4])
24026 08:34:28 clock_gettime(CLOCK_MONOTONIC, {34550, 231164813}) = 0
24026 08:34:28 read(4, "0", 16384)      = 1
24026 08:34:28 clock_gettime(CLOCK_MONOTONIC, {34550, 231241778}) = 0
24026 08:34:28 clock_gettime(CLOCK_MONOTONIC, {34550, 231264540}) = 0
24026 08:34:28 select(7, [3 4], [3], NULL, NULL) = 1 (out [3])
24026 08:34:28 clock_gettime(CLOCK_MONOTONIC, {34550, 231315921}) = 0
24026 08:34:28 write(3, "h\221<c\"\3057\326\377\325\"+1\2\5ip\352\34\327`\265)\303j\244\243\316\264\340\345\212"..., 40) = 40
24026 08:34:28 clock_gettime(CLOCK_MONOTONIC, {34550, 231510400}) = 0
24026 08:34:28 clock_gettime(CLOCK_MONOTONIC, {34550, 231539876}) = 0
24026 08:34:28 select(7, [3 4], [], NULL, NULL) = 1 (in [3])
24026 08:34:28 clock_gettime(CLOCK_MONOTONIC, {34550, 233420769}) = 0
24026 08:34:28 read(3, "v/cy\205\311~k1\2403C\341/\367\211\310\367@\357\331\23\250j\256\2145_T\371\270H"..., 8192) = 40
24026 08:34:28 clock_gettime(CLOCK_MONOTONIC, {34550, 233588382}) = 0
24026 08:34:28 clock_gettime(CLOCK_MONOTONIC, {34550, 233617173}) = 0
24026 08:34:28 select(7, [3 4], [5], NULL, NULL) = 1 (out [5])
24026 08:34:28 clock_gettime(CLOCK_MONOTONIC, {34550, 233667572}) = 0
24026 08:34:28 write(5, "0", 1)         = 1
24026 08:34:28 clock_gettime(CLOCK_MONOTONIC, {34550, 233712408}) = 0
24026 08:34:28 clock_gettime(CLOCK_MONOTONIC, {34550, 233731472}) = 0
24026 08:34:28 select(7, [3 4], [], NULL, NULL) = 1 (in [4])
24026 08:34:29 clock_gettime(CLOCK_MONOTONIC, {34551, 645581199}) = 0
24026 08:34:29 read(4, "\r", 16384)     = 1
24026 08:34:29 clock_gettime(CLOCK_MONOTONIC, {34551, 645782100}) = 0
24026 08:34:29 clock_gettime(CLOCK_MONOTONIC, {34551, 645826322}) = 0
24026 08:34:29 select(7, [3 4], [3], NULL, NULL) = 1 (out [3])
24026 08:34:29 clock_gettime(CLOCK_MONOTONIC, {34551, 645955093}) = 0
24026 08:34:29 write(3, "v\314>\323\371\245`\305gE\206\210\277\345\0361v\376\304\n\213p?\222\344z\246m/\354\327\266"..., 40) = 40
24026 08:34:29 clock_gettime(CLOCK_MONOTONIC, {34551, 646070452}) = 0
24026 08:34:29 clock_gettime(CLOCK_MONOTONIC, {34551, 646096273}) = 0
24026 08:34:29 select(7, [3 4], [], NULL, NULL) = 1 (in [3])
24026 08:34:29 clock_gettime(CLOCK_MONOTONIC, {34551, 648590795}) = 0
24026 08:34:29 read(3, "\252\343z`\373uy'\203\234\231\3123\254\217\222\231~X\"eN\3\322\321\200\345o\232Q~\352"..., 8192) = 40
24026 08:34:29 clock_gettime(CLOCK_MONOTONIC, {34551, 648728618}) = 0
24026 08:34:29 clock_gettime(CLOCK_MONOTONIC, {34551, 648769437}) = 0
24026 08:34:29 select(7, [3 4], [5], NULL, NULL) = 1 (out [5])
24026 08:34:29 clock_gettime(CLOCK_MONOTONIC, {34551, 648833198}) = 0
24026 08:34:29 write(5, "\r\n", 2)      = 2
24026 08:34:29 clock_gettime(CLOCK_MONOTONIC, {34551, 648888324}) = 0
24026 08:34:29 clock_gettime(CLOCK_MONOTONIC, {34551, 648921337}) = 0
24026 08:34:29 select(7, [3 4], [], NULL, NULL) = 1 (in [3])
24026 08:34:29 clock_gettime(CLOCK_MONOTONIC, {34551, 654553960}) = 0
24026 08:34:29 read(3, "\335U\265\371F5{?d1\260ta\211\34\345\342\25\362\333\260\361\336\365\317\305-k\347\343I\233"..., 8192) = 1592
24026 08:34:29 clock_gettime(CLOCK_MONOTONIC, {34551, 654627049}) = 0
24026 08:34:29 clock_gettime(CLOCK_MONOTONIC, {34551, 654645277}) = 0
24026 08:34:29 select(7, [3 4], [5], NULL, NULL) = 1 (out [5])
24026 08:34:29 clock_gettime(CLOCK_MONOTONIC, {34551, 654686534}) = 0
24026 08:34:29 write(5, "\33[?12l\33[?25h\33[H\33(B\33[mtop - 02:32"..., 1552) = 1552
24026 08:34:29 clock_gettime(CLOCK_MONOTONIC, {34551, 654730964}) = 0
24026 08:34:29 clock_gettime(CLOCK_MONOTONIC, {34551, 654747711}) = 0
24026 08:34:29 select(7, [3 4], [], NULL, NULL) = 1 (in [3])
24026 08:34:32 clock_gettime(CLOCK_MONOTONIC, {34554, 661674268}) = 0
24026 08:34:32 read(3, "\320P\263|\34\202xd\370\274\216\372\v^=\260\360)-\307F\214\23M\213H\6\275\373\277\261\247"..., 8192) = 1576
24026 08:34:32 clock_gettime(CLOCK_MONOTONIC, {34554, 661760833}) = 0
24026 08:34:32 clock_gettime(CLOCK_MONOTONIC, {34554, 661783323}) = 0
24026 08:34:32 select(7, [3 4], [5], NULL, NULL) = 1 (out [5])
24026 08:34:32 clock_gettime(CLOCK_MONOTONIC, {34554, 661836278}) = 0
24026 08:34:32 write(5, "\33[H\33(B\33[mtop - 02:32:32 up  3:10"..., 1540) = 1540
24026 08:34:32 clock_gettime(CLOCK_MONOTONIC, {34554, 661892579}) = 0
24026 08:34:32 clock_gettime(CLOCK_MONOTONIC, {34554, 661913957}) = 0
24026 08:34:32 select(7, [3 4], [], NULL, NULL) = 1 (in [3])
24026 08:34:35 clock_gettime(CLOCK_MONOTONIC, {34557, 668432227}) = 0
24026 08:34:35 read(3, "c\301zU\256\335\1\7\244\274ju\340\244\222\260'\5\252\361n\230\17$\250\261L\271TI\216`"..., 8192) = 1576
24026 08:34:35 clock_gettime(CLOCK_MONOTONIC, {34557, 668503723}) = 0
24026 08:34:35 clock_gettime(CLOCK_MONOTONIC, {34557, 668521823}) = 0
24026 08:34:35 select(7, [3 4], [5], NULL, NULL) = 1 (out [5])
24026 08:34:35 clock_gettime(CLOCK_MONOTONIC, {34557, 668564435}) = 0
24026 08:34:35 write(5, "\33[H\33(B\33[mtop - 02:32:35 up  3:10"..., 1540) = 1540
24026 08:34:35 clock_gettime(CLOCK_MONOTONIC, {34557, 668610621}) = 0
24026 08:34:35 clock_gettime(CLOCK_MONOTONIC, {34557, 668627434}) = 0
24026 08:34:35 select(7, [3 4], [], NULL, NULL) = 1 (in [4])
24026 08:34:38 clock_gettime(CLOCK_MONOTONIC, {34560, 243192283}) = 0
24026 08:34:38 read(4, "q", 16384)      = 1
24026 08:34:38 clock_gettime(CLOCK_MONOTONIC, {34560, 243254952}) = 0
24026 08:34:38 clock_gettime(CLOCK_MONOTONIC, {34560, 243272947}) = 0
24026 08:34:38 select(7, [3 4], [3], NULL, NULL) = 1 (out [3])
24026 08:34:38 clock_gettime(CLOCK_MONOTONIC, {34560, 243322851}) = 0
24026 08:34:38 write(3, "\200\376\fIY\377+\226\206\221\213\343\354\342_\275)\0,\373Z\324_&\371\2\341\255\233g\nX"..., 40) = 40
24026 08:34:38 clock_gettime(CLOCK_MONOTONIC, {34560, 243410348}) = 0
24026 08:34:38 clock_gettime(CLOCK_MONOTONIC, {34560, 243438355}) = 0
24026 08:34:38 select(7, [3 4], [], NULL, NULL) = 1 (in [3])
24026 08:34:38 clock_gettime(CLOCK_MONOTONIC, {34560, 245375136}) = 0
24026 08:34:38 read(3, "\2069D\222\264\217\234z`\321$\211\250\357`\324\250b\347\323;\304\257\4\242\210/\361\0DW\252"..., 8192) = 88
24026 08:34:38 clock_gettime(CLOCK_MONOTONIC, {34560, 245427619}) = 0
24026 08:34:38 clock_gettime(CLOCK_MONOTONIC, {34560, 245444394}) = 0
24026 08:34:38 select(7, [3 4], [5], NULL, NULL) = 1 (out [5])
24026 08:34:38 clock_gettime(CLOCK_MONOTONIC, {34560, 245483049}) = 0
24026 08:34:38 write(5, "\33[10;1H\33[?12l\33[?25h\r\n\33]0;root@sa"..., 54) = 54
24026 08:34:38 clock_gettime(CLOCK_MONOTONIC, {34560, 245519556}) = 0
24026 08:34:38 clock_gettime(CLOCK_MONOTONIC, {34560, 245546856}) = 0
24026 08:34:38 select(7, [3 4], [], NULL, NULL) = 1 (in [4])
24026 08:34:39 clock_gettime(CLOCK_MONOTONIC, {34561, 366199499}) = 0
24026 08:34:39 read(4, "e", 16384)      = 1
24026 08:34:39 clock_gettime(CLOCK_MONOTONIC, {34561, 366294861}) = 0
24026 08:34:39 clock_gettime(CLOCK_MONOTONIC, {34561, 366325652}) = 0
24026 08:34:39 select(7, [3 4], [3], NULL, NULL) = 1 (out [3])
24026 08:34:39 clock_gettime(CLOCK_MONOTONIC, {34561, 366394934}) = 0
24026 08:34:39 write(3, "&)\345\375e\v\10\25\21p\337\267\257j\251\260o07\207\243\346u_\330\331\\\251\362S|e"..., 40) = 40
24026 08:34:39 clock_gettime(CLOCK_MONOTONIC, {34561, 366509291}) = 0
24026 08:34:39 clock_gettime(CLOCK_MONOTONIC, {34561, 366539940}) = 0
24026 08:34:39 select(7, [3 4], [], NULL, NULL) = 1 (in [3])
24026 08:34:39 clock_gettime(CLOCK_MONOTONIC, {34561, 368373497}) = 0
24026 08:34:39 read(3, "O\272\311\21$ W\352Uj\227\22Q9r\213\321\0107'\230\206\245~M\236\275\333\215\363\330\322"..., 8192) = 40
24026 08:34:39 clock_gettime(CLOCK_MONOTONIC, {34561, 368445087}) = 0
24026 08:34:39 clock_gettime(CLOCK_MONOTONIC, {34561, 368469299}) = 0
24026 08:34:39 select(7, [3 4], [5], NULL, NULL) = 1 (out [5])
24026 08:34:39 clock_gettime(CLOCK_MONOTONIC, {34561, 368525561}) = 0
24026 08:34:39 write(5, "e", 1)         = 1
24026 08:34:39 clock_gettime(CLOCK_MONOTONIC, {34561, 368578382}) = 0
24026 08:34:39 clock_gettime(CLOCK_MONOTONIC, {34561, 368601738}) = 0
24026 08:34:39 select(7, [3 4], [], NULL, NULL) = 1 (in [4])
24026 08:34:39 clock_gettime(CLOCK_MONOTONIC, {34561, 626137074}) = 0
24026 08:34:39 read(4, "x", 16384)      = 1
24026 08:34:39 clock_gettime(CLOCK_MONOTONIC, {34561, 626376634}) = 0
24026 08:34:39 clock_gettime(CLOCK_MONOTONIC, {34561, 626405357}) = 0
24026 08:34:39 select(7, [3 4], [3], NULL, NULL) = 1 (out [3])
24026 08:34:39 clock_gettime(CLOCK_MONOTONIC, {34561, 626510755}) = 0
24026 08:34:39 write(3, "\304\317\215\243\26L\3565\316\343\240\23O\357\307\350\260\311\276?\"\10N\361\345ly\316\337\25\rl"..., 40) = 40
24026 08:34:39 clock_gettime(CLOCK_MONOTONIC, {34561, 626641573}) = 0
24026 08:34:39 clock_gettime(CLOCK_MONOTONIC, {34561, 626674120}) = 0
24026 08:34:39 select(7, [3 4], [], NULL, NULL) = 1 (in [3])
24026 08:34:39 clock_gettime(CLOCK_MONOTONIC, {34561, 628388040}) = 0
24026 08:34:39 read(3, "\335\366\205\233\306\343\3358\355 \27m\310`a\373\217Sx\375\7\347\211\324\1S\343\311@\t\302G"..., 8192) = 40
24026 08:34:39 clock_gettime(CLOCK_MONOTONIC, {34561, 628446316}) = 0
24026 08:34:39 clock_gettime(CLOCK_MONOTONIC, {34561, 628463666}) = 0
24026 08:34:39 select(7, [3 4], [5], NULL, NULL) = 1 (out [5])
24026 08:34:39 clock_gettime(CLOCK_MONOTONIC, {34561, 628505436}) = 0
24026 08:34:39 write(5, "x", 1)         = 1
24026 08:34:39 clock_gettime(CLOCK_MONOTONIC, {34561, 628544047}) = 0
24026 08:34:39 clock_gettime(CLOCK_MONOTONIC, {34561, 628560840}) = 0
24026 08:34:39 select(7, [3 4], [], NULL, NULL) = 1 (in [4])
24026 08:34:40 clock_gettime(CLOCK_MONOTONIC, {34561, 791191906}) = 0
24026 08:34:40 read(4, "i", 16384)      = 1
24026 08:34:40 clock_gettime(CLOCK_MONOTONIC, {34561, 791257303}) = 0
24026 08:34:40 clock_gettime(CLOCK_MONOTONIC, {34561, 791277220}) = 0
24026 08:34:40 select(7, [3 4], [3], NULL, NULL) = 1 (out [3])
24026 08:34:40 clock_gettime(CLOCK_MONOTONIC, {34561, 791323253}) = 0
24026 08:34:40 write(3, "H:>\342\234\21\320\371\264\27\372\234\213\202\277\36\222\352/\274\304\32\232\244$i\224\201\274\34N\200"..., 40) = 40
24026 08:34:40 clock_gettime(CLOCK_MONOTONIC, {34561, 791411160}) = 0
24026 08:34:40 clock_gettime(CLOCK_MONOTONIC, {34561, 791431016}) = 0
24026 08:34:40 select(7, [3 4], [], NULL, NULL) = 1 (in [3])
24026 08:34:40 clock_gettime(CLOCK_MONOTONIC, {34561, 793392759}) = 0
24026 08:34:40 read(3, "\347\375\v\f\17oW\362m\365\200\326\330\346,\"\367O\213\v\252\204\377\n\231\24\34\272\222\v*\226"..., 8192) = 40
24026 08:34:40 clock_gettime(CLOCK_MONOTONIC, {34561, 793444413}) = 0
24026 08:34:40 clock_gettime(CLOCK_MONOTONIC, {34561, 793462010}) = 0
24026 08:34:40 select(7, [3 4], [5], NULL, NULL) = 1 (out [5])
24026 08:34:40 clock_gettime(CLOCK_MONOTONIC, {34561, 793512730}) = 0
24026 08:34:40 write(5, "i", 1)         = 1
24026 08:34:40 clock_gettime(CLOCK_MONOTONIC, {34561, 793550988}) = 0
24026 08:34:40 clock_gettime(CLOCK_MONOTONIC, {34561, 793567736}) = 0
24026 08:34:40 select(7, [3 4], [], NULL, NULL) = 1 (in [4])
24026 08:34:40 clock_gettime(CLOCK_MONOTONIC, {34561, 927109435}) = 0
24026 08:34:40 read(4, "t", 16384)      = 1
24026 08:34:40 clock_gettime(CLOCK_MONOTONIC, {34561, 927196672}) = 0
24026 08:34:40 clock_gettime(CLOCK_MONOTONIC, {34561, 927220040}) = 0
24026 08:34:40 select(7, [3 4], [3], NULL, NULL) = 1 (out [3])
24026 08:34:40 clock_gettime(CLOCK_MONOTONIC, {34561, 927271786}) = 0
24026 08:34:40 write(3, "\237\265S\356Ad\t\322M\270\34W\31$\360\240\301\210\10\316\326\371z(\227qFCd\"q\333"..., 40) = 40
24026 08:34:40 clock_gettime(CLOCK_MONOTONIC, {34561, 927366920}) = 0
24026 08:34:40 clock_gettime(CLOCK_MONOTONIC, {34561, 927397898}) = 0
24026 08:34:40 select(7, [3 4], [], NULL, NULL) = 1 (in [3])
24026 08:34:40 clock_gettime(CLOCK_MONOTONIC, {34561, 929522556}) = 0
24026 08:34:40 read(3, "\242\260R\260\360\223\7\216\335\321)W\5\277\356\7#\335\341\251y\367QR\330C\252\2652*d\204"..., 8192) = 40
24026 08:34:40 clock_gettime(CLOCK_MONOTONIC, {34561, 929601927}) = 0
24026 08:34:40 clock_gettime(CLOCK_MONOTONIC, {34561, 929622477}) = 0
24026 08:34:40 select(7, [3 4], [5], NULL, NULL) = 1 (out [5])
24026 08:34:40 clock_gettime(CLOCK_MONOTONIC, {34561, 929679784}) = 0
24026 08:34:40 write(5, "t", 1)         = 1
24026 08:34:40 clock_gettime(CLOCK_MONOTONIC, {34561, 929750105}) = 0
24026 08:34:40 clock_gettime(CLOCK_MONOTONIC, {34561, 929773623}) = 0
24026 08:34:40 select(7, [3 4], [], NULL, NULL) = 1 (in [4])
24026 08:34:40 clock_gettime(CLOCK_MONOTONIC, {34562, 196310616}) = 0
24026 08:34:40 read(4, "\r", 16384)     = 1
24026 08:34:40 clock_gettime(CLOCK_MONOTONIC, {34562, 196701666}) = 0
24026 08:34:40 clock_gettime(CLOCK_MONOTONIC, {34562, 197139822}) = 0
24026 08:34:40 select(7, [3 4], [3], NULL, NULL) = 1 (out [3])
24026 08:34:40 clock_gettime(CLOCK_MONOTONIC, {34562, 197241817}) = 0
24026 08:34:40 write(3, "\370A9\10'\363\27\7\362\371}\276T\326\2736\332n\5\nR?\345o\364t\270\367\217\334\361d"..., 40) = 40
24026 08:34:40 clock_gettime(CLOCK_MONOTONIC, {34562, 197422154}) = 0
24026 08:34:40 clock_gettime(CLOCK_MONOTONIC, {34562, 197459934}) = 0
24026 08:34:40 select(7, [3 4], [], NULL, NULL) = 1 (in [3])
24026 08:34:40 clock_gettime(CLOCK_MONOTONIC, {34562, 202979118}) = 0
24026 08:34:40 read(3, "\240G\260\356\275s!\342\231\262\246\276\265\f\267\342dOr0\302C\215;\33\254)\265\221T\177\277"..., 8192) = 200
24026 08:34:40 close(4)                 = 0
24026 08:34:40 clock_gettime(CLOCK_MONOTONIC, {34562, 203243813}) = 0
24026 08:34:40 clock_gettime(CLOCK_MONOTONIC, {34562, 203271706}) = 0
24026 08:34:40 select(7, [3], [5], NULL, NULL) = 1 (out [5])
24026 08:34:40 clock_gettime(CLOCK_MONOTONIC, {34562, 203393228}) = 0
24026 08:34:40 write(5, "\r\nlogout\r\n", 10) = 10
24026 08:34:40 clock_gettime(CLOCK_MONOTONIC, {34562, 203448698}) = 0
24026 08:34:40 clock_gettime(CLOCK_MONOTONIC, {34562, 203468321}) = 0
24026 08:34:40 close(5)                 = 0
24026 08:34:40 ioctl(0, SNDCTL_TMR_STOP or SNDRV_TIMER_IOCTL_GINFO or TCSETSW, {B38400 opost isig icanon echo ...}) = 0
24026 08:34:40 close(6)                 = 0
24026 08:34:40 select(7, [3], [3], NULL, NULL) = 1 (out [3])
24026 08:34:40 clock_gettime(CLOCK_MONOTONIC, {34562, 203614464}) = 0
24026 08:34:40 write(3, "\303.%lU\331\366a\253\230\211\30\177\213SObBO\240;!\206\323", 24) = 24
24026 08:34:40 rt_sigaction(SIGWINCH, NULL, {0x7fd1502bd340, [], SA_RESTORER, 0x7fd14ecc8510}, 8) = 0
24026 08:34:40 rt_sigaction(SIGWINCH, {SIG_DFL, [], SA_RESTORER, 0x7fd14ecc8510}, NULL, 8) = 0
24026 08:34:40 write(3, "\323!\275dk>L\306[nzA\276'\274\266/\372\235x\24a\377nQ\320r\322\320\354\306\6"..., 56) = 56
24026 08:34:40 ioctl(0, SNDCTL_TMR_TIMEBASE or SNDRV_TIMER_IOCTL_NEXT_DEVICE or TCGETS, {B38400 opost isig icanon echo ...}) = 0
24026 08:34:40 ioctl(1, SNDCTL_TMR_TIMEBASE or SNDRV_TIMER_IOCTL_NEXT_DEVICE or TCGETS, {B38400 opost isig icanon echo ...}) = 0
24026 08:34:40 ioctl(2, SNDCTL_TMR_TIMEBASE or SNDRV_TIMER_IOCTL_NEXT_DEVICE or TCGETS, {B38400 opost isig icanon echo ...}) = 0
24026 08:34:40 write(2, "Connection to 10.0.0.5 closed.\r\n", 32) = 32
24026 08:34:40 gettimeofday({1518165280, 455430}, NULL) = 0
24026 08:34:40 shutdown(3, SHUT_RDWR)   = 0
24026 08:34:40 close(3)                 = 0
24026 08:34:40 exit_group(0)            = ?
24026 08:34:40 +++ exited with 0 +++
