23645 08:07:59 select(4, [3], NULL, NULL, NULL) = 1 (in [3])
23645 08:07:59 read(3, "\0\0\3\274\t!\0\0\1\25\0\0\0\7ssh-rsa\0\0\0\1#\0\0\1\1\0\263"..., 8192) = 976
23645 08:07:59 open("/root/.ssh/known_hosts", O_RDONLY) = 4
23645 08:07:59 fstat(4, {st_mode=S_IFREG|0644, st_size=1572, ...}) = 0
23645 08:07:59 mmap(NULL, 4096, PROT_READ|PROT_WRITE, MAP_PRIVATE|MAP_ANONYMOUS, -1, 0) = 0x7f1eca2e4000
23645 08:07:59 read(4, "39.108.141.220 ssh-rsa AAAAB3Nza"..., 4096) = 1572
23645 08:07:59 read(4, "", 4096)        = 0
23645 08:07:59 close(4)                 = 0
23645 08:07:59 munmap(0x7f1eca2e4000, 4096) = 0
23645 08:07:59 open("/root/.ssh/known_hosts2", O_RDONLY) = -1 ENOENT (No such file or directory)
23645 08:07:59 open("/usr/local/openssh/etc/ssh_known_hosts", O_RDONLY) = -1 ENOENT (No such file or directory)
23645 08:07:59 open("/usr/local/openssh/etc/ssh_known_hosts2", O_RDONLY) = -1 ENOENT (No such file or directory)
23645 08:07:59 clock_gettime(CLOCK_MONOTONIC, {32961, 384900294}) = 0
23645 08:07:59 write(3, "\0\0\0\f\n\25\0\0\0\0\0\0\0\0\0\0", 16) = 16
23645 08:07:59 write(3, "\377\317\366ax?\221\v\351\360\357\223\353\250\245\205]w\336\4\223\270\36\"\325,S\350\250\3728\316"..., 40) = 40
23645 08:07:59 select(4, [3], NULL, NULL, NULL) = 1 (in [3])
23645 08:07:59 read(3, "\26j\32}\366QD\237\37>\374!8z\347\332p,\216\245\357\270\372\334\366n\223))<%S"..., 8192) = 40
23645 08:07:59 write(3, "\233\220G\363\237\260\20\23\267\r\5z\3575\250\300\">h\306\321\225\342\335\1Yk\355\274\2\225l"..., 56) = 56
23645 08:07:59 select(4, [3], NULL, NULL, NULL) = 1 (in [3])
23645 08:08:04 read(3, "\10\303ky\334G[&\223\232\2256.~\201u\1\310\"\331\t\261*jb\344\304R\257\244\215\314"..., 8192) = 72
23645 08:08:04 stat("/root/.ssh/id_rsa", 0x7ffd7ee1b230) = -1 ENOENT (No such file or directory)
23645 08:08:04 stat("/root/.ssh/id_dsa", 0x7ffd7ee1b230) = -1 ENOENT (No such file or directory)
23645 08:08:04 stat("/root/.ssh/id_ecdsa", 0x7ffd7ee1b230) = -1 ENOENT (No such file or directory)
23645 08:08:04 stat("/root/.ssh/id_ed25519", 0x7ffd7ee1b230) = -1 ENOENT (No such file or directory)
23645 08:08:04 open("/dev/tty", O_RDWR) = 4
23645 08:08:04 close(4)                 = 0
23645 08:08:04 open("/dev/tty", O_RDWR) = 4
23645 08:08:04 ioctl(4, SNDCTL_TMR_TIMEBASE or SNDRV_TIMER_IOCTL_NEXT_DEVICE or TCGETS, {B38400 opost isig icanon echo ...}) = 0
23645 08:08:04 ioctl(4, SNDCTL_TMR_CONTINUE or SNDRV_TIMER_IOCTL_GPARAMS or TCSETSF, {B38400 opost isig icanon -echo ...}) = 0
23645 08:08:04 rt_sigaction(SIGALRM, {0x7f1eca0b5460, [], SA_RESTORER, 0x7f1ec8a5f510}, {SIG_DFL, [], 0}, 8) = 0
23645 08:08:04 rt_sigaction(SIGHUP, {0x7f1eca0b5460, [], SA_RESTORER, 0x7f1ec8a5f510}, {SIG_DFL, [], 0}, 8) = 0
23645 08:08:04 rt_sigaction(SIGINT, {0x7f1eca0b5460, [], SA_RESTORER, 0x7f1ec8a5f510}, {SIG_DFL, [], 0}, 8) = 0
23645 08:08:04 rt_sigaction(SIGPIPE, {0x7f1eca0b5460, [], SA_RESTORER, 0x7f1ec8a5f510}, {SIG_IGN, [], SA_RESTORER, 0x7f1ec8a5f510}, 8) = 0
23645 08:08:04 rt_sigaction(SIGQUIT, {0x7f1eca0b5460, [], SA_RESTORER, 0x7f1ec8a5f510}, {SIG_DFL, [], 0}, 8) = 0
23645 08:08:04 rt_sigaction(SIGTERM, {0x7f1eca0b5460, [], SA_RESTORER, 0x7f1ec8a5f510}, {SIG_DFL, [], 0}, 8) = 0
23645 08:08:04 rt_sigaction(SIGTSTP, {0x7f1eca0b5460, [], SA_RESTORER, 0x7f1ec8a5f510}, {SIG_DFL, [], 0}, 8) = 0
23645 08:08:04 rt_sigaction(SIGTTIN, {0x7f1eca0b5460, [], SA_RESTORER, 0x7f1ec8a5f510}, {SIG_DFL, [], 0}, 8) = 0
23645 08:08:04 rt_sigaction(SIGTTOU, {0x7f1eca0b5460, [], SA_RESTORER, 0x7f1ec8a5f510}, {SIG_DFL, [], 0}, 8) = 0
23645 08:08:04 write(4, "root@10.0.0.6's password: ", 26) = 26
23645 08:08:04 read(4, "1", 1)          = 1
23645 08:08:04 read(4, "2", 1)          = 1
23645 08:08:04 read(4, "3", 1)          = 1
23645 08:08:04 read(4, "4", 1)          = 1
23645 08:08:04 read(4, "5", 1)          = 1
23645 08:08:04 read(4, "6", 1)          = 1
23645 08:08:04 read(4, "\n", 1)         = 1
23645 08:08:04 write(4, "\n", 1)        = 1
23645 08:08:04 ioctl(4, SNDCTL_TMR_CONTINUE or SNDRV_TIMER_IOCTL_GPARAMS or TCSETSF, {B38400 opost isig icanon echo ...}) = 0
23645 08:08:04 rt_sigaction(SIGALRM, {SIG_DFL, [], SA_RESTORER, 0x7f1ec8a5f510}, NULL, 8) = 0
23645 08:08:04 rt_sigaction(SIGHUP, {SIG_DFL, [], SA_RESTORER, 0x7f1ec8a5f510}, NULL, 8) = 0
23645 08:08:04 rt_sigaction(SIGINT, {SIG_DFL, [], SA_RESTORER, 0x7f1ec8a5f510}, NULL, 8) = 0
23645 08:08:04 rt_sigaction(SIGQUIT, {SIG_DFL, [], SA_RESTORER, 0x7f1ec8a5f510}, NULL, 8) = 0
23645 08:08:04 rt_sigaction(SIGPIPE, {SIG_IGN, [], SA_RESTORER, 0x7f1ec8a5f510}, NULL, 8) = 0
23645 08:08:04 rt_sigaction(SIGTERM, {SIG_DFL, [], SA_RESTORER, 0x7f1ec8a5f510}, NULL, 8) = 0
23645 08:08:04 rt_sigaction(SIGTSTP, {SIG_DFL, [], SA_RESTORER, 0x7f1ec8a5f510}, NULL, 8) = 0
23645 08:08:04 rt_sigaction(SIGTTIN, {SIG_DFL, [], SA_RESTORER, 0x7f1ec8a5f510}, NULL, 8) = 0
23645 08:08:04 rt_sigaction(SIGTTOU, {SIG_DFL, [], SA_RESTORER, 0x7f1ec8a5f510}, NULL, 8) = 0
23645 08:08:04 close(4)                 = 0
23645 08:08:04 write(3, "Ij69\322\326\277\347\34\224'nj\303\3529\374k\262\235)g\264\370\201\10\f-\351y(9"..., 136) = 136
23645 08:08:04 select(4, [3], NULL, NULL, NULL) = 1 (in [3])
23645 08:08:04 read(3, "\20\340\273K&A\2344\17\311\212\204\311\337\240\21\317K\25\275rF\372\233", 8192) = 24
23645 08:08:04 dup(0)                   = 4
23645 08:08:04 dup(1)                   = 5
23645 08:08:04 dup(2)                   = 6
23645 08:08:04 ioctl(4, SNDCTL_TMR_TIMEBASE or SNDRV_TIMER_IOCTL_NEXT_DEVICE or TCGETS, {B38400 opost isig icanon echo ...}) = 0
23645 08:08:04 ioctl(5, SNDCTL_TMR_TIMEBASE or SNDRV_TIMER_IOCTL_NEXT_DEVICE or TCGETS, {B38400 opost isig icanon echo ...}) = 0
23645 08:08:04 ioctl(6, SNDCTL_TMR_TIMEBASE or SNDRV_TIMER_IOCTL_NEXT_DEVICE or TCGETS, {B38400 opost isig icanon echo ...}) = 0
23645 08:08:04 fcntl(4, F_SETFD, FD_CLOEXEC) = 0
23645 08:08:04 fcntl(5, F_SETFD, FD_CLOEXEC) = 0
23645 08:08:04 fcntl(6, F_SETFD, FD_CLOEXEC) = 0
23645 08:08:04 gettimeofday({1518163684, 768990}, NULL) = 0
23645 08:08:04 rt_sigaction(SIGHUP, NULL, {SIG_DFL, [], SA_RESTORER, 0x7f1ec8a5f510}, 8) = 0
23645 08:08:04 rt_sigaction(SIGHUP, {SIG_IGN, [], SA_RESTORER, 0x7f1ec8a5f510}, NULL, 8) = 0
23645 08:08:04 rt_sigaction(SIGHUP, NULL, {SIG_IGN, [], SA_RESTORER, 0x7f1ec8a5f510}, 8) = 0
23645 08:08:04 rt_sigaction(SIGHUP, {0x7f1eca053f30, [], SA_RESTORER, 0x7f1ec8a5f510}, NULL, 8) = 0
23645 08:08:04 rt_sigaction(SIGINT, NULL, {SIG_DFL, [], SA_RESTORER, 0x7f1ec8a5f510}, 8) = 0
23645 08:08:04 rt_sigaction(SIGINT, {SIG_IGN, [], SA_RESTORER, 0x7f1ec8a5f510}, NULL, 8) = 0
23645 08:08:04 rt_sigaction(SIGINT, NULL, {SIG_IGN, [], SA_RESTORER, 0x7f1ec8a5f510}, 8) = 0
23645 08:08:04 rt_sigaction(SIGINT, {0x7f1eca053f30, [], SA_RESTORER, 0x7f1ec8a5f510}, NULL, 8) = 0
23645 08:08:04 rt_sigaction(SIGQUIT, NULL, {SIG_DFL, [], SA_RESTORER, 0x7f1ec8a5f510}, 8) = 0
23645 08:08:04 rt_sigaction(SIGQUIT, {SIG_IGN, [], SA_RESTORER, 0x7f1ec8a5f510}, NULL, 8) = 0
23645 08:08:04 rt_sigaction(SIGQUIT, NULL, {SIG_IGN, [], SA_RESTORER, 0x7f1ec8a5f510}, 8) = 0
23645 08:08:04 rt_sigaction(SIGQUIT, {0x7f1eca053f30, [], SA_RESTORER, 0x7f1ec8a5f510}, NULL, 8) = 0
23645 08:08:04 rt_sigaction(SIGTERM, NULL, {SIG_DFL, [], SA_RESTORER, 0x7f1ec8a5f510}, 8) = 0
23645 08:08:04 rt_sigaction(SIGTERM, {SIG_IGN, [], SA_RESTORER, 0x7f1ec8a5f510}, NULL, 8) = 0
23645 08:08:04 rt_sigaction(SIGTERM, NULL, {SIG_IGN, [], SA_RESTORER, 0x7f1ec8a5f510}, 8) = 0
23645 08:08:04 rt_sigaction(SIGTERM, {0x7f1eca053f30, [], SA_RESTORER, 0x7f1ec8a5f510}, NULL, 8) = 0
23645 08:08:04 rt_sigaction(SIGWINCH, NULL, {SIG_DFL, [], 0}, 8) = 0
23645 08:08:04 rt_sigaction(SIGWINCH, {0x7f1eca054340, [], SA_RESTORER, 0x7f1ec8a5f510}, NULL, 8) = 0
23645 08:08:04 ioctl(0, SNDCTL_TMR_TIMEBASE or SNDRV_TIMER_IOCTL_NEXT_DEVICE or TCGETS, {B38400 opost isig icanon echo ...}) = 0
23645 08:08:04 ioctl(0, SNDCTL_TMR_STOP or SNDRV_TIMER_IOCTL_GINFO or TCSETSW, {B38400 -opost -isig -icanon -echo ...}) = 0
23645 08:08:04 clock_gettime(CLOCK_MONOTONIC, {32966, 518064524}) = 0
23645 08:08:04 clock_gettime(CLOCK_MONOTONIC, {32966, 518082654}) = 0
23645 08:08:04 select(7, [3], [3], NULL, NULL) = 1 (out [3])
23645 08:08:04 clock_gettime(CLOCK_MONOTONIC, {32966, 518116980}) = 0
23645 08:08:04 write(3, "\353\223\241\266C\26?\10&x\352\v\234\207ZC3\371\345e\303\260\234\245\245\16p/\20g\214\35"..., 112) = 112
23645 08:08:04 clock_gettime(CLOCK_MONOTONIC, {32966, 518186333}) = 0
23645 08:08:04 clock_gettime(CLOCK_MONOTONIC, {32966, 518201273}) = 0
23645 08:08:04 select(7, [3], [], NULL, NULL) = 1 (in [3])
23645 08:08:05 clock_gettime(CLOCK_MONOTONIC, {32966, 753759953}) = 0
23645 08:08:05 read(3, "8YY\342d\3616\317\211\275\364\245\206\202/l\242D\nDG\317\0234\245\337\26u\222\6,\367"..., 8192) = 40
23645 08:08:05 getsockopt(3, SOL_TCP, TCP_NODELAY, [0], [4]) = 0
23645 08:08:05 setsockopt(3, SOL_TCP, TCP_NODELAY, [1], 4) = 0
23645 08:08:05 getsockname(3, {sa_family=AF_INET, sin_port=htons(40660), sin_addr=inet_addr("10.0.0.4")}, [16]) = 0
23645 08:08:05 setsockopt(3, SOL_IP, IP_TOS, [16], 4) = 0
23645 08:08:05 ioctl(0, TIOCGWINSZ, {ws_row=9, ws_col=95, ws_xpixel=1425, ws_ypixel=252}) = 0
23645 08:08:05 clock_gettime(CLOCK_MONOTONIC, {32966, 753975079}) = 0
23645 08:08:05 clock_gettime(CLOCK_MONOTONIC, {32966, 753990306}) = 0
23645 08:08:05 select(7, [3], [3], NULL, NULL) = 1 (out [3])
23645 08:08:05 clock_gettime(CLOCK_MONOTONIC, {32966, 754040881}) = 0
23645 08:08:05 write(3, "\17\370?\373\254u4\271\2\367\375S\275\314pg(a\320\rX\200GuC\353\257\362,\274!\357"..., 384) = 384
23645 08:08:05 clock_gettime(CLOCK_MONOTONIC, {32966, 754109479}) = 0
23645 08:08:05 clock_gettime(CLOCK_MONOTONIC, {32966, 754124548}) = 0
23645 08:08:05 select(7, [3], [], NULL, NULL) = 1 (in [3])
23645 08:08:05 clock_gettime(CLOCK_MONOTONIC, {32966, 756238803}) = 0
23645 08:08:05 read(3, "\302$U4\370\231\364=\246\375!Yi\363\26z\342x\261\33P\312_CZ\v\"\307f\246\331%"..., 8192) = 88
23645 08:08:05 clock_gettime(CLOCK_MONOTONIC, {32966, 756287494}) = 0
23645 08:08:05 clock_gettime(CLOCK_MONOTONIC, {32966, 756302652}) = 0
23645 08:08:05 select(7, [3 4], [], NULL, NULL) = 1 (in [3])
23645 08:08:05 clock_gettime(CLOCK_MONOTONIC, {32966, 759070793}) = 0
23645 08:08:05 read(3, "\247\377\260U:\265b\335\336%C\315#}\266\v7\272\272+ \245y\360\362\302C\2)\276(\230"..., 8192) = 88
23645 08:08:05 clock_gettime(CLOCK_MONOTONIC, {32966, 759197071}) = 0
23645 08:08:05 clock_gettime(CLOCK_MONOTONIC, {32966, 759236104}) = 0
23645 08:08:05 select(7, [3 4], [5], NULL, NULL) = 1 (out [5])
23645 08:08:05 clock_gettime(CLOCK_MONOTONIC, {32966, 759381298}) = 0
23645 08:08:05 write(5, "Last login: Fri Feb  9 23:40:54 "..., 53) = 53
23645 08:08:05 clock_gettime(CLOCK_MONOTONIC, {32966, 759424568}) = 0
23645 08:08:05 clock_gettime(CLOCK_MONOTONIC, {32966, 759440840}) = 0
23645 08:08:05 select(7, [3 4], [], NULL, NULL) = 1 (in [3])
23645 08:08:05 clock_gettime(CLOCK_MONOTONIC, {32966, 819883321}) = 0
23645 08:08:05 read(3, "\26i\300\313\257\352\233\256\267\224\375\347Q\366z\265\364\357\226\272\342\306\333Hx\306\262i\5F\307\247"..., 8192) = 72
23645 08:08:05 clock_gettime(CLOCK_MONOTONIC, {32966, 819950806}) = 0
23645 08:08:05 clock_gettime(CLOCK_MONOTONIC, {32966, 819966164}) = 0
23645 08:08:05 select(7, [3 4], [5], NULL, NULL) = 1 (out [5])
23645 08:08:05 clock_gettime(CLOCK_MONOTONIC, {32966, 820021141}) = 0
23645 08:08:05 write(5, "\33]0;root@beatz:~\7\33[?1034h[root@b"..., 41) = 41
23645 08:08:05 clock_gettime(CLOCK_MONOTONIC, {32966, 820058446}) = 0
23645 08:08:05 clock_gettime(CLOCK_MONOTONIC, {32966, 820072728}) = 0
23645 08:08:05 select(7, [3 4], [], NULL, NULL) = 1 (in [4])
23645 08:08:09 clock_gettime(CLOCK_MONOTONIC, {32971, 192328855}) = 0
23645 08:08:09 read(4, "i", 16384)      = 1
23645 08:08:09 clock_gettime(CLOCK_MONOTONIC, {32971, 192425025}) = 0
23645 08:08:09 clock_gettime(CLOCK_MONOTONIC, {32971, 192452328}) = 0
23645 08:08:09 select(7, [3 4], [3], NULL, NULL) = 1 (out [3])
23645 08:08:09 clock_gettime(CLOCK_MONOTONIC, {32971, 192524332}) = 0
23645 08:08:09 write(3, "\10\237Q\31C\34\10\226\222\345\24\204\351\3\37u\361\vmBi\205\336\37\25\310\371\245\244\37D\220"..., 40) = 40
23645 08:08:09 clock_gettime(CLOCK_MONOTONIC, {32971, 192676398}) = 0
23645 08:08:09 clock_gettime(CLOCK_MONOTONIC, {32971, 192710181}) = 0
23645 08:08:09 select(7, [3 4], [], NULL, NULL) = 1 (in [3])
23645 08:08:09 clock_gettime(CLOCK_MONOTONIC, {32971, 194899159}) = 0
23645 08:08:09 read(3, "\242\220a\20\362(`|\37\2268\302\200^d\324\v\260\7\323\317\335\375NJ\241\367\217cK\255\315"..., 8192) = 40
23645 08:08:09 clock_gettime(CLOCK_MONOTONIC, {32971, 194977743}) = 0
23645 08:08:09 clock_gettime(CLOCK_MONOTONIC, {32971, 195016031}) = 0
23645 08:08:09 select(7, [3 4], [5], NULL, NULL) = 1 (out [5])
23645 08:08:09 clock_gettime(CLOCK_MONOTONIC, {32971, 195070749}) = 0
23645 08:08:09 write(5, "i", 1)         = 1
23645 08:08:09 clock_gettime(CLOCK_MONOTONIC, {32971, 195188755}) = 0
23645 08:08:09 clock_gettime(CLOCK_MONOTONIC, {32971, 195203883}) = 0
23645 08:08:09 select(7, [3 4], [], NULL, NULL) = 1 (in [4])
23645 08:08:09 clock_gettime(CLOCK_MONOTONIC, {32971, 262392597}) = 0
23645 08:08:09 read(4, "p", 16384)      = 1
23645 08:08:09 clock_gettime(CLOCK_MONOTONIC, {32971, 262506292}) = 0
23645 08:08:09 clock_gettime(CLOCK_MONOTONIC, {32971, 262532680}) = 0
23645 08:08:09 select(7, [3 4], [3], NULL, NULL) = 1 (out [3])
23645 08:08:09 clock_gettime(CLOCK_MONOTONIC, {32971, 262611508}) = 0
23645 08:08:09 write(3, "l(\240\20s\226{s\320\205\260\332\204\343\341J\"\215\16\264,\0\371\374\226\236\234\6\342\33\251&"..., 40) = 40
23645 08:08:09 clock_gettime(CLOCK_MONOTONIC, {32971, 263043806}) = 0
23645 08:08:09 clock_gettime(CLOCK_MONOTONIC, {32971, 263178250}) = 0
23645 08:08:09 select(7, [3 4], [], NULL, NULL) = 1 (in [3])
23645 08:08:09 clock_gettime(CLOCK_MONOTONIC, {32971, 264806270}) = 0
23645 08:08:09 read(3, "\27I\310\177\321\367\306Dm\306m?\375\250\327\1\325\373|\320\6\271\t\177\334(\252?g\275\347f"..., 8192) = 40
23645 08:08:09 clock_gettime(CLOCK_MONOTONIC, {32971, 264872392}) = 0
23645 08:08:09 clock_gettime(CLOCK_MONOTONIC, {32971, 264887459}) = 0
23645 08:08:09 select(7, [3 4], [5], NULL, NULL) = 1 (out [5])
23645 08:08:09 clock_gettime(CLOCK_MONOTONIC, {32971, 264924586}) = 0
23645 08:08:09 write(5, "p", 1)         = 1
23645 08:08:09 clock_gettime(CLOCK_MONOTONIC, {32971, 264958199}) = 0
23645 08:08:09 clock_gettime(CLOCK_MONOTONIC, {32971, 264972414}) = 0
23645 08:08:09 select(7, [3 4], [], NULL, NULL) = 1 (in [4])
23645 08:08:09 clock_gettime(CLOCK_MONOTONIC, {32971, 334199433}) = 0
23645 08:08:09 read(4, " ", 16384)      = 1
23645 08:08:09 clock_gettime(CLOCK_MONOTONIC, {32971, 334262952}) = 0
23645 08:08:09 clock_gettime(CLOCK_MONOTONIC, {32971, 334277418}) = 0
23645 08:08:09 select(7, [3 4], [3], NULL, NULL) = 1 (out [3])
23645 08:08:09 clock_gettime(CLOCK_MONOTONIC, {32971, 334321681}) = 0
23645 08:08:09 write(3, "H\246\316^;@\322^.\343\214\344\317=:\376\213rI\224\2515\265f:{\203\255\330\306l="..., 40) = 40
23645 08:08:09 clock_gettime(CLOCK_MONOTONIC, {32971, 334392256}) = 0
23645 08:08:09 clock_gettime(CLOCK_MONOTONIC, {32971, 334415942}) = 0
23645 08:08:09 select(7, [3 4], [], NULL, NULL) = 1 (in [3])
23645 08:08:09 clock_gettime(CLOCK_MONOTONIC, {32971, 336743946}) = 0
23645 08:08:09 read(3, "~\\\374\2}w\224+\250B\237\367\17\3\241\330X6d\314\360\336\10\342\v'T\20\217\262\201:"..., 8192) = 40
23645 08:08:09 clock_gettime(CLOCK_MONOTONIC, {32971, 336791471}) = 0
23645 08:08:09 clock_gettime(CLOCK_MONOTONIC, {32971, 336806364}) = 0
23645 08:08:09 select(7, [3 4], [5], NULL, NULL) = 1 (out [5])
23645 08:08:09 clock_gettime(CLOCK_MONOTONIC, {32971, 336842119}) = 0
23645 08:08:09 write(5, " ", 1)         = 1
23645 08:08:09 clock_gettime(CLOCK_MONOTONIC, {32971, 336874973}) = 0
23645 08:08:09 clock_gettime(CLOCK_MONOTONIC, {32971, 336889176}) = 0
23645 08:08:09 select(7, [3 4], [], NULL, NULL) = 1 (in [4])
23645 08:08:09 clock_gettime(CLOCK_MONOTONIC, {32971, 534552258}) = 0
23645 08:08:09 read(4, "a", 16384)      = 1
23645 08:08:09 clock_gettime(CLOCK_MONOTONIC, {32971, 534681726}) = 0
23645 08:08:09 clock_gettime(CLOCK_MONOTONIC, {32971, 534702546}) = 0
23645 08:08:09 select(7, [3 4], [3], NULL, NULL) = 1 (out [3])
23645 08:08:09 clock_gettime(CLOCK_MONOTONIC, {32971, 534743383}) = 0
23645 08:08:09 write(3, "\321\35\24edX\220\255c\347\3747Y\206\367\206\226yZ\326\257\332\"\214\266\210<\312N\244]\246"..., 40) = 40
23645 08:08:09 clock_gettime(CLOCK_MONOTONIC, {32971, 534832552}) = 0
23645 08:08:09 clock_gettime(CLOCK_MONOTONIC, {32971, 534849491}) = 0
23645 08:08:09 select(7, [3 4], [], NULL, NULL) = 1 (in [3])
23645 08:08:09 clock_gettime(CLOCK_MONOTONIC, {32971, 536807894}) = 0
23645 08:08:09 read(3, "\37#w\277\324\244\351c\216U]5'K/8\17\336\200\0163e\332\1K2\27x u\4;"..., 8192) = 40
23645 08:08:09 clock_gettime(CLOCK_MONOTONIC, {32971, 536879277}) = 0
23645 08:08:09 clock_gettime(CLOCK_MONOTONIC, {32971, 536896953}) = 0
23645 08:08:09 select(7, [3 4], [5], NULL, NULL) = 1 (out [5])
23645 08:08:09 clock_gettime(CLOCK_MONOTONIC, {32971, 536933214}) = 0
23645 08:08:09 write(5, "a", 1)         = 1
23645 08:08:09 clock_gettime(CLOCK_MONOTONIC, {32971, 536976461}) = 0
23645 08:08:09 clock_gettime(CLOCK_MONOTONIC, {32971, 536990219}) = 0
23645 08:08:09 select(7, [3 4], [], NULL, NULL) = 1 (in [4])
23645 08:08:09 clock_gettime(CLOCK_MONOTONIC, {32971, 692209616}) = 0
23645 08:08:09 read(4, "\r", 16384)     = 1
23645 08:08:09 clock_gettime(CLOCK_MONOTONIC, {32971, 692375275}) = 0
23645 08:08:09 clock_gettime(CLOCK_MONOTONIC, {32971, 692409089}) = 0
23645 08:08:09 select(7, [3 4], [3], NULL, NULL) = 1 (out [3])
23645 08:08:09 clock_gettime(CLOCK_MONOTONIC, {32971, 692491197}) = 0
23645 08:08:09 write(3, ";\226-\\b\270\"\242\2304\322.\37\322\355\267\30{\303r\222G\226\36;\3013\261\355\277\252\274"..., 40) = 40
23645 08:08:09 clock_gettime(CLOCK_MONOTONIC, {32971, 692733107}) = 0
23645 08:08:09 clock_gettime(CLOCK_MONOTONIC, {32971, 692763274}) = 0
23645 08:08:09 select(7, [3 4], [], NULL, NULL) = 1 (in [3])
23645 08:08:09 clock_gettime(CLOCK_MONOTONIC, {32971, 698702196}) = 0
23645 08:08:09 read(3, "\30388\371\334\310\204\30\355\0057f\20\362NUD\200Z\4\346\207\2136&K\201;\227\216\215\335"..., 8192) = 40
23645 08:08:09 clock_gettime(CLOCK_MONOTONIC, {32971, 698774033}) = 0
23645 08:08:09 clock_gettime(CLOCK_MONOTONIC, {32971, 698789901}) = 0
23645 08:08:09 select(7, [3 4], [5], NULL, NULL) = 1 (out [5])
23645 08:08:09 clock_gettime(CLOCK_MONOTONIC, {32971, 698827922}) = 0
23645 08:08:09 write(5, "\r\n", 2)      = 2
23645 08:08:09 clock_gettime(CLOCK_MONOTONIC, {32971, 698862302}) = 0
23645 08:08:09 clock_gettime(CLOCK_MONOTONIC, {32971, 698876642}) = 0
23645 08:08:09 select(7, [3 4], [], NULL, NULL) = 1 (in [3])
23645 08:08:09 clock_gettime(CLOCK_MONOTONIC, {32971, 720099971}) = 0
23645 08:08:09 read(3, "\34\334\v\206,\r\363#/5\2302\2451\373\365L\256\36\223\322\20\372\24\276!#\216Wl\232r"..., 8192) = 616
23645 08:08:09 clock_gettime(CLOCK_MONOTONIC, {32971, 720264176}) = 0
23645 08:08:09 clock_gettime(CLOCK_MONOTONIC, {32971, 720282312}) = 0
23645 08:08:09 select(7, [3 4], [5], NULL, NULL) = 1 (out [5])
23645 08:08:09 clock_gettime(CLOCK_MONOTONIC, {32971, 720324546}) = 0
23645 08:08:09 write(5, "1: lo: <LOOPBACK,UP,LOWER_UP> mt"..., 576) = 576
23645 08:08:09 clock_gettime(CLOCK_MONOTONIC, {32971, 720366687}) = 0
23645 08:08:09 clock_gettime(CLOCK_MONOTONIC, {32971, 720382196}) = 0
23645 08:08:09 select(7, [3 4], [], NULL, NULL) = 1 (in [4])
23645 08:12:41 clock_gettime(CLOCK_MONOTONIC, {33242, 814228802}) = 0
23645 08:12:41 read(4, "df", 16384)     = 2
23645 08:12:41 clock_gettime(CLOCK_MONOTONIC, {33242, 814299596}) = 0
23645 08:12:41 clock_gettime(CLOCK_MONOTONIC, {33242, 814319882}) = 0
23645 08:12:41 select(7, [3 4], [3], NULL, NULL) = 1 (out [3])
23645 08:12:41 clock_gettime(CLOCK_MONOTONIC, {33242, 814366921}) = 0
23645 08:12:41 write(3, "\202\277\325#o\30\200=kj\350\270\255K\252\317p6\363\255\10V`\222\363\222;\21\374\303Y\241"..., 40) = 40
23645 08:12:41 clock_gettime(CLOCK_MONOTONIC, {33242, 814460914}) = 0
23645 08:12:41 clock_gettime(CLOCK_MONOTONIC, {33242, 814485421}) = 0
23645 08:12:41 select(7, [3 4], [], NULL, NULL) = 1 (in [3])
23645 08:12:41 clock_gettime(CLOCK_MONOTONIC, {33242, 816731977}) = 0
23645 08:12:41 read(3, "Ka\253\325\0365/k\235\201`\341\335c\262HqOcd\355\216\342\237\375\207\213\226\342\222_\333"..., 8192) = 40
23645 08:12:41 clock_gettime(CLOCK_MONOTONIC, {33242, 816793528}) = 0
23645 08:12:41 clock_gettime(CLOCK_MONOTONIC, {33242, 816826763}) = 0
23645 08:12:41 select(7, [3 4], [5], NULL, NULL) = 1 (out [5])
23645 08:12:41 clock_gettime(CLOCK_MONOTONIC, {33242, 816885637}) = 0
23645 08:12:41 write(5, "df", 2)        = 2
23645 08:12:41 clock_gettime(CLOCK_MONOTONIC, {33242, 816933319}) = 0
23645 08:12:41 clock_gettime(CLOCK_MONOTONIC, {33242, 816949809}) = 0
23645 08:12:41 select(7, [3 4], [], NULL, NULL) = 1 (in [4])
23645 08:12:41 clock_gettime(CLOCK_MONOTONIC, {33243, 12242793}) = 0
23645 08:12:41 read(4, "\r", 16384)     = 1
23645 08:12:41 clock_gettime(CLOCK_MONOTONIC, {33243, 12331252}) = 0
23645 08:12:41 clock_gettime(CLOCK_MONOTONIC, {33243, 12359513}) = 0
23645 08:12:41 select(7, [3 4], [3], NULL, NULL) = 1 (out [3])
23645 08:12:41 clock_gettime(CLOCK_MONOTONIC, {33243, 12424542}) = 0
23645 08:12:41 write(3, "\322\22\251%tr\377\214$\243\207\2542W\325D\266\226F2D\256q<b\356\277\333.\373\272\356"..., 40) = 40
23645 08:12:41 clock_gettime(CLOCK_MONOTONIC, {33243, 12541273}) = 0
23645 08:12:41 clock_gettime(CLOCK_MONOTONIC, {33243, 12569617}) = 0
23645 08:12:41 select(7, [3 4], [], NULL, NULL) = 1 (in [3])
23645 08:12:41 clock_gettime(CLOCK_MONOTONIC, {33243, 14788587}) = 0
23645 08:12:41 read(3, "\210\210i\247F\324\33d\275\211.\376\230\232\207\212\3621&\246\362G\341\vy\7[,\212\311\355t"..., 8192) = 40
23645 08:12:41 clock_gettime(CLOCK_MONOTONIC, {33243, 14861553}) = 0
23645 08:12:41 clock_gettime(CLOCK_MONOTONIC, {33243, 14883218}) = 0
23645 08:12:41 select(7, [3 4], [5], NULL, NULL) = 1 (out [5])
23645 08:12:41 clock_gettime(CLOCK_MONOTONIC, {33243, 14934803}) = 0
23645 08:12:41 write(5, "\r\n", 2)      = 2
23645 08:12:41 clock_gettime(CLOCK_MONOTONIC, {33243, 14983488}) = 0
23645 08:12:41 clock_gettime(CLOCK_MONOTONIC, {33243, 15085494}) = 0
23645 08:12:41 select(7, [3 4], [], NULL, NULL) = 1 (in [3])
23645 08:12:41 clock_gettime(CLOCK_MONOTONIC, {33243, 20885752}) = 0
23645 08:12:41 read(3, "\2717z^\261z\24\310\337\325hm\356\340@\321Q,\201\332\317,K\37\253\202\272\32{(P\33"..., 8192) = 232
23645 08:12:41 clock_gettime(CLOCK_MONOTONIC, {33243, 21003411}) = 0
23645 08:12:41 clock_gettime(CLOCK_MONOTONIC, {33243, 21038430}) = 0
23645 08:12:41 select(7, [3 4], [5], NULL, NULL) = 1 (out [5])
23645 08:12:41 clock_gettime(CLOCK_MONOTONIC, {33243, 21087457}) = 0
23645 08:12:41 write(5, "Filesystem     1K-blocks    Used"..., 202) = 202
23645 08:12:41 clock_gettime(CLOCK_MONOTONIC, {33243, 21130609}) = 0
23645 08:12:41 clock_gettime(CLOCK_MONOTONIC, {33243, 21148938}) = 0
23645 08:12:41 select(7, [3 4], [], NULL, NULL) = 1 (in [4])
23645 08:12:42 clock_gettime(CLOCK_MONOTONIC, {33244, 86115507}) = 0
23645 08:12:42 read(4, "i", 16384)      = 1
23645 08:12:42 clock_gettime(CLOCK_MONOTONIC, {33244, 86452729}) = 0
23645 08:12:42 clock_gettime(CLOCK_MONOTONIC, {33244, 86500181}) = 0
23645 08:12:42 select(7, [3 4], [3], NULL, NULL) = 1 (out [3])
23645 08:12:42 clock_gettime(CLOCK_MONOTONIC, {33244, 86590215}) = 0
23645 08:12:42 write(3, "#\2300\3270\226\250)\266P}&lz:Z'<O\300\321\356\213t\274\276c~\30\255\236\251"..., 40) = 40
23645 08:12:42 clock_gettime(CLOCK_MONOTONIC, {33244, 86746339}) = 0
23645 08:12:42 clock_gettime(CLOCK_MONOTONIC, {33244, 86782236}) = 0
23645 08:12:42 select(7, [3 4], [], NULL, NULL) = 1 (in [3])
23645 08:12:42 clock_gettime(CLOCK_MONOTONIC, {33244, 88815430}) = 0
23645 08:12:42 read(3, "\273\226r|^/d\223\325\264\235;\246\336\357\311\33W\260W\352\266\334\2557\275\250\275 \304\260m"..., 8192) = 40
23645 08:12:42 clock_gettime(CLOCK_MONOTONIC, {33244, 88869088}) = 0
23645 08:12:42 clock_gettime(CLOCK_MONOTONIC, {33244, 88886218}) = 0
23645 08:12:42 select(7, [3 4], [5], NULL, NULL) = 1 (out [5])
23645 08:12:42 clock_gettime(CLOCK_MONOTONIC, {33244, 88926374}) = 0
23645 08:12:42 write(5, "i", 1)         = 1
23645 08:12:42 clock_gettime(CLOCK_MONOTONIC, {33244, 88964639}) = 0
23645 08:12:42 clock_gettime(CLOCK_MONOTONIC, {33244, 88980873}) = 0
23645 08:12:42 select(7, [3 4], [], NULL, NULL) = 1 (in [4])
23645 08:12:42 clock_gettime(CLOCK_MONOTONIC, {33244, 191337613}) = 0
23645 08:12:42 read(4, "f", 16384)      = 1
23645 08:12:42 clock_gettime(CLOCK_MONOTONIC, {33244, 191545632}) = 0
23645 08:12:42 clock_gettime(CLOCK_MONOTONIC, {33244, 191591027}) = 0
23645 08:12:42 select(7, [3 4], [3], NULL, NULL) = 1 (out [3])
23645 08:12:42 clock_gettime(CLOCK_MONOTONIC, {33244, 191657571}) = 0
23645 08:12:42 write(3, "\267QZ\226\255L\0o\27K\233\257\34\273\23B\226\207L\257\310vd\237\357b\252\224x\307f\206"..., 40) = 40
23645 08:12:42 clock_gettime(CLOCK_MONOTONIC, {33244, 191818184}) = 0
23645 08:12:42 clock_gettime(CLOCK_MONOTONIC, {33244, 191880395}) = 0
23645 08:12:42 select(7, [3 4], [], NULL, NULL) = 1 (in [3])
23645 08:12:42 clock_gettime(CLOCK_MONOTONIC, {33244, 193822257}) = 0
23645 08:12:42 read(3, "E;\213\257A*\271\270\354\225L92-I\210\271\36'\24h\240\356'\331S\272\320\243\3118\202"..., 8192) = 40
23645 08:12:42 clock_gettime(CLOCK_MONOTONIC, {33244, 193895120}) = 0
23645 08:12:42 clock_gettime(CLOCK_MONOTONIC, {33244, 193919799}) = 0
23645 08:12:42 select(7, [3 4], [5], NULL, NULL) = 1 (out [5])
23645 08:12:42 clock_gettime(CLOCK_MONOTONIC, {33244, 193983516}) = 0
23645 08:12:42 write(5, "f", 1)         = 1
23645 08:12:42 clock_gettime(CLOCK_MONOTONIC, {33244, 194073751}) = 0
23645 08:12:42 clock_gettime(CLOCK_MONOTONIC, {33244, 194089357}) = 0
23645 08:12:42 select(7, [3 4], [], NULL, NULL) = 1 (in [4])
23645 08:12:42 clock_gettime(CLOCK_MONOTONIC, {33244, 519208414}) = 0
23645 08:12:42 read(4, "c", 16384)      = 1
23645 08:12:42 clock_gettime(CLOCK_MONOTONIC, {33244, 519369687}) = 0
23645 08:12:42 clock_gettime(CLOCK_MONOTONIC, {33244, 519409170}) = 0
23645 08:12:42 select(7, [3 4], [3], NULL, NULL) = 1 (out [3])
23645 08:12:42 clock_gettime(CLOCK_MONOTONIC, {33244, 519468344}) = 0
23645 08:12:42 write(3, "\274j&h\352\v\276\316?n\21\252Z\231\23\241\231v\361Vp1jj\261d\250OD\223\211K"..., 40) = 40
23645 08:12:42 clock_gettime(CLOCK_MONOTONIC, {33244, 519603637}) = 0
23645 08:12:42 clock_gettime(CLOCK_MONOTONIC, {33244, 519640704}) = 0
23645 08:12:42 select(7, [3 4], [], NULL, NULL) = 1 (in [3])
23645 08:12:42 clock_gettime(CLOCK_MONOTONIC, {33244, 521778544}) = 0
23645 08:12:42 read(3, "55X\222<\204\203\254#\31\213\307\227g\243gJH\177\25\352\370\245/\312<\250\240\240\363\323C"..., 8192) = 40
23645 08:12:42 clock_gettime(CLOCK_MONOTONIC, {33244, 521840390}) = 0
23645 08:12:42 clock_gettime(CLOCK_MONOTONIC, {33244, 521859478}) = 0
23645 08:12:42 select(7, [3 4], [5], NULL, NULL) = 1 (out [5])
23645 08:12:42 clock_gettime(CLOCK_MONOTONIC, {33244, 521904659}) = 0
23645 08:12:42 write(5, "c", 1)         = 1
23645 08:12:42 clock_gettime(CLOCK_MONOTONIC, {33244, 521947284}) = 0
23645 08:12:42 clock_gettime(CLOCK_MONOTONIC, {33244, 521965596}) = 0
23645 08:12:42 select(7, [3 4], [], NULL, NULL) = 1 (in [4])
23645 08:12:43 clock_gettime(CLOCK_MONOTONIC, {33244, 977270710}) = 0
23645 08:12:43 read(4, "o", 16384)      = 1
23645 08:12:43 clock_gettime(CLOCK_MONOTONIC, {33244, 977330391}) = 0
23645 08:12:43 clock_gettime(CLOCK_MONOTONIC, {33244, 977347484}) = 0
23645 08:12:43 select(7, [3 4], [3], NULL, NULL) = 1 (out [3])
23645 08:12:43 clock_gettime(CLOCK_MONOTONIC, {33244, 977387738}) = 0
23645 08:12:43 write(3, "i\272\261\235\306\177\220\376\373?B//<\355Z\0078\22Q\372\275\210\265b\r\255@f\16\365!"..., 40) = 40
23645 08:12:43 clock_gettime(CLOCK_MONOTONIC, {33244, 977475689}) = 0
23645 08:12:43 clock_gettime(CLOCK_MONOTONIC, {33244, 977493451}) = 0
23645 08:12:43 select(7, [3 4], [], NULL, NULL) = 1 (in [3])
23645 08:12:43 clock_gettime(CLOCK_MONOTONIC, {33244, 979810300}) = 0
23645 08:12:43 read(3, "\367\372\355\342\375\20\360)\345G\nt\no\262Y\23\337\324\275!\3709\21\4\5\231]\2I\211b"..., 8192) = 40
23645 08:12:43 clock_gettime(CLOCK_MONOTONIC, {33244, 979878010}) = 0
23645 08:12:43 clock_gettime(CLOCK_MONOTONIC, {33244, 979894446}) = 0
23645 08:12:43 select(7, [3 4], [5], NULL, NULL) = 1 (out [5])
23645 08:12:43 clock_gettime(CLOCK_MONOTONIC, {33244, 979933161}) = 0
23645 08:12:43 write(5, "o", 1)         = 1
23645 08:12:43 clock_gettime(CLOCK_MONOTONIC, {33244, 979969347}) = 0
23645 08:12:43 clock_gettime(CLOCK_MONOTONIC, {33244, 980091018}) = 0
23645 08:12:43 select(7, [3 4], [], NULL, NULL) = 1 (in [4])
23645 08:12:43 clock_gettime(CLOCK_MONOTONIC, {33245, 368230062}) = 0
23645 08:12:43 read(4, "n", 16384)      = 1
23645 08:12:43 clock_gettime(CLOCK_MONOTONIC, {33245, 368434585}) = 0
23645 08:12:43 clock_gettime(CLOCK_MONOTONIC, {33245, 368456225}) = 0
23645 08:12:43 select(7, [3 4], [3], NULL, NULL) = 1 (out [3])
23645 08:12:43 clock_gettime(CLOCK_MONOTONIC, {33245, 368522108}) = 0
23645 08:12:43 write(3, "\252BT^\356\2222t\360R\222{\300%<\354\177\357\306\254\361\3349\203\355\345%5~Yf\v"..., 40) = 40
23645 08:12:43 clock_gettime(CLOCK_MONOTONIC, {33245, 368651007}) = 0
23645 08:12:43 clock_gettime(CLOCK_MONOTONIC, {33245, 368688312}) = 0
23645 08:12:43 select(7, [3 4], [], NULL, NULL) = 1 (in [3])
23645 08:12:43 clock_gettime(CLOCK_MONOTONIC, {33245, 370734899}) = 0
23645 08:12:43 read(3, "\351m\256\250\22\202D\311\342\6\223\317\217\277\17\7\314\377&\f\323\201\2553\206\4\5\217u\5\335\334"..., 8192) = 40
23645 08:12:43 clock_gettime(CLOCK_MONOTONIC, {33245, 370789166}) = 0
23645 08:12:43 clock_gettime(CLOCK_MONOTONIC, {33245, 370806262}) = 0
23645 08:12:43 select(7, [3 4], [5], NULL, NULL) = 1 (out [5])
23645 08:12:43 clock_gettime(CLOCK_MONOTONIC, {33245, 370846558}) = 0
23645 08:12:43 write(5, "n", 1)         = 1
23645 08:12:43 clock_gettime(CLOCK_MONOTONIC, {33245, 370884626}) = 0
23645 08:12:43 clock_gettime(CLOCK_MONOTONIC, {33245, 370900889}) = 0
23645 08:12:43 select(7, [3 4], [], NULL, NULL) = 1 (in [4])
23645 08:12:43 clock_gettime(CLOCK_MONOTONIC, {33245, 696203659}) = 0
23645 08:12:43 read(4, "f", 16384)      = 1
23645 08:12:43 clock_gettime(CLOCK_MONOTONIC, {33245, 696269217}) = 0
23645 08:12:43 clock_gettime(CLOCK_MONOTONIC, {33245, 696288316}) = 0
23645 08:12:43 select(7, [3 4], [3], NULL, NULL) = 1 (out [3])
23645 08:12:43 clock_gettime(CLOCK_MONOTONIC, {33245, 696456389}) = 0
23645 08:12:43 write(3, "\330\234\367\f\231W:\f\10!\203(\321\361\350bZ \317\6K\237=\0007dV\37\270@\277\26"..., 40) = 40
23645 08:12:43 clock_gettime(CLOCK_MONOTONIC, {33245, 696620382}) = 0
23645 08:12:43 clock_gettime(CLOCK_MONOTONIC, {33245, 696655824}) = 0
23645 08:12:43 select(7, [3 4], [], NULL, NULL) = 1 (in [3])
23645 08:12:43 clock_gettime(CLOCK_MONOTONIC, {33245, 698907513}) = 0
23645 08:12:43 read(3, "\360\271\200Eiy\27\301\7(\371L\256\20\263\350\27\33\26\262\3\352\344\311\312Z\374\f\324\32Mp"..., 8192) = 40
23645 08:12:43 clock_gettime(CLOCK_MONOTONIC, {33245, 698963152}) = 0
23645 08:12:43 clock_gettime(CLOCK_MONOTONIC, {33245, 698980358}) = 0
23645 08:12:43 select(7, [3 4], [5], NULL, NULL) = 1 (out [5])
23645 08:12:43 clock_gettime(CLOCK_MONOTONIC, {33245, 699037037}) = 0
23645 08:12:43 write(5, "f", 1)         = 1
23645 08:12:43 clock_gettime(CLOCK_MONOTONIC, {33245, 699075612}) = 0
23645 08:12:43 clock_gettime(CLOCK_MONOTONIC, {33245, 699091944}) = 0
23645 08:12:43 select(7, [3 4], [], NULL, NULL) = 1 (in [4])
23645 08:12:44 clock_gettime(CLOCK_MONOTONIC, {33245, 783161719}) = 0
23645 08:12:44 read(4, "i", 16384)      = 1
23645 08:12:44 clock_gettime(CLOCK_MONOTONIC, {33245, 783232619}) = 0
23645 08:12:44 clock_gettime(CLOCK_MONOTONIC, {33245, 783254618}) = 0
23645 08:12:44 select(7, [3 4], [3], NULL, NULL) = 1 (out [3])
23645 08:12:44 clock_gettime(CLOCK_MONOTONIC, {33245, 783544728}) = 0
23645 08:12:44 write(3, "\252g{6\374\337\5I#\330\376F0\6\337}\370).\215#S^\256\336Zze\352\317\337Q"..., 40) = 40
23645 08:12:44 clock_gettime(CLOCK_MONOTONIC, {33245, 783689605}) = 0
23645 08:12:44 clock_gettime(CLOCK_MONOTONIC, {33245, 783785826}) = 0
23645 08:12:44 select(7, [3 4], [], NULL, NULL) = 1 (in [3])
23645 08:12:44 clock_gettime(CLOCK_MONOTONIC, {33245, 785837046}) = 0
23645 08:12:44 read(3, "\257\341E\214\0166G\\K;\26\327\35\23Y3\30\275s\325\243\23,p/\236Q\316r\360y\325"..., 8192) = 40
23645 08:12:44 clock_gettime(CLOCK_MONOTONIC, {33245, 785893968}) = 0
23645 08:12:44 clock_gettime(CLOCK_MONOTONIC, {33245, 785912345}) = 0
23645 08:12:44 select(7, [3 4], [5], NULL, NULL) = 1 (out [5])
23645 08:12:44 clock_gettime(CLOCK_MONOTONIC, {33245, 785966745}) = 0
23645 08:12:44 write(5, "i", 1)         = 1
23645 08:12:44 clock_gettime(CLOCK_MONOTONIC, {33245, 786092956}) = 0
23645 08:12:44 clock_gettime(CLOCK_MONOTONIC, {33245, 786140646}) = 0
23645 08:12:44 select(7, [3 4], [], NULL, NULL) = 1 (in [4])
23645 08:12:44 clock_gettime(CLOCK_MONOTONIC, {33245, 919268886}) = 0
23645 08:12:44 read(4, "g", 16384)      = 1
23645 08:12:44 clock_gettime(CLOCK_MONOTONIC, {33245, 919340754}) = 0
23645 08:12:44 clock_gettime(CLOCK_MONOTONIC, {33245, 919359104}) = 0
23645 08:12:44 select(7, [3 4], [3], NULL, NULL) = 1 (out [3])
23645 08:12:44 clock_gettime(CLOCK_MONOTONIC, {33245, 919402381}) = 0
23645 08:12:44 write(3, "9\255=+tx\227\231\227\347C9\326\227\r\322m\363\362\36\250\331\340\20\236\223w\314BB\343\220"..., 40) = 40
23645 08:12:44 clock_gettime(CLOCK_MONOTONIC, {33245, 919488011}) = 0
23645 08:12:44 clock_gettime(CLOCK_MONOTONIC, {33245, 919506937}) = 0
23645 08:12:44 select(7, [3 4], [], NULL, NULL) = 1 (in [3])
23645 08:12:44 clock_gettime(CLOCK_MONOTONIC, {33245, 921901042}) = 0
23645 08:12:44 read(3, "\266\237\t\302\301\257\257\23\1\307\3f&\312'\22\265\337)\357\354=\355\255\340\233iA_\214\31\313"..., 8192) = 40
23645 08:12:44 clock_gettime(CLOCK_MONOTONIC, {33245, 921957137}) = 0
23645 08:12:44 clock_gettime(CLOCK_MONOTONIC, {33245, 921973430}) = 0
23645 08:12:44 select(7, [3 4], [5], NULL, NULL) = 1 (out [5])
23645 08:12:44 clock_gettime(CLOCK_MONOTONIC, {33245, 922042674}) = 0
23645 08:12:44 write(5, "g", 1)         = 1
23645 08:12:44 clock_gettime(CLOCK_MONOTONIC, {33245, 922081120}) = 0
23645 08:12:44 clock_gettime(CLOCK_MONOTONIC, {33245, 922097086}) = 0
23645 08:12:44 select(7, [3 4], [], NULL, NULL) = 1 (in [4])
23645 08:12:44 clock_gettime(CLOCK_MONOTONIC, {33246, 124365560}) = 0
23645 08:12:44 read(4, "\r", 16384)     = 1
23645 08:12:44 clock_gettime(CLOCK_MONOTONIC, {33246, 124495963}) = 0
23645 08:12:44 clock_gettime(CLOCK_MONOTONIC, {33246, 124531048}) = 0
23645 08:12:44 select(7, [3 4], [3], NULL, NULL) = 1 (out [3])
23645 08:12:44 clock_gettime(CLOCK_MONOTONIC, {33246, 124630536}) = 0
23645 08:12:44 write(3, "@\246\235*\313\27\351\264S\224\4\347\242Y\303\"?L\250vA\20\217\24S\205^S,\355\25\235"..., 40) = 40
23645 08:12:44 clock_gettime(CLOCK_MONOTONIC, {33246, 124786445}) = 0
23645 08:12:44 clock_gettime(CLOCK_MONOTONIC, {33246, 124813702}) = 0
23645 08:12:44 select(7, [3 4], [], NULL, NULL) = 1 (in [3])
23645 08:12:44 clock_gettime(CLOCK_MONOTONIC, {33246, 126783013}) = 0
23645 08:12:44 read(3, "\314\276\344R\331\240\355\236\304\336R2\303i(:\260\205\\;\345\253\203\353*\20\305y\5\373\24\357"..., 8192) = 40
23645 08:12:44 clock_gettime(CLOCK_MONOTONIC, {33246, 126841237}) = 0
23645 08:12:44 clock_gettime(CLOCK_MONOTONIC, {33246, 126855192}) = 0
23645 08:12:44 select(7, [3 4], [5], NULL, NULL) = 1 (out [5])
23645 08:12:44 clock_gettime(CLOCK_MONOTONIC, {33246, 126888128}) = 0
23645 08:12:44 write(5, "\r\n", 2)      = 2
23645 08:12:44 clock_gettime(CLOCK_MONOTONIC, {33246, 126919824}) = 0
23645 08:12:44 clock_gettime(CLOCK_MONOTONIC, {33246, 126932999}) = 0
23645 08:12:44 select(7, [3 4], [], NULL, NULL) = 1 (in [3])
23645 08:12:44 clock_gettime(CLOCK_MONOTONIC, {33246, 139827610}) = 0
23645 08:12:44 read(3, "\362\371\343d\377G\231;\2\317\246\221\216\236\22\255\261Z\332\357\35x\201l,\220C\372\272\332&\23"..., 8192) = 952
23645 08:12:44 clock_gettime(CLOCK_MONOTONIC, {33246, 139886906}) = 0
23645 08:12:44 clock_gettime(CLOCK_MONOTONIC, {33246, 139903435}) = 0
23645 08:12:44 select(7, [3 4], [5], NULL, NULL) = 1 (out [5])
23645 08:12:44 clock_gettime(CLOCK_MONOTONIC, {33246, 139943393}) = 0
23645 08:12:44 write(5, "eth0      Link encap:Ethernet  H"..., 917) = 917
23645 08:12:44 clock_gettime(CLOCK_MONOTONIC, {33246, 139991762}) = 0
23645 08:12:44 clock_gettime(CLOCK_MONOTONIC, {33246, 140083702}) = 0
23645 08:12:44 select(7, [3 4], [], NULL, NULL) = 1 (in [4])
23645 08:12:45 clock_gettime(CLOCK_MONOTONIC, {33247, 564189412}) = 0
23645 08:12:45 read(4, "i", 16384)      = 1
23645 08:12:45 clock_gettime(CLOCK_MONOTONIC, {33247, 564305936}) = 0
23645 08:12:45 clock_gettime(CLOCK_MONOTONIC, {33247, 564360104}) = 0
23645 08:12:45 select(7, [3 4], [3], NULL, NULL) = 1 (out [3])
23645 08:12:45 clock_gettime(CLOCK_MONOTONIC, {33247, 564431137}) = 0
23645 08:12:45 write(3, "\232\251F$\347'\22mk\237o\26\311\200\371\215\312\326(\343\200\337\223r\261c\270o\311%\227\7"..., 40) = 40
23645 08:12:45 clock_gettime(CLOCK_MONOTONIC, {33247, 564697289}) = 0
23645 08:12:45 clock_gettime(CLOCK_MONOTONIC, {33247, 564730339}) = 0
23645 08:12:45 select(7, [3 4], [], NULL, NULL) = 1 (in [3])
23645 08:12:45 clock_gettime(CLOCK_MONOTONIC, {33247, 566734612}) = 0
23645 08:12:45 read(3, "\310yM\22_\330\365SVg\262*\323\2163L\237\227\252\353\5\0204\276\316\330n\340\21\273(\5"..., 8192) = 40
23645 08:12:45 clock_gettime(CLOCK_MONOTONIC, {33247, 566850324}) = 0
23645 08:12:45 clock_gettime(CLOCK_MONOTONIC, {33247, 566873499}) = 0
23645 08:12:45 select(7, [3 4], [5], NULL, NULL) = 1 (out [5])
23645 08:12:45 clock_gettime(CLOCK_MONOTONIC, {33247, 566914071}) = 0
23645 08:12:45 write(5, "i", 1)         = 1
23645 08:12:45 clock_gettime(CLOCK_MONOTONIC, {33247, 566949795}) = 0
23645 08:12:45 clock_gettime(CLOCK_MONOTONIC, {33247, 566964835}) = 0
23645 08:12:45 select(7, [3 4], [], NULL, NULL) = 1 (in [4])
23645 08:12:45 clock_gettime(CLOCK_MONOTONIC, {33247, 689382257}) = 0
23645 08:12:45 read(4, "p", 16384)      = 1
23645 08:12:45 clock_gettime(CLOCK_MONOTONIC, {33247, 689787353}) = 0
23645 08:12:45 clock_gettime(CLOCK_MONOTONIC, {33247, 689837540}) = 0
23645 08:12:45 select(7, [3 4], [3], NULL, NULL) = 1 (out [3])
23645 08:12:45 clock_gettime(CLOCK_MONOTONIC, {33247, 689893133}) = 0
23645 08:12:45 write(3, "\315\372\251*\25\212zg\371fQ\273\367\237\237<\323\217\333\213\321Q\t\203]\253\312\300\33~\310\260"..., 40) = 40
23645 08:12:45 clock_gettime(CLOCK_MONOTONIC, {33247, 690067794}) = 0
23645 08:12:45 clock_gettime(CLOCK_MONOTONIC, {33247, 690107603}) = 0
23645 08:12:45 select(7, [3 4], [], NULL, NULL) = 1 (in [3])
23645 08:12:45 clock_gettime(CLOCK_MONOTONIC, {33247, 691860950}) = 0
23645 08:12:45 read(3, ";\fS\4\202\3645\256\325\350\324\244r\270\5{\200\255\251\225\225V\313Z\204\256H\213\201o\215D"..., 8192) = 40
23645 08:12:45 clock_gettime(CLOCK_MONOTONIC, {33247, 691958107}) = 0
23645 08:12:45 clock_gettime(CLOCK_MONOTONIC, {33247, 691979815}) = 0
23645 08:12:45 select(7, [3 4], [5], NULL, NULL) = 1 (out [5])
23645 08:12:45 clock_gettime(CLOCK_MONOTONIC, {33247, 692054333}) = 0
23645 08:12:45 write(5, "p", 1)         = 1
23645 08:12:45 clock_gettime(CLOCK_MONOTONIC, {33247, 692211106}) = 0
23645 08:12:45 clock_gettime(CLOCK_MONOTONIC, {33247, 692231509}) = 0
23645 08:12:45 select(7, [3 4], [], NULL, NULL) = 1 (in [4])
23645 08:12:46 clock_gettime(CLOCK_MONOTONIC, {33247, 790299132}) = 0
23645 08:12:46 read(4, " ", 16384)      = 1
23645 08:12:46 clock_gettime(CLOCK_MONOTONIC, {33247, 790390255}) = 0
23645 08:12:46 clock_gettime(CLOCK_MONOTONIC, {33247, 790434530}) = 0
23645 08:12:46 select(7, [3 4], [3], NULL, NULL) = 1 (out [3])
23645 08:12:46 clock_gettime(CLOCK_MONOTONIC, {33247, 790478210}) = 0
23645 08:12:46 write(3, "\245\236\251\4\6\332U+\377O\225\370\322}\337\212n|1\246\245v\352\205\365\322\316\335\213\201\337^"..., 40) = 40
23645 08:12:46 clock_gettime(CLOCK_MONOTONIC, {33247, 790554091}) = 0
23645 08:12:46 clock_gettime(CLOCK_MONOTONIC, {33247, 790597553}) = 0
23645 08:12:46 select(7, [3 4], [], NULL, NULL) = 1 (in [3])
23645 08:12:46 clock_gettime(CLOCK_MONOTONIC, {33247, 792793052}) = 0
23645 08:12:46 read(3, "\361\1\214\355\311\236CKA\323\251\201{\273@\17\177\32713\330\2\330\330|\264\353\317\351\314\23\1"..., 8192) = 40
23645 08:12:46 clock_gettime(CLOCK_MONOTONIC, {33247, 792867915}) = 0
23645 08:12:46 clock_gettime(CLOCK_MONOTONIC, {33247, 792893896}) = 0
23645 08:12:46 select(7, [3 4], [5], NULL, NULL) = 1 (out [5])
23645 08:12:46 clock_gettime(CLOCK_MONOTONIC, {33247, 792931011}) = 0
23645 08:12:46 write(5, " ", 1)         = 1
23645 08:12:46 clock_gettime(CLOCK_MONOTONIC, {33247, 792964188}) = 0
23645 08:12:46 clock_gettime(CLOCK_MONOTONIC, {33247, 792987265}) = 0
23645 08:12:46 select(7, [3 4], [], NULL, NULL) = 1 (in [4])
23645 08:12:46 clock_gettime(CLOCK_MONOTONIC, {33247, 968606507}) = 0
23645 08:12:46 read(4, "a", 16384)      = 1
23645 08:12:46 clock_gettime(CLOCK_MONOTONIC, {33247, 968756068}) = 0
23645 08:12:46 clock_gettime(CLOCK_MONOTONIC, {33247, 968777898}) = 0
23645 08:12:46 select(7, [3 4], [3], NULL, NULL) = 1 (out [3])
23645 08:12:46 clock_gettime(CLOCK_MONOTONIC, {33247, 968828559}) = 0
23645 08:12:46 write(3, "\25BQ\r\322\350'\2050\31\373vV\240&\313\1\207\24\0Ok/\203Dr\0165\374!\370\312"..., 40) = 40
23645 08:12:46 clock_gettime(CLOCK_MONOTONIC, {33247, 968926859}) = 0
23645 08:12:46 clock_gettime(CLOCK_MONOTONIC, {33247, 968966039}) = 0
23645 08:12:46 select(7, [3 4], [], NULL, NULL) = 1 (in [3])
23645 08:12:46 clock_gettime(CLOCK_MONOTONIC, {33247, 970885367}) = 0
23645 08:12:46 read(3, "l\231\251\231w3\220\\\230\7)\231\20\243\177\200]A\362\301b\234\20\332\233\321\314\372\nq\253P"..., 8192) = 40
23645 08:12:46 clock_gettime(CLOCK_MONOTONIC, {33247, 970974270}) = 0
23645 08:12:46 clock_gettime(CLOCK_MONOTONIC, {33247, 971018243}) = 0
23645 08:12:46 select(7, [3 4], [5], NULL, NULL) = 1 (out [5])
23645 08:12:46 clock_gettime(CLOCK_MONOTONIC, {33247, 971153080}) = 0
23645 08:12:46 write(5, "a", 1)         = 1
23645 08:12:46 clock_gettime(CLOCK_MONOTONIC, {33247, 971198665}) = 0
23645 08:12:46 clock_gettime(CLOCK_MONOTONIC, {33247, 971216828}) = 0
23645 08:12:46 select(7, [3 4], [], NULL, NULL) = 1 (in [4])
23645 08:12:46 clock_gettime(CLOCK_MONOTONIC, {33248, 260299707}) = 0
23645 08:12:46 read(4, "\r", 16384)     = 1
23645 08:12:46 clock_gettime(CLOCK_MONOTONIC, {33248, 260372779}) = 0
23645 08:12:46 clock_gettime(CLOCK_MONOTONIC, {33248, 260393507}) = 0
23645 08:12:46 select(7, [3 4], [3], NULL, NULL) = 1 (out [3])
23645 08:12:46 clock_gettime(CLOCK_MONOTONIC, {33248, 260443291}) = 0
23645 08:12:46 write(3, "H\364\252\1U\211isg\356w\0\246\35\t\313\371R@\361D\200\300\270\362M\37w\334\177\360\247"..., 40) = 40
23645 08:12:46 clock_gettime(CLOCK_MONOTONIC, {33248, 260530880}) = 0
23645 08:12:46 clock_gettime(CLOCK_MONOTONIC, {33248, 260552017}) = 0
23645 08:12:46 select(7, [3 4], [], NULL, NULL) = 1 (in [3])
23645 08:12:46 clock_gettime(CLOCK_MONOTONIC, {33248, 262757290}) = 0
23645 08:12:46 read(3, "\22\253\275so\217Uc;\243\0\332\215\341\2439\261U\317\6\375\23\6\5\0\211\347\336~\25C\306"..., 8192) = 40
23645 08:12:46 clock_gettime(CLOCK_MONOTONIC, {33248, 262816394}) = 0
23645 08:12:46 clock_gettime(CLOCK_MONOTONIC, {33248, 262834593}) = 0
23645 08:12:46 select(7, [3 4], [5], NULL, NULL) = 1 (out [5])
23645 08:12:46 clock_gettime(CLOCK_MONOTONIC, {33248, 262878699}) = 0
23645 08:12:46 write(5, "\r\n", 2)      = 2
23645 08:12:46 clock_gettime(CLOCK_MONOTONIC, {33248, 262919415}) = 0
23645 08:12:46 clock_gettime(CLOCK_MONOTONIC, {33248, 262936800}) = 0
23645 08:12:46 select(7, [3 4], [], NULL, NULL) = 1 (in [3])
23645 08:12:46 clock_gettime(CLOCK_MONOTONIC, {33248, 263681670}) = 0
23645 08:12:46 read(3, "\304/\337\220?\274\335\203\353\353\3333k\275\323|\266\355\224ATs\214\342Z\240\323\3733\277\373G"..., 8192) = 584
23645 08:12:46 clock_gettime(CLOCK_MONOTONIC, {33248, 263740973}) = 0
23645 08:12:46 clock_gettime(CLOCK_MONOTONIC, {33248, 263759701}) = 0
23645 08:12:46 select(7, [3 4], [5], NULL, NULL) = 1 (out [5])
23645 08:12:46 clock_gettime(CLOCK_MONOTONIC, {33248, 263803057}) = 0
23645 08:12:46 write(5, "1: lo: <LOOPBACK,UP,LOWER_UP> mt"..., 543) = 543
23645 08:12:46 clock_gettime(CLOCK_MONOTONIC, {33248, 263848273}) = 0
23645 08:12:46 clock_gettime(CLOCK_MONOTONIC, {33248, 263865708}) = 0
23645 08:12:46 select(7, [3 4], [], NULL, NULL) = 1 (in [3])
23645 08:12:46 clock_gettime(CLOCK_MONOTONIC, {33248, 264850283}) = 0
23645 08:12:46 read(3, "O\230\2\22\275\372}\353\21\31\314\21\303\31\266X\21!+\355\r\215SM\35\36\16U\365\266F\335"..., 8192) = 72
23645 08:12:46 clock_gettime(CLOCK_MONOTONIC, {33248, 264910829}) = 0
23645 08:12:46 clock_gettime(CLOCK_MONOTONIC, {33248, 264931482}) = 0
23645 08:12:46 select(7, [3 4], [5], NULL, NULL) = 1 (out [5])
23645 08:12:46 clock_gettime(CLOCK_MONOTONIC, {33248, 264992890}) = 0
23645 08:12:46 write(5, "\33]0;root@beatz:~\7[root@beatz ~]#"..., 33) = 33
23645 08:12:46 clock_gettime(CLOCK_MONOTONIC, {33248, 265057159}) = 0
23645 08:12:46 clock_gettime(CLOCK_MONOTONIC, {33248, 265076979}) = 0
23645 08:12:46 select(7, [3 4], [], NULL, NULL) = 1 (in [4])
23645 08:12:48 clock_gettime(CLOCK_MONOTONIC, {33250, 32204484}) = 0
23645 08:12:48 read(4, "l", 16384)      = 1
23645 08:12:48 clock_gettime(CLOCK_MONOTONIC, {33250, 32268692}) = 0
23645 08:12:48 clock_gettime(CLOCK_MONOTONIC, {33250, 32287228}) = 0
23645 08:12:48 select(7, [3 4], [3], NULL, NULL) = 1 (out [3])
23645 08:12:48 clock_gettime(CLOCK_MONOTONIC, {33250, 32330462}) = 0
23645 08:12:48 write(3, "*\7\360i\314\313\364\36_pv\22\345\304,L\324Z\257\35\304\37\234\331QW\r\327B\274\202\222"..., 40) = 40
23645 08:12:48 clock_gettime(CLOCK_MONOTONIC, {33250, 32412732}) = 0
23645 08:12:48 clock_gettime(CLOCK_MONOTONIC, {33250, 32431602}) = 0
23645 08:12:48 select(7, [3 4], [], NULL, NULL) = 1 (in [3])
23645 08:12:48 clock_gettime(CLOCK_MONOTONIC, {33250, 34790248}) = 0
23645 08:12:48 read(3, "u\317\321\363\356\352\244j\316\25F\\#=\234\35\201n\230\346\255Rn\215\320\226\202\266Y\237\30\276"..., 8192) = 40
23645 08:12:48 clock_gettime(CLOCK_MONOTONIC, {33250, 34842053}) = 0
23645 08:12:48 clock_gettime(CLOCK_MONOTONIC, {33250, 34858255}) = 0
23645 08:12:48 select(7, [3 4], [5], NULL, NULL) = 1 (out [5])
23645 08:12:48 clock_gettime(CLOCK_MONOTONIC, {33250, 34897024}) = 0
23645 08:12:48 write(5, "l", 1)         = 1
23645 08:12:48 clock_gettime(CLOCK_MONOTONIC, {33250, 34933547}) = 0
23645 08:12:48 clock_gettime(CLOCK_MONOTONIC, {33250, 34949032}) = 0
23645 08:12:48 select(7, [3 4], [], NULL, NULL) = 1 (in [4])
23645 08:12:48 clock_gettime(CLOCK_MONOTONIC, {33250, 133132258}) = 0
23645 08:12:48 read(4, "s", 16384)      = 1
23645 08:12:48 clock_gettime(CLOCK_MONOTONIC, {33250, 133187069}) = 0
23645 08:12:48 clock_gettime(CLOCK_MONOTONIC, {33250, 133201651}) = 0
23645 08:12:48 select(7, [3 4], [3], NULL, NULL) = 1 (out [3])
23645 08:12:48 clock_gettime(CLOCK_MONOTONIC, {33250, 133245193}) = 0
23645 08:12:48 write(3, "J4{\221p\367\266\365\331cYn\214\213\256\352_2\253!)\32=V\256x\243v\354>\324\221"..., 40) = 40
23645 08:12:48 clock_gettime(CLOCK_MONOTONIC, {33250, 133421183}) = 0
23645 08:12:48 clock_gettime(CLOCK_MONOTONIC, {33250, 133457336}) = 0
23645 08:12:48 select(7, [3 4], [], NULL, NULL) = 1 (in [3])
23645 08:12:48 clock_gettime(CLOCK_MONOTONIC, {33250, 135850853}) = 0
23645 08:12:48 read(3, "4\200\16\334W\341\244+~\205c\304\372\232\21T\315\221\20\262\345Q\20y\20w3'\316kT6"..., 8192) = 40
23645 08:12:48 clock_gettime(CLOCK_MONOTONIC, {33250, 135903016}) = 0
23645 08:12:48 clock_gettime(CLOCK_MONOTONIC, {33250, 135917536}) = 0
23645 08:12:48 select(7, [3 4], [5], NULL, NULL) = 1 (out [5])
23645 08:12:48 clock_gettime(CLOCK_MONOTONIC, {33250, 135952125}) = 0
23645 08:12:48 write(5, "s", 1)         = 1
23645 08:12:48 clock_gettime(CLOCK_MONOTONIC, {33250, 135985548}) = 0
23645 08:12:48 clock_gettime(CLOCK_MONOTONIC, {33250, 136081174}) = 0
23645 08:12:48 select(7, [3 4], [], NULL, NULL) = 1 (in [4])
23645 08:12:48 clock_gettime(CLOCK_MONOTONIC, {33250, 294327200}) = 0
23645 08:12:48 read(4, "\r", 16384)     = 1
23645 08:12:48 clock_gettime(CLOCK_MONOTONIC, {33250, 294443962}) = 0
23645 08:12:48 clock_gettime(CLOCK_MONOTONIC, {33250, 294463947}) = 0
23645 08:12:48 select(7, [3 4], [3], NULL, NULL) = 1 (out [3])
23645 08:12:48 clock_gettime(CLOCK_MONOTONIC, {33250, 294513095}) = 0
23645 08:12:48 write(3, "C\213B<\234\350\33\343&i\256\256q,\4\6\254{\272\356\2219Qc\202\251k\231\1\25\3732"..., 40) = 40
23645 08:12:48 clock_gettime(CLOCK_MONOTONIC, {33250, 294613621}) = 0
23645 08:12:48 clock_gettime(CLOCK_MONOTONIC, {33250, 294633478}) = 0
23645 08:12:48 select(7, [3 4], [], NULL, NULL) = 1 (in [3])
23645 08:12:48 clock_gettime(CLOCK_MONOTONIC, {33250, 296749269}) = 0
23645 08:12:48 read(3, "\16~\216E \262\302q\213i]\356\17\17)M6#\1\326\30(\r\26\200#\342\210\315c_>"..., 8192) = 40
23645 08:12:48 clock_gettime(CLOCK_MONOTONIC, {33250, 296855800}) = 0
23645 08:12:48 clock_gettime(CLOCK_MONOTONIC, {33250, 296876412}) = 0
23645 08:12:48 select(7, [3 4], [5], NULL, NULL) = 1 (out [5])
23645 08:12:48 clock_gettime(CLOCK_MONOTONIC, {33250, 296921121}) = 0
23645 08:12:48 write(5, "\r\n", 2)      = 2
23645 08:12:48 clock_gettime(CLOCK_MONOTONIC, {33250, 296962732}) = 0
23645 08:12:48 clock_gettime(CLOCK_MONOTONIC, {33250, 296980450}) = 0
23645 08:12:48 select(7, [3 4], [], NULL, NULL) = 1 (in [3])
23645 08:12:48 clock_gettime(CLOCK_MONOTONIC, {33250, 298765717}) = 0
23645 08:12:48 read(3, "%WD<\303\274|\375\263w\337\26\7\203\7(!\31\270~\37\230\302Q]\270()\302z*\270"..., 8192) = 120
23645 08:12:48 clock_gettime(CLOCK_MONOTONIC, {33250, 298814233}) = 0
23645 08:12:48 clock_gettime(CLOCK_MONOTONIC, {33250, 298830560}) = 0
23645 08:12:48 select(7, [3 4], [5], NULL, NULL) = 1 (out [5])
23645 08:12:48 clock_gettime(CLOCK_MONOTONIC, {33250, 298868709}) = 0
23645 08:12:48 write(5, "anaconda-ks.cfg  install.log  in"..., 83) = 83
23645 08:12:48 clock_gettime(CLOCK_MONOTONIC, {33250, 298904470}) = 0
23645 08:12:48 clock_gettime(CLOCK_MONOTONIC, {33250, 298919762}) = 0
23645 08:12:48 select(7, [3 4], [], NULL, NULL) = 1 (in [4])
23645 08:12:52 clock_gettime(CLOCK_MONOTONIC, {33254, 186233006}) = 0
23645 08:12:52 read(4, "e", 16384)      = 1
23645 08:12:52 clock_gettime(CLOCK_MONOTONIC, {33254, 186322665}) = 0
23645 08:12:52 clock_gettime(CLOCK_MONOTONIC, {33254, 186349607}) = 0
23645 08:12:52 select(7, [3 4], [3], NULL, NULL) = 1 (out [3])
23645 08:12:52 clock_gettime(CLOCK_MONOTONIC, {33254, 186410914}) = 0
23645 08:12:52 write(3, "\220\267e\261~\v\335\272\314 *fb\34\331}\274\10\315\222i\337\347\346;7Y\356{\216<\320"..., 40) = 40
23645 08:12:52 clock_gettime(CLOCK_MONOTONIC, {33254, 186523104}) = 0
23645 08:12:52 clock_gettime(CLOCK_MONOTONIC, {33254, 186548501}) = 0
23645 08:12:52 select(7, [3 4], [], NULL, NULL) = 1 (in [3])
23645 08:12:52 clock_gettime(CLOCK_MONOTONIC, {33254, 188770200}) = 0
23645 08:12:52 read(3, "\336\224H\5\240\234\23782\26\17\201\321\3373\324\357o\3\201Y\361\330\0020\26\325\340\254\325\354*"..., 8192) = 40
23645 08:12:52 clock_gettime(CLOCK_MONOTONIC, {33254, 188888434}) = 0
23645 08:12:52 clock_gettime(CLOCK_MONOTONIC, {33254, 188930238}) = 0
23645 08:12:52 select(7, [3 4], [5], NULL, NULL) = 1 (out [5])
23645 08:12:52 clock_gettime(CLOCK_MONOTONIC, {33254, 189133706}) = 0
23645 08:12:52 write(5, "e", 1)         = 1
23645 08:12:52 clock_gettime(CLOCK_MONOTONIC, {33254, 189194697}) = 0
23645 08:12:52 clock_gettime(CLOCK_MONOTONIC, {33254, 189220550}) = 0
23645 08:12:52 select(7, [3 4], [], NULL, NULL) = 1 (in [4])
23645 08:12:59 clock_gettime(CLOCK_MONOTONIC, {33261, 103212972}) = 0
23645 08:12:59 read(4, "x", 16384)      = 1
23645 08:12:59 clock_gettime(CLOCK_MONOTONIC, {33261, 103379202}) = 0
23645 08:12:59 clock_gettime(CLOCK_MONOTONIC, {33261, 103399731}) = 0
23645 08:12:59 select(7, [3 4], [3], NULL, NULL) = 1 (out [3])
23645 08:12:59 clock_gettime(CLOCK_MONOTONIC, {33261, 103445701}) = 0
23645 08:12:59 write(3, "\376,\337\263L\202\25\323\204\177}\22[\212_\326\203a\313\233!\310\341\351\244c\264=\201\255v;"..., 40) = 40
23645 08:12:59 clock_gettime(CLOCK_MONOTONIC, {33261, 103540458}) = 0
23645 08:12:59 clock_gettime(CLOCK_MONOTONIC, {33261, 103570858}) = 0
23645 08:12:59 select(7, [3 4], [], NULL, NULL) = 1 (in [3])
23645 08:12:59 clock_gettime(CLOCK_MONOTONIC, {33261, 105887626}) = 0
23645 08:12:59 read(3, "!\215#\357\305'E\346;2\324==\244\6\277\351-\231#\345{vN%\16\347\n.\7\35d"..., 8192) = 40
23645 08:12:59 clock_gettime(CLOCK_MONOTONIC, {33261, 105969644}) = 0
23645 08:12:59 clock_gettime(CLOCK_MONOTONIC, {33261, 105986795}) = 0
23645 08:12:59 select(7, [3 4], [5], NULL, NULL) = 1 (out [5])
23645 08:12:59 clock_gettime(CLOCK_MONOTONIC, {33261, 106066304}) = 0
23645 08:12:59 write(5, "x", 1)         = 1
23645 08:12:59 clock_gettime(CLOCK_MONOTONIC, {33261, 106115008}) = 0
23645 08:12:59 clock_gettime(CLOCK_MONOTONIC, {33261, 106140049}) = 0
23645 08:12:59 select(7, [3 4], [], NULL, NULL) = 1 (in [4])
23645 08:12:59 clock_gettime(CLOCK_MONOTONIC, {33261, 263234615}) = 0
23645 08:12:59 read(4, "i", 16384)      = 1
23645 08:12:59 clock_gettime(CLOCK_MONOTONIC, {33261, 263297755}) = 0
23645 08:12:59 clock_gettime(CLOCK_MONOTONIC, {33261, 263312707}) = 0
23645 08:12:59 select(7, [3 4], [3], NULL, NULL) = 1 (out [3])
23645 08:12:59 clock_gettime(CLOCK_MONOTONIC, {33261, 263347408}) = 0
23645 08:12:59 write(3, "\304FK\22\1U5m\26\6\233\367I\274\2422\356\\\262\222\351En\265\244\211\24\302'\365\330\366"..., 40) = 40
23645 08:12:59 clock_gettime(CLOCK_MONOTONIC, {33261, 263416771}) = 0
23645 08:12:59 clock_gettime(CLOCK_MONOTONIC, {33261, 263437293}) = 0
23645 08:12:59 select(7, [3 4], [], NULL, NULL) = 1 (in [3])
23645 08:12:59 clock_gettime(CLOCK_MONOTONIC, {33261, 265792222}) = 0
23645 08:12:59 read(3, "\312[\206\215\372&\256Bh\22t\211\10\220\253\333\270\26N\350_J\333\363w\5i\326\235\357\303\354"..., 8192) = 40
23645 08:12:59 clock_gettime(CLOCK_MONOTONIC, {33261, 265839294}) = 0
23645 08:12:59 clock_gettime(CLOCK_MONOTONIC, {33261, 265853715}) = 0
23645 08:12:59 select(7, [3 4], [5], NULL, NULL) = 1 (out [5])
23645 08:12:59 clock_gettime(CLOCK_MONOTONIC, {33261, 265888005}) = 0
23645 08:12:59 write(5, "i", 1)         = 1
23645 08:12:59 clock_gettime(CLOCK_MONOTONIC, {33261, 265940086}) = 0
23645 08:12:59 clock_gettime(CLOCK_MONOTONIC, {33261, 265954148}) = 0
23645 08:12:59 select(7, [3 4], [], NULL, NULL) = 1 (in [4])
23645 08:12:59 clock_gettime(CLOCK_MONOTONIC, {33261, 546394147}) = 0
23645 08:12:59 read(4, "t", 16384)      = 1
23645 08:12:59 clock_gettime(CLOCK_MONOTONIC, {33261, 546504559}) = 0
23645 08:12:59 clock_gettime(CLOCK_MONOTONIC, {33261, 546535913}) = 0
23645 08:12:59 select(7, [3 4], [3], NULL, NULL) = 1 (out [3])
23645 08:12:59 clock_gettime(CLOCK_MONOTONIC, {33261, 546582980}) = 0
23645 08:12:59 write(3, "\326\325&\313\202\301\10\362\300\vI]\35\313\352\201g\177\3\212\16\314\262\202\305u\2110\352\200\31\205"..., 40) = 40
23645 08:12:59 clock_gettime(CLOCK_MONOTONIC, {33261, 546699204}) = 0
23645 08:12:59 clock_gettime(CLOCK_MONOTONIC, {33261, 546726921}) = 0
23645 08:12:59 select(7, [3 4], [], NULL, NULL) = 1 (in [3])
23645 08:12:59 clock_gettime(CLOCK_MONOTONIC, {33261, 549792304}) = 0
23645 08:12:59 read(3, "\246\237\34\353[,s6\344\270\256\205\275\232qA\274m\354\346\207\37\343\nV\32*Irn\t\255"..., 8192) = 40
23645 08:12:59 clock_gettime(CLOCK_MONOTONIC, {33261, 549872987}) = 0
23645 08:12:59 clock_gettime(CLOCK_MONOTONIC, {33261, 549898965}) = 0
23645 08:12:59 select(7, [3 4], [5], NULL, NULL) = 1 (out [5])
23645 08:12:59 clock_gettime(CLOCK_MONOTONIC, {33261, 549992867}) = 0
23645 08:12:59 write(5, "t", 1)         = 1
23645 08:12:59 clock_gettime(CLOCK_MONOTONIC, {33261, 550087098}) = 0
23645 08:12:59 clock_gettime(CLOCK_MONOTONIC, {33261, 550110929}) = 0
23645 08:12:59 select(7, [3 4], [], NULL, NULL) = 1 (in [4])
23645 08:13:01 clock_gettime(CLOCK_MONOTONIC, {33262, 862151428}) = 0
23645 08:13:01 read(4, "\r", 16384)     = 1
23645 08:13:01 clock_gettime(CLOCK_MONOTONIC, {33262, 862213748}) = 0
23645 08:13:01 clock_gettime(CLOCK_MONOTONIC, {33262, 862233971}) = 0
23645 08:13:01 select(7, [3 4], [3], NULL, NULL) = 1 (out [3])
23645 08:13:01 clock_gettime(CLOCK_MONOTONIC, {33262, 862279403}) = 0
23645 08:13:01 write(3, "`Y7'\357 $\177\"Pd8i>\337\221\347\354\271~\211\236D\350j]5\332\3569\r\213"..., 40) = 40
23645 08:13:01 clock_gettime(CLOCK_MONOTONIC, {33262, 862352278}) = 0
23645 08:13:01 clock_gettime(CLOCK_MONOTONIC, {33262, 862370205}) = 0
23645 08:13:01 select(7, [3 4], [], NULL, NULL) = 1 (in [3])
23645 08:13:01 clock_gettime(CLOCK_MONOTONIC, {33262, 864493793}) = 0
23645 08:13:01 read(3, "\2326\267\234G)N\32\"\373\311d^I\333\221C\312\v#\215iq\243\313y\177\203\260\25`\345"..., 8192) = 200
23645 08:13:01 close(4)                 = 0
23645 08:13:01 clock_gettime(CLOCK_MONOTONIC, {33262, 864602653}) = 0
23645 08:13:01 clock_gettime(CLOCK_MONOTONIC, {33262, 864618615}) = 0
23645 08:13:01 select(7, [3], [5], NULL, NULL) = 1 (out [5])
23645 08:13:01 clock_gettime(CLOCK_MONOTONIC, {33262, 864655797}) = 0
23645 08:13:01 write(5, "\r\nlogout\r\n", 10) = 10
23645 08:13:01 clock_gettime(CLOCK_MONOTONIC, {33262, 864710456}) = 0
23645 08:13:01 clock_gettime(CLOCK_MONOTONIC, {33262, 864725188}) = 0
23645 08:13:01 close(5)                 = 0
23645 08:13:01 ioctl(0, SNDCTL_TMR_STOP or SNDRV_TIMER_IOCTL_GINFO or TCSETSW, {B38400 opost isig icanon echo ...}) = 0
23645 08:13:01 close(6)                 = 0
23645 08:13:01 select(7, [3], [3], NULL, NULL) = 1 (out [3])
23645 08:13:01 clock_gettime(CLOCK_MONOTONIC, {33262, 864841487}) = 0
23645 08:13:01 write(3, "\335K\34\6\357\177\204p\220Z\3232t\3046w\224\347\304\26\306\326\272\235", 24) = 24
23645 08:13:01 rt_sigaction(SIGWINCH, NULL, {0x7f1eca054340, [], SA_RESTORER, 0x7f1ec8a5f510}, 8) = 0
23645 08:13:01 rt_sigaction(SIGWINCH, {SIG_DFL, [], SA_RESTORER, 0x7f1ec8a5f510}, NULL, 8) = 0
23645 08:13:01 write(3, "\254\301\357M>\235\234\344\260\341\262\r\316*!\304v\326K\313\335\230\324\264=u\275\336E\331;\""..., 56) = 56
23645 08:13:01 ioctl(0, SNDCTL_TMR_TIMEBASE or SNDRV_TIMER_IOCTL_NEXT_DEVICE or TCGETS, {B38400 opost isig icanon echo ...}) = 0
23645 08:13:01 ioctl(1, SNDCTL_TMR_TIMEBASE or SNDRV_TIMER_IOCTL_NEXT_DEVICE or TCGETS, {B38400 opost isig icanon echo ...}) = 0
23645 08:13:01 ioctl(2, SNDCTL_TMR_TIMEBASE or SNDRV_TIMER_IOCTL_NEXT_DEVICE or TCGETS, {B38400 opost isig icanon echo ...}) = 0
23645 08:13:01 write(2, "Connection to 10.0.0.6 closed.\r\n", 32) = 32
23645 08:13:01 gettimeofday({1518163981, 116418}, NULL) = 0
23645 08:13:01 shutdown(3, SHUT_RDWR)   = 0
23645 08:13:01 close(3)                 = 0
23645 08:13:01 exit_group(0)            = ?
23645 08:13:01 +++ exited with 0 +++
