21453 05:43:34 gettimeofday({1518155014, 260671}, NULL) = 0
21453 05:43:34 write(3, "\0\0\1\214\6 \0\0\1\200\27\235\367\353\343\370\244\322\217\360\357j\204l\371*x\224\265\224mk"..., 400) = 400
21453 05:43:34 select(4, [3], NULL, NULL, NULL) = 1 (in [3])
21453 05:43:34 read(3, "\0\0\3\274\t!\0\0\1\25\0\0\0\7ssh-rsa\0\0\0\1#\0\0\1\1\0\263"..., 8192) = 976
21453 05:43:34 open("/root/.ssh/known_hosts", O_RDONLY) = 4
21453 05:43:34 fstat(4, {st_mode=S_IFREG|0644, st_size=1572, ...}) = 0
21453 05:43:34 mmap(NULL, 4096, PROT_READ|PROT_WRITE, MAP_PRIVATE|MAP_ANONYMOUS, -1, 0) = 0x7f36d0d9f000
21453 05:43:34 read(4, "39.108.141.220 ssh-rsa AAAAB3Nza"..., 4096) = 1572
21453 05:43:34 read(4, "", 4096)        = 0
21453 05:43:34 close(4)                 = 0
21453 05:43:34 munmap(0x7f36d0d9f000, 4096) = 0
21453 05:43:34 open("/root/.ssh/known_hosts2", O_RDONLY) = -1 ENOENT (No such file or directory)
21453 05:43:34 open("/usr/local/openssh/etc/ssh_known_hosts", O_RDONLY) = -1 ENOENT (No such file or directory)
21453 05:43:34 open("/usr/local/openssh/etc/ssh_known_hosts2", O_RDONLY) = -1 ENOENT (No such file or directory)
21453 05:43:34 clock_gettime(CLOCK_MONOTONIC, {24296, 18152760}) = 0
21453 05:43:34 write(3, "\0\0\0\f\n\25\0\0\0\0\0\0\0\0\0\0", 16) = 16
21453 05:43:34 write(3, "gB\34\237\200JxO]\341\0013ml_\370\273\252i+\367\333\202\32\0\223\351\332\232I\3215"..., 40) = 40
21453 05:43:34 select(4, [3], NULL, NULL, NULL) = 1 (in [3])
21453 05:43:34 read(3, "\367\\\224\365\227\273\242\307\207p\361T\26\375\2p\302e\250\3100\316BnoX\5\37\237\226\357\254"..., 8192) = 40
21453 05:43:34 write(3, "\365\306\362\261\343\26U\330\255\253 \23\250$\254\321\f\v\334\236\227\370\17\265d\35\345\314\230\31\255#"..., 56) = 56
21453 05:43:34 select(4, [3], NULL, NULL, NULL) = 1 (in [3])
21453 05:43:34 read(3, "\6\223\2\7D\343\220\347\266\321\250\304\304\313\357\3\373\2\3632\221%@ T\20s\222\234\306\0049"..., 8192) = 72
21453 05:43:34 stat("/root/.ssh/id_rsa", 0x7fff101e4ab0) = -1 ENOENT (No such file or directory)
21453 05:43:34 stat("/root/.ssh/id_dsa", 0x7fff101e4ab0) = -1 ENOENT (No such file or directory)
21453 05:43:34 stat("/root/.ssh/id_ecdsa", 0x7fff101e4ab0) = -1 ENOENT (No such file or directory)
21453 05:43:34 stat("/root/.ssh/id_ed25519", 0x7fff101e4ab0) = -1 ENOENT (No such file or directory)
21453 05:43:34 open("/dev/tty", O_RDWR) = 4
21453 05:43:34 close(4)                 = 0
21453 05:43:34 open("/dev/tty", O_RDWR) = 4
21453 05:43:34 ioctl(4, SNDCTL_TMR_TIMEBASE or SNDRV_TIMER_IOCTL_NEXT_DEVICE or TCGETS, {B38400 opost isig icanon echo ...}) = 0
21453 05:43:34 ioctl(4, SNDCTL_TMR_CONTINUE or SNDRV_TIMER_IOCTL_GPARAMS or TCSETSF, {B38400 opost isig icanon -echo ...}) = 0
21453 05:43:34 rt_sigaction(SIGALRM, {0x7f36d0b70460, [], SA_RESTORER, 0x7f36cf51a510}, {SIG_DFL, [], 0}, 8) = 0
21453 05:43:34 rt_sigaction(SIGHUP, {0x7f36d0b70460, [], SA_RESTORER, 0x7f36cf51a510}, {SIG_DFL, [], 0}, 8) = 0
21453 05:43:34 rt_sigaction(SIGINT, {0x7f36d0b70460, [], SA_RESTORER, 0x7f36cf51a510}, {SIG_DFL, [], 0}, 8) = 0
21453 05:43:34 rt_sigaction(SIGPIPE, {0x7f36d0b70460, [], SA_RESTORER, 0x7f36cf51a510}, {SIG_IGN, [], SA_RESTORER, 0x7f36cf51a510}, 8) = 0
21453 05:43:34 rt_sigaction(SIGQUIT, {0x7f36d0b70460, [], SA_RESTORER, 0x7f36cf51a510}, {SIG_DFL, [], 0}, 8) = 0
21453 05:43:34 rt_sigaction(SIGTERM, {0x7f36d0b70460, [], SA_RESTORER, 0x7f36cf51a510}, {SIG_DFL, [], 0}, 8) = 0
21453 05:43:34 rt_sigaction(SIGTSTP, {0x7f36d0b70460, [], SA_RESTORER, 0x7f36cf51a510}, {SIG_DFL, [], 0}, 8) = 0
21453 05:43:34 rt_sigaction(SIGTTIN, {0x7f36d0b70460, [], SA_RESTORER, 0x7f36cf51a510}, {SIG_DFL, [], 0}, 8) = 0
21453 05:43:34 rt_sigaction(SIGTTOU, {0x7f36d0b70460, [], SA_RESTORER, 0x7f36cf51a510}, {SIG_DFL, [], 0}, 8) = 0
21453 05:43:34 write(4, "root@10.0.0.5's password: ", 26) = 26
21453 05:43:34 read(4, "1", 1)          = 1
21453 05:43:34 read(4, "2", 1)          = 1
21453 05:43:34 read(4, "3", 1)          = 1
21453 05:43:34 read(4, "4", 1)          = 1
21453 05:43:34 read(4, "5", 1)          = 1
21453 05:43:34 read(4, "6", 1)          = 1
21453 05:43:34 read(4, "\n", 1)         = 1
21453 05:43:34 write(4, "\n", 1)        = 1
21453 05:43:34 ioctl(4, SNDCTL_TMR_CONTINUE or SNDRV_TIMER_IOCTL_GPARAMS or TCSETSF, {B38400 opost isig icanon echo ...}) = 0
21453 05:43:34 rt_sigaction(SIGALRM, {SIG_DFL, [], SA_RESTORER, 0x7f36cf51a510}, NULL, 8) = 0
21453 05:43:34 rt_sigaction(SIGHUP, {SIG_DFL, [], SA_RESTORER, 0x7f36cf51a510}, NULL, 8) = 0
21453 05:43:34 rt_sigaction(SIGINT, {SIG_DFL, [], SA_RESTORER, 0x7f36cf51a510}, NULL, 8) = 0
21453 05:43:34 rt_sigaction(SIGQUIT, {SIG_DFL, [], SA_RESTORER, 0x7f36cf51a510}, NULL, 8) = 0
21453 05:43:34 rt_sigaction(SIGPIPE, {SIG_IGN, [], SA_RESTORER, 0x7f36cf51a510}, NULL, 8) = 0
21453 05:43:34 rt_sigaction(SIGTERM, {SIG_DFL, [], SA_RESTORER, 0x7f36cf51a510}, NULL, 8) = 0
21453 05:43:34 rt_sigaction(SIGTSTP, {SIG_DFL, [], SA_RESTORER, 0x7f36cf51a510}, NULL, 8) = 0
21453 05:43:34 rt_sigaction(SIGTTIN, {SIG_DFL, [], SA_RESTORER, 0x7f36cf51a510}, NULL, 8) = 0
21453 05:43:34 rt_sigaction(SIGTTOU, {SIG_DFL, [], SA_RESTORER, 0x7f36cf51a510}, NULL, 8) = 0
21453 05:43:34 close(4)                 = 0
21453 05:43:34 write(3, "t\364\0164HL\365N\252\257\267!\227\351\330\315\245Lc\35\v\327\263t\2144$\n\216\213\26\301"..., 136) = 136
21453 05:43:34 select(4, [3], NULL, NULL, NULL) = 1 (in [3])
21453 05:43:34 read(3, "\306\0363\271\r\315[+\20\255\235H\271\260\253\203\3756\347l\v\355D\370", 8192) = 24
21453 05:43:34 dup(0)                   = 4
21453 05:43:34 dup(1)                   = 5
21453 05:43:34 dup(2)                   = 6
21453 05:43:34 ioctl(4, SNDCTL_TMR_TIMEBASE or SNDRV_TIMER_IOCTL_NEXT_DEVICE or TCGETS, {B38400 opost isig icanon echo ...}) = 0
21453 05:43:34 ioctl(5, SNDCTL_TMR_TIMEBASE or SNDRV_TIMER_IOCTL_NEXT_DEVICE or TCGETS, {B38400 opost isig icanon echo ...}) = 0
21453 05:43:34 ioctl(6, SNDCTL_TMR_TIMEBASE or SNDRV_TIMER_IOCTL_NEXT_DEVICE or TCGETS, {B38400 opost isig icanon echo ...}) = 0
21453 05:43:34 fcntl(4, F_SETFD, FD_CLOEXEC) = 0
21453 05:43:34 fcntl(5, F_SETFD, FD_CLOEXEC) = 0
21453 05:43:34 fcntl(6, F_SETFD, FD_CLOEXEC) = 0
21453 05:43:34 gettimeofday({1518155014, 359851}, NULL) = 0
21453 05:43:34 rt_sigaction(SIGHUP, NULL, {SIG_DFL, [], SA_RESTORER, 0x7f36cf51a510}, 8) = 0
21453 05:43:34 rt_sigaction(SIGHUP, {SIG_IGN, [], SA_RESTORER, 0x7f36cf51a510}, NULL, 8) = 0
21453 05:43:34 rt_sigaction(SIGHUP, NULL, {SIG_IGN, [], SA_RESTORER, 0x7f36cf51a510}, 8) = 0
21453 05:43:34 rt_sigaction(SIGHUP, {0x7f36d0b0ef30, [], SA_RESTORER, 0x7f36cf51a510}, NULL, 8) = 0
21453 05:43:34 rt_sigaction(SIGINT, NULL, {SIG_DFL, [], SA_RESTORER, 0x7f36cf51a510}, 8) = 0
21453 05:43:34 rt_sigaction(SIGINT, {SIG_IGN, [], SA_RESTORER, 0x7f36cf51a510}, NULL, 8) = 0
21453 05:43:34 rt_sigaction(SIGINT, NULL, {SIG_IGN, [], SA_RESTORER, 0x7f36cf51a510}, 8) = 0
21453 05:43:34 rt_sigaction(SIGINT, {0x7f36d0b0ef30, [], SA_RESTORER, 0x7f36cf51a510}, NULL, 8) = 0
21453 05:43:34 rt_sigaction(SIGQUIT, NULL, {SIG_DFL, [], SA_RESTORER, 0x7f36cf51a510}, 8) = 0
21453 05:43:34 rt_sigaction(SIGQUIT, {SIG_IGN, [], SA_RESTORER, 0x7f36cf51a510}, NULL, 8) = 0
21453 05:43:34 rt_sigaction(SIGQUIT, NULL, {SIG_IGN, [], SA_RESTORER, 0x7f36cf51a510}, 8) = 0
21453 05:43:34 rt_sigaction(SIGQUIT, {0x7f36d0b0ef30, [], SA_RESTORER, 0x7f36cf51a510}, NULL, 8) = 0
21453 05:43:34 rt_sigaction(SIGTERM, NULL, {SIG_DFL, [], SA_RESTORER, 0x7f36cf51a510}, 8) = 0
21453 05:43:34 rt_sigaction(SIGTERM, {SIG_IGN, [], SA_RESTORER, 0x7f36cf51a510}, NULL, 8) = 0
21453 05:43:34 rt_sigaction(SIGTERM, NULL, {SIG_IGN, [], SA_RESTORER, 0x7f36cf51a510}, 8) = 0
21453 05:43:34 rt_sigaction(SIGTERM, {0x7f36d0b0ef30, [], SA_RESTORER, 0x7f36cf51a510}, NULL, 8) = 0
21453 05:43:34 rt_sigaction(SIGWINCH, NULL, {SIG_DFL, [], 0}, 8) = 0
21453 05:43:34 rt_sigaction(SIGWINCH, {0x7f36d0b0f340, [], SA_RESTORER, 0x7f36cf51a510}, NULL, 8) = 0
21453 05:43:34 ioctl(0, SNDCTL_TMR_TIMEBASE or SNDRV_TIMER_IOCTL_NEXT_DEVICE or TCGETS, {B38400 opost isig icanon echo ...}) = 0
21453 05:43:34 ioctl(0, SNDCTL_TMR_STOP or SNDRV_TIMER_IOCTL_GINFO or TCSETSW, {B38400 -opost -isig -icanon -echo ...}) = 0
21453 05:43:34 clock_gettime(CLOCK_MONOTONIC, {24296, 108991368}) = 0
21453 05:43:34 clock_gettime(CLOCK_MONOTONIC, {24296, 109032236}) = 0
21453 05:43:34 select(7, [3], [3], NULL, NULL) = 1 (out [3])
21453 05:43:34 clock_gettime(CLOCK_MONOTONIC, {24296, 109069627}) = 0
21453 05:43:34 write(3, "\312\302\32042DG==\313p/Be\244\327\3165\257\360\235\r\20\376k\353\303\261\211\210Wc"..., 112) = 112
21453 05:43:34 clock_gettime(CLOCK_MONOTONIC, {24296, 109138230}) = 0
21453 05:43:34 clock_gettime(CLOCK_MONOTONIC, {24296, 109162064}) = 0
21453 05:43:34 select(7, [3], [], NULL, NULL) = 1 (in [3])
21453 05:43:34 clock_gettime(CLOCK_MONOTONIC, {24296, 257346669}) = 0
21453 05:43:34 read(3, "NI\306c\353r9\343c0O\337\355p^\251>r\307G\363\243\233\271J\203<E\312\324\326\223"..., 8192) = 40
21453 05:43:34 getsockopt(3, SOL_TCP, TCP_NODELAY, [0], [4]) = 0
21453 05:43:34 setsockopt(3, SOL_TCP, TCP_NODELAY, [1], 4) = 0
21453 05:43:34 getsockname(3, {sa_family=AF_INET, sin_port=htons(48888), sin_addr=inet_addr("10.0.0.4")}, [16]) = 0
21453 05:43:34 setsockopt(3, SOL_IP, IP_TOS, [16], 4) = 0
21453 05:43:34 ioctl(0, TIOCGWINSZ, {ws_row=9, ws_col=95, ws_xpixel=1425, ws_ypixel=252}) = 0
21453 05:43:34 clock_gettime(CLOCK_MONOTONIC, {24296, 257595600}) = 0
21453 05:43:34 clock_gettime(CLOCK_MONOTONIC, {24296, 257611306}) = 0
21453 05:43:34 select(7, [3], [3], NULL, NULL) = 1 (out [3])
21453 05:43:34 clock_gettime(CLOCK_MONOTONIC, {24296, 257647739}) = 0
21453 05:43:34 write(3, "\362\271N\0\376\25\333\265\245\26\210\3041\24\224\331k\213i\350\365\317,\373\351\236\225aw@\257\230"..., 384) = 384
21453 05:43:34 clock_gettime(CLOCK_MONOTONIC, {24296, 257722555}) = 0
21453 05:43:34 clock_gettime(CLOCK_MONOTONIC, {24296, 257738185}) = 0
21453 05:43:34 select(7, [3], [], NULL, NULL) = 1 (in [3])
21453 05:43:34 clock_gettime(CLOCK_MONOTONIC, {24296, 259809262}) = 0
21453 05:43:34 read(3, "\2P\321\22X\361Yz\376h\330\0\231\n\22\257\5\316\37\373\360v9\305\342A\247H\376\243\376\313"..., 8192) = 88
21453 05:43:34 clock_gettime(CLOCK_MONOTONIC, {24296, 259861303}) = 0
21453 05:43:34 clock_gettime(CLOCK_MONOTONIC, {24296, 259877385}) = 0
21453 05:43:34 select(7, [3 4], [], NULL, NULL) = 1 (in [3])
21453 05:43:34 clock_gettime(CLOCK_MONOTONIC, {24296, 262543095}) = 0
21453 05:43:34 read(3, "+\306^\\\201E\214D\3130\r\231\220\317?\16y\323\257[,\253\3i\265\370\32K\323\355\240\235"..., 8192) = 88
21453 05:43:34 clock_gettime(CLOCK_MONOTONIC, {24296, 262623856}) = 0
21453 05:43:34 clock_gettime(CLOCK_MONOTONIC, {24296, 262641062}) = 0
21453 05:43:34 select(7, [3 4], [5], NULL, NULL) = 1 (out [5])
21453 05:43:34 clock_gettime(CLOCK_MONOTONIC, {24296, 262680789}) = 0
21453 05:43:34 write(5, "Last login: Fri Feb  9 23:33:27 "..., 53) = 53
21453 05:43:34 clock_gettime(CLOCK_MONOTONIC, {24296, 262720951}) = 0
21453 05:43:34 clock_gettime(CLOCK_MONOTONIC, {24296, 262737423}) = 0
21453 05:43:34 select(7, [3 4], [], NULL, NULL) = 1 (in [3])
21453 05:43:34 clock_gettime(CLOCK_MONOTONIC, {24296, 300663856}) = 0
21453 05:43:34 read(3, "-\335/E\350\16\204(\rO\214\23\252z\202\364\271\261\"\331\305,|\2\261<\370M\21\310\362\7"..., 8192) = 72
21453 05:43:34 clock_gettime(CLOCK_MONOTONIC, {24296, 300726204}) = 0
21453 05:43:34 clock_gettime(CLOCK_MONOTONIC, {24296, 300742485}) = 0
21453 05:43:34 select(7, [3 4], [5], NULL, NULL) = 1 (out [5])
21453 05:43:34 clock_gettime(CLOCK_MONOTONIC, {24296, 300781828}) = 0
21453 05:43:34 write(5, "\33]0;root@salve:~\7\33[?1034h[root@s"..., 41) = 41
21453 05:43:34 clock_gettime(CLOCK_MONOTONIC, {24296, 300818940}) = 0
21453 05:43:34 clock_gettime(CLOCK_MONOTONIC, {24296, 300834198}) = 0
21453 05:43:34 select(7, [3 4], [], NULL, NULL) = 1 (in [4])
21453 05:43:35 clock_gettime(CLOCK_MONOTONIC, {24297, 422235683}) = 0
21453 05:43:35 read(4, "i", 16384)      = 1
21453 05:43:35 clock_gettime(CLOCK_MONOTONIC, {24297, 422314040}) = 0
21453 05:43:35 clock_gettime(CLOCK_MONOTONIC, {24297, 422337896}) = 0
21453 05:43:35 select(7, [3 4], [3], NULL, NULL) = 1 (out [3])
21453 05:43:35 clock_gettime(CLOCK_MONOTONIC, {24297, 422383967}) = 0
21453 05:43:35 write(3, "\354\256q\224?}\375c\274\231B\212V\214\1keP[\36\301SY\350\214\210\3\250\317\303\t\267"..., 40) = 40
21453 05:43:35 clock_gettime(CLOCK_MONOTONIC, {24297, 422488418}) = 0
21453 05:43:35 clock_gettime(CLOCK_MONOTONIC, {24297, 422517891}) = 0
21453 05:43:35 select(7, [3 4], [], NULL, NULL) = 1 (in [3])
21453 05:43:35 clock_gettime(CLOCK_MONOTONIC, {24297, 424651733}) = 0
21453 05:43:35 read(3, "\371q\343\323\304\214M[[f3\345\233\3\272\332^\232\244\320\300\34\331\377\304{-\267\322\352\0\20"..., 8192) = 40
21453 05:43:35 clock_gettime(CLOCK_MONOTONIC, {24297, 424721659}) = 0
21453 05:43:35 clock_gettime(CLOCK_MONOTONIC, {24297, 424739344}) = 0
21453 05:43:35 select(7, [3 4], [5], NULL, NULL) = 1 (out [5])
21453 05:43:35 clock_gettime(CLOCK_MONOTONIC, {24297, 424780208}) = 0
21453 05:43:35 write(5, "i", 1)         = 1
21453 05:43:35 clock_gettime(CLOCK_MONOTONIC, {24297, 424818829}) = 0
21453 05:43:35 clock_gettime(CLOCK_MONOTONIC, {24297, 424835332}) = 0
21453 05:43:35 select(7, [3 4], [], NULL, NULL) = 1 (in [4])
21453 05:43:35 clock_gettime(CLOCK_MONOTONIC, {24297, 566173201}) = 0
21453 05:43:35 read(4, "p", 16384)      = 1
21453 05:43:35 clock_gettime(CLOCK_MONOTONIC, {24297, 566227698}) = 0
21453 05:43:35 clock_gettime(CLOCK_MONOTONIC, {24297, 566242731}) = 0
21453 05:43:35 select(7, [3 4], [3], NULL, NULL) = 1 (out [3])
21453 05:43:35 clock_gettime(CLOCK_MONOTONIC, {24297, 566278115}) = 0
21453 05:43:35 write(3, "\203\307X\360\24\327\17\341J\302\240\250lBY\1N\322\36\257\345\242\211\314\214\312\10\353\312\302\10\232"..., 40) = 40
21453 05:43:35 clock_gettime(CLOCK_MONOTONIC, {24297, 566351040}) = 0
21453 05:43:35 clock_gettime(CLOCK_MONOTONIC, {24297, 566421739}) = 0
21453 05:43:35 select(7, [3 4], [], NULL, NULL) = 1 (in [3])
21453 05:43:35 clock_gettime(CLOCK_MONOTONIC, {24297, 568515461}) = 0
21453 05:43:35 read(3, "x~U\tm\232\235nU\374 \345\33\271\377P\23\236\251\35F\265\347\253\335\3050>&\v\222\342"..., 8192) = 40
21453 05:43:35 clock_gettime(CLOCK_MONOTONIC, {24297, 568562559}) = 0
21453 05:43:35 clock_gettime(CLOCK_MONOTONIC, {24297, 568577650}) = 0
21453 05:43:35 select(7, [3 4], [5], NULL, NULL) = 1 (out [5])
21453 05:43:35 clock_gettime(CLOCK_MONOTONIC, {24297, 568623525}) = 0
21453 05:43:35 write(5, "p", 1)         = 1
21453 05:43:35 clock_gettime(CLOCK_MONOTONIC, {24297, 568655950}) = 0
21453 05:43:35 clock_gettime(CLOCK_MONOTONIC, {24297, 568670109}) = 0
21453 05:43:35 select(7, [3 4], [], NULL, NULL) = 1 (in [4])
21453 05:43:35 clock_gettime(CLOCK_MONOTONIC, {24297, 645198000}) = 0
21453 05:43:35 read(4, " ", 16384)      = 1
21453 05:43:35 clock_gettime(CLOCK_MONOTONIC, {24297, 645278559}) = 0
21453 05:43:35 clock_gettime(CLOCK_MONOTONIC, {24297, 645295939}) = 0
21453 05:43:35 select(7, [3 4], [3], NULL, NULL) = 1 (out [3])
21453 05:43:35 clock_gettime(CLOCK_MONOTONIC, {24297, 645336361}) = 0
21453 05:43:35 write(3, "\276b\364\333\220*\367\310\305\36\t@?P\332\256\4a\30\\\247k\35\10\264Z\261c\333\177\v;"..., 40) = 40
21453 05:43:35 clock_gettime(CLOCK_MONOTONIC, {24297, 645485510}) = 0
21453 05:43:35 clock_gettime(CLOCK_MONOTONIC, {24297, 645512990}) = 0
21453 05:43:35 select(7, [3 4], [], NULL, NULL) = 1 (in [3])
21453 05:43:35 clock_gettime(CLOCK_MONOTONIC, {24297, 647654769}) = 0
21453 05:43:35 read(3, "5\233\235\v1\241\204d\310\224HiL\373W\355\25\306\34y\347\357o\nk\202\257\253]\274:\302"..., 8192) = 40
21453 05:43:35 clock_gettime(CLOCK_MONOTONIC, {24297, 647727371}) = 0
21453 05:43:35 clock_gettime(CLOCK_MONOTONIC, {24297, 647743043}) = 0
21453 05:43:35 select(7, [3 4], [5], NULL, NULL) = 1 (out [5])
21453 05:43:35 clock_gettime(CLOCK_MONOTONIC, {24297, 647779765}) = 0
21453 05:43:35 write(5, " ", 1)         = 1
21453 05:43:35 clock_gettime(CLOCK_MONOTONIC, {24297, 647814462}) = 0
21453 05:43:35 clock_gettime(CLOCK_MONOTONIC, {24297, 647828957}) = 0
21453 05:43:35 select(7, [3 4], [], NULL, NULL) = 1 (in [4])
21453 05:43:35 clock_gettime(CLOCK_MONOTONIC, {24297, 743255677}) = 0
21453 05:43:35 read(4, "a", 16384)      = 1
21453 05:43:35 clock_gettime(CLOCK_MONOTONIC, {24297, 743441418}) = 0
21453 05:43:35 clock_gettime(CLOCK_MONOTONIC, {24297, 743485649}) = 0
21453 05:43:35 select(7, [3 4], [3], NULL, NULL) = 1 (out [3])
21453 05:43:35 clock_gettime(CLOCK_MONOTONIC, {24297, 743598188}) = 0
21453 05:43:35 write(3, "P\256xf-g\0\317\ve\351\227\347\vJN\221\36\37;\351\336\n\317~\0\206\226\301\266\"F"..., 40) = 40
21453 05:43:35 clock_gettime(CLOCK_MONOTONIC, {24297, 743716560}) = 0
21453 05:43:35 clock_gettime(CLOCK_MONOTONIC, {24297, 743751482}) = 0
21453 05:43:35 select(7, [3 4], [], NULL, NULL) = 1 (in [3])
21453 05:43:35 clock_gettime(CLOCK_MONOTONIC, {24297, 745888846}) = 0
21453 05:43:35 read(3, "\f\373\347\215\254'0\35oM\322\312\f\275\227\332\365h\253\311S\336\36\267\231\237\346gw=\374\230"..., 8192) = 40
21453 05:43:35 clock_gettime(CLOCK_MONOTONIC, {24297, 745970136}) = 0
21453 05:43:35 clock_gettime(CLOCK_MONOTONIC, {24297, 746035859}) = 0
21453 05:43:35 select(7, [3 4], [5], NULL, NULL) = 1 (out [5])
21453 05:43:35 clock_gettime(CLOCK_MONOTONIC, {24297, 746163032}) = 0
21453 05:43:35 write(5, "a", 1)         = 1
21453 05:43:35 clock_gettime(CLOCK_MONOTONIC, {24297, 746209946}) = 0
21453 05:43:35 clock_gettime(CLOCK_MONOTONIC, {24297, 746229316}) = 0
21453 05:43:35 select(7, [3 4], [], NULL, NULL) = 1 (in [4])
21453 05:43:36 clock_gettime(CLOCK_MONOTONIC, {24297, 835287795}) = 0
21453 05:43:36 read(4, "\r", 16384)     = 1
21453 05:43:36 clock_gettime(CLOCK_MONOTONIC, {24297, 835367308}) = 0
21453 05:43:36 clock_gettime(CLOCK_MONOTONIC, {24297, 835389509}) = 0
21453 05:43:36 select(7, [3 4], [3], NULL, NULL) = 1 (out [3])
21453 05:43:36 clock_gettime(CLOCK_MONOTONIC, {24297, 835441162}) = 0
21453 05:43:36 write(3, "\20\221H=\214bnj\264.\241+\177B&7\21\232\272\247?\327\227\320\210%9\364\22\333\333\30"..., 40) = 40
21453 05:43:36 clock_gettime(CLOCK_MONOTONIC, {24297, 835535035}) = 0
21453 05:43:36 clock_gettime(CLOCK_MONOTONIC, {24297, 835577047}) = 0
21453 05:43:36 select(7, [3 4], [], NULL, NULL) = 1 (in [3])
21453 05:43:36 clock_gettime(CLOCK_MONOTONIC, {24297, 837612759}) = 0
21453 05:43:36 read(3, "#-\256m;\20 1lr!\307\375\2201[S\34\22\7K\30<\342Q\305t\\\201)\33a"..., 8192) = 40
21453 05:43:36 clock_gettime(CLOCK_MONOTONIC, {24297, 837679009}) = 0
21453 05:43:36 clock_gettime(CLOCK_MONOTONIC, {24297, 837698484}) = 0
21453 05:43:36 select(7, [3 4], [5], NULL, NULL) = 1 (out [5])
21453 05:43:36 clock_gettime(CLOCK_MONOTONIC, {24297, 837744862}) = 0
21453 05:43:36 write(5, "\r\n", 2)      = 2
21453 05:43:36 clock_gettime(CLOCK_MONOTONIC, {24297, 837788546}) = 0
21453 05:43:36 clock_gettime(CLOCK_MONOTONIC, {24297, 837807135}) = 0
21453 05:43:36 select(7, [3 4], [], NULL, NULL) = 1 (in [3])
21453 05:43:36 clock_gettime(CLOCK_MONOTONIC, {24297, 839669515}) = 0
21453 05:43:36 read(3, "C\371e\236_\257(\216\207 \r\361\t\366\272\21{g\347\177\375\24\2268\377\377\370v\244f\223o"..., 8192) = 616
21453 05:43:36 clock_gettime(CLOCK_MONOTONIC, {24297, 839740865}) = 0
21453 05:43:36 clock_gettime(CLOCK_MONOTONIC, {24297, 839762992}) = 0
21453 05:43:36 select(7, [3 4], [5], NULL, NULL) = 1 (out [5])
21453 05:43:36 clock_gettime(CLOCK_MONOTONIC, {24297, 839814525}) = 0
21453 05:43:36 write(5, "1: lo: <LOOPBACK,UP,LOWER_UP> mt"..., 576) = 576
21453 05:43:36 clock_gettime(CLOCK_MONOTONIC, {24297, 839863826}) = 0
21453 05:43:36 clock_gettime(CLOCK_MONOTONIC, {24297, 839884952}) = 0
21453 05:43:36 select(7, [3 4], [], NULL, NULL) = 1 (in [4])
21453 05:43:38 clock_gettime(CLOCK_MONOTONIC, {24299, 790155393}) = 0
21453 05:43:38 read(4, "h", 16384)      = 1
21453 05:43:38 clock_gettime(CLOCK_MONOTONIC, {24299, 790358437}) = 0
21453 05:43:38 clock_gettime(CLOCK_MONOTONIC, {24299, 790411302}) = 0
21453 05:43:38 select(7, [3 4], [3], NULL, NULL) = 1 (out [3])
21453 05:43:38 clock_gettime(CLOCK_MONOTONIC, {24299, 790513496}) = 0
21453 05:43:38 write(3, ",-)\n\213i\245Fw\302\223K\3456\2\33\313\300@\304\301\t\1+P\353\\\263\5Q\365\17"..., 40) = 40
21453 05:43:38 clock_gettime(CLOCK_MONOTONIC, {24299, 790695611}) = 0
21453 05:43:38 clock_gettime(CLOCK_MONOTONIC, {24299, 790741469}) = 0
21453 05:43:38 select(7, [3 4], [], NULL, NULL) = 1 (in [3])
21453 05:43:38 clock_gettime(CLOCK_MONOTONIC, {24299, 792661212}) = 0
21453 05:43:38 read(3, "4\305\324\227\322\331L\204z}\r\20L\270 \247\210&\270\252L\263\346\22\301\37Vjf\306|]"..., 8192) = 40
21453 05:43:38 clock_gettime(CLOCK_MONOTONIC, {24299, 792748740}) = 0
21453 05:43:38 clock_gettime(CLOCK_MONOTONIC, {24299, 792769463}) = 0
21453 05:43:38 select(7, [3 4], [5], NULL, NULL) = 1 (out [5])
21453 05:43:38 clock_gettime(CLOCK_MONOTONIC, {24299, 792816090}) = 0
21453 05:43:38 write(5, "h", 1)         = 1
21453 05:43:38 clock_gettime(CLOCK_MONOTONIC, {24299, 792859132}) = 0
21453 05:43:38 clock_gettime(CLOCK_MONOTONIC, {24299, 792877654}) = 0
21453 05:43:38 select(7, [3 4], [], NULL, NULL) = 1 (in [4])
21453 05:43:38 clock_gettime(CLOCK_MONOTONIC, {24299, 986231042}) = 0
21453 05:43:38 read(4, "o", 16384)      = 1
21453 05:43:38 clock_gettime(CLOCK_MONOTONIC, {24299, 986296591}) = 0
21453 05:43:38 clock_gettime(CLOCK_MONOTONIC, {24299, 986316056}) = 0
21453 05:43:38 select(7, [3 4], [3], NULL, NULL) = 1 (out [3])
21453 05:43:38 clock_gettime(CLOCK_MONOTONIC, {24299, 986361398}) = 0
21453 05:43:38 write(3, "\255\36[\250\247#!S4(\376@\217\256\232\226\367G$`m\247g\262a\377\316\254\270\340\253\357"..., 40) = 40
21453 05:43:38 clock_gettime(CLOCK_MONOTONIC, {24299, 986445628}) = 0
21453 05:43:38 clock_gettime(CLOCK_MONOTONIC, {24299, 986475280}) = 0
21453 05:43:38 select(7, [3 4], [], NULL, NULL) = 1 (in [3])
21453 05:43:38 clock_gettime(CLOCK_MONOTONIC, {24299, 988589956}) = 0
21453 05:43:38 read(3, "\321\374}d\322~r\32-Yu\370\234t`9^\205Wyl\3159\204\234\2031\223'\236x\304"..., 8192) = 40
21453 05:43:38 clock_gettime(CLOCK_MONOTONIC, {24299, 988644575}) = 0
21453 05:43:38 clock_gettime(CLOCK_MONOTONIC, {24299, 988662189}) = 0
21453 05:43:38 select(7, [3 4], [5], NULL, NULL) = 1 (out [5])
21453 05:43:38 clock_gettime(CLOCK_MONOTONIC, {24299, 988702737}) = 0
21453 05:43:38 write(5, "o", 1)         = 1
21453 05:43:38 clock_gettime(CLOCK_MONOTONIC, {24299, 988741173}) = 0
21453 05:43:38 clock_gettime(CLOCK_MONOTONIC, {24299, 988757751}) = 0
21453 05:43:38 select(7, [3 4], [], NULL, NULL) = 1 (in [4])
21453 05:43:38 clock_gettime(CLOCK_MONOTONIC, {24300, 45202908}) = 0
21453 05:43:38 read(4, "s", 16384)      = 1
21453 05:43:38 clock_gettime(CLOCK_MONOTONIC, {24300, 45289993}) = 0
21453 05:43:38 clock_gettime(CLOCK_MONOTONIC, {24300, 45316280}) = 0
21453 05:43:38 select(7, [3 4], [3], NULL, NULL) = 1 (out [3])
21453 05:43:38 clock_gettime(CLOCK_MONOTONIC, {24300, 45379071}) = 0
21453 05:43:38 write(3, "q\r?&\357\363\"sZ\241Y\302C\21n\273?tr\330\341H\265\212Z\37D\334M\312\204\241"..., 40) = 40
21453 05:43:38 clock_gettime(CLOCK_MONOTONIC, {24300, 45460368}) = 0
21453 05:43:38 clock_gettime(CLOCK_MONOTONIC, {24300, 45479602}) = 0
21453 05:43:38 select(7, [3 4], [], NULL, NULL) = 1 (in [3])
21453 05:43:38 clock_gettime(CLOCK_MONOTONIC, {24300, 47636830}) = 0
21453 05:43:38 read(3, "i\37v\206\350\f\333\34\217\0029`\201\246<P\356\1\24Z\32\333\320R\272\315\242SYeW>"..., 8192) = 40
21453 05:43:38 clock_gettime(CLOCK_MONOTONIC, {24300, 47724611}) = 0
21453 05:43:38 clock_gettime(CLOCK_MONOTONIC, {24300, 47741432}) = 0
21453 05:43:38 select(7, [3 4], [5], NULL, NULL) = 1 (out [5])
21453 05:43:38 clock_gettime(CLOCK_MONOTONIC, {24300, 47780494}) = 0
21453 05:43:38 write(5, "s", 1)         = 1
21453 05:43:38 clock_gettime(CLOCK_MONOTONIC, {24300, 47820130}) = 0
21453 05:43:38 clock_gettime(CLOCK_MONOTONIC, {24300, 47848615}) = 0
21453 05:43:38 select(7, [3 4], [], NULL, NULL) = 1 (in [4])
21453 05:43:38 clock_gettime(CLOCK_MONOTONIC, {24300, 198152085}) = 0
21453 05:43:38 read(4, "t", 16384)      = 1
21453 05:43:38 clock_gettime(CLOCK_MONOTONIC, {24300, 198234430}) = 0
21453 05:43:38 clock_gettime(CLOCK_MONOTONIC, {24300, 198267137}) = 0
21453 05:43:38 select(7, [3 4], [3], NULL, NULL) = 1 (out [3])
21453 05:43:38 clock_gettime(CLOCK_MONOTONIC, {24300, 198319956}) = 0
21453 05:43:38 write(3, "\212\267Y\362\365h\217R\222\272/t'B\341\252n\273(C$\f\312\254y\203\303\2\222\214\2348"..., 40) = 40
21453 05:43:38 clock_gettime(CLOCK_MONOTONIC, {24300, 198517736}) = 0
21453 05:43:38 clock_gettime(CLOCK_MONOTONIC, {24300, 198571218}) = 0
21453 05:43:38 select(7, [3 4], [], NULL, NULL) = 1 (in [3])
21453 05:43:38 clock_gettime(CLOCK_MONOTONIC, {24300, 200719584}) = 0
21453 05:43:38 read(3, "a\257p~\207q\313\234\341\307,SB7\31\31\222\7\213\10zc\236\303\335<\366\207\332\262(L"..., 8192) = 40
21453 05:43:38 clock_gettime(CLOCK_MONOTONIC, {24300, 200783261}) = 0
21453 05:43:38 clock_gettime(CLOCK_MONOTONIC, {24300, 200802922}) = 0
21453 05:43:38 select(7, [3 4], [5], NULL, NULL) = 1 (out [5])
21453 05:43:38 clock_gettime(CLOCK_MONOTONIC, {24300, 200848812}) = 0
21453 05:43:38 write(5, "t", 1)         = 1
21453 05:43:38 clock_gettime(CLOCK_MONOTONIC, {24300, 200892797}) = 0
21453 05:43:38 clock_gettime(CLOCK_MONOTONIC, {24300, 200911393}) = 0
21453 05:43:38 select(7, [3 4], [], NULL, NULL) = 1 (in [4])
21453 05:43:38 clock_gettime(CLOCK_MONOTONIC, {24300, 383250578}) = 0
21453 05:43:38 read(4, "n", 16384)      = 1
21453 05:43:38 clock_gettime(CLOCK_MONOTONIC, {24300, 383318385}) = 0
21453 05:43:38 clock_gettime(CLOCK_MONOTONIC, {24300, 383337932}) = 0
21453 05:43:38 select(7, [3 4], [3], NULL, NULL) = 1 (out [3])
21453 05:43:38 clock_gettime(CLOCK_MONOTONIC, {24300, 383383316}) = 0
21453 05:43:38 write(3, "H2\233\353_\264\230\177Q)tR\231\23KJ\204\204\245_.\216\21U9\310t\340\203\230\362;"..., 40) = 40
21453 05:43:38 clock_gettime(CLOCK_MONOTONIC, {24300, 383465832}) = 0
21453 05:43:38 clock_gettime(CLOCK_MONOTONIC, {24300, 383485384}) = 0
21453 05:43:38 select(7, [3 4], [], NULL, NULL) = 1 (in [3])
21453 05:43:38 clock_gettime(CLOCK_MONOTONIC, {24300, 385574490}) = 0
21453 05:43:38 read(3, "{U\27V\320rsS\355\351\326f\307\240i|@\201#RPd\317\373.`\36\211\236\276\350\356"..., 8192) = 40
21453 05:43:38 clock_gettime(CLOCK_MONOTONIC, {24300, 385633454}) = 0
21453 05:43:38 clock_gettime(CLOCK_MONOTONIC, {24300, 385652853}) = 0
21453 05:43:38 select(7, [3 4], [5], NULL, NULL) = 1 (out [5])
21453 05:43:38 clock_gettime(CLOCK_MONOTONIC, {24300, 385698716}) = 0
21453 05:43:38 write(5, "n", 1)         = 1
21453 05:43:38 clock_gettime(CLOCK_MONOTONIC, {24300, 385741077}) = 0
21453 05:43:38 clock_gettime(CLOCK_MONOTONIC, {24300, 385759433}) = 0
21453 05:43:38 select(7, [3 4], [], NULL, NULL) = 1 (in [4])
21453 05:43:39 clock_gettime(CLOCK_MONOTONIC, {24300, 919266792}) = 0
21453 05:43:39 read(4, "a", 16384)      = 1
21453 05:43:39 clock_gettime(CLOCK_MONOTONIC, {24300, 919365136}) = 0
21453 05:43:39 clock_gettime(CLOCK_MONOTONIC, {24300, 919397935}) = 0
21453 05:43:39 select(7, [3 4], [3], NULL, NULL) = 1 (out [3])
21453 05:43:39 clock_gettime(CLOCK_MONOTONIC, {24300, 919483116}) = 0
21453 05:43:39 write(3, ";\26\314\315\352I\353\236\250\272\200\377\315\24B\365}\271\6\213\205\2641w\256\353\24\f\2173 Y"..., 40) = 40
21453 05:43:39 clock_gettime(CLOCK_MONOTONIC, {24300, 919626929}) = 0
21453 05:43:39 clock_gettime(CLOCK_MONOTONIC, {24300, 919662862}) = 0
21453 05:43:39 select(7, [3 4], [], NULL, NULL) = 1 (in [3])
21453 05:43:39 clock_gettime(CLOCK_MONOTONIC, {24300, 921645468}) = 0
21453 05:43:39 read(3, "\234}\365W\370\220\1777\363\302i\365\275 \254\357\235\326U\317\306\371\312\347PR0\31\210\371\333 "..., 8192) = 40
21453 05:43:39 clock_gettime(CLOCK_MONOTONIC, {24300, 921725057}) = 0
21453 05:43:39 clock_gettime(CLOCK_MONOTONIC, {24300, 921743569}) = 0
21453 05:43:39 select(7, [3 4], [5], NULL, NULL) = 1 (out [5])
21453 05:43:39 clock_gettime(CLOCK_MONOTONIC, {24300, 921785147}) = 0
21453 05:43:39 write(5, "a", 1)         = 1
21453 05:43:39 clock_gettime(CLOCK_MONOTONIC, {24300, 921824067}) = 0
21453 05:43:39 clock_gettime(CLOCK_MONOTONIC, {24300, 921840701}) = 0
21453 05:43:39 select(7, [3 4], [], NULL, NULL) = 1 (in [4])
21453 05:43:39 clock_gettime(CLOCK_MONOTONIC, {24301, 61514451}) = 0
21453 05:43:39 read(4, "m", 16384)      = 1
21453 05:43:39 clock_gettime(CLOCK_MONOTONIC, {24301, 61704816}) = 0
21453 05:43:39 clock_gettime(CLOCK_MONOTONIC, {24301, 61730292}) = 0
21453 05:43:39 select(7, [3 4], [3], NULL, NULL) = 1 (out [3])
21453 05:43:39 clock_gettime(CLOCK_MONOTONIC, {24301, 61779212}) = 0
21453 05:43:39 write(3, "0\312\230(\307\330f\252\273\211\23\372\5\251f\0\17^\31p-\250\5&\200R#)ru>b"..., 40) = 40
21453 05:43:39 clock_gettime(CLOCK_MONOTONIC, {24301, 61887050}) = 0
21453 05:43:39 clock_gettime(CLOCK_MONOTONIC, {24301, 61906919}) = 0
21453 05:43:39 select(7, [3 4], [], NULL, NULL) = 1 (in [3])
21453 05:43:39 clock_gettime(CLOCK_MONOTONIC, {24301, 63979295}) = 0
21453 05:43:39 read(3, "\26\250!\7\327\5\220\222YP\f\375\354)N\265\266P#\320\345\304\252\27\364jyP\311\201\277?"..., 8192) = 40
21453 05:43:39 clock_gettime(CLOCK_MONOTONIC, {24301, 64107990}) = 0
21453 05:43:39 clock_gettime(CLOCK_MONOTONIC, {24301, 64128564}) = 0
21453 05:43:39 select(7, [3 4], [5], NULL, NULL) = 1 (out [5])
21453 05:43:39 clock_gettime(CLOCK_MONOTONIC, {24301, 64201825}) = 0
21453 05:43:39 write(5, "m", 1)         = 1
21453 05:43:39 clock_gettime(CLOCK_MONOTONIC, {24301, 64259827}) = 0
21453 05:43:39 clock_gettime(CLOCK_MONOTONIC, {24301, 64277250}) = 0
21453 05:43:39 select(7, [3 4], [], NULL, NULL) = 1 (in [4])
21453 05:43:39 clock_gettime(CLOCK_MONOTONIC, {24301, 186239795}) = 0
21453 05:43:39 read(4, "e", 16384)      = 1
21453 05:43:39 clock_gettime(CLOCK_MONOTONIC, {24301, 186305143}) = 0
21453 05:43:39 clock_gettime(CLOCK_MONOTONIC, {24301, 186324449}) = 0
21453 05:43:39 select(7, [3 4], [3], NULL, NULL) = 1 (out [3])
21453 05:43:39 clock_gettime(CLOCK_MONOTONIC, {24301, 186369595}) = 0
21453 05:43:39 write(3, "@Q\355\326|\333S\216\27\5\313Sp4\374\264\227\\\304\206\315A^w\352\217\275\232\210\357(\341"..., 40) = 40
21453 05:43:39 clock_gettime(CLOCK_MONOTONIC, {24301, 186454824}) = 0
21453 05:43:39 clock_gettime(CLOCK_MONOTONIC, {24301, 186474505}) = 0
21453 05:43:39 select(7, [3 4], [], NULL, NULL) = 1 (in [3])
21453 05:43:39 clock_gettime(CLOCK_MONOTONIC, {24301, 188627398}) = 0
21453 05:43:39 read(3, "B\346\31\227Z\265>H\31N#(G\1\6>\361\24<\377\6\vKW\310\3038v\310E\5\17"..., 8192) = 40
21453 05:43:39 clock_gettime(CLOCK_MONOTONIC, {24301, 188681483}) = 0
21453 05:43:39 clock_gettime(CLOCK_MONOTONIC, {24301, 188698838}) = 0
21453 05:43:39 select(7, [3 4], [5], NULL, NULL) = 1 (out [5])
21453 05:43:39 clock_gettime(CLOCK_MONOTONIC, {24301, 188739812}) = 0
21453 05:43:39 write(5, "e", 1)         = 1
21453 05:43:39 clock_gettime(CLOCK_MONOTONIC, {24301, 188777675}) = 0
21453 05:43:39 clock_gettime(CLOCK_MONOTONIC, {24301, 188794287}) = 0
21453 05:43:39 select(7, [3 4], [], NULL, NULL) = 1 (in [4])
21453 05:43:39 clock_gettime(CLOCK_MONOTONIC, {24301, 428244689}) = 0
21453 05:43:39 read(4, "\r", 16384)     = 1
21453 05:43:39 clock_gettime(CLOCK_MONOTONIC, {24301, 428335834}) = 0
21453 05:43:39 clock_gettime(CLOCK_MONOTONIC, {24301, 428364056}) = 0
21453 05:43:39 select(7, [3 4], [3], NULL, NULL) = 1 (out [3])
21453 05:43:39 clock_gettime(CLOCK_MONOTONIC, {24301, 428506924}) = 0
21453 05:43:39 write(3, "\206\31+\316\2729h\240({\257\252H\223\274\312\214\200\t\314\212)b\217\350\241\r\276\201\314\217T"..., 40) = 40
21453 05:43:39 clock_gettime(CLOCK_MONOTONIC, {24301, 428629468}) = 0
21453 05:43:39 clock_gettime(CLOCK_MONOTONIC, {24301, 428674865}) = 0
21453 05:43:39 select(7, [3 4], [], NULL, NULL) = 1 (in [3])
21453 05:43:39 clock_gettime(CLOCK_MONOTONIC, {24301, 431736966}) = 0
21453 05:43:39 read(3, "\210`\334\3414\253\306M\3633\236\233\"}]ki\211\220\204YFVj\242^R^I\5\24O"..., 8192) = 40
21453 05:43:39 clock_gettime(CLOCK_MONOTONIC, {24301, 431852843}) = 0
21453 05:43:39 clock_gettime(CLOCK_MONOTONIC, {24301, 431876363}) = 0
21453 05:43:39 select(7, [3 4], [5], NULL, NULL) = 1 (out [5])
21453 05:43:39 clock_gettime(CLOCK_MONOTONIC, {24301, 431942984}) = 0
21453 05:43:39 write(5, "\r\n", 2)      = 2
21453 05:43:39 clock_gettime(CLOCK_MONOTONIC, {24301, 432077063}) = 0
21453 05:43:39 clock_gettime(CLOCK_MONOTONIC, {24301, 432101762}) = 0
21453 05:43:39 select(7, [3 4], [], NULL, NULL) = 1 (in [3])
21453 05:43:39 clock_gettime(CLOCK_MONOTONIC, {24301, 434865047}) = 0
21453 05:43:39 read(3, "\247\357\31k\3\355\r\23\252\320\245\241\225\250\n\206\337\n/\37E\210=\375\363\35\n:N\36\374\226"..., 8192) = 72
21453 05:43:39 clock_gettime(CLOCK_MONOTONIC, {24301, 434940483}) = 0
21453 05:43:39 clock_gettime(CLOCK_MONOTONIC, {24301, 434975358}) = 0
21453 05:43:39 select(7, [3 4], [5], NULL, NULL) = 1 (out [5])
21453 05:43:39 clock_gettime(CLOCK_MONOTONIC, {24301, 435047359}) = 0
21453 05:43:39 write(5, "salve\r\n\33]0;root@salve:~\7[root@sa"..., 40) = 40
21453 05:43:39 clock_gettime(CLOCK_MONOTONIC, {24301, 435097475}) = 0
21453 05:43:39 clock_gettime(CLOCK_MONOTONIC, {24301, 435118432}) = 0
21453 05:43:39 select(7, [3 4], [], NULL, NULL) = 1 (in [4])
21453 05:43:42 clock_gettime(CLOCK_MONOTONIC, {24304, 6259809}) = 0
21453 05:43:42 read(4, "h", 16384)      = 1
21453 05:43:42 clock_gettime(CLOCK_MONOTONIC, {24304, 6353925}) = 0
21453 05:43:42 clock_gettime(CLOCK_MONOTONIC, {24304, 6382791}) = 0
21453 05:43:42 select(7, [3 4], [3], NULL, NULL) = 1 (out [3])
21453 05:43:42 clock_gettime(CLOCK_MONOTONIC, {24304, 6449225}) = 0
21453 05:43:42 write(3, "\213\356\23\330d\274\261\257\34S\36\311\27A`H\332\356\347\204O\346jQ\3168\255\323\376Cj\261"..., 40) = 40
21453 05:43:42 clock_gettime(CLOCK_MONOTONIC, {24304, 6534837}) = 0
21453 05:43:42 clock_gettime(CLOCK_MONOTONIC, {24304, 6554789}) = 0
21453 05:43:42 select(7, [3 4], [], NULL, NULL) = 1 (in [3])
21453 05:43:42 clock_gettime(CLOCK_MONOTONIC, {24304, 8718369}) = 0
21453 05:43:42 read(3, "\323\216(\t[_/\323\2\334\25a% \327\0\363)\250(\f?\210\rh\317\356\267\233\356EX"..., 8192) = 40
21453 05:43:42 clock_gettime(CLOCK_MONOTONIC, {24304, 8861850}) = 0
21453 05:43:42 clock_gettime(CLOCK_MONOTONIC, {24304, 8885258}) = 0
21453 05:43:42 select(7, [3 4], [5], NULL, NULL) = 1 (out [5])
21453 05:43:42 clock_gettime(CLOCK_MONOTONIC, {24304, 8931574}) = 0
21453 05:43:42 write(5, "h", 1)         = 1
21453 05:43:42 clock_gettime(CLOCK_MONOTONIC, {24304, 8973427}) = 0
21453 05:43:42 clock_gettime(CLOCK_MONOTONIC, {24304, 8990144}) = 0
21453 05:43:42 select(7, [3 4], [], NULL, NULL) = 1 (in [4])
21453 05:43:42 clock_gettime(CLOCK_MONOTONIC, {24304, 191266600}) = 0
21453 05:43:42 read(4, "o", 16384)      = 1
21453 05:43:42 clock_gettime(CLOCK_MONOTONIC, {24304, 191339111}) = 0
21453 05:43:42 clock_gettime(CLOCK_MONOTONIC, {24304, 191360808}) = 0
21453 05:43:42 select(7, [3 4], [3], NULL, NULL) = 1 (out [3])
21453 05:43:42 clock_gettime(CLOCK_MONOTONIC, {24304, 191411714}) = 0
21453 05:43:42 write(3, "\6\244\270\266\233\21\23  \314\374<\237\224\356\335\270\230c\363\255\205A\204\262\204\306D\257\232\337\230"..., 40) = 40
21453 05:43:42 clock_gettime(CLOCK_MONOTONIC, {24304, 191506007}) = 0
21453 05:43:42 clock_gettime(CLOCK_MONOTONIC, {24304, 191529944}) = 0
21453 05:43:42 select(7, [3 4], [], NULL, NULL) = 1 (in [3])
21453 05:43:42 clock_gettime(CLOCK_MONOTONIC, {24304, 193646856}) = 0
21453 05:43:42 read(3, "\210'g\231\27\17<\336$\4~\313\316\221\372\244\20\324)\f\243'&Fd\266\220\265\262b\37\370"..., 8192) = 40
21453 05:43:42 clock_gettime(CLOCK_MONOTONIC, {24304, 193760473}) = 0
21453 05:43:42 clock_gettime(CLOCK_MONOTONIC, {24304, 193788844}) = 0
21453 05:43:42 select(7, [3 4], [5], NULL, NULL) = 1 (out [5])
21453 05:43:42 clock_gettime(CLOCK_MONOTONIC, {24304, 193836894}) = 0
21453 05:43:42 write(5, "o", 1)         = 1
21453 05:43:42 clock_gettime(CLOCK_MONOTONIC, {24304, 193879666}) = 0
21453 05:43:42 clock_gettime(CLOCK_MONOTONIC, {24304, 193898161}) = 0
21453 05:43:42 select(7, [3 4], [], NULL, NULL) = 1 (in [4])
21453 05:43:42 clock_gettime(CLOCK_MONOTONIC, {24304, 294177232}) = 0
21453 05:43:42 read(4, "s", 16384)      = 1
21453 05:43:42 clock_gettime(CLOCK_MONOTONIC, {24304, 294251718}) = 0
21453 05:43:42 clock_gettime(CLOCK_MONOTONIC, {24304, 294274131}) = 0
21453 05:43:42 select(7, [3 4], [3], NULL, NULL) = 1 (out [3])
21453 05:43:42 clock_gettime(CLOCK_MONOTONIC, {24304, 294325391}) = 0
21453 05:43:42 write(3, "3^\250\334\1\253\346Mr\3738\16P\264p\205\17U\246\250\326\20a\245\226\270\27\275\317_Q\363"..., 40) = 40
21453 05:43:42 clock_gettime(CLOCK_MONOTONIC, {24304, 294529828}) = 0
21453 05:43:42 clock_gettime(CLOCK_MONOTONIC, {24304, 294571516}) = 0
21453 05:43:42 select(7, [3 4], [], NULL, NULL) = 1 (in [3])
21453 05:43:42 clock_gettime(CLOCK_MONOTONIC, {24304, 296709924}) = 0
21453 05:43:42 read(3, "\tnx\31\331\\\301\3372\213\237}O\2533\2673d\255\2744v\342\23\320(@\350\343\213\332\365"..., 8192) = 40
21453 05:43:42 clock_gettime(CLOCK_MONOTONIC, {24304, 296812908}) = 0
21453 05:43:42 clock_gettime(CLOCK_MONOTONIC, {24304, 296849407}) = 0
21453 05:43:42 select(7, [3 4], [5], NULL, NULL) = 1 (out [5])
21453 05:43:42 clock_gettime(CLOCK_MONOTONIC, {24304, 297010494}) = 0
21453 05:43:42 write(5, "s", 1)         = 1
21453 05:43:42 clock_gettime(CLOCK_MONOTONIC, {24304, 297063894}) = 0
21453 05:43:42 clock_gettime(CLOCK_MONOTONIC, {24304, 297083143}) = 0
21453 05:43:42 select(7, [3 4], [], NULL, NULL) = 1 (in [4])
21453 05:43:42 clock_gettime(CLOCK_MONOTONIC, {24304, 526167091}) = 0
21453 05:43:42 read(4, "t", 16384)      = 1
21453 05:43:42 clock_gettime(CLOCK_MONOTONIC, {24304, 526240044}) = 0
21453 05:43:42 clock_gettime(CLOCK_MONOTONIC, {24304, 526262213}) = 0
21453 05:43:42 select(7, [3 4], [3], NULL, NULL) = 1 (out [3])
21453 05:43:42 clock_gettime(CLOCK_MONOTONIC, {24304, 526313141}) = 0
21453 05:43:42 write(3, "\265\210\231\6\374\276\350\314\310\366\275\21\211\10\252\v0\253n ]\253\272(\231+\t\347}m\371\337"..., 40) = 40
21453 05:43:42 clock_gettime(CLOCK_MONOTONIC, {24304, 526524409}) = 0
21453 05:43:42 clock_gettime(CLOCK_MONOTONIC, {24304, 526570691}) = 0
21453 05:43:42 select(7, [3 4], [], NULL, NULL) = 1 (in [3])
21453 05:43:42 clock_gettime(CLOCK_MONOTONIC, {24304, 528677215}) = 0
21453 05:43:42 read(3, "\364l\266\361e\217\317\366\207\261|8B\367Q\264\207zkA\2747\220\336K2x\314#%\33\301"..., 8192) = 40
21453 05:43:42 clock_gettime(CLOCK_MONOTONIC, {24304, 528740501}) = 0
21453 05:43:42 clock_gettime(CLOCK_MONOTONIC, {24304, 528759998}) = 0
21453 05:43:42 select(7, [3 4], [5], NULL, NULL) = 1 (out [5])
21453 05:43:42 clock_gettime(CLOCK_MONOTONIC, {24304, 528805445}) = 0
21453 05:43:42 write(5, "t", 1)         = 1
21453 05:43:42 clock_gettime(CLOCK_MONOTONIC, {24304, 528848896}) = 0
21453 05:43:42 clock_gettime(CLOCK_MONOTONIC, {24304, 528867345}) = 0
21453 05:43:42 select(7, [3 4], [], NULL, NULL) = 1 (in [4])
21453 05:43:42 clock_gettime(CLOCK_MONOTONIC, {24304, 710190562}) = 0
21453 05:43:42 read(4, "n", 16384)      = 1
21453 05:43:42 clock_gettime(CLOCK_MONOTONIC, {24304, 710264979}) = 0
21453 05:43:42 clock_gettime(CLOCK_MONOTONIC, {24304, 710286775}) = 0
21453 05:43:42 select(7, [3 4], [3], NULL, NULL) = 1 (out [3])
21453 05:43:42 clock_gettime(CLOCK_MONOTONIC, {24304, 710359387}) = 0
21453 05:43:42 write(3, "7y\247ep\224\370\271\323&\370{s\327O\262\234n\4\375Q\221\230\305\247\332|)\341\263:<"..., 40) = 40
21453 05:43:42 clock_gettime(CLOCK_MONOTONIC, {24304, 710495653}) = 0
21453 05:43:42 clock_gettime(CLOCK_MONOTONIC, {24304, 710537641}) = 0
21453 05:43:42 select(7, [3 4], [], NULL, NULL) = 1 (in [3])
21453 05:43:42 clock_gettime(CLOCK_MONOTONIC, {24304, 712739344}) = 0
21453 05:43:42 read(3, ";7\247\254\4\312\3149\1770K\252\320\276V\254\270z_\325\36\341M_T\34\322\343]\200t-"..., 8192) = 40
21453 05:43:42 clock_gettime(CLOCK_MONOTONIC, {24304, 712806708}) = 0
21453 05:43:42 clock_gettime(CLOCK_MONOTONIC, {24304, 712894542}) = 0
21453 05:43:42 select(7, [3 4], [5], NULL, NULL) = 1 (out [5])
21453 05:43:42 clock_gettime(CLOCK_MONOTONIC, {24304, 712953800}) = 0
21453 05:43:42 write(5, "n", 1)         = 1
21453 05:43:42 clock_gettime(CLOCK_MONOTONIC, {24304, 713107366}) = 0
21453 05:43:42 clock_gettime(CLOCK_MONOTONIC, {24304, 713140726}) = 0
21453 05:43:42 select(7, [3 4], [], NULL, NULL) = 1 (in [4])
21453 05:43:43 clock_gettime(CLOCK_MONOTONIC, {24305, 154113720}) = 0
21453 05:43:43 read(4, "a", 16384)      = 1
21453 05:43:43 clock_gettime(CLOCK_MONOTONIC, {24305, 154223114}) = 0
21453 05:43:43 clock_gettime(CLOCK_MONOTONIC, {24305, 154243020}) = 0
21453 05:43:43 select(7, [3 4], [3], NULL, NULL) = 1 (out [3])
21453 05:43:43 clock_gettime(CLOCK_MONOTONIC, {24305, 154287969}) = 0
21453 05:43:43 write(3, "\6\240'\207\22\231\317\rf\370\274\252V\351\3707\177^kL\266\236c\"\235`\354=\224\361\363\f"..., 40) = 40
21453 05:43:43 clock_gettime(CLOCK_MONOTONIC, {24305, 154466222}) = 0
21453 05:43:43 clock_gettime(CLOCK_MONOTONIC, {24305, 154510243}) = 0
21453 05:43:43 select(7, [3 4], [], NULL, NULL) = 1 (in [3])
21453 05:43:43 clock_gettime(CLOCK_MONOTONIC, {24305, 156629165}) = 0
21453 05:43:43 read(3, "\201\352\tT\31W\354\303\345\276\211\\\2#_\2255\247\\\364\21\311\221,\277\200\246\276\273W\t\310"..., 8192) = 40
21453 05:43:43 clock_gettime(CLOCK_MONOTONIC, {24305, 156690547}) = 0
21453 05:43:43 clock_gettime(CLOCK_MONOTONIC, {24305, 156709938}) = 0
21453 05:43:43 select(7, [3 4], [5], NULL, NULL) = 1 (out [5])
21453 05:43:43 clock_gettime(CLOCK_MONOTONIC, {24305, 156755427}) = 0
21453 05:43:43 write(5, "a", 1)         = 1
21453 05:43:43 clock_gettime(CLOCK_MONOTONIC, {24305, 156798438}) = 0
21453 05:43:43 clock_gettime(CLOCK_MONOTONIC, {24305, 156816909}) = 0
21453 05:43:43 select(7, [3 4], [], NULL, NULL) = 1 (in [4])
21453 05:43:43 clock_gettime(CLOCK_MONOTONIC, {24305, 295267760}) = 0
21453 05:43:43 read(4, "m", 16384)      = 1
21453 05:43:43 clock_gettime(CLOCK_MONOTONIC, {24305, 295339799}) = 0
21453 05:43:43 clock_gettime(CLOCK_MONOTONIC, {24305, 295361513}) = 0
21453 05:43:43 select(7, [3 4], [3], NULL, NULL) = 1 (out [3])
21453 05:43:43 clock_gettime(CLOCK_MONOTONIC, {24305, 295412681}) = 0
21453 05:43:43 write(3, "u\3644\313\212\243w\261\273n\227\207N\20z\7\326%\235\33CVg\344QR-\365d\301xT"..., 40) = 40
21453 05:43:43 clock_gettime(CLOCK_MONOTONIC, {24305, 295506498}) = 0
21453 05:43:43 clock_gettime(CLOCK_MONOTONIC, {24305, 295531957}) = 0
21453 05:43:43 select(7, [3 4], [], NULL, NULL) = 1 (in [3])
21453 05:43:43 clock_gettime(CLOCK_MONOTONIC, {24305, 297873589}) = 0
21453 05:43:43 read(3, "\35\310\317\255I-4\204\3216\363*O!i\f\251C\33O\227\221\242<\334\276\303\242\273\17\237\336"..., 8192) = 40
21453 05:43:43 clock_gettime(CLOCK_MONOTONIC, {24305, 297962767}) = 0
21453 05:43:43 clock_gettime(CLOCK_MONOTONIC, {24305, 297982336}) = 0
21453 05:43:43 select(7, [3 4], [5], NULL, NULL) = 1 (out [5])
21453 05:43:43 clock_gettime(CLOCK_MONOTONIC, {24305, 298048337}) = 0
21453 05:43:43 write(5, "m", 1)         = 1
21453 05:43:43 clock_gettime(CLOCK_MONOTONIC, {24305, 298091179}) = 0
21453 05:43:43 clock_gettime(CLOCK_MONOTONIC, {24305, 298108911}) = 0
21453 05:43:43 select(7, [3 4], [], NULL, NULL) = 1 (in [4])
21453 05:43:43 clock_gettime(CLOCK_MONOTONIC, {24305, 430110114}) = 0
21453 05:43:43 read(4, "e", 16384)      = 1
21453 05:43:43 clock_gettime(CLOCK_MONOTONIC, {24305, 430180671}) = 0
21453 05:43:43 clock_gettime(CLOCK_MONOTONIC, {24305, 430201617}) = 0
21453 05:43:43 select(7, [3 4], [3], NULL, NULL) = 1 (out [3])
21453 05:43:43 clock_gettime(CLOCK_MONOTONIC, {24305, 430288649}) = 0
21453 05:43:43 write(3, "\341\221\16\302\2066K\34\v\304\246\243\221\365\346\226\271|\232x\177\302\245-\375y_\236\364m\320\327"..., 40) = 40
21453 05:43:43 clock_gettime(CLOCK_MONOTONIC, {24305, 430385013}) = 0
21453 05:43:43 clock_gettime(CLOCK_MONOTONIC, {24305, 430406418}) = 0
21453 05:43:43 select(7, [3 4], [], NULL, NULL) = 1 (in [3])
21453 05:43:43 clock_gettime(CLOCK_MONOTONIC, {24305, 432871296}) = 0
21453 05:43:43 read(3, "\306+\v\360\242\274\276\227l\327G\314\335c\246x[\303\243!\357,K\207\3751\325\3\273C\307\371"..., 8192) = 40
21453 05:43:43 clock_gettime(CLOCK_MONOTONIC, {24305, 433044616}) = 0
21453 05:43:43 clock_gettime(CLOCK_MONOTONIC, {24305, 433066020}) = 0
21453 05:43:43 select(7, [3 4], [5], NULL, NULL) = 1 (out [5])
21453 05:43:43 clock_gettime(CLOCK_MONOTONIC, {24305, 433111108}) = 0
21453 05:43:43 write(5, "e", 1)         = 1
21453 05:43:43 clock_gettime(CLOCK_MONOTONIC, {24305, 433153720}) = 0
21453 05:43:43 clock_gettime(CLOCK_MONOTONIC, {24305, 433171090}) = 0
21453 05:43:43 select(7, [3 4], [], NULL, NULL) = 1 (in [4])
21453 05:43:43 clock_gettime(CLOCK_MONOTONIC, {24305, 630115150}) = 0
21453 05:43:43 read(4, " ", 16384)      = 1
21453 05:43:43 clock_gettime(CLOCK_MONOTONIC, {24305, 630197995}) = 0
21453 05:43:43 clock_gettime(CLOCK_MONOTONIC, {24305, 630228586}) = 0
21453 05:43:43 select(7, [3 4], [3], NULL, NULL) = 1 (out [3])
21453 05:43:43 clock_gettime(CLOCK_MONOTONIC, {24305, 630291293}) = 0
21453 05:43:43 write(3, "\316\200\232Z\n\33\337 \24\231\237y\22+\1p\0061iV.\21o\\?\3674M\300&\351\255"..., 40) = 40
21453 05:43:43 clock_gettime(CLOCK_MONOTONIC, {24305, 630410071}) = 0
21453 05:43:43 clock_gettime(CLOCK_MONOTONIC, {24305, 630444503}) = 0
21453 05:43:43 select(7, [3 4], [], NULL, NULL) = 1 (in [3])
21453 05:43:43 clock_gettime(CLOCK_MONOTONIC, {24305, 632862582}) = 0
21453 05:43:43 read(3, "\3404\25\334\4\331&-K_g\324\357\231aY\3w\332%:\20\277!\32\264\336)\25\220\327\206"..., 8192) = 40
21453 05:43:43 clock_gettime(CLOCK_MONOTONIC, {24305, 632930305}) = 0
21453 05:43:43 clock_gettime(CLOCK_MONOTONIC, {24305, 632948616}) = 0
21453 05:43:43 select(7, [3 4], [5], NULL, NULL) = 1 (out [5])
21453 05:43:43 clock_gettime(CLOCK_MONOTONIC, {24305, 633067188}) = 0
21453 05:43:43 write(5, " ", 1)         = 1
21453 05:43:43 clock_gettime(CLOCK_MONOTONIC, {24305, 633269303}) = 0
21453 05:43:43 clock_gettime(CLOCK_MONOTONIC, {24305, 633324776}) = 0
21453 05:43:43 select(7, [3 4], [], NULL, NULL) = 1 (in [4])
21453 05:43:44 clock_gettime(CLOCK_MONOTONIC, {24305, 923222024}) = 0
21453 05:43:44 read(4, "\177", 16384)   = 1
21453 05:43:44 clock_gettime(CLOCK_MONOTONIC, {24305, 923286250}) = 0
21453 05:43:44 clock_gettime(CLOCK_MONOTONIC, {24305, 923304779}) = 0
21453 05:43:44 select(7, [3 4], [3], NULL, NULL) = 1 (out [3])
21453 05:43:44 clock_gettime(CLOCK_MONOTONIC, {24305, 923347635}) = 0
21453 05:43:44 write(3, "\257\333\223\312\235\224\336\205\243@\343\27\327\36\26I}\226PAMA\376\216S?\31\226^~+ "..., 40) = 40
21453 05:43:44 clock_gettime(CLOCK_MONOTONIC, {24305, 923430005}) = 0
21453 05:43:44 clock_gettime(CLOCK_MONOTONIC, {24305, 923448634}) = 0
21453 05:43:44 select(7, [3 4], [], NULL, NULL) = 1 (in [3])
21453 05:43:44 clock_gettime(CLOCK_MONOTONIC, {24305, 925715915}) = 0
21453 05:43:44 read(3, "*|bQ\205\33\273\340\242-+K\324\344&9y8P@\276Ll\365\362\322\227f\200/H\243"..., 8192) = 40
21453 05:43:44 clock_gettime(CLOCK_MONOTONIC, {24305, 925772713}) = 0
21453 05:43:44 clock_gettime(CLOCK_MONOTONIC, {24305, 925789162}) = 0
21453 05:43:44 select(7, [3 4], [5], NULL, NULL) = 1 (out [5])
21453 05:43:44 clock_gettime(CLOCK_MONOTONIC, {24305, 925830682}) = 0
21453 05:43:44 write(5, "\10\33[K", 4)  = 4
21453 05:43:44 clock_gettime(CLOCK_MONOTONIC, {24305, 925867739}) = 0
21453 05:43:44 clock_gettime(CLOCK_MONOTONIC, {24305, 925883507}) = 0
21453 05:43:44 select(7, [3 4], [], NULL, NULL) = 1 (in [4])
21453 05:43:44 clock_gettime(CLOCK_MONOTONIC, {24306, 87508970}) = 0
21453 05:43:44 read(4, "c", 16384)      = 1
21453 05:43:44 clock_gettime(CLOCK_MONOTONIC, {24306, 87682549}) = 0
21453 05:43:44 clock_gettime(CLOCK_MONOTONIC, {24306, 87703282}) = 0
21453 05:43:44 select(7, [3 4], [3], NULL, NULL) = 1 (out [3])
21453 05:43:44 clock_gettime(CLOCK_MONOTONIC, {24306, 87749236}) = 0
21453 05:43:44 write(3, "\234\372\262F\327\17\257\r\r\334\213d\30$/\273\v\303\257\230\0238\177\330\32\266\341\214\221\rF\247"..., 40) = 40
21453 05:43:44 clock_gettime(CLOCK_MONOTONIC, {24306, 87826778}) = 0
21453 05:43:44 clock_gettime(CLOCK_MONOTONIC, {24306, 87847944}) = 0
21453 05:43:44 select(7, [3 4], [], NULL, NULL) = 1 (in [3])
21453 05:43:44 clock_gettime(CLOCK_MONOTONIC, {24306, 89657941}) = 0
21453 05:43:44 read(3, "\301\301T\327z\347\275~=\251\34\330\226\241\266\306e\320\304\225~\3364\300\26\257^\225-\312\247\32"..., 8192) = 40
21453 05:43:44 clock_gettime(CLOCK_MONOTONIC, {24306, 89712565}) = 0
21453 05:43:44 clock_gettime(CLOCK_MONOTONIC, {24306, 89730859}) = 0
21453 05:43:44 select(7, [3 4], [5], NULL, NULL) = 1 (out [5])
21453 05:43:44 clock_gettime(CLOCK_MONOTONIC, {24306, 89774131}) = 0
21453 05:43:44 write(5, "c", 1)         = 1
21453 05:43:44 clock_gettime(CLOCK_MONOTONIC, {24306, 89814340}) = 0
21453 05:43:44 clock_gettime(CLOCK_MONOTONIC, {24306, 89832008}) = 0
21453 05:43:44 select(7, [3 4], [], NULL, NULL) = 1 (in [4])
21453 05:43:44 clock_gettime(CLOCK_MONOTONIC, {24306, 364184972}) = 0
21453 05:43:44 read(4, "t", 16384)      = 1
21453 05:43:44 clock_gettime(CLOCK_MONOTONIC, {24306, 364259715}) = 0
21453 05:43:44 clock_gettime(CLOCK_MONOTONIC, {24306, 364277061}) = 0
21453 05:43:44 select(7, [3 4], [3], NULL, NULL) = 1 (out [3])
21453 05:43:44 clock_gettime(CLOCK_MONOTONIC, {24306, 364316351}) = 0
21453 05:43:44 write(3, "\342\260A\207\225D\235\241L\254\350\273\216\234\331j\322\243M)\220\374\262e\"-\23a\214\366\0004"..., 40) = 40
21453 05:43:44 clock_gettime(CLOCK_MONOTONIC, {24306, 364416149}) = 0
21453 05:43:44 clock_gettime(CLOCK_MONOTONIC, {24306, 364448793}) = 0
21453 05:43:44 select(7, [3 4], [], NULL, NULL) = 1 (in [3])
21453 05:43:44 clock_gettime(CLOCK_MONOTONIC, {24306, 366663239}) = 0
21453 05:43:44 read(3, "4t\366\226*\220\375\314/(\275c\335t\203N\264\351\363\363\201I\322\210\4rC\347\337\0348>"..., 8192) = 40
21453 05:43:44 clock_gettime(CLOCK_MONOTONIC, {24306, 366770816}) = 0
21453 05:43:44 clock_gettime(CLOCK_MONOTONIC, {24306, 366788186}) = 0
21453 05:43:44 select(7, [3 4], [5], NULL, NULL) = 1 (out [5])
21453 05:43:44 clock_gettime(CLOCK_MONOTONIC, {24306, 366827275}) = 0
21453 05:43:44 write(5, "t", 1)         = 1
21453 05:43:44 clock_gettime(CLOCK_MONOTONIC, {24306, 366862389}) = 0
21453 05:43:44 clock_gettime(CLOCK_MONOTONIC, {24306, 366877108}) = 0
21453 05:43:44 select(7, [3 4], [], NULL, NULL) = 1 (in [4])
21453 05:43:45 clock_gettime(CLOCK_MONOTONIC, {24306, 823301603}) = 0
21453 05:43:45 read(4, "l", 16384)      = 1
21453 05:43:45 clock_gettime(CLOCK_MONOTONIC, {24306, 823396465}) = 0
21453 05:43:45 clock_gettime(CLOCK_MONOTONIC, {24306, 823415544}) = 0
21453 05:43:45 select(7, [3 4], [3], NULL, NULL) = 1 (out [3])
21453 05:43:45 clock_gettime(CLOCK_MONOTONIC, {24306, 823460044}) = 0
21453 05:43:45 write(3, "0\235\351o\232`T<\204\177\336\321RY5x\376e.\317~X\225\":\335\204\rx\227T\352"..., 40) = 40
21453 05:43:45 clock_gettime(CLOCK_MONOTONIC, {24306, 823541070}) = 0
21453 05:43:45 clock_gettime(CLOCK_MONOTONIC, {24306, 823559709}) = 0
21453 05:43:45 select(7, [3 4], [], NULL, NULL) = 1 (in [3])
21453 05:43:45 clock_gettime(CLOCK_MONOTONIC, {24306, 825664434}) = 0
21453 05:43:45 read(3, "\362\177\253\0023\365\241\3629\305\26HY=\306\331\244\212\336\2071\240\34q\233\377\331\v\262\242\255\335"..., 8192) = 40
21453 05:43:45 clock_gettime(CLOCK_MONOTONIC, {24306, 825720064}) = 0
21453 05:43:45 clock_gettime(CLOCK_MONOTONIC, {24306, 825738291}) = 0
21453 05:43:45 select(7, [3 4], [5], NULL, NULL) = 1 (out [5])
21453 05:43:45 clock_gettime(CLOCK_MONOTONIC, {24306, 825781649}) = 0
21453 05:43:45 write(5, "l", 1)         = 1
21453 05:43:45 clock_gettime(CLOCK_MONOTONIC, {24306, 825821775}) = 0
21453 05:43:45 clock_gettime(CLOCK_MONOTONIC, {24306, 825839300}) = 0
21453 05:43:45 select(7, [3 4], [], NULL, NULL) = 1 (in [4])
21453 05:43:45 clock_gettime(CLOCK_MONOTONIC, {24306, 979239953}) = 0
21453 05:43:45 read(4, "\r", 16384)     = 1
21453 05:43:45 clock_gettime(CLOCK_MONOTONIC, {24306, 979327385}) = 0
21453 05:43:45 clock_gettime(CLOCK_MONOTONIC, {24306, 979353958}) = 0
21453 05:43:45 select(7, [3 4], [3], NULL, NULL) = 1 (out [3])
21453 05:43:45 clock_gettime(CLOCK_MONOTONIC, {24306, 979416194}) = 0
21453 05:43:45 write(3, "\35t\10\221\232d0o\34ld\206\35I\256\313\221\355\251h\16\241\277\241@\v\311\243\361(\375\200"..., 40) = 40
21453 05:43:45 clock_gettime(CLOCK_MONOTONIC, {24306, 979527539}) = 0
21453 05:43:45 clock_gettime(CLOCK_MONOTONIC, {24306, 979555227}) = 0
21453 05:43:45 select(7, [3 4], [], NULL, NULL) = 1 (in [3])
21453 05:43:45 clock_gettime(CLOCK_MONOTONIC, {24306, 982171380}) = 0
21453 05:43:45 read(3, "\367v\203] \22_\3232\334\265=\251HtVEvrU\33\t\2314\311\276\336\0056qu#"..., 8192) = 40
21453 05:43:45 clock_gettime(CLOCK_MONOTONIC, {24306, 982795861}) = 0
21453 05:43:45 clock_gettime(CLOCK_MONOTONIC, {24306, 982858863}) = 0
21453 05:43:45 select(7, [3 4], [5], NULL, NULL) = 2 (in [3], out [5])
21453 05:43:45 clock_gettime(CLOCK_MONOTONIC, {24306, 983135726}) = 0
21453 05:43:45 write(5, "\r\n", 2)      = 2
21453 05:43:45 read(3, "\243\35aMA\30V\231\322\17P_g\324C\277E\362Gp\322\250\266\312\33\335\222\306?\365\247\v"..., 8192) = 72
21453 05:43:45 clock_gettime(CLOCK_MONOTONIC, {24306, 983245785}) = 0
21453 05:43:45 clock_gettime(CLOCK_MONOTONIC, {24306, 983269477}) = 0
21453 05:43:45 select(7, [3 4], [5], NULL, NULL) = 1 (out [5])
21453 05:43:45 clock_gettime(CLOCK_MONOTONIC, {24306, 983318127}) = 0
21453 05:43:45 write(5, "-bash: hostnamectl: command not "..., 39) = 39
21453 05:43:45 clock_gettime(CLOCK_MONOTONIC, {24306, 983362510}) = 0
21453 05:43:45 clock_gettime(CLOCK_MONOTONIC, {24306, 983382712}) = 0
21453 05:43:45 select(7, [3 4], [], NULL, NULL) = 1 (in [3])
21453 05:43:45 clock_gettime(CLOCK_MONOTONIC, {24306, 984640166}) = 0
21453 05:43:45 read(3, "!b\317\376\227\370\304u\200\252\333J\314K\311\374\0\321\34\316\263=9\6\227\5\205\355\223`T7"..., 8192) = 72
21453 05:43:45 clock_gettime(CLOCK_MONOTONIC, {24306, 984706480}) = 0
21453 05:43:45 clock_gettime(CLOCK_MONOTONIC, {24306, 984725022}) = 0
21453 05:43:45 select(7, [3 4], [5], NULL, NULL) = 1 (out [5])
21453 05:43:45 clock_gettime(CLOCK_MONOTONIC, {24306, 984768675}) = 0
21453 05:43:45 write(5, "\33]0;root@salve:~\7[root@salve ~]#"..., 33) = 33
21453 05:43:45 clock_gettime(CLOCK_MONOTONIC, {24306, 984809303}) = 0
21453 05:43:45 clock_gettime(CLOCK_MONOTONIC, {24306, 984826692}) = 0
21453 05:43:45 select(7, [3 4], [], NULL, NULL) = 1 (in [4])
21453 05:43:46 clock_gettime(CLOCK_MONOTONIC, {24307, 886265118}) = 0
21453 05:43:46 read(4, "e", 16384)      = 1
21453 05:43:46 clock_gettime(CLOCK_MONOTONIC, {24307, 886493223}) = 0
21453 05:43:46 clock_gettime(CLOCK_MONOTONIC, {24307, 886536912}) = 0
21453 05:43:46 select(7, [3 4], [3], NULL, NULL) = 1 (out [3])
21453 05:43:46 clock_gettime(CLOCK_MONOTONIC, {24307, 886613593}) = 0
21453 05:43:46 write(3, "\244\314\324LwA\303\nD6L\r*i\257\211\355\200\240\333:\320\314\226\335s\30\317\342\25\224."..., 40) = 40
21453 05:43:46 clock_gettime(CLOCK_MONOTONIC, {24307, 886749450}) = 0
21453 05:43:46 clock_gettime(CLOCK_MONOTONIC, {24307, 886780416}) = 0
21453 05:43:46 select(7, [3 4], [], NULL, NULL) = 1 (in [3])
21453 05:43:46 clock_gettime(CLOCK_MONOTONIC, {24307, 888651977}) = 0
21453 05:43:46 read(3, "2\352\370\230\233(C\245w%\277\276\300\323t\253i\233\363-\22yx\203i\34a&z\367\214\255"..., 8192) = 40
21453 05:43:46 clock_gettime(CLOCK_MONOTONIC, {24307, 888718976}) = 0
21453 05:43:46 clock_gettime(CLOCK_MONOTONIC, {24307, 888737620}) = 0
21453 05:43:46 select(7, [3 4], [5], NULL, NULL) = 1 (out [5])
21453 05:43:46 clock_gettime(CLOCK_MONOTONIC, {24307, 888782797}) = 0
21453 05:43:46 write(5, "e", 1)         = 1
21453 05:43:46 clock_gettime(CLOCK_MONOTONIC, {24307, 888824430}) = 0
21453 05:43:46 clock_gettime(CLOCK_MONOTONIC, {24307, 888842192}) = 0
21453 05:43:46 select(7, [3 4], [], NULL, NULL) = 1 (in [4])
21453 05:43:46 clock_gettime(CLOCK_MONOTONIC, {24308, 105150656}) = 0
21453 05:43:46 read(4, "x", 16384)      = 1
21453 05:43:46 clock_gettime(CLOCK_MONOTONIC, {24308, 105217589}) = 0
21453 05:43:46 clock_gettime(CLOCK_MONOTONIC, {24308, 105236720}) = 0
21453 05:43:46 select(7, [3 4], [3], NULL, NULL) = 1 (out [3])
21453 05:43:46 clock_gettime(CLOCK_MONOTONIC, {24308, 105281911}) = 0
21453 05:43:46 write(3, "\262R\211\221g\340\250i\302\251\3038\370N\336\337b\204\227!\"\305f\365\266d\4V\351\216W\4"..., 40) = 40
21453 05:43:46 clock_gettime(CLOCK_MONOTONIC, {24308, 105460630}) = 0
21453 05:43:46 clock_gettime(CLOCK_MONOTONIC, {24308, 105485558}) = 0
21453 05:43:46 select(7, [3 4], [], NULL, NULL) = 1 (in [3])
21453 05:43:46 clock_gettime(CLOCK_MONOTONIC, {24308, 107631539}) = 0
21453 05:43:46 read(3, "\263+Z\31\334\202\214\353^\306\2313\335\204\30\270\341\35Q\3507\30I.\275\253\303\306 \2023\233"..., 8192) = 40
21453 05:43:46 clock_gettime(CLOCK_MONOTONIC, {24308, 107685016}) = 0
21453 05:43:46 clock_gettime(CLOCK_MONOTONIC, {24308, 107701344}) = 0
21453 05:43:46 select(7, [3 4], [5], NULL, NULL) = 1 (out [5])
21453 05:43:46 clock_gettime(CLOCK_MONOTONIC, {24308, 107740394}) = 0
21453 05:43:46 write(5, "x", 1)         = 1
21453 05:43:46 clock_gettime(CLOCK_MONOTONIC, {24308, 107776883}) = 0
21453 05:43:46 clock_gettime(CLOCK_MONOTONIC, {24308, 107792634}) = 0
21453 05:43:46 select(7, [3 4], [], NULL, NULL) = 1 (in [4])
21453 05:43:46 clock_gettime(CLOCK_MONOTONIC, {24308, 255268555}) = 0
21453 05:43:46 read(4, "i", 16384)      = 1
21453 05:43:46 clock_gettime(CLOCK_MONOTONIC, {24308, 255328900}) = 0
21453 05:43:46 clock_gettime(CLOCK_MONOTONIC, {24308, 255345425}) = 0
21453 05:43:46 select(7, [3 4], [3], NULL, NULL) = 1 (out [3])
21453 05:43:46 clock_gettime(CLOCK_MONOTONIC, {24308, 255435397}) = 0
21453 05:43:46 write(3, "8\356\271\\\10\325#\201\317\357%bx\36\216NU\20\10\337\266\236\230Uh%\264\276K\245\3\221"..., 40) = 40
21453 05:43:46 clock_gettime(CLOCK_MONOTONIC, {24308, 255568488}) = 0
21453 05:43:46 clock_gettime(CLOCK_MONOTONIC, {24308, 255604705}) = 0
21453 05:43:46 select(7, [3 4], [], NULL, NULL) = 1 (in [3])
21453 05:43:46 clock_gettime(CLOCK_MONOTONIC, {24308, 257637961}) = 0
21453 05:43:46 read(3, "k\276\332(\225\"\342\3660C%\274\355A\370\361\321\214\26\5gh(\234\300\265\335\230;\221ba"..., 8192) = 40
21453 05:43:46 clock_gettime(CLOCK_MONOTONIC, {24308, 257695791}) = 0
21453 05:43:46 clock_gettime(CLOCK_MONOTONIC, {24308, 257729567}) = 0
21453 05:43:46 select(7, [3 4], [5], NULL, NULL) = 1 (out [5])
21453 05:43:46 clock_gettime(CLOCK_MONOTONIC, {24308, 257791811}) = 0
21453 05:43:46 write(5, "i", 1)         = 1
21453 05:43:46 clock_gettime(CLOCK_MONOTONIC, {24308, 257898536}) = 0
21453 05:43:46 clock_gettime(CLOCK_MONOTONIC, {24308, 257918409}) = 0
21453 05:43:46 select(7, [3 4], [], NULL, NULL) = 1 (in [4])
21453 05:43:46 clock_gettime(CLOCK_MONOTONIC, {24308, 428108627}) = 0
21453 05:43:46 read(4, "t", 16384)      = 1
21453 05:43:46 clock_gettime(CLOCK_MONOTONIC, {24308, 428181398}) = 0
21453 05:43:46 clock_gettime(CLOCK_MONOTONIC, {24308, 428205344}) = 0
21453 05:43:46 select(7, [3 4], [3], NULL, NULL) = 1 (out [3])
21453 05:43:46 clock_gettime(CLOCK_MONOTONIC, {24308, 428259287}) = 0
21453 05:43:46 write(3, "W'\6\215R \354\213\354c\364\n\274\223\231\3757\22\373=\236\356\275f?\355=f\371{\355a"..., 40) = 40
21453 05:43:46 clock_gettime(CLOCK_MONOTONIC, {24308, 428333721}) = 0
21453 05:43:46 clock_gettime(CLOCK_MONOTONIC, {24308, 428357535}) = 0
21453 05:43:46 select(7, [3 4], [], NULL, NULL) = 1 (in [3])
21453 05:43:46 clock_gettime(CLOCK_MONOTONIC, {24308, 430633639}) = 0
21453 05:43:46 read(3, "\230\315\362H\231\20\367\336u\311\212\207\367w\27t\375\246W\3511l\235\326\3378\212\255\6\260_C"..., 8192) = 40
21453 05:43:46 clock_gettime(CLOCK_MONOTONIC, {24308, 430689050}) = 0
21453 05:43:46 clock_gettime(CLOCK_MONOTONIC, {24308, 430704709}) = 0
21453 05:43:46 select(7, [3 4], [5], NULL, NULL) = 1 (out [5])
21453 05:43:46 clock_gettime(CLOCK_MONOTONIC, {24308, 430741666}) = 0
21453 05:43:46 write(5, "t", 1)         = 1
21453 05:43:46 clock_gettime(CLOCK_MONOTONIC, {24308, 430776316}) = 0
21453 05:43:46 clock_gettime(CLOCK_MONOTONIC, {24308, 430790981}) = 0
21453 05:43:46 select(7, [3 4], [], NULL, NULL) = 1 (in [4])
21453 05:43:46 clock_gettime(CLOCK_MONOTONIC, {24308, 555227937}) = 0
21453 05:43:46 read(4, "\r", 16384)     = 1
21453 05:43:46 clock_gettime(CLOCK_MONOTONIC, {24308, 555290035}) = 0
21453 05:43:46 clock_gettime(CLOCK_MONOTONIC, {24308, 555308320}) = 0
21453 05:43:46 select(7, [3 4], [3], NULL, NULL) = 1 (out [3])
21453 05:43:46 clock_gettime(CLOCK_MONOTONIC, {24308, 555351797}) = 0
21453 05:43:46 write(3, "\v\217\236\32BO\270\224\5`V\342\275\310\236\243\301\277\313\21M\215\300\234\223K\365\251\217\256\6Z"..., 40) = 40
21453 05:43:46 clock_gettime(CLOCK_MONOTONIC, {24308, 555433801}) = 0
21453 05:43:46 clock_gettime(CLOCK_MONOTONIC, {24308, 555458593}) = 0
21453 05:43:46 select(7, [3 4], [], NULL, NULL) = 1 (in [3])
21453 05:43:46 clock_gettime(CLOCK_MONOTONIC, {24308, 558230372}) = 0
21453 05:43:46 read(3, "\234\22006\n\10\272\276\337\327\33d\273\30pP\262\224e\367\234:W\337%\244\231\337g\337Q\216"..., 8192) = 200
21453 05:43:46 close(4)                 = 0
21453 05:43:46 clock_gettime(CLOCK_MONOTONIC, {24308, 558335876}) = 0
21453 05:43:46 clock_gettime(CLOCK_MONOTONIC, {24308, 558355314}) = 0
21453 05:43:46 select(7, [3], [5], NULL, NULL) = 1 (out [5])
21453 05:43:46 clock_gettime(CLOCK_MONOTONIC, {24308, 558416333}) = 0
21453 05:43:46 write(5, "\r\nlogout\r\n", 10) = 10
21453 05:43:46 clock_gettime(CLOCK_MONOTONIC, {24308, 558455740}) = 0
21453 05:43:46 clock_gettime(CLOCK_MONOTONIC, {24308, 558495616}) = 0
21453 05:43:46 close(5)                 = 0
21453 05:43:46 ioctl(0, SNDCTL_TMR_STOP or SNDRV_TIMER_IOCTL_GINFO or TCSETSW, {B38400 opost isig icanon echo ...}) = 0
21453 05:43:46 close(6)                 = 0
21453 05:43:46 select(7, [3], [3], NULL, NULL) = 1 (out [3])
21453 05:43:46 clock_gettime(CLOCK_MONOTONIC, {24308, 558598431}) = 0
21453 05:43:46 write(3, "\354\244}\337\313\203\21\200GA:\200 \327\274j\230\342#q\24\237Go", 24) = 24
21453 05:43:46 rt_sigaction(SIGWINCH, NULL, {0x7f36d0b0f340, [], SA_RESTORER, 0x7f36cf51a510}, 8) = 0
21453 05:43:46 rt_sigaction(SIGWINCH, {SIG_DFL, [], SA_RESTORER, 0x7f36cf51a510}, NULL, 8) = 0
21453 05:43:46 write(3, "\307\342\263\226zK\3710|8\27\1L\2024\367\343\356\3745\214\332\256\205\31f\250\6\322\272\257\t"..., 56) = 56
21453 05:43:46 ioctl(0, SNDCTL_TMR_TIMEBASE or SNDRV_TIMER_IOCTL_NEXT_DEVICE or TCGETS, {B38400 opost isig icanon echo ...}) = 0
21453 05:43:46 ioctl(1, SNDCTL_TMR_TIMEBASE or SNDRV_TIMER_IOCTL_NEXT_DEVICE or TCGETS, {B38400 opost isig icanon echo ...}) = 0
21453 05:43:46 ioctl(2, SNDCTL_TMR_TIMEBASE or SNDRV_TIMER_IOCTL_NEXT_DEVICE or TCGETS, {B38400 opost isig icanon echo ...}) = 0
21453 05:43:46 write(2, "Connection to 10.0.0.5 closed.\r\n", 32) = 32
21453 05:43:46 gettimeofday({1518155026, 810125}, NULL) = 0
21453 05:43:46 shutdown(3, SHUT_RDWR)   = 0
21453 05:43:46 close(3)                 = 0
21453 05:43:46 exit_group(127)          = ?
21453 05:43:46 +++ exited with 127 +++
